 
log-file for Levenberg-Marquardt algorithm:
-------------------------------------------
 
 
algorithm starts at Date: 26.04.2023,     Time: 18:26:10
 
 
 
 
           Sub-beam description is NOT used!
 
 
           Do NOT take local-overlap into account!
 
 
           Start Levenberg-Marquardt algorithm (MPI version) ..
 
           Renormalized limit for chi^2 =     4.670000000000000E-06
 
 
           Using Numerical Recepies (NR) version!
 
 
           Iteration:                    chi^2:     alamda:     Parameter:
 
 Using Singular Value Decomposition!
 
                    1     1.467966324387274E-03      1.E-02     6.697486387202634E-01,  2.055095254036786E+02,  1.413139546654892E+01,  2.116831912307411E+00,  9.135685415334325E-01,  5.076313369223566E+01,  1.497153484315040E+01,  7.858544145027620E+00
 
 Using Singular Value Decomposition!
 
                    2     1.467966324387274E-03      1.E-01     6.697486387202634E-01,  2.055095254036786E+02,  1.413139546654892E+01,  2.116831912307411E+00,  9.135685415334325E-01,  5.076313369223566E+01,  1.497153484315040E+01,  7.858544145027620E+00
 
 Using Singular Value Decomposition!
 
                    3     1.467966324387274E-03      1.E+00     6.697486387202634E-01,  2.055095254036786E+02,  1.413139546654892E+01,  2.116831912307411E+00,  9.135685415334325E-01,  5.076313369223566E+01,  1.497153484315040E+01,  7.858544145027620E+00
 
 Using Singular Value Decomposition!
 
                    4     1.467966324387274E-03      1.E+01     6.697486387202634E-01,  2.055095254036786E+02,  1.413139546654892E+01,  2.116831912307411E+00,  9.135685415334325E-01,  5.076313369223566E+01,  1.497153484315040E+01,  7.858544145027620E+00
 
 Using Singular Value Decomposition!
 
                    5     1.467966221010660E-03      1.E+00     6.697473229268428E-01,  2.055095254036786E+02,  1.413136757940586E+01,  2.116079311886877E+00,  9.135667366667886E-01,  5.076445085577338E+01,  1.497150814629702E+01,  7.859242059271970E+00
 
 Using Singular Value Decomposition!
 
                    6     1.467966221010660E-03      1.E+01     6.697473229268428E-01,  2.055095254036786E+02,  1.413136757940586E+01,  2.116079311886877E+00,  9.135667366667886E-01,  5.076445085577338E+01,  1.497150814629702E+01,  7.859242059271970E+00
 
 Using Singular Value Decomposition!
 
                    7     1.467966083499409E-03      1.E+00     6.697459794502006E-01,  2.055095254036786E+02,  1.413133910744069E+01,  2.115377046639255E+00,  9.135648939949456E-01,  5.076581151327712E+01,  1.497148087203775E+01,  7.860199047225360E+00
 
 Using Singular Value Decomposition!
 
                    8     1.467966083499409E-03      1.E+01     6.697459794502006E-01,  2.055095254036786E+02,  1.413133910744069E+01,  2.115377046639255E+00,  9.135648939949456E-01,  5.076581151327712E+01,  1.497148087203775E+01,  7.860199047225360E+00
 
 Using Singular Value Decomposition!
 
                    9     1.467966083499409E-03      1.E+02     6.697459794502006E-01,  2.055095254036786E+02,  1.413133910744069E+01,  2.115377046639255E+00,  9.135648939949456E-01,  5.076581151327712E+01,  1.497148087203775E+01,  7.860199047225360E+00
 
 Using Singular Value Decomposition!
 
                   10     1.467966083499409E-03      1.E+03     6.697459794502006E-01,  2.055095254036786E+02,  1.413133910744069E+01,  2.115377046639255E+00,  9.135648939949456E-01,  5.076581151327712E+01,  1.497148087203775E+01,  7.860199047225360E+00
 
 Using Singular Value Decomposition!
 
                   11     1.467966083499409E-03      1.E+04     6.697459794502006E-01,  2.055095254036786E+02,  1.413133910744069E+01,  2.115377046639255E+00,  9.135648939949456E-01,  5.076581151327712E+01,  1.497148087203775E+01,  7.860199047225360E+00
 
 Using Singular Value Decomposition!
 
                   12     1.467966083499409E-03      1.E+05     6.697459794502006E-01,  2.055095254036786E+02,  1.413133910744069E+01,  2.115377046639255E+00,  9.135648939949456E-01,  5.076581151327712E+01,  1.497148087203775E+01,  7.860199047225360E+00
 
 Using Singular Value Decomposition!
 
                   13     1.467966083499409E-03      1.E+06     6.697459794502006E-01,  2.055095254036786E+02,  1.413133910744069E+01,  2.115377046639255E+00,  9.135648939949456E-01,  5.076581151327712E+01,  1.497148087203775E+01,  7.860199047225360E+00
 
 Using Singular Value Decomposition!
 
                   14     1.467966083499409E-03      1.E+07     6.697459794502006E-01,  2.055095254036786E+02,  1.413133910744069E+01,  2.115377046639255E+00,  9.135648939949456E-01,  5.076581151327712E+01,  1.497148087203775E+01,  7.860199047225360E+00
 
 Using Singular Value Decomposition!
 
                   15     1.467966083499409E-03      1.E+08     6.697459794502006E-01,  2.055095254036786E+02,  1.413133910744069E+01,  2.115377046639255E+00,  9.135648939949456E-01,  5.076581151327712E+01,  1.497148087203775E+01,  7.860199047225360E+00
 
 Using Singular Value Decomposition!
 
                   16     1.467966083499409E-03      1.E+09     6.697459794502006E-01,  2.055095254036786E+02,  1.413133910744069E+01,  2.115377046639255E+00,  9.135648939949456E-01,  5.076581151327712E+01,  1.497148087203775E+01,  7.860199047225360E+00
 
 Using Singular Value Decomposition!
 
                   17     1.467966083499409E-03      1.E+10     6.697459794502006E-01,  2.055095254036786E+02,  1.413133910744069E+01,  2.115377046639255E+00,  9.135648939949456E-01,  5.076581151327712E+01,  1.497148087203775E+01,  7.860199047225360E+00
 
 Using Singular Value Decomposition!
 
                   18     1.467966083499409E-03      1.E+11     6.697459794502006E-01,  2.055095254036786E+02,  1.413133910744069E+01,  2.115377046639255E+00,  9.135648939949456E-01,  5.076581151327712E+01,  1.497148087203775E+01,  7.860199047225360E+00
 
 Using Singular Value Decomposition!
 
                   19     1.467966083499409E-03      1.E+12     6.697459794502006E-01,  2.055095254036786E+02,  1.413133910744069E+01,  2.115377046639255E+00,  9.135648939949456E-01,  5.076581151327712E+01,  1.497148087203775E+01,  7.860199047225360E+00
 
 Using Singular Value Decomposition!
 
                   20     1.467966080851323E-03      1.E+11     6.697459794502006E-01,  2.055095254036786E+02,  1.413133910744069E+01,  2.115377046639255E+00,  9.135648939949456E-01,  5.076581151327713E+01,  1.497148087203775E+01,  7.860199047225367E+00
 
 Using Singular Value Decomposition!
 
                   21     1.467966080851323E-03      1.E+12     6.697459794502006E-01,  2.055095254036786E+02,  1.413133910744069E+01,  2.115377046639255E+00,  9.135648939949456E-01,  5.076581151327713E+01,  1.497148087203775E+01,  7.860199047225367E+00
 
 Using Singular Value Decomposition!
 
                   22     1.467966080851323E-03      1.E+13     6.697459794502006E-01,  2.055095254036786E+02,  1.413133910744069E+01,  2.115377046639255E+00,  9.135648939949456E-01,  5.076581151327713E+01,  1.497148087203775E+01,  7.860199047225367E+00
 
 Using Singular Value Decomposition!
 
                   23     1.467966080851323E-03      1.E+14     6.697459794502006E-01,  2.055095254036786E+02,  1.413133910744069E+01,  2.115377046639255E+00,  9.135648939949456E-01,  5.076581151327713E+01,  1.497148087203775E+01,  7.860199047225367E+00
 
 Using Singular Value Decomposition!
 
                   24     1.467966080851323E-03      1.E+15     6.697459794502006E-01,  2.055095254036786E+02,  1.413133910744069E+01,  2.115377046639255E+00,  9.135648939949456E-01,  5.076581151327713E+01,  1.497148087203775E+01,  7.860199047225367E+00
 
 Using Singular Value Decomposition!
 
                   25     1.467966080851323E-03      1.E+16     6.697459794502006E-01,  2.055095254036786E+02,  1.413133910744069E+01,  2.115377046639255E+00,  9.135648939949456E-01,  5.076581151327713E+01,  1.497148087203775E+01,  7.860199047225367E+00
 
 Using Singular Value Decomposition!
 
                   26     1.467966080851323E-03      1.E+17     6.697459794502006E-01,  2.055095254036786E+02,  1.413133910744069E+01,  2.115377046639255E+00,  9.135648939949456E-01,  5.076581151327713E+01,  1.497148087203775E+01,  7.860199047225367E+00
 
 Using Singular Value Decomposition!
 
                   27     1.467966080851323E-03      1.E+18     6.697459794502006E-01,  2.055095254036786E+02,  1.413133910744069E+01,  2.115377046639255E+00,  9.135648939949456E-01,  5.076581151327713E+01,  1.497148087203775E+01,  7.860199047225367E+00
 
 Using Singular Value Decomposition!
 
                   28     1.467966080851323E-03      1.E+19     6.697459794502006E-01,  2.055095254036786E+02,  1.413133910744069E+01,  2.115377046639255E+00,  9.135648939949456E-01,  5.076581151327713E+01,  1.497148087203775E+01,  7.860199047225367E+00
 
 Using Singular Value Decomposition!
 
                   29     1.467966080851323E-03      1.E+20     6.697459794502006E-01,  2.055095254036786E+02,  1.413133910744069E+01,  2.115377046639255E+00,  9.135648939949456E-01,  5.076581151327713E+01,  1.497148087203775E+01,  7.860199047225367E+00
 
 Using Singular Value Decomposition!
 
                   30     1.467966080851323E-03      1.E+21     6.697459794502006E-01,  2.055095254036786E+02,  1.413133910744069E+01,  2.115377046639255E+00,  9.135648939949456E-01,  5.076581151327713E+01,  1.497148087203775E+01,  7.860199047225367E+00
 
 Using Singular Value Decomposition!
 
                   31     1.467966080851323E-03      1.E+22     6.697459794502006E-01,  2.055095254036786E+02,  1.413133910744069E+01,  2.115377046639255E+00,  9.135648939949456E-01,  5.076581151327713E+01,  1.497148087203775E+01,  7.860199047225367E+00
 
 Using Singular Value Decomposition!
 
                   32     1.467966080851323E-03      1.E+23     6.697459794502006E-01,  2.055095254036786E+02,  1.413133910744069E+01,  2.115377046639255E+00,  9.135648939949456E-01,  5.076581151327713E+01,  1.497148087203775E+01,  7.860199047225367E+00
 
 Using Singular Value Decomposition!
 
                   33     1.467966080851323E-03      1.E+24     6.697459794502006E-01,  2.055095254036786E+02,  1.413133910744069E+01,  2.115377046639255E+00,  9.135648939949456E-01,  5.076581151327713E+01,  1.497148087203775E+01,  7.860199047225367E+00
 
 Using Singular Value Decomposition!
 
                   34     1.467966080851323E-03      1.E+25     6.697459794502006E-01,  2.055095254036786E+02,  1.413133910744069E+01,  2.115377046639255E+00,  9.135648939949456E-01,  5.076581151327713E+01,  1.497148087203775E+01,  7.860199047225367E+00
 
 Using Singular Value Decomposition!
 
                   35     1.467966080851323E-03      1.E+26     6.697459794502006E-01,  2.055095254036786E+02,  1.413133910744069E+01,  2.115377046639255E+00,  9.135648939949456E-01,  5.076581151327713E+01,  1.497148087203775E+01,  7.860199047225367E+00
  
           Iteration stopped. Variation variable (alamda=1.E+26) has increased more then the number of fit parameters + 6 times.
 
 Using Singular Value Decomposition!
 

algorithm ends at Date: 26.04.2023,     Time: 18:26:50
 
------------------------------------------------------------------------------------------------------------------------------------------------------
