 
log-file for Genetic algorithm:
-------------------------------
 
 
algorithm starts at Date: 26.04.2023,     Time: 16:09:53
 
 
 
 
           Sub-beam description is NOT used!
 
 
           Do NOT take local-overlap into account!
 
 
           Start Genetic algorithm (MPI version) ..
 
           Renormalized limit for chi^2 =     4.670000000000000E-06
 
           Number of chromosomes =        100
  
           Iteration:                    chisq:     Parameter:
                    1     1.518311443045776E-03     4.415024063221212E-01,  1.792912819969962E+02,  1.735918190098115E+01,  1.356057893715642E+00,  1.078872672474022E+00,  6.413662764327603E+01,  1.473865676466213E+01,  6.650077452499034E+00
                    2     1.518311443045776E-03     4.415024063221212E-01,  1.792912819969962E+02,  1.735918190098115E+01,  1.356057893715642E+00,  1.078872672474022E+00,  6.413662764327603E+01,  1.473865676466213E+01,  6.650077452499034E+00
                    3     1.518311443045776E-03     4.415024063221212E-01,  1.792912819969962E+02,  1.735918190098115E+01,  1.356057893715642E+00,  1.078872672474022E+00,  6.413662764327603E+01,  1.473865676466213E+01,  6.650077452499034E+00
                    4     1.506684576250192E-03     4.431090401637441E-01,  1.717750276709428E+02,  1.733406677155843E+01,  1.345132949139362E+00,  1.094111592761676E+00,  6.602535152656532E+01,  1.478205953029089E+01,  6.831785005475020E+00
                    5     1.506684576250192E-03     4.431090401637441E-01,  1.717750276709428E+02,  1.733406677155843E+01,  1.345132949139362E+00,  1.094111592761676E+00,  6.602535152656532E+01,  1.478205953029089E+01,  6.831785005475020E+00
                    6     1.500697173057232E-03     4.470616997075404E-01,  1.779172660261488E+02,  1.735371393161528E+01,  1.686830626282352E+00,  1.071774532562202E+00,  6.535238763148902E+01,  1.476017068288408E+01,  6.586504031913324E+00
                    7     1.500697173057232E-03     4.470616997075404E-01,  1.779172660261488E+02,  1.735371393161528E+01,  1.686830626282352E+00,  1.071774532562202E+00,  6.535238763148902E+01,  1.476017068288408E+01,  6.586504031913324E+00
                    8     1.488840286601979E-03     6.830180299987532E-01,  2.497745474406308E+02,  1.701795290974719E+01,  1.767738478112583E+00,  9.798454154434082E-01,  5.708452743362087E+01,  1.482408807749083E+01,  7.370592090667460E+00
                    9     1.480529981324224E-03     6.830180299987532E-01,  2.497745474406308E+02,  1.701795290974719E+01,  1.767738478112583E+00,  9.798454154434082E-01,  5.708452743362087E+01,  1.482408807749083E+01,  7.370592090667460E+00
                   10     1.480529981324224E-03     6.830180299987532E-01,  2.497745474406308E+02,  1.701795290974719E+01,  1.767738478112583E+00,  9.798454154434082E-01,  5.708452743362087E+01,  1.482408807749083E+01,  7.370592090667460E+00
                   11     1.477663044649292E-03     5.104616482450997E-01,  5.167261104413821E+01,  1.757793154572546E+01,  1.942640024508567E+00,  1.104033848232076E+00,  5.138364941915279E+01,  1.494061022611308E+01,  6.095810654022687E+00
                   12     1.477663044649292E-03     5.104616482450997E-01,  5.167261104413821E+01,  1.757793154572546E+01,  1.942640024508567E+00,  1.104033848232076E+00,  5.138364941915279E+01,  1.494061022611308E+01,  6.095810654022687E+00
                   13     1.477663044649292E-03     5.104616482450997E-01,  5.167261104413821E+01,  1.757793154572546E+01,  1.942640024508567E+00,  1.104033848232076E+00,  5.138364941915279E+01,  1.494061022611308E+01,  6.095810654022687E+00
                   14     1.476471920642999E-03     5.634266998176379E-01,  9.474873012855824E+01,  1.745943823988383E+01,  1.757432607973919E+00,  1.032387900856238E+00,  5.262738156790711E+01,  1.491219244086720E+01,  5.672709846618138E+00
                   15     1.471041708587193E-03     6.019854115434108E-01,  1.326039953760123E+02,  1.713553502558999E+01,  2.008715716051031E+00,  9.958687689354706E-01,  5.029479259759374E+01,  1.499503751065594E+01,  7.802783541285375E+00
                   16     1.470227590525918E-03     6.129645005100843E-01,  1.091913919581409E+02,  1.707596772499609E+01,  1.933773957267557E+00,  9.931460333053476E-01,  4.918632146653982E+01,  1.500871686549138E+01,  7.999916455767511E+00
                   17     1.470227590525918E-03     6.129645005100843E-01,  1.091913919581409E+02,  1.707596772499609E+01,  1.933773957267557E+00,  9.931460333053476E-01,  4.918632146653982E+01,  1.500871686549138E+01,  7.999916455767511E+00
                   18     1.469918899472948E-03     5.986710164100963E-01,  1.188933231480814E+02,  1.712814195632298E+01,  1.943020706904941E+00,  1.016796122099119E+00,  5.039001104513088E+01,  1.498316529728416E+01,  7.781292279528709E+00
                   19     1.469874063328317E-03     6.209470323247793E-01,  1.204392441487728E+02,  1.724300323182905E+01,  1.926494609493100E+00,  9.917900106136907E-01,  4.979953070041410E+01,  1.499416311168511E+01,  7.956593116722144E+00
                   20     1.469874063328317E-03     6.209470323247793E-01,  1.204392441487728E+02,  1.724300323182905E+01,  1.926494609493100E+00,  9.917900106136907E-01,  4.979953070041410E+01,  1.499416311168511E+01,  7.956593116722144E+00
                   21     1.469836391293830E-03     6.180545633301423E-01,  1.199761447205967E+02,  1.705989350951525E+01,  1.926715317459286E+00,  9.931056774423687E-01,  4.984744465662656E+01,  1.499347788632740E+01,  7.919548445398121E+00
                   22     1.469675217288850E-03     6.028139103617473E-01,  1.127823334967117E+02,  1.716814496285351E+01,  1.951112443923267E+00,  1.006941817076097E+00,  5.007584789703343E+01,  1.498706850567897E+01,  7.596204299405935E+00
                   23     1.469670869425982E-03     6.037176252447133E-01,  1.136339456701715E+02,  1.725187132523347E+01,  1.950219344663749E+00,  1.003550087517640E+00,  5.000413273380313E+01,  1.498909473025956E+01,  7.638284808653019E+00
                   24     1.469651045145697E-03     6.041681903550570E-01,  1.140718482517033E+02,  1.725168260892411E+01,  1.951947975750434E+00,  1.004222744144469E+00,  5.002380582225232E+01,  1.498841832996873E+01,  7.629320094163371E+00
                   25     1.469562901265886E-03     6.055602338768817E-01,  1.177550660220466E+02,  1.723830039575500E+01,  1.964652242688722E+00,  1.005929707462563E+00,  5.014256286620184E+01,  1.498514191141081E+01,  7.590961807229693E+00
                   26     1.469562901265886E-03     6.055602338768817E-01,  1.177550660220466E+02,  1.723830039575500E+01,  1.964652242688722E+00,  1.005929707462563E+00,  5.014256286620184E+01,  1.498514191141081E+01,  7.590961807229693E+00
                   27     1.469556100645965E-03     6.085643653821579E-01,  1.355999772590143E+02,  1.716576494574170E+01,  1.974414943911906E+00,  1.019439996137157E+00,  5.038740842672088E+01,  1.497832623301165E+01,  7.569662161859113E+00
                   28     1.469433996733472E-03     6.090013892727260E-01,  1.291980406127800E+02,  1.724085709290342E+01,  1.978787346719925E+00,  1.005311921548638E+00,  5.025730583105253E+01,  1.498170955523114E+01,  7.569295795913556E+00
                   29     1.469374143321057E-03     6.204049384523652E-01,  1.087079913677661E+02,  1.692643732328206E+01,  1.964864602750339E+00,  1.020566041125633E+00,  5.020961958488455E+01,  1.497865008934194E+01,  7.683684736148134E+00
                   30     1.469046827904749E-03     6.242460145518203E-01,  2.967122439799911E+02,  1.559682350900670E+01,  2.027990224242302E+00,  1.000964637234620E+00,  5.071129885030836E+01,  1.496790806110802E+01,  7.493418730669555E+00
                   31     1.469046627533417E-03     6.240298695679930E-01,  2.976577231200237E+02,  1.557451832761503E+01,  2.026871465573882E+00,  1.000772965685034E+00,  5.069990840561675E+01,  1.496835945282292E+01,  7.499070983868330E+00
                   32     1.469046627533417E-03     6.240298695679930E-01,  2.976577231200237E+02,  1.557451832761503E+01,  2.026871465573882E+00,  1.000772965685034E+00,  5.069990840561675E+01,  1.496835945282292E+01,  7.499070983868330E+00
                   33     1.469046627533417E-03     6.240298695679930E-01,  2.976577231200237E+02,  1.557451832761503E+01,  2.026871465573882E+00,  1.000772965685034E+00,  5.069990840561675E+01,  1.496835945282292E+01,  7.499070983868330E+00
                   34     1.469046627533417E-03     6.240298695679930E-01,  2.976577231200237E+02,  1.557451832761503E+01,  2.026871465573882E+00,  1.000772965685034E+00,  5.069990840561675E+01,  1.496835945282292E+01,  7.499070983868330E+00
                   35     1.468382390256999E-03     6.549702079535695E-01,  3.497220748521245E+02,  1.369996282156736E+01,  2.094450340571516E+00,  9.607952364530357E-01,  5.081128557318698E+01,  1.496982667643609E+01,  7.840882790148559E+00
                   36     1.468382390256999E-03     6.549702079535695E-01,  3.497220748521245E+02,  1.369996282156736E+01,  2.094450340571516E+00,  9.607952364530357E-01,  5.081128557318698E+01,  1.496982667643609E+01,  7.840882790148559E+00
                   37     1.468224700171911E-03     6.620898106127369E-01,  3.498260662738219E+02,  1.369975673161272E+01,  2.102212261182805E+00,  9.444819050411362E-01,  5.068354241630480E+01,  1.497429058074765E+01,  8.044806247088802E+00
                   38     1.468223651774075E-03     6.618998954591284E-01,  3.441882618659465E+02,  1.380401856135438E+01,  2.103422754253541E+00,  9.460202690162167E-01,  5.071188857335421E+01,  1.497321536294030E+01,  8.021735313778411E+00
                   39     1.468223651774075E-03     6.618998954591284E-01,  3.441882618659465E+02,  1.380401856135438E+01,  2.103422754253541E+00,  9.460202690162167E-01,  5.071188857335421E+01,  1.497321536294030E+01,  8.021735313778411E+00
                   40     1.468223651774075E-03     6.618998954591284E-01,  3.441882618659465E+02,  1.380401856135438E+01,  2.103422754253541E+00,  9.460202690162167E-01,  5.071188857335421E+01,  1.497321536294030E+01,  8.021735313778411E+00
                   41     1.468223651774075E-03     6.618998954591284E-01,  3.441882618659465E+02,  1.380401856135438E+01,  2.103422754253541E+00,  9.460202690162167E-01,  5.071188857335421E+01,  1.497321536294030E+01,  8.021735313778411E+00
                   42     1.468223651774075E-03     6.618998954591284E-01,  3.441882618659465E+02,  1.380401856135438E+01,  2.103422754253541E+00,  9.460202690162167E-01,  5.071188857335421E+01,  1.497321536294030E+01,  8.021735313778411E+00
                   43     1.468223651774075E-03     6.618998954591284E-01,  3.441882618659465E+02,  1.380401856135438E+01,  2.103422754253541E+00,  9.460202690162167E-01,  5.071188857335421E+01,  1.497321536294030E+01,  8.021735313778411E+00
                   44     1.468223651774075E-03     6.618998954591284E-01,  3.441882618659465E+02,  1.380401856135438E+01,  2.103422754253541E+00,  9.460202690162167E-01,  5.071188857335421E+01,  1.497321536294030E+01,  8.021735313778411E+00
                   45     1.468223651774075E-03     6.618998954591284E-01,  3.441882618659465E+02,  1.380401856135438E+01,  2.103422754253541E+00,  9.460202690162167E-01,  5.071188857335421E+01,  1.497321536294030E+01,  8.021735313778411E+00
                   46     1.468223651774075E-03     6.618998954591284E-01,  3.441882618659465E+02,  1.380401856135438E+01,  2.103422754253541E+00,  9.460202690162167E-01,  5.071188857335421E+01,  1.497321536294030E+01,  8.021735313778411E+00
                   47     1.468223651774075E-03     6.618998954591284E-01,  3.441882618659465E+02,  1.380401856135438E+01,  2.103422754253541E+00,  9.460202690162167E-01,  5.071188857335421E+01,  1.497321536294030E+01,  8.021735313778411E+00
                   48     1.468223651774075E-03     6.618998954591284E-01,  3.441882618659465E+02,  1.380401856135438E+01,  2.103422754253541E+00,  9.460202690162167E-01,  5.071188857335421E+01,  1.497321536294030E+01,  8.021735313778411E+00
                   49     1.468223651774075E-03     6.618998954591284E-01,  3.441882618659465E+02,  1.380401856135438E+01,  2.103422754253541E+00,  9.460202690162167E-01,  5.071188857335421E+01,  1.497321536294030E+01,  8.021735313778411E+00
                   50     1.468223651774075E-03     6.618998954591284E-01,  3.441882618659465E+02,  1.380401856135438E+01,  2.103422754253541E+00,  9.460202690162167E-01,  5.071188857335421E+01,  1.497321536294030E+01,  8.021735313778411E+00
                   51     1.468223651774075E-03     6.618998954591284E-01,  3.441882618659465E+02,  1.380401856135438E+01,  2.103422754253541E+00,  9.460202690162167E-01,  5.071188857335421E+01,  1.497321536294030E+01,  8.021735313778411E+00
                   52     1.468222767281645E-03     6.654693947111081E-01,  3.497550932340363E+02,  1.370230571373854E+01,  2.116330338533533E+00,  9.337187816476121E-01,  5.065112734509911E+01,  1.497749051822433E+01,  8.182990524616507E+00
                   53     1.468220845034482E-03     6.616450328446323E-01,  1.769268124242317E+02,  1.400244576830935E+01,  2.104962096968521E+00,  9.468490165133179E-01,  5.072921288615960E+01,  1.497243024901611E+01,  7.989378222558722E+00
                   54     1.468182864736571E-03     6.650157189279580E-01,  2.579366833965125E+02,  1.406503423242782E+01,  2.119405953900792E+00,  9.446537284875742E-01,  5.065810379192872E+01,  1.496777530823247E+01,  7.765518757399048E+00
                   55     1.468181296518860E-03     6.650643710497460E-01,  2.590395701008406E+02,  1.405543040745869E+01,  2.119443025264668E+00,  9.444675690429053E-01,  5.065481513580898E+01,  1.496787435069267E+01,  7.767722694431009E+00
                   56     1.468181296518860E-03     6.650643710497460E-01,  2.590395701008406E+02,  1.405543040745869E+01,  2.119443025264668E+00,  9.444675690429053E-01,  5.065481513580898E+01,  1.496787435069267E+01,  7.767722694431009E+00
                   57     1.468150464146006E-03     6.672304046465725E-01,  5.705230194000313E+01,  1.370098470954214E+01,  2.116047360785463E+00,  9.403985779600132E-01,  5.051080626046996E+01,  1.497100747778757E+01,  7.868784136080750E+00
                   58     1.468150464146006E-03     6.672304046465725E-01,  5.705230194000313E+01,  1.370098470954214E+01,  2.116047360785463E+00,  9.403985779600132E-01,  5.051080626046996E+01,  1.497100747778757E+01,  7.868784136080750E+00
                   59     1.468150464146006E-03     6.672304046465725E-01,  5.705230194000313E+01,  1.370098470954214E+01,  2.116047360785463E+00,  9.403985779600132E-01,  5.051080626046996E+01,  1.497100747778757E+01,  7.868784136080750E+00
                   60     1.468108012924710E-03     6.675792022933248E-01,  7.609031590785733E+01,  1.419537569162031E+01,  2.122263272016746E+00,  9.383987271694503E-01,  5.079981152726181E+01,  1.496961119806765E+01,  7.928347771058752E+00
                   61     1.468107052566657E-03     6.676663114632497E-01,  6.317317773097669E+01,  1.421630103597522E+01,  2.122608060043587E+00,  9.386732736467104E-01,  5.080856389789976E+01,  1.496916866353358E+01,  7.913126534561330E+00
                   62     1.468107052566657E-03     6.676663114632497E-01,  6.317317773097669E+01,  1.421630103597522E+01,  2.122608060043587E+00,  9.386732736467104E-01,  5.080856389789976E+01,  1.496916866353358E+01,  7.913126534561330E+00
                   63     1.468083708730208E-03     6.694628040265956E-01,  4.025829110333268E+01,  1.416874465255064E+01,  2.124173646657211E+00,  9.388628379916155E-01,  5.082352356960369E+01,  1.496787625024715E+01,  7.909173533413719E+00
                   64     1.468083708730208E-03     6.694628040265956E-01,  4.025829110333268E+01,  1.416874465255064E+01,  2.124173646657211E+00,  9.388628379916155E-01,  5.082352356960369E+01,  1.496787625024715E+01,  7.909173533413719E+00
                   65     1.468083708730208E-03     6.694628040265956E-01,  4.025829110333268E+01,  1.416874465255064E+01,  2.124173646657211E+00,  9.388628379916155E-01,  5.082352356960369E+01,  1.496787625024715E+01,  7.909173533413719E+00
                   66     1.468083708730208E-03     6.694628040265956E-01,  4.025829110333268E+01,  1.416874465255064E+01,  2.124173646657211E+00,  9.388628379916155E-01,  5.082352356960369E+01,  1.496787625024715E+01,  7.909173533413719E+00
                   67     1.468060409051061E-03     6.716859981662733E-01,  2.169493546967914E+02,  1.401438838897633E+01,  2.109278735119388E+00,  9.454355621618951E-01,  5.072616707674481E+01,  1.496525375518422E+01,  7.767543738905927E+00
                   68     1.468060409051061E-03     6.716859981662733E-01,  2.169493546967914E+02,  1.401438838897633E+01,  2.109278735119388E+00,  9.454355621618951E-01,  5.072616707674481E+01,  1.496525375518422E+01,  7.767543738905927E+00
                   69     1.468026104571343E-03     6.679004683100858E-01,  6.108227704604586E+01,  1.416992763647563E+01,  2.119915269067568E+00,  9.078594331217262E-01,  5.081941802353860E+01,  1.496985722598401E+01,  7.862747423810442E+00
                   70     1.468026104571343E-03     6.679004683100858E-01,  6.108227704604586E+01,  1.416992763647563E+01,  2.119915269067568E+00,  9.078594331217262E-01,  5.081941802353860E+01,  1.496985722598401E+01,  7.862747423810442E+00
                   71     1.468026104571343E-03     6.679004683100858E-01,  6.108227704604586E+01,  1.416992763647563E+01,  2.119915269067568E+00,  9.078594331217262E-01,  5.081941802353860E+01,  1.496985722598401E+01,  7.862747423810442E+00
                   72     1.468026104571343E-03     6.679004683100858E-01,  6.108227704604586E+01,  1.416992763647563E+01,  2.119915269067568E+00,  9.078594331217262E-01,  5.081941802353860E+01,  1.496985722598401E+01,  7.862747423810442E+00
                   73     1.468026104571343E-03     6.679004683100858E-01,  6.108227704604586E+01,  1.416992763647563E+01,  2.119915269067568E+00,  9.078594331217262E-01,  5.081941802353860E+01,  1.496985722598401E+01,  7.862747423810442E+00
                   74     1.468026104571343E-03     6.679004683100858E-01,  6.108227704604586E+01,  1.416992763647563E+01,  2.119915269067568E+00,  9.078594331217262E-01,  5.081941802353860E+01,  1.496985722598401E+01,  7.862747423810442E+00
                   75     1.468026104571343E-03     6.679004683100858E-01,  6.108227704604586E+01,  1.416992763647563E+01,  2.119915269067568E+00,  9.078594331217262E-01,  5.081941802353860E+01,  1.496985722598401E+01,  7.862747423810442E+00
                   76     1.468026104571343E-03     6.679004683100858E-01,  6.108227704604586E+01,  1.416992763647563E+01,  2.119915269067568E+00,  9.078594331217262E-01,  5.081941802353860E+01,  1.496985722598401E+01,  7.862747423810442E+00
                   77     1.468026104571343E-03     6.679004683100858E-01,  6.108227704604586E+01,  1.416992763647563E+01,  2.119915269067568E+00,  9.078594331217262E-01,  5.081941802353860E+01,  1.496985722598401E+01,  7.862747423810442E+00
                   78     1.468025357550751E-03     6.681051748330062E-01,  7.065442213882018E+01,  1.414903224637673E+01,  2.119175484398665E+00,  9.147302094129520E-01,  5.079675821545047E+01,  1.496929122594289E+01,  7.852546528400074E+00
                   79     1.468025357550751E-03     6.681051748330062E-01,  7.065442213882018E+01,  1.414903224637673E+01,  2.119175484398665E+00,  9.147302094129520E-01,  5.079675821545047E+01,  1.496929122594289E+01,  7.852546528400074E+00
                   80     1.468013976702421E-03     6.679368140858490E-01,  1.455725423891217E+02,  1.418827782725849E+01,  2.119178846723366E+00,  9.126014361355355E-01,  5.081344441845422E+01,  1.496950941097395E+01,  7.848697520804619E+00
                   81     1.468013976702421E-03     6.679368140858490E-01,  1.455725423891217E+02,  1.418827782725849E+01,  2.119178846723366E+00,  9.126014361355355E-01,  5.081344441845422E+01,  1.496950941097395E+01,  7.848697520804619E+00
                   82     1.468013554548596E-03     6.679714082258016E-01,  1.413159935219321E+02,  1.416896432137893E+01,  2.119208705494283E+00,  9.118153961495754E-01,  5.081745734458425E+01,  1.496948555987804E+01,  7.847287574101676E+00
                   83     1.468013554548596E-03     6.679714082258016E-01,  1.413159935219321E+02,  1.416896432137893E+01,  2.119208705494283E+00,  9.118153961495754E-01,  5.081745734458425E+01,  1.496948555987804E+01,  7.847287574101676E+00
                   84     1.468013554548596E-03     6.679714082258016E-01,  1.413159935219321E+02,  1.416896432137893E+01,  2.119208705494283E+00,  9.118153961495754E-01,  5.081745734458425E+01,  1.496948555987804E+01,  7.847287574101676E+00
                   85     1.468004621316326E-03     6.679416165572739E-01,  1.417250785407834E+02,  1.418789540375331E+01,  2.118258588340355E+00,  9.155473871589463E-01,  5.081423743248772E+01,  1.496954058209228E+01,  7.853253605021939E+00
                   86     1.468004621316326E-03     6.679416165572739E-01,  1.417250785407834E+02,  1.418789540375331E+01,  2.118258588340355E+00,  9.155473871589463E-01,  5.081423743248772E+01,  1.496954058209228E+01,  7.853253605021939E+00
                   87     1.468002107674970E-03     6.683462727870845E-01,  3.052359206426346E+02,  1.418641582182333E+01,  2.117647045330763E+00,  9.177653933355902E-01,  5.078704683068014E+01,  1.496979096640025E+01,  7.856849163905204E+00
                   88     1.468002050318014E-03     6.685575869316933E-01,  3.474717860127824E+02,  1.420388565179463E+01,  2.115912883899684E+00,  9.217077200812628E-01,  5.077748756486454E+01,  1.496968146280002E+01,  7.852405207757780E+00
                   89     1.468001897105352E-03     6.683575565979897E-01,  3.074912430165290E+02,  1.418734868061661E+01,  2.117554444100951E+00,  9.179759067851618E-01,  5.078653638237079E+01,  1.496978511909684E+01,  7.856611864310652E+00
                   90     1.468000569774880E-03     6.671833548122328E-01,  1.673457320671377E+02,  1.582415034791747E+01,  2.118706351987592E+00,  9.111680154195484E-01,  5.082462062037057E+01,  1.497046122943742E+01,  7.867575097429661E+00
                   91     1.468000569774880E-03     6.671833548122328E-01,  1.673457320671377E+02,  1.582415034791747E+01,  2.118706351987592E+00,  9.111680154195484E-01,  5.082462062037057E+01,  1.497046122943742E+01,  7.867575097429661E+00
                   92     1.467969087753721E-03     6.696794506989727E-01,  2.096335241287198E+02,  1.414374156231946E+01,  2.117577692786959E+00,  9.128671547086296E-01,  5.074388808499371E+01,  1.497155786461303E+01,  7.859414063192155E+00
                   93     1.467967892806815E-03     6.697667013579167E-01,  2.106089654110770E+02,  1.413285569233692E+01,  2.117577088314241E+00,  9.127459681734021E-01,  5.074308405630227E+01,  1.497158960412060E+01,  7.859702896741131E+00
                   94     1.467967892806815E-03     6.697667013579167E-01,  2.106089654110770E+02,  1.413285569233692E+01,  2.117577088314241E+00,  9.127459681734021E-01,  5.074308405630227E+01,  1.497158960412060E+01,  7.859702896741131E+00
                   95     1.467967892806815E-03     6.697667013579167E-01,  2.106089654110770E+02,  1.413285569233692E+01,  2.117577088314241E+00,  9.127459681734021E-01,  5.074308405630227E+01,  1.497158960412060E+01,  7.859702896741131E+00
                   96     1.467967892806815E-03     6.697667013579167E-01,  2.106089654110770E+02,  1.413285569233692E+01,  2.117577088314241E+00,  9.127459681734021E-01,  5.074308405630227E+01,  1.497158960412060E+01,  7.859702896741131E+00
                   97     1.467967892806815E-03     6.697667013579167E-01,  2.106089654110770E+02,  1.413285569233692E+01,  2.117577088314241E+00,  9.127459681734021E-01,  5.074308405630227E+01,  1.497158960412060E+01,  7.859702896741131E+00
                   98     1.467966517076086E-03     6.697390178475962E-01,  2.050018490036197E+02,  1.415383761219357E+01,  2.116824702365214E+00,  9.136052715102179E-01,  5.076367078216614E+01,  1.497151619126842E+01,  7.858570485785819E+00
                   99     1.467966517076086E-03     6.697390178475962E-01,  2.050018490036197E+02,  1.415383761219357E+01,  2.116824702365214E+00,  9.136052715102179E-01,  5.076367078216614E+01,  1.497151619126842E+01,  7.858570485785819E+00
                  100     1.467966341512641E-03     6.697486387202634E-01,  2.055095254036786E+02,  1.413139546654892E+01,  2.116831912307411E+00,  9.135685415334325E-01,  5.076313369223566E+01,  1.497153484315040E+01,  7.858544145027620E+00
  
           Iteration stopped. Number of iterations is equal to max. number of iterations =    100
 
 
           Best results:
             Site number:    1, chi^2 =     1.467966341512641E-03,  Parameterset = 6.697486387202634E-01,  2.055095254036786E+02,  1.413139546654892E+01,  2.116831912307411E+00,  9.135685415334325E-01,  5.076313369223566E+01,  1.497153484315040E+01,  7.858544145027620E+00

algorithm ends at Date: 26.04.2023,     Time: 18:26:10
 
------------------------------------------------------------------------------------------------------------------------------------------------------
