
log-file for error estimation using Interval-Nested-Sampling algorithm:
-----------------------------------------------------------------------


algorithm starts at Date: 26.04.2023,     Time: 18:26:50


           Renormalized limit for chi^2 =     5.920000000000000e-06


           Nested sampling loop for free parameter 1


           Iteration:                    chi^2:     Parameter:
                    1     1.469734534920663E-03     6.389338144960173E-01,  2.055095254036786E+02,  1.413133910744069E+01,  2.115377046639255E+00,  9.135648939949456E-01,  5.076581151327713E+01,  1.497148087203775E+01,  7.860199047225367E+00
                    2     1.469210748837694E-03     7.005581444043840E-01,  2.055095254036786E+02,  1.413133910744069E+01,  2.115377046639255E+00,  9.135648939949456E-01,  5.076581151327713E+01,  1.497148087203775E+01,  7.860199047225367E+00
                    3     1.469210748837694E-03     7.005581444043840E-01,  2.055095254036786E+02,  1.413133910744069E+01,  2.115377046639255E+00,  9.135648939949456E-01,  5.076581151327713E+01,  1.497148087203775E+01,  7.860199047225367E+00
                    4     1.468457040065685E-03     6.543398969731089E-01,  2.055095254036786E+02,  1.413133910744069E+01,  2.115377046639255E+00,  9.135648939949456E-01,  5.076581151327713E+01,  1.497148087203775E+01,  7.860199047225367E+00
                    5     1.468115291710227E-03     6.620429382116548E-01,  2.055095254036786E+02,  1.413133910744069E+01,  2.115377046639255E+00,  9.135648939949456E-01,  5.076581151327713E+01,  1.497148087203775E+01,  7.860199047225367E+00
                    6     1.468115291710227E-03     6.620429382116548E-01,  2.055095254036786E+02,  1.413133910744069E+01,  2.115377046639255E+00,  9.135648939949456E-01,  5.076581151327713E+01,  1.497148087203775E+01,  7.860199047225367E+00
                    7     1.468115291710227E-03     6.620429382116548E-01,  2.055095254036786E+02,  1.413133910744069E+01,  2.115377046639255E+00,  9.135648939949456E-01,  5.076581151327713E+01,  1.497148087203775E+01,  7.860199047225367E+00
                    8     1.468005294701132E-03     6.774490206887465E-01,  2.055095254036786E+02,  1.413133910744069E+01,  2.115377046639255E+00,  9.135648939949456E-01,  5.076581151327713E+01,  1.497148087203775E+01,  7.860199047225367E+00
  

           Nested sampling loop for free parameter 2


           Iteration:                    chi^2:     Parameter:
                    1     1.467966099329649E-03     6.697459794502006E-01,  9.867301693578572E+01,  1.413133910744069E+01,  2.115377046639255E+00,  9.135648939949456E-01,  5.076581151327713E+01,  1.497148087203775E+01,  7.860199047225367E+00
                    2     1.467966099329649E-03     6.697459794502006E-01,  9.867301693578572E+01,  1.413133910744069E+01,  2.115377046639255E+00,  9.135648939949456E-01,  5.076581151327713E+01,  1.497148087203775E+01,  7.860199047225367E+00
                    3     1.467966099329649E-03     6.697459794502006E-01,  9.867301693578572E+01,  1.413133910744069E+01,  2.115377046639255E+00,  9.135648939949456E-01,  5.076581151327713E+01,  1.497148087203775E+01,  7.860199047225367E+00
                    4     1.467966099329649E-03     6.697459794502006E-01,  9.867301693578572E+01,  1.413133910744069E+01,  2.115377046639255E+00,  9.135648939949456E-01,  5.076581151327713E+01,  1.497148087203775E+01,  7.860199047225367E+00
                    5     1.467966099329649E-03     6.697459794502006E-01,  9.867301693578572E+01,  1.413133910744069E+01,  2.115377046639255E+00,  9.135648939949456E-01,  5.076581151327713E+01,  1.497148087203775E+01,  7.860199047225367E+00
                    6     1.467966099329649E-03     6.697459794502006E-01,  9.867301693578572E+01,  1.413133910744069E+01,  2.115377046639255E+00,  9.135648939949456E-01,  5.076581151327713E+01,  1.497148087203775E+01,  7.860199047225367E+00
                    7     1.467966099329649E-03     6.697459794502006E-01,  9.867301693578572E+01,  1.413133910744069E+01,  2.115377046639255E+00,  9.135648939949456E-01,  5.076581151327713E+01,  1.497148087203775E+01,  7.860199047225367E+00
                    8     1.467966099329649E-03     6.697459794502006E-01,  9.867301693578572E+01,  1.413133910744069E+01,  2.115377046639255E+00,  9.135648939949456E-01,  5.076581151327713E+01,  1.497148087203775E+01,  7.860199047225367E+00
  

           Nested sampling loop for free parameter 3


           Iteration:                    chi^2:     Parameter:
                    1     1.467966099329649E-03     6.697459794502006E-01,  9.867301693578572E+01,  1.413133910744069E+01,  2.115377046639255E+00,  9.135648939949456E-01,  5.076581151327713E+01,  1.497148087203775E+01,  7.860199047225367E+00
                    2     1.467966099329649E-03     6.697459794502006E-01,  9.867301693578572E+01,  1.413133910744069E+01,  2.115377046639255E+00,  9.135648939949456E-01,  5.076581151327713E+01,  1.497148087203775E+01,  7.860199047225367E+00
                    3     1.467966099329649E-03     6.697459794502006E-01,  9.867301693578572E+01,  1.413133910744069E+01,  2.115377046639255E+00,  9.135648939949456E-01,  5.076581151327713E+01,  1.497148087203775E+01,  7.860199047225367E+00
                    4     1.467966099329649E-03     6.697459794502006E-01,  9.867301693578572E+01,  1.413133910744069E+01,  2.115377046639255E+00,  9.135648939949456E-01,  5.076581151327713E+01,  1.497148087203775E+01,  7.860199047225367E+00
                    5     1.467966099329649E-03     6.697459794502006E-01,  9.867301693578572E+01,  1.413133910744069E+01,  2.115377046639255E+00,  9.135648939949456E-01,  5.076581151327713E+01,  1.497148087203775E+01,  7.860199047225367E+00
                    6     1.467966099329649E-03     6.697459794502006E-01,  9.867301693578572E+01,  1.413133910744069E+01,  2.115377046639255E+00,  9.135648939949456E-01,  5.076581151327713E+01,  1.497148087203775E+01,  7.860199047225367E+00
                    7     1.467966099329649E-03     6.697459794502006E-01,  9.867301693578572E+01,  1.413133910744069E+01,  2.115377046639255E+00,  9.135648939949456E-01,  5.076581151327713E+01,  1.497148087203775E+01,  7.860199047225367E+00
                    8     1.467966099329649E-03     6.697459794502006E-01,  9.867301693578572E+01,  1.413133910744069E+01,  2.115377046639255E+00,  9.135648939949456E-01,  5.076581151327713E+01,  1.497148087203775E+01,  7.860199047225367E+00
  

           Nested sampling loop for free parameter 4


           Iteration:                    chi^2:     Parameter:
                    1     1.467966099329649E-03     6.697459794502006E-01,  9.867301693578572E+01,  1.413133910744069E+01,  2.115377046639255E+00,  9.135648939949456E-01,  5.076581151327713E+01,  1.497148087203775E+01,  7.860199047225367E+00
                    2     1.467966099329649E-03     6.697459794502006E-01,  9.867301693578572E+01,  1.413133910744069E+01,  2.115377046639255E+00,  9.135648939949456E-01,  5.076581151327713E+01,  1.497148087203775E+01,  7.860199047225367E+00
                    3     1.467966099329649E-03     6.697459794502006E-01,  9.867301693578572E+01,  1.413133910744069E+01,  2.115377046639255E+00,  9.135648939949456E-01,  5.076581151327713E+01,  1.497148087203775E+01,  7.860199047225367E+00
                    4     1.467966099329649E-03     6.697459794502006E-01,  9.867301693578572E+01,  1.413133910744069E+01,  2.115377046639255E+00,  9.135648939949456E-01,  5.076581151327713E+01,  1.497148087203775E+01,  7.860199047225367E+00
                    5     1.467966099329649E-03     6.697459794502006E-01,  9.867301693578572E+01,  1.413133910744069E+01,  2.115377046639255E+00,  9.135648939949456E-01,  5.076581151327713E+01,  1.497148087203775E+01,  7.860199047225367E+00
                    6     1.467966099329649E-03     6.697459794502006E-01,  9.867301693578572E+01,  1.413133910744069E+01,  2.115377046639255E+00,  9.135648939949456E-01,  5.076581151327713E+01,  1.497148087203775E+01,  7.860199047225367E+00
                    7     1.467966099329649E-03     6.697459794502006E-01,  9.867301693578572E+01,  1.413133910744069E+01,  2.115377046639255E+00,  9.135648939949456E-01,  5.076581151327713E+01,  1.497148087203775E+01,  7.860199047225367E+00
                    8     1.467966099329649E-03     6.697459794502006E-01,  9.867301693578572E+01,  1.413133910744069E+01,  2.115377046639255E+00,  9.135648939949456E-01,  5.076581151327713E+01,  1.497148087203775E+01,  7.860199047225367E+00
  

           Nested sampling loop for free parameter 5


           Iteration:                    chi^2:     Parameter:
                    1     1.467966099329649E-03     6.697459794502006E-01,  9.867301693578572E+01,  1.413133910744069E+01,  2.115377046639255E+00,  9.135648939949456E-01,  5.076581151327713E+01,  1.497148087203775E+01,  7.860199047225367E+00
                    2     1.467966099329649E-03     6.697459794502006E-01,  9.867301693578572E+01,  1.413133910744069E+01,  2.115377046639255E+00,  9.135648939949456E-01,  5.076581151327713E+01,  1.497148087203775E+01,  7.860199047225367E+00
                    3     1.467966099329649E-03     6.697459794502006E-01,  9.867301693578572E+01,  1.413133910744069E+01,  2.115377046639255E+00,  9.135648939949456E-01,  5.076581151327713E+01,  1.497148087203775E+01,  7.860199047225367E+00
                    4     1.467966099329649E-03     6.697459794502006E-01,  9.867301693578572E+01,  1.413133910744069E+01,  2.115377046639255E+00,  9.135648939949456E-01,  5.076581151327713E+01,  1.497148087203775E+01,  7.860199047225367E+00
                    5     1.467966099329649E-03     6.697459794502006E-01,  9.867301693578572E+01,  1.413133910744069E+01,  2.115377046639255E+00,  9.135648939949456E-01,  5.076581151327713E+01,  1.497148087203775E+01,  7.860199047225367E+00
                    6     1.467966099329649E-03     6.697459794502006E-01,  9.867301693578572E+01,  1.413133910744069E+01,  2.115377046639255E+00,  9.135648939949456E-01,  5.076581151327713E+01,  1.497148087203775E+01,  7.860199047225367E+00
                    7     1.467966099329649E-03     6.697459794502006E-01,  9.867301693578572E+01,  1.413133910744069E+01,  2.115377046639255E+00,  9.135648939949456E-01,  5.076581151327713E+01,  1.497148087203775E+01,  7.860199047225367E+00
                    8     1.467962786325755E-03     6.697459794502006E-01,  2.055095254036786E+02,  1.413133910744069E+01,  2.115377046639255E+00,  9.095395283073928E-01,  5.076581151327713E+01,  1.497148087203775E+01,  7.860199047225367E+00
  

           Nested sampling loop for free parameter 6


           Iteration:                    chi^2:     Parameter:
                    1     1.467962786325755E-03     6.697459794502006E-01,  2.055095254036786E+02,  1.413133910744069E+01,  2.115377046639255E+00,  9.095395283073928E-01,  5.076581151327713E+01,  1.497148087203775E+01,  7.860199047225367E+00
                    2     1.467962786325755E-03     6.697459794502006E-01,  2.055095254036786E+02,  1.413133910744069E+01,  2.115377046639255E+00,  9.095395283073928E-01,  5.076581151327713E+01,  1.497148087203775E+01,  7.860199047225367E+00
                    3     1.467962786325755E-03     6.697459794502006E-01,  2.055095254036786E+02,  1.413133910744069E+01,  2.115377046639255E+00,  9.095395283073928E-01,  5.076581151327713E+01,  1.497148087203775E+01,  7.860199047225367E+00
                    4     1.467962786325755E-03     6.697459794502006E-01,  2.055095254036786E+02,  1.413133910744069E+01,  2.115377046639255E+00,  9.095395283073928E-01,  5.076581151327713E+01,  1.497148087203775E+01,  7.860199047225367E+00
                    5     1.467962786325755E-03     6.697459794502006E-01,  2.055095254036786E+02,  1.413133910744069E+01,  2.115377046639255E+00,  9.095395283073928E-01,  5.076581151327713E+01,  1.497148087203775E+01,  7.860199047225367E+00
                    6     1.467962786325755E-03     6.697459794502006E-01,  2.055095254036786E+02,  1.413133910744069E+01,  2.115377046639255E+00,  9.095395283073928E-01,  5.076581151327713E+01,  1.497148087203775E+01,  7.860199047225367E+00
                    7     1.467962786325755E-03     6.697459794502006E-01,  2.055095254036786E+02,  1.413133910744069E+01,  2.115377046639255E+00,  9.095395283073928E-01,  5.076581151327713E+01,  1.497148087203775E+01,  7.860199047225367E+00
                    8     1.467962786325755E-03     6.697459794502006E-01,  2.055095254036786E+02,  1.413133910744069E+01,  2.115377046639255E+00,  9.095395283073928E-01,  5.076581151327713E+01,  1.497148087203775E+01,  7.860199047225367E+00
  

           Nested sampling loop for free parameter 7


           Iteration:                    chi^2:     Parameter:
                    1     1.467962786325755E-03     6.697459794502006E-01,  2.055095254036786E+02,  1.413133910744069E+01,  2.115377046639255E+00,  9.095395283073928E-01,  5.076581151327713E+01,  1.497148087203775E+01,  7.860199047225367E+00
                    2     1.467962786325755E-03     6.697459794502006E-01,  2.055095254036786E+02,  1.413133910744069E+01,  2.115377046639255E+00,  9.095395283073928E-01,  5.076581151327713E+01,  1.497148087203775E+01,  7.860199047225367E+00
                    3     1.467962786325755E-03     6.697459794502006E-01,  2.055095254036786E+02,  1.413133910744069E+01,  2.115377046639255E+00,  9.095395283073928E-01,  5.076581151327713E+01,  1.497148087203775E+01,  7.860199047225367E+00
                    4     1.467962786325755E-03     6.697459794502006E-01,  2.055095254036786E+02,  1.413133910744069E+01,  2.115377046639255E+00,  9.095395283073928E-01,  5.076581151327713E+01,  1.497148087203775E+01,  7.860199047225367E+00
                    5     1.467962786325755E-03     6.697459794502006E-01,  2.055095254036786E+02,  1.413133910744069E+01,  2.115377046639255E+00,  9.095395283073928E-01,  5.076581151327713E+01,  1.497148087203775E+01,  7.860199047225367E+00
                    6     1.467962786325755E-03     6.697459794502006E-01,  2.055095254036786E+02,  1.413133910744069E+01,  2.115377046639255E+00,  9.095395283073928E-01,  5.076581151327713E+01,  1.497148087203775E+01,  7.860199047225367E+00
                    7     1.467962786325755E-03     6.697459794502006E-01,  2.055095254036786E+02,  1.413133910744069E+01,  2.115377046639255E+00,  9.095395283073928E-01,  5.076581151327713E+01,  1.497148087203775E+01,  7.860199047225367E+00
                    8     1.467962786325755E-03     6.697459794502006E-01,  2.055095254036786E+02,  1.413133910744069E+01,  2.115377046639255E+00,  9.095395283073928E-01,  5.076581151327713E+01,  1.497148087203775E+01,  7.860199047225367E+00
  

           Nested sampling loop for free parameter 8


           Iteration:                    chi^2:     Parameter:
                    1     1.467962786325755E-03     6.697459794502006E-01,  2.055095254036786E+02,  1.413133910744069E+01,  2.115377046639255E+00,  9.095395283073928E-01,  5.076581151327713E+01,  1.497148087203775E+01,  7.860199047225367E+00
                    2     1.467962786325755E-03     6.697459794502006E-01,  2.055095254036786E+02,  1.413133910744069E+01,  2.115377046639255E+00,  9.095395283073928E-01,  5.076581151327713E+01,  1.497148087203775E+01,  7.860199047225367E+00
                    3     1.467962786325755E-03     6.697459794502006E-01,  2.055095254036786E+02,  1.413133910744069E+01,  2.115377046639255E+00,  9.095395283073928E-01,  5.076581151327713E+01,  1.497148087203775E+01,  7.860199047225367E+00
                    4     1.467962786325755E-03     6.697459794502006E-01,  2.055095254036786E+02,  1.413133910744069E+01,  2.115377046639255E+00,  9.095395283073928E-01,  5.076581151327713E+01,  1.497148087203775E+01,  7.860199047225367E+00
                    5     1.467962786325755E-03     6.697459794502006E-01,  2.055095254036786E+02,  1.413133910744069E+01,  2.115377046639255E+00,  9.095395283073928E-01,  5.076581151327713E+01,  1.497148087203775E+01,  7.860199047225367E+00
                    6     1.467962786325755E-03     6.697459794502006E-01,  2.055095254036786E+02,  1.413133910744069E+01,  2.115377046639255E+00,  9.095395283073928E-01,  5.076581151327713E+01,  1.497148087203775E+01,  7.860199047225367E+00
                    7     1.467962786325755E-03     6.697459794502006E-01,  2.055095254036786E+02,  1.413133910744069E+01,  2.115377046639255E+00,  9.095395283073928E-01,  5.076581151327713E+01,  1.497148087203775E+01,  7.860199047225367E+00
                    8     1.467962786325755E-03     6.697459794502006E-01,  2.055095254036786E+02,  1.413133910744069E+01,  2.115377046639255E+00,  9.095395283073928E-01,  5.076581151327713E+01,  1.497148087203775E+01,  7.860199047225367E+00
  

           Table of results:


           | Free parameter |    Minimum point  |   Error_left    |   Error_right   | Mean parameter value |  Standard deviation  |  log(Evidence)   |
           -------------------------------------------------------------------------------------------------------------------------------------------
           |          1     |    6.69745979e-01 |  1.88666081e-01 |  1.22360672e-01 |       6.36593275e-01 |       1.55513377e-01 |  -1.46178250e-01 |
           --------------------------------------------------------------------------------------------------------------------------------------------
           |          2     |    2.05509525e+02 |  9.50811133e+01 |  6.27571351e+01 |       1.89347536e+02 |       7.89191242e+01 |  -1.46147441e-01 |
           --------------------------------------------------------------------------------------------------------------------------------------------
           |          3     |    1.41313391e+01 |  4.32369103e-01 |  1.06570977e+00 |       1.43367649e+01 |       8.60284019e-01 |  -1.46147441e-01 |
           --------------------------------------------------------------------------------------------------------------------------------------------
           |          4     |    2.11537705e+00 |  9.26492099e-01 |  1.20467488e+00 |       2.25446844e+00 |       1.06558349e+00 |  -1.46180159e-01 |
           --------------------------------------------------------------------------------------------------------------------------------------------
           |          5     |    9.13564894e-01 |  2.52203639e-01 |  1.07427726e-01 |       8.41176938e-01 |       1.79815682e-01 |  -1.46158519e-01 |
           --------------------------------------------------------------------------------------------------------------------------------------------
           |          6     |    5.07658115e+01 |  1.04969716e+01 |  9.94121739e+01 |       9.52234127e+01 |       5.49545727e+01 |  -1.74115133e-01 |
           --------------------------------------------------------------------------------------------------------------------------------------------
           |          7     |    1.49714809e+01 |  6.39666842e-01 |  1.53074101e-01 |       1.47281845e+01 |       3.96370471e-01 |  -4.41038471e-01 |
           --------------------------------------------------------------------------------------------------------------------------------------------
           |          8     |    7.86019905e+00 |  2.65653387e+00 |  5.75535839e-01 |       6.81970003e+00 |       1.61603486e+00 |  -1.46162962e-01 |
           --------------------------------------------------------------------------------------------------------------------------------------------



algorithm ends at Date: 26.04.2023,     Time: 19:10:52

------------------------------------------------------------------------------------------------------------------------------------------------------
