 
log-file for Levenberg-Marquardt algorithm:
-------------------------------------------
 
 
algorithm starts at Date: 26.04.2023,     Time: 14:32:30
 
 
 
 
           Sub-beam description is NOT used!
 
 
           Do NOT take local-overlap into account!
 
 
           Start Levenberg-Marquardt algorithm (MPI version) ..
 
           Renormalized limit for chi^2 =     4.670000000000000E-06
 
 
           Using Numerical Recepies (NR) version!
 
 
           Iteration:                    chi^2:     alamda:     Parameter:
                    1     1.712832902813517E-03      1.E-04     1.064889562367575E+00,  2.202613397285137E+02,  1.597458940053005E+01,  8.998753600487385E+00,  1.213169255472726E+00,  1.025672567783199E+02,  1.405917333418084E+01,  2.322338308860715E+00
                    2     1.712832902813517E-03      1.E-03     1.064889562367575E+00,  2.202613397285137E+02,  1.597458940053005E+01,  8.998753600487385E+00,  1.213169255472726E+00,  1.025672567783199E+02,  1.405917333418084E+01,  2.322338308860715E+00
                    3     1.575975254945971E-03      1.E-04     1.059261069998886E+00,  2.970420092931876E+02,  1.588831283727838E+01,  7.692308453076196E+00,  1.206614337326742E+00,  8.733907184688925E+01,  1.427999273479187E+01,  1.916960841172014E+00
                    4     1.575975254945971E-03      1.E-03     1.059261069998886E+00,  2.970420092931876E+02,  1.588831283727838E+01,  7.692308453076196E+00,  1.206614337326742E+00,  8.733907184688925E+01,  1.427999273479187E+01,  1.916960841172014E+00
                    5     1.555004387376825E-03      1.E-04     1.056245327158576E+00,  2.275297259992047E+02,  1.584071935944374E+01,  7.692308453076196E+00,  1.203082219682652E+00,  7.437953555106057E+01,  1.439832428577531E+01,  1.691610242671448E+00
                    6     1.501342643366842E-03      1.E-05     1.051041366138732E+00,  2.275297259992047E+02,  1.574687508822409E+01,  7.692308453076196E+00,  1.196261549268020E+00,  5.543881129021467E+01,  1.463218296257507E+01,  1.913328798655881E+00
                    7     1.478279380701913E-03      1.E-06     1.053651956497166E+00,  2.275297259992047E+02,  1.563739490871950E+01,  7.692308453076196E+00,  1.192336205114637E+00,  5.297523952570118E+01,  1.474204124335137E+01,  2.136027995506991E+00
                    8     1.477590349601680E-03      1.E-07     1.091793529323414E+00,  2.275297259992047E+02,  1.504075794938033E+01,  7.692308453076196E+00,  1.194716096350557E+00,  5.291127482319701E+01,  1.473828933145653E+01,  2.147856588353750E+00
                    9     1.471364619062588E-03      1.E-08     1.261125748357417E+00,  2.275297259992047E+02,  1.504075794938033E+01,  8.763899332125604E+00,  1.169579201734005E+00,  5.286757042493364E+01,  1.472374083241153E+01,  2.139779199755550E+00
                   10     1.471364619062588E-03      1.E-07     1.261125748357417E+00,  2.275297259992047E+02,  1.504075794938033E+01,  8.763899332125604E+00,  1.169579201734005E+00,  5.286757042493364E+01,  1.472374083241153E+01,  2.139779199755550E+00
                   11     1.471364619062588E-03      1.E-06     1.261125748357417E+00,  2.275297259992047E+02,  1.504075794938033E+01,  8.763899332125604E+00,  1.169579201734005E+00,  5.286757042493364E+01,  1.472374083241153E+01,  2.139779199755550E+00
                   12     1.471364619062588E-03      1.E-05     1.261125748357417E+00,  2.275297259992047E+02,  1.504075794938033E+01,  8.763899332125604E+00,  1.169579201734005E+00,  5.286757042493364E+01,  1.472374083241153E+01,  2.139779199755550E+00
                   13     1.471364619062588E-03      1.E-04     1.261125748357417E+00,  2.275297259992047E+02,  1.504075794938033E+01,  8.763899332125604E+00,  1.169579201734005E+00,  5.286757042493364E+01,  1.472374083241153E+01,  2.139779199755550E+00
                   14     1.471364619062588E-03      1.E-03     1.261125748357417E+00,  2.275297259992047E+02,  1.504075794938033E+01,  8.763899332125604E+00,  1.169579201734005E+00,  5.286757042493364E+01,  1.472374083241153E+01,  2.139779199755550E+00
                   15     1.471364619062588E-03      1.E-02     1.261125748357417E+00,  2.275297259992047E+02,  1.504075794938033E+01,  8.763899332125604E+00,  1.169579201734005E+00,  5.286757042493364E+01,  1.472374083241153E+01,  2.139779199755550E+00
                   16     1.471364619062588E-03      1.E-01     1.261125748357417E+00,  2.275297259992047E+02,  1.504075794938033E+01,  8.763899332125604E+00,  1.169579201734005E+00,  5.286757042493364E+01,  1.472374083241153E+01,  2.139779199755550E+00
                   17     1.471364619062588E-03      1.E+00     1.261125748357417E+00,  2.275297259992047E+02,  1.504075794938033E+01,  8.763899332125604E+00,  1.169579201734005E+00,  5.286757042493364E+01,  1.472374083241153E+01,  2.139779199755550E+00
                   18     1.471088187585886E-03      1.E-01     1.261081412168007E+00,  2.275297259992047E+02,  1.504022951773833E+01,  8.668533176808227E+00,  1.169538106817730E+00,  5.291389528462514E+01,  1.472328956858521E+01,  2.150286344992678E+00
                   19     1.471088187585886E-03      1.E+00     1.261081412168007E+00,  2.275297259992047E+02,  1.504022951773833E+01,  8.668533176808227E+00,  1.169538106817730E+00,  5.291389528462514E+01,  1.472328956858521E+01,  2.150286344992678E+00
                   20     1.470857268974955E-03      1.E-01     1.261038835336509E+00,  2.275297259992047E+02,  1.503972203238033E+01,  8.621091173447784E+00,  1.169498641926150E+00,  5.295561290481256E+01,  1.472285804069287E+01,  2.159756611573785E+00
                   21     1.470857268974955E-03      1.E+00     1.261038835336509E+00,  2.275297259992047E+02,  1.503972203238033E+01,  8.621091173447784E+00,  1.169498641926150E+00,  5.295561290481256E+01,  1.472285804069287E+01,  2.159756611573785E+00
                   22     1.470698254187978E-03      1.E-01     1.260997385115369E+00,  2.275297259992047E+02,  1.503922796811552E+01,  8.597673973919097E+00,  1.169460221518349E+00,  5.299645366892434E+01,  1.472243980863838E+01,  2.166813707454331E+00
                   23     1.470698254187978E-03      1.E+00     1.260997385115369E+00,  2.275297259992047E+02,  1.503922796811552E+01,  8.597673973919097E+00,  1.169460221518349E+00,  5.299645366892434E+01,  1.472243980863838E+01,  2.166813707454331E+00
                   24     1.470561159801794E-03      1.E-01     1.260956978729378E+00,  2.275297259992047E+02,  1.503874634760036E+01,  8.586688168539043E+00,  1.169422769102281E+00,  5.303867294269031E+01,  1.472203384840685E+01,  2.173219980884522E+00
                   25     1.470561159801794E-03      1.E+00     1.260956978729378E+00,  2.275297259992047E+02,  1.503874634760036E+01,  8.586688168539043E+00,  1.169422769102281E+00,  5.303867294269031E+01,  1.472203384840685E+01,  2.173219980884522E+00
                   26     1.470464585759023E-03      1.E-01     1.260917275299939E+00,  2.275297259992047E+02,  1.503827311165373E+01,  8.582277753569992E+00,  1.169385968800352E+00,  5.307806264511827E+01,  1.472163622189704E+01,  2.178012002435085E+00
                   27     1.470464585759023E-03      1.E+00     1.260917275299939E+00,  2.275297259992047E+02,  1.503827311165373E+01,  8.582277753569992E+00,  1.169385968800352E+00,  5.307806264511827E+01,  1.472163622189704E+01,  2.178012002435085E+00
                   28     1.470384597920488E-03      1.E-01     1.260878206451401E+00,  2.275297259992047E+02,  1.503780744748860E+01,  8.581497287780051E+00,  1.169349757141747E+00,  5.311647345519295E+01,  1.472124587240826E+01,  2.182168845916759E+00
                   29     1.470384597920488E-03      1.E+00     1.260878206451401E+00,  2.275297259992047E+02,  1.503780744748860E+01,  8.581497287780051E+00,  1.169349757141747E+00,  5.311647345519295E+01,  1.472124587240826E+01,  2.182168845916759E+00
                   30     1.470326982168311E-03      1.E-01     1.260839586297862E+00,  2.275297259992047E+02,  1.503734714035810E+01,  8.582819248453323E+00,  1.169313961748780E+00,  5.315269461336123E+01,  1.472086060085624E+01,  2.185345071429888E+00
                   31     1.470326982168311E-03      1.E+00     1.260839586297862E+00,  2.275297259992047E+02,  1.503734714035810E+01,  8.582819248453323E+00,  1.169313961748780E+00,  5.315269461336123E+01,  1.472086060085624E+01,  2.185345071429888E+00
                   32     1.470278072285817E-03      1.E-01     1.260801383577168E+00,  2.275297259992047E+02,  1.503689181702333E+01,  8.584978280171979E+00,  1.169278553598619E+00,  5.318732080671088E+01,  1.472047998893665E+01,  2.188143275409208E+00
                   33     1.470278072285817E-03      1.E+00     1.260801383577168E+00,  2.275297259992047E+02,  1.503689181702333E+01,  8.584978280171979E+00,  1.169278553598619E+00,  5.318732080671088E+01,  1.472047998893665E+01,  2.188143275409208E+00
                   34     1.470242574938314E-03      1.E-01     1.260763485288311E+00,  2.275297259992047E+02,  1.503644012735525E+01,  8.586791142411435E+00,  1.169243428000587E+00,  5.321851557479359E+01,  1.472010311536625E+01,  2.190292189797731E+00
                   35     1.470242574938314E-03      1.E+00     1.260763485288311E+00,  2.275297259992047E+02,  1.503644012735525E+01,  8.586791142411435E+00,  1.169243428000587E+00,  5.321851557479359E+01,  1.472010311536625E+01,  2.190292189797731E+00
                   36     1.470205291690275E-03      1.E-01     1.260725953050527E+00,  2.275297259992047E+02,  1.503599280644155E+01,  8.588721450712400E+00,  1.169208641965133E+00,  5.325018881041587E+01,  1.471973047392267E+01,  2.192590829820780E+00
                   37     1.470205291690275E-03      1.E+00     1.260725953050527E+00,  2.275297259992047E+02,  1.503599280644155E+01,  8.588721450712400E+00,  1.169208641965133E+00,  5.325018881041587E+01,  1.471973047392267E+01,  2.192590829820780E+00
                   38     1.470178308106418E-03      1.E-01     1.260688676398949E+00,  2.275297259992047E+02,  1.503554853839082E+01,  8.591043685857711E+00,  1.169174093033931E+00,  5.328103108026269E+01,  1.471936059659330E+01,  2.194405813959204E+00
                   39     1.470178308106418E-03      1.E+00     1.260688676398949E+00,  2.275297259992047E+02,  1.503554853839082E+01,  8.591043685857711E+00,  1.169174093033931E+00,  5.328103108026269E+01,  1.471936059659330E+01,  2.194405813959204E+00
                   40     1.470166445557725E-03      1.E-01     1.260651512153369E+00,  2.275297259992047E+02,  1.503510561542413E+01,  8.593573542588326E+00,  1.169139648405599E+00,  5.330953060041166E+01,  1.471899187881790E+01,  2.195431772109554E+00
                   41     1.470166445557725E-03      1.E+00     1.260651512153369E+00,  2.275297259992047E+02,  1.503510561542413E+01,  8.593573542588326E+00,  1.169139648405599E+00,  5.330953060041166E+01,  1.471899187881790E+01,  2.195431772109554E+00
                   42     1.470148794392581E-03      1.E-01     1.260614570541065E+00,  2.275297259992047E+02,  1.503466534837634E+01,  8.595183334605959E+00,  1.169105410319454E+00,  5.333688412692312E+01,  1.471862583263158E+01,  2.196751730117471E+00
                   43     1.470148794392581E-03      1.E+00     1.260614570541065E+00,  2.275297259992047E+02,  1.503466534837634E+01,  8.595183334605959E+00,  1.169105410319454E+00,  5.333688412692312E+01,  1.471862583263158E+01,  2.196751730117471E+00
                   44     1.470137941424331E-03      1.E-01     1.260577764622511E+00,  2.275297259992047E+02,  1.503422670177199E+01,  8.596868473127676E+00,  1.169071298121795E+00,  5.336392620856299E+01,  1.471826133780289E+01,  2.197744637137752E+00
                   45     1.470137941424331E-03      1.E+00     1.260577764622511E+00,  2.275297259992047E+02,  1.503422670177199E+01,  8.596868473127676E+00,  1.169071298121795E+00,  5.336392620856299E+01,  1.471826133780289E+01,  2.197744637137752E+00
                   46     1.470137941424331E-03      1.E+01     1.260577764622511E+00,  2.275297259992047E+02,  1.503422670177199E+01,  8.596868473127676E+00,  1.169071298121795E+00,  5.336392620856299E+01,  1.471826133780289E+01,  2.197744637137752E+00
                   47     1.468079341020665E-03      1.E+00     1.260565026460056E+00,  3.226810274349170E+02,  1.503407493391610E+01,  8.609688023622958E+00,  1.169059494776764E+00,  5.336123096698534E+01,  1.471812670014933E+01,  2.202517280741756E+00
                   48     1.468079341020665E-03      1.E+01     1.260565026460056E+00,  3.226810274349170E+02,  1.503407493391610E+01,  8.609688023622958E+00,  1.169059494776764E+00,  5.336123096698534E+01,  1.471812670014933E+01,  2.202517280741756E+00
                   49     1.467941326284272E-03      1.E+00     1.260549800099714E+00,  3.226810274349170E+02,  1.503389371158508E+01,  8.657180772751939E+00,  1.169045388731316E+00,  5.336360253834047E+01,  1.471796722616587E+01,  2.206212037440495E+00
                   50     1.467941326284272E-03      1.E+01     1.260549800099714E+00,  3.226810274349170E+02,  1.503389371158508E+01,  8.657180772751939E+00,  1.169045388731316E+00,  5.336360253834047E+01,  1.471796722616587E+01,  2.206212037440495E+00
                   51     1.467831858746536E-03      1.E+00     1.260534639098406E+00,  3.226810274349170E+02,  1.503371327394710E+01,  8.699595499252920E+00,  1.169031343917050E+00,  5.336922191876779E+01,  1.471780971993712E+01,  2.209456385984499E+00
                   52     1.467831858746536E-03      1.E+01     1.260534639098406E+00,  3.226810274349170E+02,  1.503371327394710E+01,  8.699595499252920E+00,  1.169031343917050E+00,  5.336922191876779E+01,  1.471780971993712E+01,  2.209456385984499E+00
                   53     1.467741758137318E-03      1.E+00     1.260519537133737E+00,  3.226810274349170E+02,  1.503353354524533E+01,  8.737662690812432E+00,  1.169017354381455E+00,  5.337746627692911E+01,  1.471765390720332E+01,  2.212417921229442E+00
                   54     1.467741758137318E-03      1.E+01     1.260519537133737E+00,  3.226810274349170E+02,  1.503353354524533E+01,  8.737662690812432E+00,  1.169017354381455E+00,  5.337746627692911E+01,  1.471765390720332E+01,  2.212417921229442E+00
                   55     1.467668936944622E-03      1.E+00     1.260504470523974E+00,  3.226810274349170E+02,  1.503335424302543E+01,  8.772007454197068E+00,  1.169003398092672E+00,  5.338779530256743E+01,  1.471749932929716E+01,  2.214934627538705E+00
                   56     1.467668936944622E-03      1.E+01     1.260504470523974E+00,  3.226810274349170E+02,  1.503335424302543E+01,  8.772007454197068E+00,  1.169003398092672E+00,  5.338779530256743E+01,  1.471749932929716E+01,  2.214934627538705E+00
                   57     1.467608108190151E-03      1.E+00     1.260489430372539E+00,  3.226810274349170E+02,  1.503317526079771E+01,  8.803127480530391E+00,  1.168989466730814E+00,  5.339986518488545E+01,  1.471734572497772E+01,  2.217150753613528E+00
                   58     1.467608108190151E-03      1.E+01     1.260489430372539E+00,  3.226810274349170E+02,  1.503317526079771E+01,  8.803127480530391E+00,  1.168989466730814E+00,  5.339986518488545E+01,  1.471734572497772E+01,  2.217150753613528E+00
                   59     1.467554011881796E-03      1.E+00     1.260474418712460E+00,  3.226810274349170E+02,  1.503299662261672E+01,  8.831506242667196E+00,  1.168975562119624E+00,  5.341379551330409E+01,  1.471719299046956E+01,  2.219263235187381E+00
                   60     1.467554011881796E-03      1.E+01     1.260474418712460E+00,  3.226810274349170E+02,  1.503299662261672E+01,  8.831506242667196E+00,  1.168975562119624E+00,  5.341379551330409E+01,  1.471719299046956E+01,  2.219263235187381E+00
                   61     1.467507997354381E-03      1.E+00     1.260459421284348E+00,  3.226810274349170E+02,  1.503281815837770E+01,  8.857517607389902E+00,  1.168961670997127E+00,  5.342853510249648E+01,  1.471704086368353E+01,  2.221097058897738E+00
                   62     1.467507997354381E-03      1.E+01     1.260459421284348E+00,  3.226810274349170E+02,  1.503281815837770E+01,  8.857517607389902E+00,  1.168961670997127E+00,  5.342853510249648E+01,  1.471704086368353E+01,  2.221097058897738E+00
                   63     1.467465809574360E-03      1.E+00     1.260444441800365E+00,  3.226810274349170E+02,  1.503263991204524E+01,  8.881442461047854E+00,  1.168947796759075E+00,  5.344449225680371E+01,  1.471688929572585E+01,  2.222864038615600E+00
                   64     1.467465809574360E-03      1.E+01     1.260444441800365E+00,  3.226810274349170E+02,  1.503263991204524E+01,  8.881442461047854E+00,  1.168947796759075E+00,  5.344449225680371E+01,  1.471688929572585E+01,  2.222864038615600E+00
                   65     1.467429129315426E-03      1.E+00     1.260429467872619E+00,  3.226810274349170E+02,  1.503246173583016E+01,  8.903608096351753E+00,  1.168933927890407E+00,  5.346092907688805E+01,  1.471673807513866E+01,  2.224397586202215E+00
                   66     1.467429129315426E-03      1.E+01     1.260429467872619E+00,  3.226810274349170E+02,  1.503246173583016E+01,  8.903608096351753E+00,  1.168933927890407E+00,  5.346092907688805E+01,  1.471673807513866E+01,  2.224397586202215E+00
                   67     1.467395831255108E-03      1.E+00     1.260414498529818E+00,  3.226810274349170E+02,  1.503228361790338E+01,  8.924203775811474E+00,  1.168920063458166E+00,  5.347791044685432E+01,  1.471658712618310E+01,  2.225814012278354E+00
                   68     1.467395831255108E-03      1.E+01     1.260414498529818E+00,  3.226810274349170E+02,  1.503228361790338E+01,  8.924203775811474E+00,  1.168920063458166E+00,  5.347791044685432E+01,  1.471658712618310E+01,  2.225814012278354E+00
                   69     1.467364628622340E-03      1.E+00     1.260399535985653E+00,  3.226810274349170E+02,  1.503210558448009E+01,  8.943389219900556E+00,  1.168906205488730E+00,  5.349548417491035E+01,  1.471643642025276E+01,  2.227191683399602E+00
                   70     1.467364628622340E-03      1.E+01     1.260399535985653E+00,  3.226810274349170E+02,  1.503210558448009E+01,  8.943389219900556E+00,  1.168906205488730E+00,  5.349548417491035E+01,  1.471643642025276E+01,  2.227191683399602E+00
                   71     1.467335845026762E-03      1.E+00     1.260384578135302E+00,  3.226810274349170E+02,  1.503192761037580E+01,  8.961320205980385E+00,  1.168892352012225E+00,  5.351329416923774E+01,  1.471628590261223E+01,  2.228489685460060E+00
                   72     1.467335845026762E-03      1.E+01     1.260384578135302E+00,  3.226810274349170E+02,  1.503192761037580E+01,  8.961320205980385E+00,  1.168892352012225E+00,  5.351329416923774E+01,  1.471628590261223E+01,  2.228489685460060E+00
                   73     1.467309032862990E-03      1.E+00     1.260369624015575E+00,  3.226810274349170E+02,  1.503174968390045E+01,  8.978150404486573E+00,  1.168878502117366E+00,  5.353138508615153E+01,  1.471613552377070E+01,  2.229720295633693E+00
                   74     1.467309032862990E-03      1.E+01     1.260369624015575E+00,  3.226810274349170E+02,  1.503174968390045E+01,  8.978150404486573E+00,  1.168878502117366E+00,  5.353138508615153E+01,  1.471613552377070E+01,  2.229720295633693E+00
                   75     1.467285422925274E-03      1.E+00     1.260354663002354E+00,  3.226810274349170E+02,  1.503157167838754E+01,  8.994038144544986E+00,  1.168864645939269E+00,  5.354947208534215E+01,  1.471598512853089E+01,  2.230759607108424E+00
                   76     1.467285422925274E-03      1.E+01     1.260354663002354E+00,  3.226810274349170E+02,  1.503157167838754E+01,  8.994038144544986E+00,  1.168864645939269E+00,  5.354947208534215E+01,  1.471598512853089E+01,  2.230759607108424E+00
                   77     1.467272683169162E-03      1.E+00     1.260339702143295E+00,  3.226810274349170E+02,  1.503139367759422E+01,  8.994038144544986E+00,  1.168850789996847E+00,  5.356745135487768E+01,  1.471583478017141E+01,  2.231798942625119E+00
                   78     1.467272683169162E-03      1.E+01     1.260339702143295E+00,  3.226810274349170E+02,  1.503139367759422E+01,  8.994038144544986E+00,  1.168850789996847E+00,  5.356745135487768E+01,  1.471583478017141E+01,  2.231798942625119E+00
                   79     1.467260397043270E-03      1.E+00     1.260324785214505E+00,  3.226810274349170E+02,  1.503121620218019E+01,  8.994038144544986E+00,  1.168836974742910E+00,  5.358509749533191E+01,  1.471568478116295E+01,  2.232848024557657E+00
                   80     1.467260397043270E-03      1.E+01     1.260324785214505E+00,  3.226810274349170E+02,  1.503121620218019E+01,  8.994038144544986E+00,  1.168836974742910E+00,  5.358509749533191E+01,  1.471568478116295E+01,  2.232848024557657E+00
                   81     1.467249130627442E-03      1.E+00     1.260309908304399E+00,  3.226810274349170E+02,  1.503103920552133E+01,  8.994038144544986E+00,  1.168823196553286E+00,  5.360246240918362E+01,  1.471553509436422E+01,  2.233843803466784E+00
                   82     1.467249130627442E-03      1.E+01     1.260309908304399E+00,  3.226810274349170E+02,  1.503103920552133E+01,  8.994038144544986E+00,  1.168823196553286E+00,  5.360246240918362E+01,  1.471553509436422E+01,  2.233843803466784E+00
                   83     1.467238350582119E-03      1.E+00     1.260295075258200E+00,  3.226810274349170E+02,  1.503086273332098E+01,  8.994038144544986E+00,  1.168809458996503E+00,  5.361927769706926E+01,  1.471538577493651E+01,  2.234854444204915E+00
                   84     1.467238350582119E-03      1.E+01     1.260295075258200E+00,  3.226810274349170E+02,  1.503086273332098E+01,  8.994038144544986E+00,  1.168809458996503E+00,  5.361927769706926E+01,  1.471538577493651E+01,  2.234854444204915E+00
                   85     1.467228731030171E-03      1.E+00     1.260280280379845E+00,  3.226810274349170E+02,  1.503068671770446E+01,  8.994038144544986E+00,  1.168795756794330E+00,  5.363580243371003E+01,  1.471523676866999E+01,  2.235792909077116E+00
                   86     1.467228731030171E-03      1.E+01     1.260280280379845E+00,  3.226810274349170E+02,  1.503068671770446E+01,  8.994038144544986E+00,  1.168795756794330E+00,  5.363580243371003E+01,  1.471523676866999E+01,  2.235792909077116E+00
                   87     1.467220022473465E-03      1.E+00     1.260265523540474E+00,  3.226810274349170E+02,  1.503051115697119E+01,  8.994038144544986E+00,  1.168782089828476E+00,  5.365187603552091E+01,  1.471508807455099E+01,  2.236695169625008E+00
                   88     1.467220022473465E-03      1.E+01     1.260265523540474E+00,  3.226810274349170E+02,  1.503051115697119E+01,  8.994038144544986E+00,  1.168782089828476E+00,  5.365187603552091E+01,  1.471508807455099E+01,  2.236695169625008E+00
                   89     1.467211208522156E-03      1.E+00     1.260250810786408E+00,  3.226810274349170E+02,  1.503033612313029E+01,  8.994038144544986E+00,  1.168768463707667E+00,  5.366756792420046E+01,  1.471493978342035E+01,  2.237653868199657E+00
                   90     1.467211208522156E-03      1.E+01     1.260250810786408E+00,  3.226810274349170E+02,  1.503033612313029E+01,  8.994038144544986E+00,  1.168768463707667E+00,  5.366756792420046E+01,  1.471493978342035E+01,  2.237653868199657E+00
                   91     1.467202679223885E-03      1.E+00     1.260236140075070E+00,  3.226810274349170E+02,  1.503016159185554E+01,  8.994038144544986E+00,  1.168754876541018E+00,  5.368319077221793E+01,  1.471479187272118E+01,  2.238603394266184E+00
                   92     1.467202679223885E-03      1.E+01     1.260236140075070E+00,  3.226810274349170E+02,  1.503016159185554E+01,  8.994038144544986E+00,  1.168754876541018E+00,  5.368319077221793E+01,  1.471479187272118E+01,  2.238603394266184E+00
                   93     1.467195109413129E-03      1.E+00     1.260221509651262E+00,  3.226810274349170E+02,  1.502998754212564E+01,  8.994038144544986E+00,  1.168741326705073E+00,  5.369829028205240E+01,  1.471464433393039E+01,  2.239509160918686E+00
                   94     1.467195109413129E-03      1.E+01     1.260221509651262E+00,  3.226810274349170E+02,  1.502998754212564E+01,  8.994038144544986E+00,  1.168741326705073E+00,  5.369829028205240E+01,  1.471464433393039E+01,  2.239509160918686E+00
                   95     1.467188035807080E-03      1.E+00     1.260206917755993E+00,  3.226810274349170E+02,  1.502981395301452E+01,  8.994038144544986E+00,  1.168727812567788E+00,  5.371335903894014E+01,  1.471449714169406E+01,  2.240384981680490E+00
                   96     1.467188035807080E-03      1.E+01     1.260206917755993E+00,  3.226810274349170E+02,  1.502981395301452E+01,  8.994038144544986E+00,  1.168727812567788E+00,  5.371335903894014E+01,  1.471449714169406E+01,  2.240384981680490E+00
                   97     1.467180887118277E-03      1.E+00     1.260192368793001E+00,  3.226810274349170E+02,  1.502964087692218E+01,  8.994038144544986E+00,  1.168714338213393E+00,  5.372813060782488E+01,  1.471435035873916E+01,  2.241297528163591E+00
                   98     1.467180887118277E-03      1.E+01     1.260192368793001E+00,  3.226810274349170E+02,  1.502964087692218E+01,  8.994038144544986E+00,  1.168714338213393E+00,  5.372813060782488E+01,  1.471435035873916E+01,  2.241297528163591E+00
                   99     1.467175134585330E-03      1.E+00     1.260177854833030E+00,  3.226810274349170E+02,  1.502946821932364E+01,  8.994038144544986E+00,  1.168700896294857E+00,  5.374254110480051E+01,  1.471420390017572E+01,  2.242109331032692E+00
                  100     1.467175134585330E-03      1.E+01     1.260177854833030E+00,  3.226810274349170E+02,  1.502946821932364E+01,  8.994038144544986E+00,  1.168700896294857E+00,  5.374254110480051E+01,  1.471420390017572E+01,  2.242109331032692E+00
  
           Iteration stopped. Number of iterations is equal to max. number of iterations =    100

algorithm ends at Date: 26.04.2023,     Time: 14:34:17
 
------------------------------------------------------------------------------------------------------------------------------------------------------
