
log-file for error estimation using Interval-Nested-Sampling algorithm:
-----------------------------------------------------------------------


algorithm starts at Date: 26.04.2023,     Time: 14:34:17


           Renormalized limit for chi^2 =     5.920000000000000e-06


           Nested sampling loop for free parameter 1


           Iteration:                    chi^2:     Parameter:
                    1     1.466928474714508E-03     1.286725951611010E+00,  3.226810274349170E+02,  1.502946821932364E+01,  8.994038144544986E+00,  1.168700896294857E+00,  5.374254110480051E+01,  1.471420390017572E+01,  2.242109331032692E+00
                    2     1.466879523434228E-03     1.293362975805505E+00,  3.226810274349170E+02,  1.502946821932364E+01,  8.994038144544986E+00,  1.168700896294857E+00,  5.374254110480051E+01,  1.471420390017572E+01,  2.242109331032692E+00
                    3     1.466879523434228E-03     1.293362975805505E+00,  3.226810274349170E+02,  1.502946821932364E+01,  8.994038144544986E+00,  1.168700896294857E+00,  5.374254110480051E+01,  1.471420390017572E+01,  2.242109331032692E+00
                    4     1.466879523434228E-03     1.293362975805505E+00,  3.226810274349170E+02,  1.502946821932364E+01,  8.994038144544986E+00,  1.168700896294857E+00,  5.374254110480051E+01,  1.471420390017572E+01,  2.242109331032692E+00
                    5     1.466856861242878E-03     1.296681487902752E+00,  3.226810274349170E+02,  1.502946821932364E+01,  8.994038144544986E+00,  1.168700896294857E+00,  5.374254110480051E+01,  1.471420390017572E+01,  2.242109331032692E+00
                    6     1.466856861242878E-03     1.296681487902752E+00,  3.226810274349170E+02,  1.502946821932364E+01,  8.994038144544986E+00,  1.168700896294857E+00,  5.374254110480051E+01,  1.471420390017572E+01,  2.242109331032692E+00
                    7     1.466856861242878E-03     1.296681487902752E+00,  3.226810274349170E+02,  1.502946821932364E+01,  8.994038144544986E+00,  1.168700896294857E+00,  5.374254110480051E+01,  1.471420390017572E+01,  2.242109331032692E+00
                    8     1.466845976308193E-03     1.298340743951376E+00,  3.226810274349170E+02,  1.502946821932364E+01,  8.994038144544986E+00,  1.168700896294857E+00,  5.374254110480051E+01,  1.471420390017572E+01,  2.242109331032692E+00
  

           Nested sampling loop for free parameter 2


           Iteration:                    chi^2:     Parameter:
                    1     1.466674413171640E-03     1.260177854833030E+00,  3.408936758116390E+02,  1.502946821932364E+01,  8.994038144544986E+00,  1.168700896294857E+00,  5.374254110480051E+01,  1.471420390017572E+01,  2.242109331032692E+00
                    2     1.466549273572299E-03     1.260177854833030E+00,  3.454468379058195E+02,  1.502946821932364E+01,  8.994038144544986E+00,  1.168700896294857E+00,  5.374254110480051E+01,  1.471420390017572E+01,  2.242109331032692E+00
                    3     1.466549273572299E-03     1.260177854833030E+00,  3.454468379058195E+02,  1.502946821932364E+01,  8.994038144544986E+00,  1.168700896294857E+00,  5.374254110480051E+01,  1.471420390017572E+01,  2.242109331032692E+00
                    4     1.466486762962979E-03     1.260177854833030E+00,  3.477234189529098E+02,  1.502946821932364E+01,  8.994038144544986E+00,  1.168700896294857E+00,  5.374254110480051E+01,  1.471420390017572E+01,  2.242109331032692E+00
                    5     1.466455525549352E-03     1.260177854833030E+00,  3.488617094764548E+02,  1.502946821932364E+01,  8.994038144544986E+00,  1.168700896294857E+00,  5.374254110480051E+01,  1.471420390017572E+01,  2.242109331032692E+00
                    6     1.466455525549352E-03     1.260177854833030E+00,  3.488617094764548E+02,  1.502946821932364E+01,  8.994038144544986E+00,  1.168700896294857E+00,  5.374254110480051E+01,  1.471420390017572E+01,  2.242109331032692E+00
                    7     1.466439911517999E-03     1.260177854833030E+00,  3.494308547382274E+02,  1.502946821932364E+01,  8.994038144544986E+00,  1.168700896294857E+00,  5.374254110480051E+01,  1.471420390017572E+01,  2.242109331032692E+00
                    8     1.466432105993391E-03     1.260177854833030E+00,  3.497154273691137E+02,  1.502946821932364E+01,  8.994038144544986E+00,  1.168700896294857E+00,  5.374254110480051E+01,  1.471420390017572E+01,  2.242109331032692E+00
  

           Nested sampling loop for free parameter 3


           Iteration:                    chi^2:     Parameter:
                    1     1.465037907417349E-03     1.260177854833030E+00,  3.226810274349170E+02,  1.525121792182158E+01,  8.994038144544986E+00,  1.168700896294857E+00,  5.374254110480051E+01,  1.471420390017572E+01,  2.242109331032692E+00
                    2     1.463758617102918E-03     1.260177854833030E+00,  3.226810274349170E+02,  1.536209277307055E+01,  8.994038144544986E+00,  1.168700896294857E+00,  5.374254110480051E+01,  1.471420390017572E+01,  2.242109331032692E+00
                    3     1.463758617102918E-03     1.260177854833030E+00,  3.226810274349170E+02,  1.536209277307055E+01,  8.994038144544986E+00,  1.168700896294857E+00,  5.374254110480051E+01,  1.471420390017572E+01,  2.242109331032692E+00
                    4     1.463758617102918E-03     1.260177854833030E+00,  3.226810274349170E+02,  1.536209277307055E+01,  8.994038144544986E+00,  1.168700896294857E+00,  5.374254110480051E+01,  1.471420390017572E+01,  2.242109331032692E+00
                    5     1.463097342542971E-03     1.260177854833030E+00,  3.226810274349170E+02,  1.541753019869503E+01,  8.994038144544986E+00,  1.168700896294857E+00,  5.374254110480051E+01,  1.471420390017572E+01,  2.242109331032692E+00
                    6     1.463097342542971E-03     1.260177854833030E+00,  3.226810274349170E+02,  1.541753019869503E+01,  8.994038144544986E+00,  1.168700896294857E+00,  5.374254110480051E+01,  1.471420390017572E+01,  2.242109331032692E+00
                    7     1.463097342542971E-03     1.260177854833030E+00,  3.226810274349170E+02,  1.541753019869503E+01,  8.994038144544986E+00,  1.168700896294857E+00,  5.374254110480051E+01,  1.471420390017572E+01,  2.242109331032692E+00
                    8     1.462769560153338E-03     1.260177854833030E+00,  3.226810274349170E+02,  1.544524891150727E+01,  8.994038144544986E+00,  1.168700896294857E+00,  5.374254110480051E+01,  1.471420390017572E+01,  2.242109331032692E+00
  

           Nested sampling loop for free parameter 4


           Iteration:                    chi^2:     Parameter:
                    1     1.462769560153338E-03     1.260177854833030E+00,  3.226810274349170E+02,  1.544524891150727E+01,  8.994038144544986E+00,  1.168700896294857E+00,  5.374254110480051E+01,  1.471420390017572E+01,  2.242109331032692E+00
                    2     1.462769560153338E-03     1.260177854833030E+00,  3.226810274349170E+02,  1.544524891150727E+01,  8.994038144544986E+00,  1.168700896294857E+00,  5.374254110480051E+01,  1.471420390017572E+01,  2.242109331032692E+00
                    3     1.462769560153338E-03     1.260177854833030E+00,  3.226810274349170E+02,  1.544524891150727E+01,  8.994038144544986E+00,  1.168700896294857E+00,  5.374254110480051E+01,  1.471420390017572E+01,  2.242109331032692E+00
                    4     1.462769560153338E-03     1.260177854833030E+00,  3.226810274349170E+02,  1.544524891150727E+01,  8.994038144544986E+00,  1.168700896294857E+00,  5.374254110480051E+01,  1.471420390017572E+01,  2.242109331032692E+00
                    5     1.462769560153338E-03     1.260177854833030E+00,  3.226810274349170E+02,  1.544524891150727E+01,  8.994038144544986E+00,  1.168700896294857E+00,  5.374254110480051E+01,  1.471420390017572E+01,  2.242109331032692E+00
                    6     1.462769560153338E-03     1.260177854833030E+00,  3.226810274349170E+02,  1.544524891150727E+01,  8.994038144544986E+00,  1.168700896294857E+00,  5.374254110480051E+01,  1.471420390017572E+01,  2.242109331032692E+00
                    7     1.462769560153338E-03     1.260177854833030E+00,  3.226810274349170E+02,  1.544524891150727E+01,  8.994038144544986E+00,  1.168700896294857E+00,  5.374254110480051E+01,  1.471420390017572E+01,  2.242109331032692E+00
                    8     1.462769560153338E-03     1.260177854833030E+00,  3.226810274349170E+02,  1.544524891150727E+01,  8.994038144544986E+00,  1.168700896294857E+00,  5.374254110480051E+01,  1.471420390017572E+01,  2.242109331032692E+00
  

           Nested sampling loop for free parameter 5


           Iteration:                    chi^2:     Parameter:
                    1     1.462769560153338E-03     1.260177854833030E+00,  3.226810274349170E+02,  1.544524891150727E+01,  8.994038144544986E+00,  1.168700896294857E+00,  5.374254110480051E+01,  1.471420390017572E+01,  2.242109331032692E+00
                    2     1.462769560153338E-03     1.260177854833030E+00,  3.226810274349170E+02,  1.544524891150727E+01,  8.994038144544986E+00,  1.168700896294857E+00,  5.374254110480051E+01,  1.471420390017572E+01,  2.242109331032692E+00
                    3     1.462769560153338E-03     1.260177854833030E+00,  3.226810274349170E+02,  1.544524891150727E+01,  8.994038144544986E+00,  1.168700896294857E+00,  5.374254110480051E+01,  1.471420390017572E+01,  2.242109331032692E+00
                    4     1.462769560153338E-03     1.260177854833030E+00,  3.226810274349170E+02,  1.544524891150727E+01,  8.994038144544986E+00,  1.168700896294857E+00,  5.374254110480051E+01,  1.471420390017572E+01,  2.242109331032692E+00
                    5     1.462769560153338E-03     1.260177854833030E+00,  3.226810274349170E+02,  1.544524891150727E+01,  8.994038144544986E+00,  1.168700896294857E+00,  5.374254110480051E+01,  1.471420390017572E+01,  2.242109331032692E+00
                    6     1.462769560153338E-03     1.260177854833030E+00,  3.226810274349170E+02,  1.544524891150727E+01,  8.994038144544986E+00,  1.168700896294857E+00,  5.374254110480051E+01,  1.471420390017572E+01,  2.242109331032692E+00
                    7     1.462769560153338E-03     1.260177854833030E+00,  3.226810274349170E+02,  1.544524891150727E+01,  8.994038144544986E+00,  1.168700896294857E+00,  5.374254110480051E+01,  1.471420390017572E+01,  2.242109331032692E+00
                    8     1.462769560153338E-03     1.260177854833030E+00,  3.226810274349170E+02,  1.544524891150727E+01,  8.994038144544986E+00,  1.168700896294857E+00,  5.374254110480051E+01,  1.471420390017572E+01,  2.242109331032692E+00
  

           Nested sampling loop for free parameter 6


           Iteration:                    chi^2:     Parameter:
                    1     1.462769560153338E-03     1.260177854833030E+00,  3.226810274349170E+02,  1.544524891150727E+01,  8.994038144544986E+00,  1.168700896294857E+00,  5.374254110480051E+01,  1.471420390017572E+01,  2.242109331032692E+00
                    2     1.462769560153338E-03     1.260177854833030E+00,  3.226810274349170E+02,  1.544524891150727E+01,  8.994038144544986E+00,  1.168700896294857E+00,  5.374254110480051E+01,  1.471420390017572E+01,  2.242109331032692E+00
                    3     1.462769560153338E-03     1.260177854833030E+00,  3.226810274349170E+02,  1.544524891150727E+01,  8.994038144544986E+00,  1.168700896294857E+00,  5.374254110480051E+01,  1.471420390017572E+01,  2.242109331032692E+00
                    4     1.462769560153338E-03     1.260177854833030E+00,  3.226810274349170E+02,  1.544524891150727E+01,  8.994038144544986E+00,  1.168700896294857E+00,  5.374254110480051E+01,  1.471420390017572E+01,  2.242109331032692E+00
                    5     1.462769560153338E-03     1.260177854833030E+00,  3.226810274349170E+02,  1.544524891150727E+01,  8.994038144544986E+00,  1.168700896294857E+00,  5.374254110480051E+01,  1.471420390017572E+01,  2.242109331032692E+00
                    6     1.462769560153338E-03     1.260177854833030E+00,  3.226810274349170E+02,  1.544524891150727E+01,  8.994038144544986E+00,  1.168700896294857E+00,  5.374254110480051E+01,  1.471420390017572E+01,  2.242109331032692E+00
                    7     1.462769560153338E-03     1.260177854833030E+00,  3.226810274349170E+02,  1.544524891150727E+01,  8.994038144544986E+00,  1.168700896294857E+00,  5.374254110480051E+01,  1.471420390017572E+01,  2.242109331032692E+00
                    8     1.462769560153338E-03     1.260177854833030E+00,  3.226810274349170E+02,  1.544524891150727E+01,  8.994038144544986E+00,  1.168700896294857E+00,  5.374254110480051E+01,  1.471420390017572E+01,  2.242109331032692E+00
  

           Nested sampling loop for free parameter 7


           Iteration:                    chi^2:     Parameter:
                    1     1.462769560153338E-03     1.260177854833030E+00,  3.226810274349170E+02,  1.544524891150727E+01,  8.994038144544986E+00,  1.168700896294857E+00,  5.374254110480051E+01,  1.471420390017572E+01,  2.242109331032692E+00
                    2     1.462769560153338E-03     1.260177854833030E+00,  3.226810274349170E+02,  1.544524891150727E+01,  8.994038144544986E+00,  1.168700896294857E+00,  5.374254110480051E+01,  1.471420390017572E+01,  2.242109331032692E+00
                    3     1.462769560153338E-03     1.260177854833030E+00,  3.226810274349170E+02,  1.544524891150727E+01,  8.994038144544986E+00,  1.168700896294857E+00,  5.374254110480051E+01,  1.471420390017572E+01,  2.242109331032692E+00
                    4     1.462769560153338E-03     1.260177854833030E+00,  3.226810274349170E+02,  1.544524891150727E+01,  8.994038144544986E+00,  1.168700896294857E+00,  5.374254110480051E+01,  1.471420390017572E+01,  2.242109331032692E+00
                    5     1.462769560153338E-03     1.260177854833030E+00,  3.226810274349170E+02,  1.544524891150727E+01,  8.994038144544986E+00,  1.168700896294857E+00,  5.374254110480051E+01,  1.471420390017572E+01,  2.242109331032692E+00
                    6     1.462769560153338E-03     1.260177854833030E+00,  3.226810274349170E+02,  1.544524891150727E+01,  8.994038144544986E+00,  1.168700896294857E+00,  5.374254110480051E+01,  1.471420390017572E+01,  2.242109331032692E+00
                    7     1.462769560153338E-03     1.260177854833030E+00,  3.226810274349170E+02,  1.544524891150727E+01,  8.994038144544986E+00,  1.168700896294857E+00,  5.374254110480051E+01,  1.471420390017572E+01,  2.242109331032692E+00
                    8     1.462769560153338E-03     1.260177854833030E+00,  3.226810274349170E+02,  1.544524891150727E+01,  8.994038144544986E+00,  1.168700896294857E+00,  5.374254110480051E+01,  1.471420390017572E+01,  2.242109331032692E+00
  

           Nested sampling loop for free parameter 8


           Iteration:                    chi^2:     Parameter:
                    1     1.462769560153338E-03     1.260177854833030E+00,  3.226810274349170E+02,  1.544524891150727E+01,  8.994038144544986E+00,  1.168700896294857E+00,  5.374254110480051E+01,  1.471420390017572E+01,  2.242109331032692E+00
                    2     1.462769560153338E-03     1.260177854833030E+00,  3.226810274349170E+02,  1.544524891150727E+01,  8.994038144544986E+00,  1.168700896294857E+00,  5.374254110480051E+01,  1.471420390017572E+01,  2.242109331032692E+00
                    3     1.462769560153338E-03     1.260177854833030E+00,  3.226810274349170E+02,  1.544524891150727E+01,  8.994038144544986E+00,  1.168700896294857E+00,  5.374254110480051E+01,  1.471420390017572E+01,  2.242109331032692E+00
                    4     1.462769560153338E-03     1.260177854833030E+00,  3.226810274349170E+02,  1.544524891150727E+01,  8.994038144544986E+00,  1.168700896294857E+00,  5.374254110480051E+01,  1.471420390017572E+01,  2.242109331032692E+00
                    5     1.462769560153338E-03     1.260177854833030E+00,  3.226810274349170E+02,  1.544524891150727E+01,  8.994038144544986E+00,  1.168700896294857E+00,  5.374254110480051E+01,  1.471420390017572E+01,  2.242109331032692E+00
                    6     1.462769560153338E-03     1.260177854833030E+00,  3.226810274349170E+02,  1.544524891150727E+01,  8.994038144544986E+00,  1.168700896294857E+00,  5.374254110480051E+01,  1.471420390017572E+01,  2.242109331032692E+00
                    7     1.462769560153338E-03     1.260177854833030E+00,  3.226810274349170E+02,  1.544524891150727E+01,  8.994038144544986E+00,  1.168700896294857E+00,  5.374254110480051E+01,  1.471420390017572E+01,  2.242109331032692E+00
                    8     1.462769560153338E-03     1.260177854833030E+00,  3.226810274349170E+02,  1.544524891150727E+01,  8.994038144544986E+00,  1.168700896294857E+00,  5.374254110480051E+01,  1.471420390017572E+01,  2.242109331032692E+00
  

           Table of results:


           | Free parameter |    Minimum point  |   Error_left    |   Error_right   | Mean parameter value |  Standard deviation  |  log(Evidence)   |
           -------------------------------------------------------------------------------------------------------------------------------------------
           |          1     |    1.26017785e+00 |  3.03587834e-01 |  3.98221452e-02 |       1.16778774e+00 |       2.11197723e-01 |  -1.46151496e-01 |
           --------------------------------------------------------------------------------------------------------------------------------------------
           |          2     |    3.22681027e+02 |  5.17781451e+01 |  2.73189726e+01 |       3.17969604e+02 |       4.70667214e+01 |  -1.46147437e-01 |
           --------------------------------------------------------------------------------------------------------------------------------------------
           |          3     |    1.50294682e+01 |  1.75645669e-01 |  2.66950179e+00 |       1.70623141e+01 |       2.20849156e+00 |  -1.46229208e-01 |
           --------------------------------------------------------------------------------------------------------------------------------------------
           |          4     |    8.99403814e+00 |  4.13772163e+00 |  0.00000000e+00 |       6.38719982e+00 |       2.06886081e+00 |  -1.46174379e-01 |
           --------------------------------------------------------------------------------------------------------------------------------------------
           |          5     |    1.16870090e+00 |  2.96341823e-01 |  9.63747256e-02 |       1.06871735e+00 |       1.96358274e-01 |  -1.46157310e-01 |
           --------------------------------------------------------------------------------------------------------------------------------------------
           |          6     |    5.37425411e+01 |  9.66170635e+00 |  1.00361315e+02 |       9.90923453e+01 |       5.50115105e+01 |  -1.65404533e-01 |
           --------------------------------------------------------------------------------------------------------------------------------------------
           |          7     |    1.47142039e+01 |  5.13950050e-01 |  1.44804397e-01 |       1.45296311e+01 |       3.29377224e-01 |  -4.41843945e-01 |
           --------------------------------------------------------------------------------------------------------------------------------------------
           |          8     |    2.24210933e+00 |  9.72333848e-01 |  1.16603656e+00 |       2.33896069e+00 |       1.06918520e+00 |  -1.46195933e-01 |
           --------------------------------------------------------------------------------------------------------------------------------------------



algorithm ends at Date: 26.04.2023,     Time: 15:18:16

------------------------------------------------------------------------------------------------------------------------------------------------------
