 
log-file for Genetic algorithm:
-------------------------------
 
 
algorithm starts at Date: 26.04.2023,     Time: 10:30:35
 
 
 
 
           Sub-beam description is NOT used!
 
 
           Do NOT take local-overlap into account!
 
 
           Start Genetic algorithm (MPI version) ..
 
           Renormalized limit for chi^2 =     4.670000000000000E-06
 
           Number of chromosomes =         24
  
           Iteration:                    chisq:     Parameter:
                    1     1.542912536909984E-03     7.218093727135915E-01,  8.271300545043400E+01,  1.538418109931082E+01,  1.920834812006809E+00,  6.803394969859452E-01,  4.013419272605420E+01,  1.513665999140427E+01,  4.654320292593081E+00
                    2     1.542912536909984E-03     7.218093727135915E-01,  8.271300545043400E+01,  1.538418109931082E+01,  1.920834812006809E+00,  6.803394969859452E-01,  4.013419272605420E+01,  1.513665999140427E+01,  4.654320292593081E+00
                    3     1.542912536909984E-03     7.218093727135915E-01,  8.271300545043400E+01,  1.538418109931082E+01,  1.920834812006809E+00,  6.803394969859452E-01,  4.013419272605420E+01,  1.513665999140427E+01,  4.654320292593081E+00
                    4     1.540332411347813E-03     7.154033003364698E-01,  8.372096972735638E+01,  1.379499710303993E+01,  1.813317385254607E+00,  6.894938246170801E-01,  4.026170282469351E+01,  1.515050224068863E+01,  4.689166290145007E+00
                    5     1.525873590033923E-03     8.365241826188243E-01,  2.267314663909511E+02,  1.371730623590854E+01,  3.780106299735166E+00,  1.274138832738981E+00,  4.133334823864679E+01,  1.501900707684309E+01,  4.221100331419529E+00
                    6     1.507549324350359E-03     7.824902146071026E-01,  1.278968594240311E+02,  1.418287749526278E+01,  2.532845195309209E+00,  9.974501465313459E-01,  4.110468928757011E+01,  1.504125802674562E+01,  4.545550505508978E+00
                    7     1.507549324350359E-03     7.824902146071026E-01,  1.278968594240311E+02,  1.418287749526278E+01,  2.532845195309209E+00,  9.974501465313459E-01,  4.110468928757011E+01,  1.504125802674562E+01,  4.545550505508978E+00
                    8     1.507409544748318E-03     7.820461417723594E-01,  1.270845969583724E+02,  1.418670374672133E+01,  2.522594702985804E+00,  9.951762078637484E-01,  4.110281007654174E+01,  1.504144089398196E+01,  4.553792166747046E+00
                    9     1.507409544748318E-03     7.820461417723594E-01,  1.270845969583724E+02,  1.418670374672133E+01,  2.522594702985804E+00,  9.951762078637484E-01,  4.110281007654174E+01,  1.504144089398196E+01,  4.553792166747046E+00
                   10     1.507409544748318E-03     7.820461417723594E-01,  1.270845969583724E+02,  1.418670374672133E+01,  2.522594702985804E+00,  9.951762078637484E-01,  4.110281007654174E+01,  1.504144089398196E+01,  4.553792166747046E+00
                   11     1.507409544748318E-03     7.820461417723594E-01,  1.270845969583724E+02,  1.418670374672133E+01,  2.522594702985804E+00,  9.951762078637484E-01,  4.110281007654174E+01,  1.504144089398196E+01,  4.553792166747046E+00
                   12     1.507397639887686E-03     7.821379142951645E-01,  1.272286106116674E+02,  1.418740871674417E+01,  2.524734136971420E+00,  9.956553155791870E-01,  4.110332303769800E+01,  1.504140483701031E+01,  4.552531934945955E+00
                   13     1.507397639887686E-03     7.821379142951645E-01,  1.272286106116674E+02,  1.418740871674417E+01,  2.524734136971420E+00,  9.956553155791870E-01,  4.110332303769800E+01,  1.504140483701031E+01,  4.552531934945955E+00
                   14     1.507397639887686E-03     7.821379142951645E-01,  1.272286106116674E+02,  1.418740871674417E+01,  2.524734136971420E+00,  9.956553155791870E-01,  4.110332303769800E+01,  1.504140483701031E+01,  4.552531934945955E+00
                   15     1.501068549364034E-03     7.690774509280498E-01,  1.027866062571197E+02,  1.437728688686251E+01,  2.204756931653631E+00,  1.268845946155363E+00,  4.100869166822648E+01,  1.504795864022380E+01,  4.732492948260291E+00
                   16     1.501068549364034E-03     7.690774509280498E-01,  1.027866062571197E+02,  1.437728688686251E+01,  2.204756931653631E+00,  1.268845946155363E+00,  4.100869166822648E+01,  1.504795864022380E+01,  4.732492948260291E+00
                   17     1.498958742318780E-03     7.681630345502332E-01,  6.799835328863148E+01,  1.439058103299390E+01,  2.182354020757885E+00,  1.287973137882262E+00,  4.100206613958576E+01,  1.504841749875178E+01,  4.745092753743263E+00
                   18     1.498546752323672E-03     7.696709969683688E-01,  1.060524800347366E+02,  1.436865768031379E+01,  2.219298621168795E+00,  1.256430520111670E+00,  4.101299228705301E+01,  1.504766079597149E+01,  4.724314436988364E+00
                   19     1.498546752323672E-03     7.696709969683688E-01,  1.060524800347366E+02,  1.436865768031379E+01,  2.219298621168795E+00,  1.256430520111670E+00,  4.101299228705301E+01,  1.504766079597149E+01,  4.724314436988364E+00
                   20     1.498506300983737E-03     7.877666737677551E-01,  1.148901300349033E+02,  1.416240754476195E+01,  2.396138077197487E+00,  1.169682236428017E+00,  4.109711573210700E+01,  1.504445033800658E+01,  4.700630469347616E+00
                   21     1.498094675007929E-03     7.774407312151457E-01,  1.641420890356197E+02,  1.422419464197452E+01,  2.236350920618170E+00,  1.172449151737536E+00,  4.110374076733603E+01,  1.504354391926604E+01,  4.713437106255493E+00
                   22     1.498094675007929E-03     7.774407312151457E-01,  1.641420890356197E+02,  1.422419464197452E+01,  2.236350920618170E+00,  1.172449151737536E+00,  4.110374076733603E+01,  1.504354391926604E+01,  4.713437106255493E+00
                   23     1.498094675007929E-03     7.774407312151457E-01,  1.641420890356197E+02,  1.422419464197452E+01,  2.236350920618170E+00,  1.172449151737536E+00,  4.110374076733603E+01,  1.504354391926604E+01,  4.713437106255493E+00
                   24     1.498094675007929E-03     7.774407312151457E-01,  1.641420890356197E+02,  1.422419464197452E+01,  2.236350920618170E+00,  1.172449151737536E+00,  4.110374076733603E+01,  1.504354391926604E+01,  4.713437106255493E+00
                   25     1.498094675007929E-03     7.774407312151457E-01,  1.641420890356197E+02,  1.422419464197452E+01,  2.236350920618170E+00,  1.172449151737536E+00,  4.110374076733603E+01,  1.504354391926604E+01,  4.713437106255493E+00
                   26     1.498094675007929E-03     7.774407312151457E-01,  1.641420890356197E+02,  1.422419464197452E+01,  2.236350920618170E+00,  1.172449151737536E+00,  4.110374076733603E+01,  1.504354391926604E+01,  4.713437106255493E+00
                   27     1.498094675007929E-03     7.774407312151457E-01,  1.641420890356197E+02,  1.422419464197452E+01,  2.236350920618170E+00,  1.172449151737536E+00,  4.110374076733603E+01,  1.504354391926604E+01,  4.713437106255493E+00
                   28     1.498075221793978E-03     7.787388575223324E-01,  1.846615268146543E+02,  1.417727896143130E+01,  2.312983489774032E+00,  1.172845683303435E+00,  4.109568845031465E+01,  1.504355328035724E+01,  4.708433529280656E+00
                   29     1.498041711000746E-03     7.696229778471797E-01,  2.466685087811881E+02,  1.435210209200156E+01,  2.223718787340789E+00,  1.242460501897998E+00,  4.103443962517770E+01,  1.504578996094893E+01,  4.725676899529168E+00
                   30     1.498041711000746E-03     7.696229778471797E-01,  2.466685087811881E+02,  1.435210209200156E+01,  2.223718787340789E+00,  1.242460501897998E+00,  4.103443962517770E+01,  1.504578996094893E+01,  4.725676899529168E+00
                   31     1.498000364779954E-03     7.721536174135210E-01,  2.400778552140244E+02,  1.432620080062980E+01,  2.248015000896218E+00,  1.232993634043904E+00,  4.104249507565102E+01,  1.504564071193979E+01,  4.722139595701277E+00
                   32     1.498000364779954E-03     7.721536174135210E-01,  2.400778552140244E+02,  1.432620080062980E+01,  2.248015000896218E+00,  1.232993634043904E+00,  4.104249507565102E+01,  1.504564071193979E+01,  4.722139595701277E+00
                   33     1.497746503135536E-03     7.787388575223324E-01,  1.846615268146543E+02,  1.417727896143130E+01,  2.312983489774032E+00,  1.172845683303435E+00,  4.109568845031465E+01,  1.504355328035724E+01,  4.735812235848052E+00
                   34     1.497746503135536E-03     7.787388575223324E-01,  1.846615268146543E+02,  1.417727896143130E+01,  2.312983489774032E+00,  1.172845683303435E+00,  4.109568845031465E+01,  1.504355328035724E+01,  4.735812235848052E+00
                   35     1.497746503135536E-03     7.787388575223324E-01,  1.846615268146543E+02,  1.417727896143130E+01,  2.312983489774032E+00,  1.172845683303435E+00,  4.109568845031465E+01,  1.504355328035724E+01,  4.735812235848052E+00
                   36     1.497744799847975E-03     7.787618814770862E-01,  1.813797500279131E+02,  1.417717113089304E+01,  2.312780446755568E+00,  1.172719055391550E+00,  4.109658302385291E+01,  1.504348648029147E+01,  4.735890710019508E+00
                   37     1.497744799847975E-03     7.787618814770862E-01,  1.813797500279131E+02,  1.417717113089304E+01,  2.312780446755568E+00,  1.172719055391550E+00,  4.109658302385291E+01,  1.504348648029147E+01,  4.735890710019508E+00
                   38     1.497744799847975E-03     7.787618814770862E-01,  1.813797500279131E+02,  1.417717113089304E+01,  2.312780446755568E+00,  1.172719055391550E+00,  4.109658302385291E+01,  1.504348648029147E+01,  4.735890710019508E+00
                   39     1.497744799847975E-03     7.787618814770862E-01,  1.813797500279131E+02,  1.417717113089304E+01,  2.312780446755568E+00,  1.172719055391550E+00,  4.109658302385291E+01,  1.504348648029147E+01,  4.735890710019508E+00
                   40     1.497744799847975E-03     7.787618814770862E-01,  1.813797500279131E+02,  1.417717113089304E+01,  2.312780446755568E+00,  1.172719055391550E+00,  4.109658302385291E+01,  1.504348648029147E+01,  4.735890710019508E+00
                   41     1.497691841593007E-03     7.777305646447690E-01,  1.882114014881534E+02,  1.419714440277602E+01,  2.302930886813065E+00,  1.180859319042356E+00,  4.108913015560524E+01,  1.504376882453661E+01,  4.734651195249809E+00
                   42     1.497691841593007E-03     7.777305646447690E-01,  1.882114014881534E+02,  1.419714440277602E+01,  2.302930886813065E+00,  1.180859319042356E+00,  4.108913015560524E+01,  1.504376882453661E+01,  4.734651195249809E+00
                   43     1.497691841593007E-03     7.777305646447690E-01,  1.882114014881534E+02,  1.419714440277602E+01,  2.302930886813065E+00,  1.180859319042356E+00,  4.108913015560524E+01,  1.504376882453661E+01,  4.734651195249809E+00
                   44     1.497688103343834E-03     7.777222116858447E-01,  1.875198963223053E+02,  1.419762880322855E+01,  2.302447493300973E+00,  1.180977835239268E+00,  4.108976472841689E+01,  1.504371337721159E+01,  4.734689638317469E+00
                   45     1.497688103343834E-03     7.777222116858447E-01,  1.875198963223053E+02,  1.419762880322855E+01,  2.302447493300973E+00,  1.180977835239268E+00,  4.108976472841689E+01,  1.504371337721159E+01,  4.734689638317469E+00
                   46     1.497596873797698E-03     7.723593955367082E-01,  2.386953182269907E+02,  1.585663531988216E+01,  2.250302967216235E+00,  1.231077954638182E+00,  4.104378382034581E+01,  1.504377795898805E+01,  4.734577001260369E+00
                   47     1.497596873797698E-03     7.723593955367082E-01,  2.386953182269907E+02,  1.585663531988216E+01,  2.250302967216235E+00,  1.231077954638182E+00,  4.104378382034581E+01,  1.504377795898805E+01,  4.734577001260369E+00
                   48     1.497596873797698E-03     7.723593955367082E-01,  2.386953182269907E+02,  1.585663531988216E+01,  2.250302967216235E+00,  1.231077954638182E+00,  4.104378382034581E+01,  1.504377795898805E+01,  4.734577001260369E+00
                   49     1.497522623426832E-03     7.723593955367082E-01,  2.839958223035192E+02,  1.585663531988216E+01,  2.250302967216235E+00,  1.231077954638182E+00,  4.108976472841689E+01,  1.504371337721159E+01,  4.734689638317469E+00
                   50     1.497522623426832E-03     7.723593955367082E-01,  2.839958223035192E+02,  1.585663531988216E+01,  2.250302967216235E+00,  1.231077954638182E+00,  4.108976472841689E+01,  1.504371337721159E+01,  4.734689638317469E+00
                   51     1.497505592796118E-03     7.732691908992708E-01,  2.698111282208712E+02,  1.555172930784473E+01,  2.266255831328511E+00,  1.216688545740872E+00,  4.108566228396661E+01,  1.504373483552648E+01,  4.734610369235621E+00
                   52     1.497505592796118E-03     7.732691908992708E-01,  2.698111282208712E+02,  1.555172930784473E+01,  2.266255831328511E+00,  1.216688545740872E+00,  4.108566228396661E+01,  1.504373483552648E+01,  4.734610369235621E+00
                   53     1.497505592796118E-03     7.732691908992708E-01,  2.698111282208712E+02,  1.555172930784473E+01,  2.266255831328511E+00,  1.216688545740872E+00,  4.108566228396661E+01,  1.504373483552648E+01,  4.734610369235621E+00
                   54     1.497497921001577E-03     7.733655627552440E-01,  2.720872959277953E+02,  1.746558732848061E+01,  2.267945669709595E+00,  1.215164319416080E+00,  4.108985915378202E+01,  1.504373458483058E+01,  4.734609580145883E+00
                   55     1.497497921001577E-03     7.733655627552440E-01,  2.720872959277953E+02,  1.746558732848061E+01,  2.267945669709595E+00,  1.215164319416080E+00,  4.108985915378202E+01,  1.504373458483058E+01,  4.734609580145883E+00
                   56     1.497493620175114E-03     7.731456457753523E-01,  2.778980958516844E+02,  1.760365354104464E+01,  2.267528523257176E+00,  1.215858777376027E+00,  4.108997115935104E+01,  1.504373306686124E+01,  4.734607946445360E+00
                   57     1.497477400565565E-03     7.731756154288164E-01,  2.944767345746587E+02,  1.769553337714817E+01,  2.271695796889208E+00,  1.220390971565424E+00,  4.109481651102796E+01,  1.504372530750396E+01,  4.734613295150429E+00
                   58     1.497477400565565E-03     7.731756154288164E-01,  2.944767345746587E+02,  1.769553337714817E+01,  2.271695796889208E+00,  1.220390971565424E+00,  4.109481651102796E+01,  1.504372530750396E+01,  4.734613295150429E+00
                   59     1.497477400565565E-03     7.731756154288164E-01,  2.944767345746587E+02,  1.769553337714817E+01,  2.271695796889208E+00,  1.220390971565424E+00,  4.109481651102796E+01,  1.504372530750396E+01,  4.734613295150429E+00
                   60     1.497477400565565E-03     7.731756154288164E-01,  2.944767345746587E+02,  1.769553337714817E+01,  2.271695796889208E+00,  1.220390971565424E+00,  4.109481651102796E+01,  1.504372530750396E+01,  4.734613295150429E+00
                   61     1.497477400565565E-03     7.731756154288164E-01,  2.944767345746587E+02,  1.769553337714817E+01,  2.271695796889208E+00,  1.220390971565424E+00,  4.109481651102796E+01,  1.504372530750396E+01,  4.734613295150429E+00
                   62     1.497471915340621E-03     7.731698997948120E-01,  2.981011313121955E+02,  1.769739669517393E+01,  2.272674511254738E+00,  1.220120525700687E+00,  4.109713209561629E+01,  1.504372435469603E+01,  4.734612701085463E+00
                   63     1.497451805674887E-03     7.719739784289273E-01,  3.368589769129251E+02,  1.769595790613424E+01,  2.271685899691368E+00,  1.226432228303299E+00,  4.109702693675642E+01,  1.504371543543041E+01,  4.734599080233690E+00
                   64     1.497451805674887E-03     7.719739784289273E-01,  3.368589769129251E+02,  1.769595790613424E+01,  2.271685899691368E+00,  1.226432228303299E+00,  4.109702693675642E+01,  1.504371543543041E+01,  4.734599080233690E+00
                   65     1.497451805674887E-03     7.719739784289273E-01,  3.368589769129251E+02,  1.769595790613424E+01,  2.271685899691368E+00,  1.226432228303299E+00,  4.109702693675642E+01,  1.504371543543041E+01,  4.734599080233690E+00
                   66     1.497451289588997E-03     7.719070396540381E-01,  3.403617554381182E+02,  1.769791469034510E+01,  2.271841884224961E+00,  1.227183532051913E+00,  4.109682122921314E+01,  1.504371447225295E+01,  4.734598010527556E+00
                   67     1.497451289588997E-03     7.719070396540381E-01,  3.403617554381182E+02,  1.769791469034510E+01,  2.271841884224961E+00,  1.227183532051913E+00,  4.109682122921314E+01,  1.504371447225295E+01,  4.734598010527556E+00
                   68     1.497451289588997E-03     7.719070396540381E-01,  3.403617554381182E+02,  1.769791469034510E+01,  2.271841884224961E+00,  1.227183532051913E+00,  4.109682122921314E+01,  1.504371447225295E+01,  4.734598010527556E+00
                   69     1.497451289588997E-03     7.719070396540381E-01,  3.403617554381182E+02,  1.769791469034510E+01,  2.271841884224961E+00,  1.227183532051913E+00,  4.109682122921314E+01,  1.504371447225295E+01,  4.734598010527556E+00
                   70     1.497414046399051E-03     7.711047956182374E-01,  3.497612931261576E+02,  1.769888473736734E+01,  2.275908660660078E+00,  1.229936700889396E+00,  4.110925567473717E+01,  1.504370833161977E+01,  4.734588006109899E+00
                   71     1.497414046399051E-03     7.711047956182374E-01,  3.497612931261576E+02,  1.769888473736734E+01,  2.275908660660078E+00,  1.229936700889396E+00,  4.110925567473717E+01,  1.504370833161977E+01,  4.734588006109899E+00
                   72     1.497414046399051E-03     7.711047956182374E-01,  3.497612931261576E+02,  1.769888473736734E+01,  2.275908660660078E+00,  1.229936700889396E+00,  4.110925567473717E+01,  1.504370833161977E+01,  4.734588006109899E+00
                   73     1.497413909903612E-03     7.711410114575160E-01,  3.491029486421967E+02,  1.769596672271679E+01,  2.276030995814128E+00,  1.228637017905263E+00,  4.110844880715734E+01,  1.504370898160384E+01,  4.734588777900003E+00
                   74     1.497411123006401E-03     7.708780295641545E-01,  6.912824289591592E+01,  1.769833186512363E+01,  2.276631346843662E+00,  1.231020372113843E+00,  4.110870334512486E+01,  1.504370562637052E+01,  4.734584935259746E+00
                   75     1.497411123006401E-03     7.708780295641545E-01,  6.912824289591592E+01,  1.769833186512363E+01,  2.276631346843662E+00,  1.231020372113843E+00,  4.110870334512486E+01,  1.504370562637052E+01,  4.734584935259746E+00
                   76     1.497411123006401E-03     7.708780295641545E-01,  6.912824289591592E+01,  1.769833186512363E+01,  2.276631346843662E+00,  1.231020372113843E+00,  4.110870334512486E+01,  1.504370562637052E+01,  4.734584935259746E+00
                   77     1.497411123006401E-03     7.708780295641545E-01,  6.912824289591592E+01,  1.769833186512363E+01,  2.276631346843662E+00,  1.231020372113843E+00,  4.110870334512486E+01,  1.504370562637052E+01,  4.734584935259746E+00
                   78     1.497411123006401E-03     7.708780295641545E-01,  6.912824289591592E+01,  1.769833186512363E+01,  2.276631346843662E+00,  1.231020372113843E+00,  4.110870334512486E+01,  1.504370562637052E+01,  4.734584935259746E+00
                   79     1.497411123006401E-03     7.708780295641545E-01,  6.912824289591592E+01,  1.769833186512363E+01,  2.276631346843662E+00,  1.231020372113843E+00,  4.110870334512486E+01,  1.504370562637052E+01,  4.734584935259746E+00
                   80     1.497409203196489E-03     7.710829473513727E-01,  3.497842356742599E+02,  1.769821364850707E+01,  2.277703776907313E+00,  1.229047728838682E+00,  4.111039145014690E+01,  1.504370811089716E+01,  4.734585334770273E+00
                   81     1.497408885287976E-03     7.708231089716953E-01,  5.274347937047993E+01,  1.769539356083807E+01,  2.276811932291249E+00,  1.231459808418515E+00,  4.110983069885724E+01,  1.504370514122818E+01,  4.734584360499023E+00
                   82     1.497408885287976E-03     7.708231089716953E-01,  5.274347937047993E+01,  1.769539356083807E+01,  2.276811932291249E+00,  1.231459808418515E+00,  4.110983069885724E+01,  1.504370514122818E+01,  4.734584360499023E+00
                   83     1.497408885287976E-03     7.708231089716953E-01,  5.274347937047993E+01,  1.769539356083807E+01,  2.276811932291249E+00,  1.231459808418515E+00,  4.110983069885724E+01,  1.504370514122818E+01,  4.734584360499023E+00
                   84     1.497408885287976E-03     7.708231089716953E-01,  5.274347937047993E+01,  1.769539356083807E+01,  2.276811932291249E+00,  1.231459808418515E+00,  4.110983069885724E+01,  1.504370514122818E+01,  4.734584360499023E+00
                   85     1.497407976689459E-03     7.707656246624101E-01,  4.005373336698316E+01,  1.769651503568927E+01,  2.276985087846233E+00,  1.231969512777843E+00,  4.111015038050768E+01,  1.504370441232570E+01,  4.734583516596051E+00
                   86     1.497407976689459E-03     7.707656246624101E-01,  4.005373336698316E+01,  1.769651503568927E+01,  2.276985087846233E+00,  1.231969512777843E+00,  4.111015038050768E+01,  1.504370441232570E+01,  4.734583516596051E+00
                   87     1.497407396853242E-03     7.707765925712121E-01,  1.707662244469698E+02,  1.701372243126330E+01,  2.276449696482936E+00,  1.230857784484905E+00,  4.110963680710714E+01,  1.504370876032281E+01,  4.734588075333303E+00
                   88     1.497407396853242E-03     7.707765925712121E-01,  1.707662244469698E+02,  1.701372243126330E+01,  2.276449696482936E+00,  1.230857784484905E+00,  4.110963680710714E+01,  1.504370876032281E+01,  4.734588075333303E+00
                   89     1.497407396853242E-03     7.707765925712121E-01,  1.707662244469698E+02,  1.701372243126330E+01,  2.276449696482936E+00,  1.230857784484905E+00,  4.110963680710714E+01,  1.504370876032281E+01,  4.734588075333303E+00
                   90     1.497407396853242E-03     7.707765925712121E-01,  1.707662244469698E+02,  1.701372243126330E+01,  2.276449696482936E+00,  1.230857784484905E+00,  4.110963680710714E+01,  1.504370876032281E+01,  4.734588075333303E+00
                   91     1.497402462550807E-03     7.705770057980055E-01,  4.003300818406586E+01,  1.769662039873807E+01,  2.277443873404008E+00,  1.233525482233374E+00,  4.111322231560990E+01,  1.504370260175247E+01,  4.734581621953826E+00
                   92     1.497402462550807E-03     7.705770057980055E-01,  4.003300818406586E+01,  1.769662039873807E+01,  2.277443873404008E+00,  1.233525482233374E+00,  4.111322231560990E+01,  1.504370260175247E+01,  4.734581621953826E+00
                   93     1.497402097803920E-03     7.705202170548372E-01,  1.885503390916423E+02,  1.649920667696224E+01,  2.276245731625558E+00,  1.231976427685939E+00,  4.111103319959396E+01,  1.504371185895571E+01,  4.734592702365021E+00
                   94     1.497402097803920E-03     7.705202170548372E-01,  1.885503390916423E+02,  1.649920667696224E+01,  2.276245731625558E+00,  1.231976427685939E+00,  4.111103319959396E+01,  1.504371185895571E+01,  4.734592702365021E+00
                   95     1.497401674249266E-03     7.706282249540777E-01,  6.747086772824120E+01,  1.743813363307946E+01,  2.277323725488799E+00,  1.232433645580676E+00,  4.111281687703455E+01,  1.504370317441375E+01,  4.734582263534052E+00
                   96     1.497401674249266E-03     7.706282249540777E-01,  6.747086772824120E+01,  1.743813363307946E+01,  2.277323725488799E+00,  1.232433645580676E+00,  4.111281687703455E+01,  1.504370317441375E+01,  4.734582263534052E+00
                   97     1.497401674249266E-03     7.706282249540777E-01,  6.747086772824120E+01,  1.743813363307946E+01,  2.277323725488799E+00,  1.232433645580676E+00,  4.111281687703455E+01,  1.504370317441375E+01,  4.734582263534052E+00
                   98     1.497401674249266E-03     7.706282249540777E-01,  6.747086772824120E+01,  1.743813363307946E+01,  2.277323725488799E+00,  1.232433645580676E+00,  4.111281687703455E+01,  1.504370317441375E+01,  4.734582263534052E+00
                   99     1.497401674249266E-03     7.706282249540777E-01,  6.747086772824120E+01,  1.743813363307946E+01,  2.277323725488799E+00,  1.232433645580676E+00,  4.111281687703455E+01,  1.504370317441375E+01,  4.734582263534052E+00
                  100     1.497401674249266E-03     7.706282249540777E-01,  6.747086772824120E+01,  1.743813363307946E+01,  2.277323725488799E+00,  1.232433645580676E+00,  4.111281687703455E+01,  1.504370317441375E+01,  4.734582263534052E+00
  
           Iteration stopped. Number of iterations is equal to max. number of iterations =    100
 
 
           Best results:
             Site number:    1, chi^2 =     1.497401674249266E-03,  Parameterset = 7.706282249540777E-01,  6.747086772824120E+01,  1.743813363307946E+01,  2.277323725488799E+00,  1.232433645580676E+00,  4.111281687703455E+01,  1.504370317441375E+01,  4.734582263534052E+00

algorithm ends at Date: 26.04.2023,     Time: 10:55:05
 
------------------------------------------------------------------------------------------------------------------------------------------------------
