 
log-file for Levenberg-Marquardt algorithm:
-------------------------------------------
 
 
algorithm starts at Date: 26.04.2023,     Time: 10:55:05
 
 
 
 
           Sub-beam description is NOT used!
 
 
           Do NOT take local-overlap into account!
 
 
           Start Levenberg-Marquardt algorithm (MPI version) ..
 
           Renormalized limit for chi^2 =     4.670000000000000E-06
 
 
           Using Numerical Recepies (NR) version!
 
 
           Iteration:                    chi^2:     alamda:     Parameter:
 
 Using Singular Value Decomposition!
 
                    1     1.475305764470734E-03      1.E-04     7.718100859927614E-01,  6.747086772824120E+01,  1.746500169541634E+01,  1.922791394870311E+00,  1.234241391132468E+00,  4.583169675172660E+01,  1.497669182288019E+01,  6.490008863109145E+00
 
 Using Singular Value Decomposition!
 
                    2     1.469510677903473E-03      1.E-05     7.732699802786189E-01,  6.747086772824120E+01,  1.749130269851115E+01,  1.926998827885469E+00,  1.235761549054920E+00,  5.001781506865666E+01,  1.490578472162493E+01,  7.749766685026401E+00
 
 Using Singular Value Decomposition!
 
                    3     1.469510677903473E-03      1.E-04     7.732699802786189E-01,  6.747086772824120E+01,  1.749130269851115E+01,  1.926998827885469E+00,  1.235761549054920E+00,  5.001781506865666E+01,  1.490578472162493E+01,  7.749766685026401E+00
 
 Using Singular Value Decomposition!
 
                    4     1.469510677903473E-03      1.E-03     7.732699802786189E-01,  6.747086772824120E+01,  1.749130269851115E+01,  1.926998827885469E+00,  1.235761549054920E+00,  5.001781506865666E+01,  1.490578472162493E+01,  7.749766685026401E+00
 
 Using Singular Value Decomposition!
 
                    5     1.469510677903473E-03      1.E-02     7.732699802786189E-01,  6.747086772824120E+01,  1.749130269851115E+01,  1.926998827885469E+00,  1.235761549054920E+00,  5.001781506865666E+01,  1.490578472162493E+01,  7.749766685026401E+00
 
 Using Singular Value Decomposition!
 
                    6     1.469510677903473E-03      1.E-01     7.732699802786189E-01,  6.747086772824120E+01,  1.749130269851115E+01,  1.926998827885469E+00,  1.235761549054920E+00,  5.001781506865666E+01,  1.490578472162493E+01,  7.749766685026401E+00
 
 Using Singular Value Decomposition!
 
                    7     1.469510677903473E-03      1.E+00     7.732699802786189E-01,  6.747086772824120E+01,  1.749130269851115E+01,  1.926998827885469E+00,  1.235761549054920E+00,  5.001781506865666E+01,  1.490578472162493E+01,  7.749766685026401E+00
 
 Using Singular Value Decomposition!
 
                    8     1.469174362058915E-03      1.E-01     7.732515027892728E-01,  6.747086772824120E+01,  1.749088357525542E+01,  1.943544461098179E+00,  1.235731924533960E+00,  5.005688972307765E+01,  1.490545446289033E+01,  7.731110822892963E+00
 
 Using Singular Value Decomposition!
 
                    9     1.469174362058915E-03      1.E+00     7.732515027892728E-01,  6.747086772824120E+01,  1.749088357525542E+01,  1.943544461098179E+00,  1.235731924533960E+00,  5.005688972307765E+01,  1.490545446289033E+01,  7.731110822892963E+00
 
 Using Singular Value Decomposition!
 
                   10     1.468940651736413E-03      1.E-01     7.732342573752209E-01,  6.747086772824120E+01,  1.749049232139068E+01,  1.956569722032917E+00,  1.235704266772405E+00,  5.009116711748945E+01,  1.490514603770614E+01,  7.724117926842753E+00
 
 Using Singular Value Decomposition!
 
                   11     1.468940651736413E-03      1.E+00     7.732342573752209E-01,  6.747086772824120E+01,  1.749049232139068E+01,  1.956569722032917E+00,  1.235704266772405E+00,  5.009116711748945E+01,  1.490514603770614E+01,  7.724117926842753E+00
 
 Using Singular Value Decomposition!
 
                   12     1.468776217879666E-03      1.E-01     7.732180048891225E-01,  6.747086772824120E+01,  1.749012352183192E+01,  1.966752144856683E+00,  1.235678193856494E+00,  5.012165902779390E+01,  1.490485551531303E+01,  7.722253695283650E+00
 
 Using Singular Value Decomposition!
 
                   13     1.468776217879666E-03      1.E+00     7.732180048891225E-01,  6.747086772824120E+01,  1.749012352183192E+01,  1.966752144856683E+00,  1.235678193856494E+00,  5.012165902779390E+01,  1.490485551531303E+01,  7.722253695283650E+00
 
 Using Singular Value Decomposition!
 
                   14     1.468658584882526E-03      1.E-01     7.732025564734605E-01,  6.747086772824120E+01,  1.748977291954739E+01,  1.974752712868919E+00,  1.235653404942950E+00,  5.014868777411024E+01,  1.490457880723842E+01,  7.719546281266832E+00
 
 Using Singular Value Decomposition!
 
                   15     1.468658584882526E-03      1.E+00     7.732025564734605E-01,  6.747086772824120E+01,  1.748977291954739E+01,  1.974752712868919E+00,  1.235653404942950E+00,  5.014868777411024E+01,  1.490457880723842E+01,  7.719546281266832E+00
 
 Using Singular Value Decomposition!
 
                   16     1.468573126729893E-03      1.E-01     7.731877460128398E-01,  6.747086772824120E+01,  1.748943674923728E+01,  1.980992440509282E+00,  1.235629634559340E+00,  5.017290794504816E+01,  1.490431339206190E+01,  7.719620254237747E+00
 
 Using Singular Value Decomposition!
 
                   17     1.468573126729893E-03      1.E+00     7.731877460128398E-01,  6.747086772824120E+01,  1.748943674923728E+01,  1.980992440509282E+00,  1.235629634559340E+00,  5.017290794504816E+01,  1.490431339206190E+01,  7.719620254237747E+00
 
 Using Singular Value Decomposition!
 
                   18     1.468510483821682E-03      1.E-01     7.731734290433488E-01,  6.747086772824120E+01,  1.748911173282736E+01,  1.985814931199851E+00,  1.235606651580551E+00,  5.019725083434719E+01,  1.490405715866706E+01,  7.725380321069167E+00
 
 Using Singular Value Decomposition!
 
                   19     1.468510483821682E-03      1.E+00     7.731734290433488E-01,  6.747086772824120E+01,  1.748911173282736E+01,  1.985814931199851E+00,  1.235606651580551E+00,  5.019725083434719E+01,  1.490405715866706E+01,  7.725380321069167E+00
 
 Using Singular Value Decomposition!
 
                   20     1.468464262266187E-03      1.E-01     7.731595017925825E-01,  6.747086772824120E+01,  1.748879552965556E+01,  1.989554932188848E+00,  1.235584290631416E+00,  5.021916330388130E+01,  1.490380794244859E+01,  7.729650722309954E+00
 
 Using Singular Value Decomposition!
 
                   21     1.468464262266187E-03      1.E+00     7.731595017925825E-01,  6.747086772824120E+01,  1.748879552965556E+01,  1.989554932188848E+00,  1.235584290631416E+00,  5.021916330388130E+01,  1.490380794244859E+01,  7.729650722309954E+00
 
 Using Singular Value Decomposition!
 
                   22     1.468429329406427E-03      1.E-01     7.731458914864705E-01,  6.747086772824120E+01,  1.748848651103405E+01,  1.992528739024372E+00,  1.235562436249807E+00,  5.023882700822875E+01,  1.490356355958223E+01,  7.729813790981713E+00
 
 Using Singular Value Decomposition!
 
                   23     1.468429329406427E-03      1.E+00     7.731458914864705E-01,  6.747086772824120E+01,  1.748848651103405E+01,  1.992528739024372E+00,  1.235562436249807E+00,  5.023882700822875E+01,  1.490356355958223E+01,  7.729813790981713E+00
 
 Using Singular Value Decomposition!
 
                   24     1.468402411503146E-03      1.E-01     7.731325311207016E-01,  6.747086772824120E+01,  1.748818315372905E+01,  1.994867034018119E+00,  1.235540981183130E+00,  5.025686364045342E+01,  1.490332324992866E+01,  7.730818454278023E+00
 
 Using Singular Value Decomposition!
 
                   25     1.468402411503146E-03      1.E+00     7.731325311207016E-01,  6.747086772824120E+01,  1.748818315372905E+01,  1.994867034018119E+00,  1.235540981183130E+00,  5.025686364045342E+01,  1.490332324992866E+01,  7.730818454278023E+00
 
 Using Singular Value Decomposition!
 
                   26     1.468381679930443E-03      1.E-01     7.731193657862827E-01,  6.747086772824120E+01,  1.748788421024481E+01,  1.996681293110813E+00,  1.235519837577965E+00,  5.027329492338706E+01,  1.490308630879510E+01,  7.732023721836477E+00
 
 Using Singular Value Decomposition!
 
                   27     1.468381679930443E-03      1.E+00     7.731193657862827E-01,  6.747086772824120E+01,  1.748788421024481E+01,  1.996681293110813E+00,  1.235519837577965E+00,  5.027329492338706E+01,  1.490308630879510E+01,  7.732023721836477E+00
 
 Using Singular Value Decomposition!
 
                   28     1.468365704675811E-03      1.E-01     7.731063518641809E-01,  6.747086772824120E+01,  1.748758869432968E+01,  1.998092876666881E+00,  1.235498935798123E+00,  5.028918614408644E+01,  1.490285194466687E+01,  7.733390620425306E+00
 
 Using Singular Value Decomposition!
 
                   29     1.468365704675811E-03      1.E+00     7.731063518641809E-01,  6.747086772824120E+01,  1.748758869432968E+01,  1.998092876666881E+00,  1.235498935798123E+00,  5.028918614408644E+01,  1.490285194466687E+01,  7.733390620425306E+00
 
 Using Singular Value Decomposition!
 
                   30     1.468353447193095E-03      1.E-01     7.730934465029414E-01,  6.747086772824120E+01,  1.748729562363851E+01,  1.999134517812353E+00,  1.235478206891686E+00,  5.030506266641990E+01,  1.490262002832808E+01,  7.737894427848728E+00
 
 Using Singular Value Decomposition!
 
                   31     1.468353447193095E-03      1.E+00     7.730934465029414E-01,  6.747086772824120E+01,  1.748729562363851E+01,  1.999134517812353E+00,  1.235478206891686E+00,  5.030506266641990E+01,  1.490262002832808E+01,  7.737894427848728E+00
 
 Using Singular Value Decomposition!
 
                   32     1.468344142056200E-03      1.E-01     7.730806288344712E-01,  6.747086772824120E+01,  1.748700453985169E+01,  1.999951835007094E+00,  1.235457618084722E+00,  5.032030299653678E+01,  1.490238948156730E+01,  7.739683731010154E+00
 
 Using Singular Value Decomposition!
 
                   33     1.468344142056200E-03      1.E+00     7.730806288344712E-01,  6.747086772824120E+01,  1.748700453985169E+01,  1.999951835007094E+00,  1.235457618084722E+00,  5.032030299653678E+01,  1.490238948156730E+01,  7.739683731010154E+00
 
 Using Singular Value Decomposition!
 
                   34     1.468336779134663E-03      1.E-01     7.730678786109695E-01,  6.747086772824120E+01,  1.748671498193433E+01,  2.000577317799737E+00,  1.235437136960461E+00,  5.033450305876194E+01,  1.490216015178054E+01,  7.741127571238963E+00
 
 Using Singular Value Decomposition!
 
                   35     1.468336779134663E-03      1.E+00     7.730678786109695E-01,  6.747086772824120E+01,  1.748671498193433E+01,  2.000577317799737E+00,  1.235437136960461E+00,  5.033450305876194E+01,  1.490216015178054E+01,  7.741127571238963E+00
 
 Using Singular Value Decomposition!
 
                   36     1.468330832226534E-03      1.E-01     7.730551872975377E-01,  6.747086772824120E+01,  1.748642676679580E+01,  2.001096573458890E+00,  1.235416750310157E+00,  5.034774894717099E+01,  1.490193137435363E+01,  7.739828836067440E+00
 
 Using Singular Value Decomposition!
 
                   37     1.468330832226534E-03      1.E+00     7.730551872975377E-01,  6.747086772824120E+01,  1.748642676679580E+01,  2.001096573458890E+00,  1.235416750310157E+00,  5.034774894717099E+01,  1.490193137435363E+01,  7.739828836067440E+00
 
 Using Singular Value Decomposition!
 
                   38     1.468325995738326E-03      1.E-01     7.730425351701543E-01,  6.747086772824120E+01,  1.748613943271865E+01,  2.001460689323739E+00,  1.235396426043550E+00,  5.036050180630419E+01,  1.490170361765159E+01,  7.741005552923189E+00
 
 Using Singular Value Decomposition!
 
                   39     1.468325995738326E-03      1.E+00     7.730425351701543E-01,  6.747086772824120E+01,  1.748613943271865E+01,  2.001460689323739E+00,  1.235396426043550E+00,  5.036050180630419E+01,  1.490170361765159E+01,  7.741005552923189E+00
 
 Using Singular Value Decomposition!
 
                   40     1.468322243821952E-03      1.E-01     7.730299184042493E-01,  6.747086772824120E+01,  1.748585290579200E+01,  2.001760391093455E+00,  1.235376158562161E+00,  5.037267455448623E+01,  1.490147614189287E+01,  7.739356362325399E+00
 
 Using Singular Value Decomposition!
 
                   41     1.468322243821952E-03      1.E+00     7.730299184042493E-01,  6.747086772824120E+01,  1.748585290579200E+01,  2.001760391093455E+00,  1.235376158562161E+00,  5.037267455448623E+01,  1.490147614189287E+01,  7.739356362325399E+00
 
 Using Singular Value Decomposition!
 
                   42     1.468319185159175E-03      1.E-01     7.730173219128444E-01,  6.747086772824120E+01,  1.748556683169497E+01,  2.001952229830617E+00,  1.235355923257661E+00,  5.038493029867580E+01,  1.490124937316436E+01,  7.740349723844532E+00
 
 Using Singular Value Decomposition!
 
                   43     1.468319185159175E-03      1.E+00     7.730173219128444E-01,  6.747086772824120E+01,  1.748556683169497E+01,  2.001952229830617E+00,  1.235355923257661E+00,  5.038493029867580E+01,  1.490124937316436E+01,  7.740349723844532E+00
 
 Using Singular Value Decomposition!
 
                   44     1.468316814465777E-03      1.E-01     7.730047462409588E-01,  6.747086772824120E+01,  1.748528123496648E+01,  2.002111013311440E+00,  1.235335721512399E+00,  5.039622889175322E+01,  1.490102269698047E+01,  7.738056063482812E+00
 
 Using Singular Value Decomposition!
 
                   45     1.468316814465777E-03      1.E+00     7.730047462409588E-01,  6.747086772824120E+01,  1.748528123496648E+01,  2.002111013311440E+00,  1.235335721512399E+00,  5.039622889175322E+01,  1.490102269698047E+01,  7.738056063482812E+00
 
 Using Singular Value Decomposition!
 
                   46     1.468315045942860E-03      1.E-01     7.729921688750686E-01,  6.747086772824120E+01,  1.748499558131272E+01,  2.002140696733210E+00,  1.235315516328056E+00,  5.040912856944311E+01,  1.490079695252005E+01,  7.742447536501294E+00
 
 Using Singular Value Decomposition!
 
                   47     1.468315045942860E-03      1.E+00     7.729921688750686E-01,  6.747086772824120E+01,  1.748499558131272E+01,  2.002140696733210E+00,  1.235315516328056E+00,  5.040912856944311E+01,  1.490079695252005E+01,  7.742447536501294E+00
 
 Using Singular Value Decomposition!
 
                   48     1.468313943548342E-03      1.E-01     7.729795989422218E-01,  6.747086772824120E+01,  1.748471010370222E+01,  2.002184997245779E+00,  1.235295323355261E+00,  5.042098934921986E+01,  1.490057097625599E+01,  7.740856134969524E+00
 
 Using Singular Value Decomposition!
 
                   49     1.468313943548342E-03      1.E+00     7.729795989422218E-01,  6.747086772824120E+01,  1.748471010370222E+01,  2.002184997245779E+00,  1.235295323355261E+00,  5.042098934921986E+01,  1.490057097625599E+01,  7.740856134969524E+00
 
 Using Singular Value Decomposition!
 
                   50     1.468312880139222E-03      1.E-01     7.729670353649274E-01,  6.747086772824120E+01,  1.748442477153028E+01,  2.002201308759917E+00,  1.235275140705769E+00,  5.043104756272639E+01,  1.490034511201761E+01,  7.738150422805969E+00
 
 Using Singular Value Decomposition!
 
                   51     1.468312880139222E-03      1.E+00     7.729670353649274E-01,  6.747086772824120E+01,  1.748442477153028E+01,  2.002201308759917E+00,  1.235275140705769E+00,  5.043104756272639E+01,  1.490034511201761E+01,  7.738150422805969E+00
 
 Using Singular Value Decomposition!
 
                   52     1.468312230034288E-03      1.E-01     7.729544618503206E-01,  6.747086772824120E+01,  1.748413920113523E+01,  2.002141855186772E+00,  1.235254941682377E+00,  5.044309575506103E+01,  1.490011978846104E+01,  7.740738001811777E+00
 
 Using Singular Value Decomposition!
 
                   53     1.468312230034288E-03      1.E+00     7.729544618503206E-01,  6.747086772824120E+01,  1.748413920113523E+01,  2.002141855186772E+00,  1.235254941682377E+00,  5.044309575506103E+01,  1.490011978846104E+01,  7.740738001811777E+00
 
 Using Singular Value Decomposition!
 
                   54     1.468312078193587E-03      1.E-01     7.729418797154071E-01,  6.747086772824120E+01,  1.748385343294916E+01,  2.002073052359522E+00,  1.235234728789767E+00,  5.045551016821787E+01,  1.489989447379283E+01,  7.741944586861964E+00
 
 Using Singular Value Decomposition!
 
                   55     1.468312078193587E-03      1.E+00     7.729418797154071E-01,  6.747086772824120E+01,  1.748385343294916E+01,  2.002073052359522E+00,  1.235234728789767E+00,  5.045551016821787E+01,  1.489989447379283E+01,  7.741944586861964E+00
 
 Using Singular Value Decomposition!
 
                   56     1.468311871797979E-03      1.E-01     7.729292983802781E-01,  6.747086772824120E+01,  1.748356769162943E+01,  2.002040819800799E+00,  1.235214517581738E+00,  5.046658692816803E+01,  1.489966875164557E+01,  7.739344084406771E+00
 
 Using Singular Value Decomposition!
 
                   57     1.468311871797979E-03      1.E+00     7.729292983802781E-01,  6.747086772824120E+01,  1.748356769162943E+01,  2.002040819800799E+00,  1.235214517581738E+00,  5.046658692816803E+01,  1.489966875164557E+01,  7.739344084406771E+00
 
 Using Singular Value Decomposition!
 
                   58     1.468311684208877E-03      1.E-01     7.729167060985116E-01,  6.747086772824120E+01,  1.748328169228470E+01,  2.001953720072932E+00,  1.235194288529020E+00,  5.047814475401938E+01,  1.489944342783331E+01,  7.740838455058508E+00
 
 Using Singular Value Decomposition!
 
                   59     1.468311684208877E-03      1.E+00     7.729167060985116E-01,  6.747086772824120E+01,  1.748328169228470E+01,  2.001953720072932E+00,  1.235194288529020E+00,  5.047814475401938E+01,  1.489944342783331E+01,  7.740838455058508E+00
 
 Using Singular Value Decomposition!
 
                   60     1.468311684208877E-03      1.E+01     7.729167060985116E-01,  6.747086772824120E+01,  1.748328169228470E+01,  2.001953720072932E+00,  1.235194288529020E+00,  5.047814475401938E+01,  1.489944342783331E+01,  7.740838455058508E+00
 
 Using Singular Value Decomposition!
 
                   61     1.468272573616520E-03      1.E+00     7.729124294390883E-01,  6.747086772824120E+01,  1.748318475969414E+01,  2.005764828065869E+00,  1.235187437448526E+00,  5.047705408623574E+01,  1.489936580741318E+01,  7.741774840512807E+00
 
 Using Singular Value Decomposition!
 
                   62     1.468272573616520E-03      1.E+01     7.729124294390883E-01,  6.747086772824120E+01,  1.748318475969414E+01,  2.005764828065869E+00,  1.235187437448526E+00,  5.047705408623574E+01,  1.489936580741318E+01,  7.741774840512807E+00
 
 Using Singular Value Decomposition!
 
                   63     1.468239583293996E-03      1.E+00     7.729083041219816E-01,  6.747086772824120E+01,  1.748309124674478E+01,  2.009279486902828E+00,  1.235180828180174E+00,  5.047680093452941E+01,  1.489929130869122E+01,  7.741430300291144E+00
 
 Using Singular Value Decomposition!
 
                   64     1.468239583293996E-03      1.E+01     7.729083041219816E-01,  6.747086772824120E+01,  1.748309124674478E+01,  2.009279486902828E+00,  1.235180828180174E+00,  5.047680093452941E+01,  1.489929130869122E+01,  7.741430300291144E+00
 
 Using Singular Value Decomposition!
 
                   65     1.468211485897646E-03      1.E+00     7.729043185450668E-01,  6.747086772824120E+01,  1.748300089202725E+01,  2.012525963884744E+00,  1.235174442214487E+00,  5.047726602720563E+01,  1.489921965228797E+01,  7.740439161820804E+00
 
 Using Singular Value Decomposition!
 
                   66     1.468211485897646E-03      1.E+01     7.729043185450668E-01,  6.747086772824120E+01,  1.748300089202725E+01,  2.012525963884744E+00,  1.235174442214487E+00,  5.047726602720563E+01,  1.489921965228797E+01,  7.740439161820804E+00
 
 Using Singular Value Decomposition!
 
                   67     1.468187303918270E-03      1.E+00     7.729004623668788E-01,  6.747086772824120E+01,  1.748291346210934E+01,  2.015526833269149E+00,  1.235168263036443E+00,  5.047846837588745E+01,  1.489915061663193E+01,  7.739803262610340E+00
 
 Using Singular Value Decomposition!
 
                   68     1.468187303918270E-03      1.E+01     7.729004623668788E-01,  6.747086772824120E+01,  1.748291346210934E+01,  2.015526833269149E+00,  1.235168263036443E+00,  5.047846837588745E+01,  1.489915061663193E+01,  7.739803262610340E+00
 
 Using Singular Value Decomposition!
 
                   69     1.468166393056152E-03      1.E+00     7.728967258256109E-01,  6.747086772824120E+01,  1.748282873693190E+01,  2.018304748395988E+00,  1.235162275067754E+00,  5.048018049219268E+01,  1.489908396985803E+01,  7.738739696807719E+00
 
 Using Singular Value Decomposition!
 
                   70     1.468166393056152E-03      1.E+01     7.728967258256109E-01,  6.747086772824120E+01,  1.748282873693190E+01,  2.018304748395988E+00,  1.235162275067754E+00,  5.048018049219268E+01,  1.489908396985803E+01,  7.738739696807719E+00
 
 Using Singular Value Decomposition!
 
                   71     1.468148137944905E-03      1.E+00     7.728930999799005E-01,  6.747086772824120E+01,  1.748274651491670E+01,  2.020880206244291E+00,  1.235156464039126E+00,  5.048224937706420E+01,  1.489901950420042E+01,  7.737183660750952E+00
 
 Using Singular Value Decomposition!
 
                   72     1.468148137944905E-03      1.E+01     7.728930999799005E-01,  6.747086772824120E+01,  1.748274651491670E+01,  2.020880206244291E+00,  1.235156464039126E+00,  5.048224937706420E+01,  1.489901950420042E+01,  7.737183660750952E+00
 
 Using Singular Value Decomposition!
 
                   73     1.468132173082058E-03      1.E+00     7.728895766389509E-01,  6.747086772824120E+01,  1.748266661144739E+01,  2.023272036401494E+00,  1.235150816880842E+00,  5.048452532876741E+01,  1.489895702299849E+01,  7.734958709257521E+00
 
 Using Singular Value Decomposition!
 
                   74     1.468132173082058E-03      1.E+01     7.728895766389509E-01,  6.747086772824120E+01,  1.748266661144739E+01,  2.023272036401494E+00,  1.235150816880842E+00,  5.048452532876741E+01,  1.489895702299849E+01,  7.734958709257521E+00
 
 Using Singular Value Decomposition!
 
                   75     1.468118183784819E-03      1.E+00     7.728861487933417E-01,  6.747086772824120E+01,  1.748258886797641E+01,  2.025493243776473E+00,  1.235145322387013E+00,  5.048706934190263E+01,  1.489889639395884E+01,  7.733308551339972E+00
 
 Using Singular Value Decomposition!
 
                   76     1.468118183784819E-03      1.E+01     7.728861487933417E-01,  6.747086772824120E+01,  1.748258886797641E+01,  2.025493243776473E+00,  1.235145322387013E+00,  5.048706934190263E+01,  1.489889639395884E+01,  7.733308551339972E+00
 
 Using Singular Value Decomposition!
 
                   77     1.468105784949976E-03      1.E+00     7.728828095421142E-01,  6.747086772824120E+01,  1.748251312870447E+01,  2.027558128940942E+00,  1.235139969535584E+00,  5.048990821371374E+01,  1.489883746754984E+01,  7.731702451949306E+00
 
 Using Singular Value Decomposition!
 
                   78     1.468105784949976E-03      1.E+01     7.728828095421142E-01,  6.747086772824120E+01,  1.748251312870447E+01,  2.027558128940942E+00,  1.235139969535584E+00,  5.048990821371374E+01,  1.489883746754984E+01,  7.731702451949306E+00
 
 Using Singular Value Decomposition!
 
                   79     1.468094778008130E-03      1.E+00     7.728795520967543E-01,  6.747086772824120E+01,  1.748243924090163E+01,  2.029483501630064E+00,  1.235134747504663E+00,  5.049280894416289E+01,  1.489878006576944E+01,  7.728895858634151E+00
 
 Using Singular Value Decomposition!
 
                   80     1.468094778008130E-03      1.E+01     7.728795520967543E-01,  6.747086772824120E+01,  1.748243924090163E+01,  2.029483501630064E+00,  1.235134747504663E+00,  5.049280894416289E+01,  1.489878006576944E+01,  7.728895858634151E+00
 
 Using Singular Value Decomposition!
 
                   81     1.468085014925631E-03      1.E+00     7.728763712299149E-01,  6.747086772824120E+01,  1.748236708607050E+01,  2.031277547068322E+00,  1.235129647927525E+00,  5.049591223354993E+01,  1.489872410542471E+01,  7.726994819193441E+00
 
 Using Singular Value Decomposition!
 
                   82     1.468085014925631E-03      1.E+01     7.728763712299149E-01,  6.747086772824120E+01,  1.748236708607050E+01,  2.031277547068322E+00,  1.235129647927525E+00,  5.049591223354993E+01,  1.489872410542471E+01,  7.726994819193441E+00
 
 Using Singular Value Decomposition!
 
                   83     1.468076278680043E-03      1.E+00     7.728732614001085E-01,  6.747086772824120E+01,  1.748229653931401E+01,  2.032952640446579E+00,  1.235124661961652E+00,  5.049905541033289E+01,  1.489866945307226E+01,  7.724503925331434E+00
 
 Using Singular Value Decomposition!
 
                   84     1.468076278680043E-03      1.E+01     7.728732614001085E-01,  6.747086772824120E+01,  1.748229653931401E+01,  2.032952640446579E+00,  1.235124661961652E+00,  5.049905541033289E+01,  1.489866945307226E+01,  7.724503925331434E+00
 
 Using Singular Value Decomposition!
 
                   85     1.468068487351668E-03      1.E+00     7.728702180053971E-01,  6.747086772824120E+01,  1.748222749643776E+01,  2.034516569244455E+00,  1.235119782246022E+00,  5.050231312533533E+01,  1.489861602594759E+01,  7.722489933360214E+00
 
 Using Singular Value Decomposition!
 
                   86     1.468068487351668E-03      1.E+01     7.728702180053971E-01,  6.747086772824120E+01,  1.748222749643776E+01,  2.034516569244455E+00,  1.235119782246022E+00,  5.050231312533533E+01,  1.489861602594759E+01,  7.722489933360214E+00
 
 Using Singular Value Decomposition!
 
                   87     1.468061529258039E-03      1.E+00     7.728672366806200E-01,  6.747086772824120E+01,  1.748215985879347E+01,  2.035977593033973E+00,  1.235115001805859E+00,  5.050548114186474E+01,  1.489856373418342E+01,  7.720346356291826E+00
 
 Using Singular Value Decomposition!
 
                   88     1.468061529258039E-03      1.E+01     7.728672366806200E-01,  6.747086772824120E+01,  1.748215985879347E+01,  2.035977593033973E+00,  1.235115001805859E+00,  5.050548114186474E+01,  1.489856373418342E+01,  7.720346356291826E+00
 
 Using Singular Value Decomposition!
 
                   89     1.468055307288862E-03      1.E+00     7.728643136807286E-01,  6.747086772824120E+01,  1.748209354132678E+01,  2.037340614763603E+00,  1.235110314641038E+00,  5.050872051228180E+01,  1.489851252300349E+01,  7.719020014431227E+00
 
 Using Singular Value Decomposition!
 
                   90     1.468055307288862E-03      1.E+01     7.728643136807286E-01,  6.747086772824120E+01,  1.748209354132678E+01,  2.037340614763603E+00,  1.235110314641038E+00,  5.050872051228180E+01,  1.489851252300349E+01,  7.719020014431227E+00
 
 Using Singular Value Decomposition!
 
                   91     1.468049750680353E-03      1.E+00     7.728614449819006E-01,  6.747086772824120E+01,  1.748202845318049E+01,  2.038613630612816E+00,  1.235105714324641E+00,  5.051192975664290E+01,  1.489846230590828E+01,  7.717486012406424E+00
 
 Using Singular Value Decomposition!
 
                   92     1.468049750680353E-03      1.E+01     7.728614449819006E-01,  6.747086772824120E+01,  1.748202845318049E+01,  2.038613630612816E+00,  1.235105714324641E+00,  5.051192975664290E+01,  1.489846230590828E+01,  7.717486012406424E+00
 
 Using Singular Value Decomposition!
 
                   93     1.468044733872488E-03      1.E+00     7.728586269919823E-01,  6.747086772824120E+01,  1.748196451305006E+01,  2.039802797470779E+00,  1.235101195111685E+00,  5.051521454038986E+01,  1.489841301686867E+01,  7.716239010487977E+00
 
 Using Singular Value Decomposition!
 
                   94     1.468044733872488E-03      1.E+01     7.728586269919823E-01,  6.747086772824120E+01,  1.748196451305006E+01,  2.039802797470779E+00,  1.235101195111685E+00,  5.051521454038986E+01,  1.489841301686867E+01,  7.716239010487977E+00
 
 Using Singular Value Decomposition!
 
                   95     1.468040237528507E-03      1.E+00     7.728558564818987E-01,  6.747086772824120E+01,  1.748190164786114E+01,  2.040913644080759E+00,  1.235096751838990E+00,  5.051839754345148E+01,  1.489836459487200E+01,  7.715024344786114E+00
 
 Using Singular Value Decomposition!
 
                   96     1.468040237528507E-03      1.E+01     7.728558564818987E-01,  6.747086772824120E+01,  1.748190164786114E+01,  2.040913644080759E+00,  1.235096751838990E+00,  5.051839754345148E+01,  1.489836459487200E+01,  7.715024344786114E+00
 
 Using Singular Value Decomposition!
 
                   97     1.468036153266363E-03      1.E+00     7.728531300623227E-01,  6.747086772824120E+01,  1.748183978111714E+01,  2.041953082177514E+00,  1.235092379093948E+00,  5.052163019221423E+01,  1.489831696423863E+01,  7.713658083252432E+00
 
 Using Singular Value Decomposition!
 
                   98     1.468036153266363E-03      1.E+01     7.728531300623227E-01,  6.747086772824120E+01,  1.748183978111714E+01,  2.041953082177514E+00,  1.235092379093948E+00,  5.052163019221423E+01,  1.489831696423863E+01,  7.713658083252432E+00
 
 Using Singular Value Decomposition!
 
                   99     1.468032464604973E-03      1.E+00     7.728504449463932E-01,  6.747086772824120E+01,  1.748177884978292E+01,  2.042926024987341E+00,  1.235088072421871E+00,  5.052472637490813E+01,  1.489827007215968E+01,  7.712204611129713E+00
 
 Using Singular Value Decomposition!
 
                  100     1.468032464604973E-03      1.E+01     7.728504449463932E-01,  6.747086772824120E+01,  1.748177884978292E+01,  2.042926024987341E+00,  1.235088072421871E+00,  5.052472637490813E+01,  1.489827007215968E+01,  7.712204611129713E+00
 
 Using Singular Value Decomposition!
 
  
           Iteration stopped. Number of iterations is equal to max. number of iterations =    100

algorithm ends at Date: 26.04.2023,     Time: 10:57:31
 
------------------------------------------------------------------------------------------------------------------------------------------------------
