
log-file for error estimation using Interval-Nested-Sampling algorithm:
-----------------------------------------------------------------------


algorithm starts at Date: 26.04.2023,     Time: 10:57:31


           Renormalized limit for chi^2 =     5.920000000000000e-06


           Nested sampling loop for free parameter 1


           Iteration:                    chi^2:     Parameter:
                    1     1.469711692399796E-03     7.334462412008604E-01,  6.747086772824120E+01,  1.748177884978292E+01,  2.042926024987341E+00,  1.235088072421871E+00,  5.052472637490813E+01,  1.489827007215968E+01,  7.712204611129713E+00
                    2     1.469106695703729E-03     8.122546486919260E-01,  6.747086772824120E+01,  1.748177884978292E+01,  2.042926024987341E+00,  1.235088072421871E+00,  5.052472637490813E+01,  1.489827007215968E+01,  7.712204611129713E+00
                    3     1.469106695703729E-03     8.122546486919260E-01,  6.747086772824120E+01,  1.748177884978292E+01,  2.042926024987341E+00,  1.235088072421871E+00,  5.052472637490813E+01,  1.489827007215968E+01,  7.712204611129713E+00
                    4     1.468503461799326E-03     7.531483430736268E-01,  6.747086772824120E+01,  1.748177884978292E+01,  2.042926024987341E+00,  1.235088072421871E+00,  5.052472637490813E+01,  1.489827007215968E+01,  7.712204611129713E+00
                    5     1.468178891954372E-03     7.629993940100099E-01,  6.747086772824120E+01,  1.748177884978292E+01,  2.042926024987341E+00,  1.235088072421871E+00,  5.052472637490813E+01,  1.489827007215968E+01,  7.712204611129713E+00
                    6     1.468178891954372E-03     7.629993940100099E-01,  6.747086772824120E+01,  1.748177884978292E+01,  2.042926024987341E+00,  1.235088072421871E+00,  5.052472637490813E+01,  1.489827007215968E+01,  7.712204611129713E+00
                    7     1.468178891954372E-03     7.629993940100099E-01,  6.747086772824120E+01,  1.748177884978292E+01,  2.042926024987341E+00,  1.235088072421871E+00,  5.052472637490813E+01,  1.489827007215968E+01,  7.712204611129713E+00
                    8     1.468058078400594E-03     7.827014958827765E-01,  6.747086772824120E+01,  1.748177884978292E+01,  2.042926024987341E+00,  1.235088072421871E+00,  5.052472637490813E+01,  1.489827007215968E+01,  7.712204611129713E+00
  

           Nested sampling loop for free parameter 2


           Iteration:                    chi^2:     Parameter:
                    1     1.468032470390933E-03     7.728504449463932E-01,  4.915695590941374E+01,  1.748177884978292E+01,  2.042926024987341E+00,  1.235088072421871E+00,  5.052472637490813E+01,  1.489827007215968E+01,  7.712204611129713E+00
                    2     1.468032470390933E-03     7.728504449463932E-01,  4.915695590941374E+01,  1.748177884978292E+01,  2.042926024987341E+00,  1.235088072421871E+00,  5.052472637490813E+01,  1.489827007215968E+01,  7.712204611129713E+00
                    3     1.468032470390933E-03     7.728504449463932E-01,  4.915695590941374E+01,  1.748177884978292E+01,  2.042926024987341E+00,  1.235088072421871E+00,  5.052472637490813E+01,  1.489827007215968E+01,  7.712204611129713E+00
                    4     1.468032470390933E-03     7.728504449463932E-01,  4.915695590941374E+01,  1.748177884978292E+01,  2.042926024987341E+00,  1.235088072421871E+00,  5.052472637490813E+01,  1.489827007215968E+01,  7.712204611129713E+00
                    5     1.468032470390933E-03     7.728504449463932E-01,  4.915695590941374E+01,  1.748177884978292E+01,  2.042926024987341E+00,  1.235088072421871E+00,  5.052472637490813E+01,  1.489827007215968E+01,  7.712204611129713E+00
                    6     1.468032470390933E-03     7.728504449463932E-01,  4.915695590941374E+01,  1.748177884978292E+01,  2.042926024987341E+00,  1.235088072421871E+00,  5.052472637490813E+01,  1.489827007215968E+01,  7.712204611129713E+00
                    7     1.468032470390933E-03     7.728504449463932E-01,  4.915695590941374E+01,  1.748177884978292E+01,  2.042926024987341E+00,  1.235088072421871E+00,  5.052472637490813E+01,  1.489827007215968E+01,  7.712204611129713E+00
                    8     1.468032470390933E-03     7.728504449463932E-01,  4.915695590941374E+01,  1.748177884978292E+01,  2.042926024987341E+00,  1.235088072421871E+00,  5.052472637490813E+01,  1.489827007215968E+01,  7.712204611129713E+00
  

           Nested sampling loop for free parameter 3


           Iteration:                    chi^2:     Parameter:
                    1     1.468032470390933E-03     7.728504449463932E-01,  4.915695590941374E+01,  1.748177884978292E+01,  2.042926024987341E+00,  1.235088072421871E+00,  5.052472637490813E+01,  1.489827007215968E+01,  7.712204611129713E+00
                    2     1.468032470390933E-03     7.728504449463932E-01,  4.915695590941374E+01,  1.748177884978292E+01,  2.042926024987341E+00,  1.235088072421871E+00,  5.052472637490813E+01,  1.489827007215968E+01,  7.712204611129713E+00
                    3     1.468032470390933E-03     7.728504449463932E-01,  4.915695590941374E+01,  1.748177884978292E+01,  2.042926024987341E+00,  1.235088072421871E+00,  5.052472637490813E+01,  1.489827007215968E+01,  7.712204611129713E+00
                    4     1.468032470390933E-03     7.728504449463932E-01,  4.915695590941374E+01,  1.748177884978292E+01,  2.042926024987341E+00,  1.235088072421871E+00,  5.052472637490813E+01,  1.489827007215968E+01,  7.712204611129713E+00
                    5     1.468032470390933E-03     7.728504449463932E-01,  4.915695590941374E+01,  1.748177884978292E+01,  2.042926024987341E+00,  1.235088072421871E+00,  5.052472637490813E+01,  1.489827007215968E+01,  7.712204611129713E+00
                    6     1.468032470390933E-03     7.728504449463932E-01,  4.915695590941374E+01,  1.748177884978292E+01,  2.042926024987341E+00,  1.235088072421871E+00,  5.052472637490813E+01,  1.489827007215968E+01,  7.712204611129713E+00
                    7     1.468032470390933E-03     7.728504449463932E-01,  4.915695590941374E+01,  1.748177884978292E+01,  2.042926024987341E+00,  1.235088072421871E+00,  5.052472637490813E+01,  1.489827007215968E+01,  7.712204611129713E+00
                    8     1.468032470390933E-03     7.728504449463932E-01,  4.915695590941374E+01,  1.748177884978292E+01,  2.042926024987341E+00,  1.235088072421871E+00,  5.052472637490813E+01,  1.489827007215968E+01,  7.712204611129713E+00
  

           Nested sampling loop for free parameter 4


           Iteration:                    chi^2:     Parameter:
                    1     1.468032470390933E-03     7.728504449463932E-01,  4.915695590941374E+01,  1.748177884978292E+01,  2.042926024987341E+00,  1.235088072421871E+00,  5.052472637490813E+01,  1.489827007215968E+01,  7.712204611129713E+00
                    2     1.468032470390933E-03     7.728504449463932E-01,  4.915695590941374E+01,  1.748177884978292E+01,  2.042926024987341E+00,  1.235088072421871E+00,  5.052472637490813E+01,  1.489827007215968E+01,  7.712204611129713E+00
                    3     1.468032470390933E-03     7.728504449463932E-01,  4.915695590941374E+01,  1.748177884978292E+01,  2.042926024987341E+00,  1.235088072421871E+00,  5.052472637490813E+01,  1.489827007215968E+01,  7.712204611129713E+00
                    4     1.468032470390933E-03     7.728504449463932E-01,  4.915695590941374E+01,  1.748177884978292E+01,  2.042926024987341E+00,  1.235088072421871E+00,  5.052472637490813E+01,  1.489827007215968E+01,  7.712204611129713E+00
                    5     1.468026847391580E-03     7.728504449463932E-01,  6.747086772824120E+01,  1.748177884978292E+01,  2.086381276028480E+00,  1.235088072421871E+00,  5.052472637490813E+01,  1.489827007215968E+01,  7.712204611129713E+00
                    6     1.468026847391580E-03     7.728504449463932E-01,  6.747086772824120E+01,  1.748177884978292E+01,  2.086381276028480E+00,  1.235088072421871E+00,  5.052472637490813E+01,  1.489827007215968E+01,  7.712204611129713E+00
                    7     1.468026847391580E-03     7.728504449463932E-01,  6.747086772824120E+01,  1.748177884978292E+01,  2.086381276028480E+00,  1.235088072421871E+00,  5.052472637490813E+01,  1.489827007215968E+01,  7.712204611129713E+00
                    8     1.467993905388032E-03     7.728504449463932E-01,  6.747086772824120E+01,  1.748177884978292E+01,  2.064653650507910E+00,  1.235088072421871E+00,  5.052472637490813E+01,  1.489827007215968E+01,  7.712204611129713E+00
  

           Nested sampling loop for free parameter 5


           Iteration:                    chi^2:     Parameter:
                    1     1.467993905388032E-03     7.728504449463932E-01,  6.747086772824120E+01,  1.748177884978292E+01,  2.064653650507910E+00,  1.235088072421871E+00,  5.052472637490813E+01,  1.489827007215968E+01,  7.712204611129713E+00
                    2     1.467993905388032E-03     7.728504449463932E-01,  6.747086772824120E+01,  1.748177884978292E+01,  2.064653650507910E+00,  1.235088072421871E+00,  5.052472637490813E+01,  1.489827007215968E+01,  7.712204611129713E+00
                    3     1.467993905388032E-03     7.728504449463932E-01,  6.747086772824120E+01,  1.748177884978292E+01,  2.064653650507910E+00,  1.235088072421871E+00,  5.052472637490813E+01,  1.489827007215968E+01,  7.712204611129713E+00
                    4     1.467993905388032E-03     7.728504449463932E-01,  6.747086772824120E+01,  1.748177884978292E+01,  2.064653650507910E+00,  1.235088072421871E+00,  5.052472637490813E+01,  1.489827007215968E+01,  7.712204611129713E+00
                    5     1.467993905388032E-03     7.728504449463932E-01,  6.747086772824120E+01,  1.748177884978292E+01,  2.064653650507910E+00,  1.235088072421871E+00,  5.052472637490813E+01,  1.489827007215968E+01,  7.712204611129713E+00
                    6     1.467993905388032E-03     7.728504449463932E-01,  6.747086772824120E+01,  1.748177884978292E+01,  2.064653650507910E+00,  1.235088072421871E+00,  5.052472637490813E+01,  1.489827007215968E+01,  7.712204611129713E+00
                    7     1.467993905388032E-03     7.728504449463932E-01,  6.747086772824120E+01,  1.748177884978292E+01,  2.064653650507910E+00,  1.235088072421871E+00,  5.052472637490813E+01,  1.489827007215968E+01,  7.712204611129713E+00
                    8     1.467993905388032E-03     7.728504449463932E-01,  6.747086772824120E+01,  1.748177884978292E+01,  2.064653650507910E+00,  1.235088072421871E+00,  5.052472637490813E+01,  1.489827007215968E+01,  7.712204611129713E+00
  

           Nested sampling loop for free parameter 6


           Iteration:                    chi^2:     Parameter:
                    1     1.467993905388032E-03     7.728504449463932E-01,  6.747086772824120E+01,  1.748177884978292E+01,  2.064653650507910E+00,  1.235088072421871E+00,  5.052472637490813E+01,  1.489827007215968E+01,  7.712204611129713E+00
                    2     1.467993905388032E-03     7.728504449463932E-01,  6.747086772824120E+01,  1.748177884978292E+01,  2.064653650507910E+00,  1.235088072421871E+00,  5.052472637490813E+01,  1.489827007215968E+01,  7.712204611129713E+00
                    3     1.467993905388032E-03     7.728504449463932E-01,  6.747086772824120E+01,  1.748177884978292E+01,  2.064653650507910E+00,  1.235088072421871E+00,  5.052472637490813E+01,  1.489827007215968E+01,  7.712204611129713E+00
                    4     1.467993905388032E-03     7.728504449463932E-01,  6.747086772824120E+01,  1.748177884978292E+01,  2.064653650507910E+00,  1.235088072421871E+00,  5.052472637490813E+01,  1.489827007215968E+01,  7.712204611129713E+00
                    5     1.467993905388032E-03     7.728504449463932E-01,  6.747086772824120E+01,  1.748177884978292E+01,  2.064653650507910E+00,  1.235088072421871E+00,  5.052472637490813E+01,  1.489827007215968E+01,  7.712204611129713E+00
                    6     1.467993905388032E-03     7.728504449463932E-01,  6.747086772824120E+01,  1.748177884978292E+01,  2.064653650507910E+00,  1.235088072421871E+00,  5.052472637490813E+01,  1.489827007215968E+01,  7.712204611129713E+00
                    7     1.467993905388032E-03     7.728504449463932E-01,  6.747086772824120E+01,  1.748177884978292E+01,  2.064653650507910E+00,  1.235088072421871E+00,  5.052472637490813E+01,  1.489827007215968E+01,  7.712204611129713E+00
                    8     1.467993905388032E-03     7.728504449463932E-01,  6.747086772824120E+01,  1.748177884978292E+01,  2.064653650507910E+00,  1.235088072421871E+00,  5.052472637490813E+01,  1.489827007215968E+01,  7.712204611129713E+00
  

           Nested sampling loop for free parameter 7


           Iteration:                    chi^2:     Parameter:
                    1     1.467993905388032E-03     7.728504449463932E-01,  6.747086772824120E+01,  1.748177884978292E+01,  2.064653650507910E+00,  1.235088072421871E+00,  5.052472637490813E+01,  1.489827007215968E+01,  7.712204611129713E+00
                    2     1.467993905388032E-03     7.728504449463932E-01,  6.747086772824120E+01,  1.748177884978292E+01,  2.064653650507910E+00,  1.235088072421871E+00,  5.052472637490813E+01,  1.489827007215968E+01,  7.712204611129713E+00
                    3     1.467993905388032E-03     7.728504449463932E-01,  6.747086772824120E+01,  1.748177884978292E+01,  2.064653650507910E+00,  1.235088072421871E+00,  5.052472637490813E+01,  1.489827007215968E+01,  7.712204611129713E+00
                    4     1.467993905388032E-03     7.728504449463932E-01,  6.747086772824120E+01,  1.748177884978292E+01,  2.064653650507910E+00,  1.235088072421871E+00,  5.052472637490813E+01,  1.489827007215968E+01,  7.712204611129713E+00
                    5     1.467993905388032E-03     7.728504449463932E-01,  6.747086772824120E+01,  1.748177884978292E+01,  2.064653650507910E+00,  1.235088072421871E+00,  5.052472637490813E+01,  1.489827007215968E+01,  7.712204611129713E+00
                    6     1.467993905388032E-03     7.728504449463932E-01,  6.747086772824120E+01,  1.748177884978292E+01,  2.064653650507910E+00,  1.235088072421871E+00,  5.052472637490813E+01,  1.489827007215968E+01,  7.712204611129713E+00
                    7     1.467993905388032E-03     7.728504449463932E-01,  6.747086772824120E+01,  1.748177884978292E+01,  2.064653650507910E+00,  1.235088072421871E+00,  5.052472637490813E+01,  1.489827007215968E+01,  7.712204611129713E+00
                    8     1.467993905388032E-03     7.728504449463932E-01,  6.747086772824120E+01,  1.748177884978292E+01,  2.064653650507910E+00,  1.235088072421871E+00,  5.052472637490813E+01,  1.489827007215968E+01,  7.712204611129713E+00
  

           Nested sampling loop for free parameter 8


           Iteration:                    chi^2:     Parameter:
                    1     1.467993905388032E-03     7.728504449463932E-01,  6.747086772824120E+01,  1.748177884978292E+01,  2.064653650507910E+00,  1.235088072421871E+00,  5.052472637490813E+01,  1.489827007215968E+01,  7.712204611129713E+00
                    2     1.467993905388032E-03     7.728504449463932E-01,  6.747086772824120E+01,  1.748177884978292E+01,  2.064653650507910E+00,  1.235088072421871E+00,  5.052472637490813E+01,  1.489827007215968E+01,  7.712204611129713E+00
                    3     1.467993905388032E-03     7.728504449463932E-01,  6.747086772824120E+01,  1.748177884978292E+01,  2.064653650507910E+00,  1.235088072421871E+00,  5.052472637490813E+01,  1.489827007215968E+01,  7.712204611129713E+00
                    4     1.467993905388032E-03     7.728504449463932E-01,  6.747086772824120E+01,  1.748177884978292E+01,  2.064653650507910E+00,  1.235088072421871E+00,  5.052472637490813E+01,  1.489827007215968E+01,  7.712204611129713E+00
                    5     1.467993905388032E-03     7.728504449463932E-01,  6.747086772824120E+01,  1.748177884978292E+01,  2.064653650507910E+00,  1.235088072421871E+00,  5.052472637490813E+01,  1.489827007215968E+01,  7.712204611129713E+00
                    6     1.467993905388032E-03     7.728504449463932E-01,  6.747086772824120E+01,  1.748177884978292E+01,  2.064653650507910E+00,  1.235088072421871E+00,  5.052472637490813E+01,  1.489827007215968E+01,  7.712204611129713E+00
                    7     1.467993905388032E-03     7.728504449463932E-01,  6.747086772824120E+01,  1.748177884978292E+01,  2.064653650507910E+00,  1.235088072421871E+00,  5.052472637490813E+01,  1.489827007215968E+01,  7.712204611129713E+00
                    8     1.467993905388032E-03     7.728504449463932E-01,  6.747086772824120E+01,  1.748177884978292E+01,  2.064653650507910E+00,  1.235088072421871E+00,  5.052472637490813E+01,  1.489827007215968E+01,  7.712204611129713E+00
  

           Table of results:


           | Free parameter |    Minimum point  |   Error_left    |   Error_right   | Mean parameter value |  Standard deviation  |  log(Evidence)   |
           -------------------------------------------------------------------------------------------------------------------------------------------
           |          1     |    7.72850445e-01 |  2.35923455e-01 |  1.21319675e-01 |       7.15548555e-01 |       1.78621565e-01 |  -1.46170250e-01 |
           --------------------------------------------------------------------------------------------------------------------------------------------
           |          2     |    6.74708677e+01 |  2.74708677e+01 |  8.32357828e+01 |       8.38965118e+01 |       6.68101388e+01 |  -1.46147474e-01 |
           --------------------------------------------------------------------------------------------------------------------------------------------
           |          3     |    1.74817788e+01 |  1.67549371e+00 |  2.17191155e-01 |       1.69624171e+01 |       1.15613200e+00 |  -1.46147474e-01 |
           --------------------------------------------------------------------------------------------------------------------------------------------
           |          4     |    2.04292602e+00 |  9.08729798e-01 |  1.21840650e+00 |       2.19776438e+00 |       1.06356815e+00 |  -1.46179351e-01 |
           --------------------------------------------------------------------------------------------------------------------------------------------
           |          5     |    1.23508807e+00 |  3.04939421e-01 |  6.49119276e-02 |       1.13456725e+00 |       2.04418597e-01 |  -1.46152932e-01 |
           --------------------------------------------------------------------------------------------------------------------------------------------
           |          6     |    5.05247264e+01 |  1.04864113e+01 |  9.92565599e+01 |       9.49098007e+01 |       5.48714856e+01 |  -1.75296183e-01 |
           --------------------------------------------------------------------------------------------------------------------------------------------
           |          7     |    1.48982701e+01 |  5.99152288e-01 |  1.52197101e-01 |       1.46747925e+01 |       3.75674695e-01 |  -4.41568542e-01 |
           --------------------------------------------------------------------------------------------------------------------------------------------
           |          8     |    7.71220461e+00 |  2.61140344e+00 |  5.80005469e-01 |       6.69650562e+00 |       1.59570446e+00 |  -1.46163144e-01 |
           --------------------------------------------------------------------------------------------------------------------------------------------



algorithm ends at Date: 26.04.2023,     Time: 11:42:16

------------------------------------------------------------------------------------------------------------------------------------------------------
