 
log-file for Levenberg-Marquardt algorithm:
-------------------------------------------
 
 
algorithm starts at Date: 27.04.2023,     Time: 10:05:01
 
 
 
 
           Sub-beam description is NOT used!
 
 
           Do NOT take local-overlap into account!
 
 
           Start Levenberg-Marquardt algorithm (MPI version) ..
 
           Renormalized limit for chi^2 =     4.670000000000000E-06
 
 
           Using Numerical Recepies (NR) version!
 
 
           Iteration:                    chi^2:     alamda:     Parameter:
 
 Using Singular Value Decomposition!
 
                    1     1.504329971889875E-03      1.E-02     5.792150783348311E-01,  1.414074479641910E+02,  1.613344513636573E+01,  2.818318896841117E+00,  8.438194592322956E-01,  5.491455939594302E+01,  1.486393791927857E+01,  3.798666924847836E+00
 
 Using Singular Value Decomposition!
 
                    2     1.504329971889875E-03      1.E-01     5.792150783348311E-01,  1.414074479641910E+02,  1.613344513636573E+01,  2.818318896841117E+00,  8.438194592322956E-01,  5.491455939594302E+01,  1.486393791927857E+01,  3.798666924847836E+00
 
 Using Singular Value Decomposition!
 
                    3     1.487028919050937E-03      1.E-02     6.120181190178494E-01,  1.414074479641910E+02,  1.613344513636573E+01,  2.032669583847619E+00,  9.114292698711166E-01,  5.362616546106001E+01,  1.487745514238511E+01,  4.756850670995078E+00
 
 Using Singular Value Decomposition!
 
                    4     1.473333316239064E-03      1.E-03     8.816391739667178E-01,  1.414074479641910E+02,  1.613344513636573E+01,  2.251028441106655E+00,  8.171753596410605E-01,  5.105254885325289E+01,  1.490338596408842E+01,  6.852858744789721E+00
 
 Using Singular Value Decomposition!
 
                    5     1.473333316239064E-03      1.E-02     8.816391739667178E-01,  1.414074479641910E+02,  1.613344513636573E+01,  2.251028441106655E+00,  8.171753596410605E-01,  5.105254885325289E+01,  1.490338596408842E+01,  6.852858744789721E+00
 
 Using Singular Value Decomposition!
 
                    6     1.468408358713419E-03      1.E-03     9.207230069362842E-01,  1.414074479641910E+02,  1.613344513636573E+01,  2.278591657022777E+00,  9.701556738976952E-01,  5.073166613177002E+01,  1.490700500547048E+01,  8.882271998094030E+00
 
 Using Singular Value Decomposition!
 
                    7     1.468408358713419E-03      1.E-02     9.207230069362842E-01,  1.414074479641910E+02,  1.613344513636573E+01,  2.278591657022777E+00,  9.701556738976952E-01,  5.073166613177002E+01,  1.490700500547048E+01,  8.882271998094030E+00
 
 Using Singular Value Decomposition!
 
                    8     1.467653444597379E-03      1.E-03     8.817767558596227E-01,  1.414074479641910E+02,  1.613344513636573E+01,  2.199822346769018E+00,  1.116120851566127E+00,  5.017650583706641E+01,  1.489416361173073E+01,  7.781504877018408E+00
 
 Using Singular Value Decomposition!
 
                    9     1.467653444597379E-03      1.E-02     8.817767558596227E-01,  1.414074479641910E+02,  1.613344513636573E+01,  2.199822346769018E+00,  1.116120851566127E+00,  5.017650583706641E+01,  1.489416361173073E+01,  7.781504877018408E+00
 
 Using Singular Value Decomposition!
 
                   10     1.467487704767831E-03      1.E-03     9.075575783835488E-01,  1.414074479641910E+02,  1.613344513636573E+01,  2.205416259711308E+00,  1.182932760908703E+00,  5.027127538863652E+01,  1.488577105353271E+01,  8.174264689147778E+00
 
 Using Singular Value Decomposition!
 
                   11     1.467487704767831E-03      1.E-02     9.075575783835488E-01,  1.414074479641910E+02,  1.613344513636573E+01,  2.205416259711308E+00,  1.182932760908703E+00,  5.027127538863652E+01,  1.488577105353271E+01,  8.174264689147778E+00
 
 Using Singular Value Decomposition!
 
                   12     1.467449824647825E-03      1.E-03     9.254811805862228E-01,  1.414074479641910E+02,  1.613344513636573E+01,  2.192712630286538E+00,  1.247520250362258E+00,  5.015993759797311E+01,  1.487636132191616E+01,  8.021223852273200E+00
 
 Using Singular Value Decomposition!
 
                   13     1.467449824647825E-03      1.E-02     9.254811805862228E-01,  1.414074479641910E+02,  1.613344513636573E+01,  2.192712630286538E+00,  1.247520250362258E+00,  5.015993759797311E+01,  1.487636132191616E+01,  8.021223852273200E+00
 
 Using Singular Value Decomposition!
 
                   14     1.467449824647825E-03      1.E-01     9.254811805862228E-01,  1.414074479641910E+02,  1.613344513636573E+01,  2.192712630286538E+00,  1.247520250362258E+00,  5.015993759797311E+01,  1.487636132191616E+01,  8.021223852273200E+00
 
 Using Singular Value Decomposition!
 
                   15     1.467443914165284E-03      1.E-02     9.288915556207582E-01,  1.414074479641910E+02,  1.613344513636573E+01,  2.193940617932435E+00,  1.255823245487463E+00,  5.016899865232259E+01,  1.487565643968061E+01,  8.055329496624568E+00
 
 Using Singular Value Decomposition!
 
                   16     1.467443914165284E-03      1.E-01     9.288915556207582E-01,  1.414074479641910E+02,  1.613344513636573E+01,  2.193940617932435E+00,  1.255823245487463E+00,  5.016899865232259E+01,  1.487565643968061E+01,  8.055329496624568E+00
 
 Using Singular Value Decomposition!
 
                   17     1.467441688878177E-03      1.E-02     9.325424427258905E-01,  1.414074479641910E+02,  1.613344513636573E+01,  2.195068125180002E+00,  1.260882231078732E+00,  5.017024528359250E+01,  1.487487122786670E+01,  8.081543446588128E+00
 
 Using Singular Value Decomposition!
 
                   18     1.467441688878177E-03      1.E-01     9.325424427258905E-01,  1.414074479641910E+02,  1.613344513636573E+01,  2.195068125180002E+00,  1.260882231078732E+00,  5.017024528359250E+01,  1.487487122786670E+01,  8.081543446588128E+00
 
 Using Singular Value Decomposition!
 
                   19     1.467438557821236E-03      1.E-02     9.345168031450093E-01,  1.414074479641910E+02,  1.613344513636573E+01,  2.194547439592629E+00,  1.265892565349509E+00,  5.016162212198540E+01,  1.487385116000085E+01,  8.050044149290173E+00
 
 Using Singular Value Decomposition!
 
                   20     1.467438557821236E-03      1.E-01     9.345168031450093E-01,  1.414074479641910E+02,  1.613344513636573E+01,  2.194547439592629E+00,  1.265892565349509E+00,  5.016162212198540E+01,  1.487385116000085E+01,  8.050044149290173E+00
 
 Using Singular Value Decomposition!
 
                   21     1.467435786064717E-03      1.E-02     9.372483995164792E-01,  1.414074479641910E+02,  1.613344513636573E+01,  2.194430764042723E+00,  1.271765043142719E+00,  5.015898188713148E+01,  1.487295507596171E+01,  8.056151431738197E+00
 
 Using Singular Value Decomposition!
 
                   22     1.467435786064717E-03      1.E-01     9.372483995164792E-01,  1.414074479641910E+02,  1.613344513636573E+01,  2.194430764042723E+00,  1.271765043142719E+00,  5.015898188713148E+01,  1.487295507596171E+01,  8.056151431738197E+00
 
 Using Singular Value Decomposition!
 
                   23     1.467433177221449E-03      1.E-02     9.397280106046335E-01,  1.414074479641910E+02,  1.613344513636573E+01,  2.194210258577114E+00,  1.277344416442464E+00,  5.015566907828396E+01,  1.487202747089389E+01,  8.051050736036384E+00
 
 Using Singular Value Decomposition!
 
                   24     1.467433177221449E-03      1.E-01     9.397280106046335E-01,  1.414074479641910E+02,  1.613344513636573E+01,  2.194210258577114E+00,  1.277344416442464E+00,  5.015566907828396E+01,  1.487202747089389E+01,  8.051050736036384E+00
 
 Using Singular Value Decomposition!
 
                   25     1.467430682530842E-03      1.E-02     9.430107018039431E-01,  1.414074479641910E+02,  1.613344513636573E+01,  2.194808194910391E+00,  1.282583745802719E+00,  5.015792760239160E+01,  1.487119564032650E+01,  8.070981217929591E+00
 
 Using Singular Value Decomposition!
 
                   26     1.467430682530842E-03      1.E-01     9.430107018039431E-01,  1.414074479641910E+02,  1.613344513636573E+01,  2.194808194910391E+00,  1.282583745802719E+00,  5.015792760239160E+01,  1.487119564032650E+01,  8.070981217929591E+00
 
 Using Singular Value Decomposition!
 
                   27     1.467427992935693E-03      1.E-02     9.451077145089704E-01,  1.414074479641910E+02,  1.613344513636573E+01,  2.194202106332185E+00,  1.288185333827270E+00,  5.014820647938634E+01,  1.487021117807774E+01,  8.044833515945829E+00
 
 Using Singular Value Decomposition!
 
                   28     1.467427992935693E-03      1.E-01     9.451077145089704E-01,  1.414074479641910E+02,  1.613344513636573E+01,  2.194202106332185E+00,  1.288185333827270E+00,  5.014820647938634E+01,  1.487021117807774E+01,  8.044833515945829E+00
 
 Using Singular Value Decomposition!
 
                   29     1.467425295533427E-03      1.E-02     9.477390543487100E-01,  1.414074479641910E+02,  1.613344513636573E+01,  2.193835550447793E+00,  1.294597759980194E+00,  5.014213035271391E+01,  1.486931004789449E+01,  8.044694639482172E+00
 
 Using Singular Value Decomposition!
 
                   30     1.467425295533427E-03      1.E-01     9.477390543487100E-01,  1.414074479641910E+02,  1.613344513636573E+01,  2.193835550447793E+00,  1.294597759980194E+00,  5.014213035271391E+01,  1.486931004789449E+01,  8.044694639482172E+00
 
 Using Singular Value Decomposition!
 
                   31     1.467425281141183E-03      1.E-02     9.507848004103467E-01,  1.414074479641910E+02,  1.613344513636573E+01,  2.193932790322304E+00,  1.294597759980194E+00,  5.013739895735100E+01,  1.486845781715191E+01,  8.052500713767445E+00
 
 Using Singular Value Decomposition!
 
                   32     1.467425281141183E-03      1.E-01     9.507848004103467E-01,  1.414074479641910E+02,  1.613344513636573E+01,  2.193932790322304E+00,  1.294597759980194E+00,  5.013739895735100E+01,  1.486845781715191E+01,  8.052500713767445E+00
 
 Using Singular Value Decomposition!
 
                   33     1.467425281141183E-03      1.E+00     9.507848004103467E-01,  1.414074479641910E+02,  1.613344513636573E+01,  2.193932790322304E+00,  1.294597759980194E+00,  5.013739895735100E+01,  1.486845781715191E+01,  8.052500713767445E+00
 
 Using Singular Value Decomposition!
 
                   34     1.467422931775932E-03      1.E-01     9.513598487772381E-01,  1.414074479641910E+02,  1.613344513636573E+01,  2.194428177093843E+00,  1.296944406951173E+00,  5.014207434663999E+01,  1.486847195691066E+01,  8.054708801923544E+00
 
 Using Singular Value Decomposition!
 
                   35     1.467422931775932E-03      1.E+00     9.513598487772381E-01,  1.414074479641910E+02,  1.613344513636573E+01,  2.194428177093843E+00,  1.296944406951173E+00,  5.014207434663999E+01,  1.486847195691066E+01,  8.054708801923544E+00
 
 Using Singular Value Decomposition!
 
                   36     1.467422523933689E-03      1.E-01     9.516617529408512E-01,  1.414074479641910E+02,  1.613344513636573E+01,  2.194780715356000E+00,  1.298200201571486E+00,  5.014269941924535E+01,  1.486841050475083E+01,  8.055821958675532E+00
 
 Using Singular Value Decomposition!
 
                   37     1.467422523933689E-03      1.E+00     9.516617529408512E-01,  1.414074479641910E+02,  1.613344513636573E+01,  2.194780715356000E+00,  1.298200201571486E+00,  5.014269941924535E+01,  1.486841050475083E+01,  8.055821958675532E+00
 
 Using Singular Value Decomposition!
 
                   38     1.467422224870871E-03      1.E-01     9.519687110368407E-01,  1.414074479641910E+02,  1.613344513636573E+01,  2.194972417305872E+00,  1.299180276610443E+00,  5.014374428033818E+01,  1.486834019972075E+01,  8.060909574532200E+00
 
 Using Singular Value Decomposition!
 
                   39     1.467422224870871E-03      1.E+00     9.519687110368407E-01,  1.414074479641910E+02,  1.613344513636573E+01,  2.194972417305872E+00,  1.299180276610443E+00,  5.014374428033818E+01,  1.486834019972075E+01,  8.060909574532200E+00
 
 Using Singular Value Decomposition!
 
                   40     1.467421954315774E-03      1.E-01     9.522162545112710E-01,  1.414074479641910E+02,  1.613344513636573E+01,  2.195069533843737E+00,  1.299911364726295E+00,  5.014297947647007E+01,  1.486825272047747E+01,  8.059276860097215E+00
 
 Using Singular Value Decomposition!
 
                   41     1.467421954315774E-03      1.E+00     9.522162545112710E-01,  1.414074479641910E+02,  1.613344513636573E+01,  2.195069533843737E+00,  1.299911364726295E+00,  5.014297947647007E+01,  1.486825272047747E+01,  8.059276860097215E+00
 
 Using Singular Value Decomposition!
 
                   42     1.467421816061796E-03      1.E-01     9.525293089303337E-01,  1.414074479641910E+02,  1.613344513636573E+01,  2.195104398470509E+00,  1.299911364726295E+00,  5.014307570389078E+01,  1.486817560536070E+01,  8.063260153341092E+00
 
 Using Singular Value Decomposition!
 
                   43     1.467421816061796E-03      1.E+00     9.525293089303337E-01,  1.414074479641910E+02,  1.613344513636573E+01,  2.195104398470509E+00,  1.299911364726295E+00,  5.014307570389078E+01,  1.486817560536070E+01,  8.063260153341092E+00
 
 Using Singular Value Decomposition!
 
                   44     1.467421607469896E-03      1.E-01     9.528106927424460E-01,  1.414074479641910E+02,  1.613344513636573E+01,  2.195192097704179E+00,  1.299911364726295E+00,  5.014323741873645E+01,  1.486809508367978E+01,  8.061395021097418E+00
 
 Using Singular Value Decomposition!
 
                   45     1.467421607469896E-03      1.E+00     9.528106927424460E-01,  1.414074479641910E+02,  1.613344513636573E+01,  2.195192097704179E+00,  1.299911364726295E+00,  5.014323741873645E+01,  1.486809508367978E+01,  8.061395021097418E+00
 
 Using Singular Value Decomposition!
 
                   46     1.467421427778405E-03      1.E-01     9.531076235244506E-01,  1.414074479641910E+02,  1.613344513636573E+01,  2.195302225864120E+00,  1.299911364726295E+00,  5.014404487040382E+01,  1.486802059780701E+01,  8.062156048526070E+00
 
 Using Singular Value Decomposition!
 
                   47     1.467421427778405E-03      1.E+00     9.531076235244506E-01,  1.414074479641910E+02,  1.613344513636573E+01,  2.195302225864120E+00,  1.299911364726295E+00,  5.014404487040382E+01,  1.486802059780701E+01,  8.062156048526070E+00
 
 Using Singular Value Decomposition!
 
                   48     1.467421252170131E-03      1.E-01     9.533291932826643E-01,  1.414074479641910E+02,  1.613344513636573E+01,  2.195420786238749E+00,  1.299911364726295E+00,  5.014341649040161E+01,  1.486793551744844E+01,  8.056588357082825E+00
 
 Using Singular Value Decomposition!
 
                   49     1.467421252170131E-03      1.E+00     9.533291932826643E-01,  1.414074479641910E+02,  1.613344513636573E+01,  2.195420786238749E+00,  1.299911364726295E+00,  5.014341649040161E+01,  1.486793551744844E+01,  8.056588357082825E+00
 
 Using Singular Value Decomposition!
 
                   50     1.467421102596572E-03      1.E-01     9.535985448178143E-01,  1.414074479641910E+02,  1.613344513636573E+01,  2.195520937916822E+00,  1.299911364726295E+00,  5.014409707448649E+01,  1.486786277786731E+01,  8.057684827947288E+00
 
 Using Singular Value Decomposition!
 
                   51     1.467421102596572E-03      1.E+00     9.535985448178143E-01,  1.414074479641910E+02,  1.613344513636573E+01,  2.195520937916822E+00,  1.299911364726295E+00,  5.014409707448649E+01,  1.486786277786731E+01,  8.057684827947288E+00
 
 Using Singular Value Decomposition!
 
                   52     1.467420959289376E-03      1.E-01     9.538711683151284E-01,  1.414074479641910E+02,  1.613344513636573E+01,  2.195633995024448E+00,  1.299911364726295E+00,  5.014460728362679E+01,  1.486779285982101E+01,  8.057592028770864E+00
 
 Using Singular Value Decomposition!
 
                   53     1.467420959289376E-03      1.E+00     9.538711683151284E-01,  1.414074479641910E+02,  1.613344513636573E+01,  2.195633995024448E+00,  1.299911364726295E+00,  5.014460728362679E+01,  1.486779285982101E+01,  8.057592028770864E+00
 
 Using Singular Value Decomposition!
 
                   54     1.467420816625855E-03      1.E-01     9.540936472571602E-01,  1.414074479641910E+02,  1.613344513636573E+01,  2.195756411378611E+00,  1.299911364726295E+00,  5.014470677512379E+01,  1.486771647406788E+01,  8.054265736478065E+00
 
 Using Singular Value Decomposition!
 
                   55     1.467420816625855E-03      1.E+00     9.540936472571602E-01,  1.414074479641910E+02,  1.613344513636573E+01,  2.195756411378611E+00,  1.299911364726295E+00,  5.014470677512379E+01,  1.486771647406788E+01,  8.054265736478065E+00
 
 Using Singular Value Decomposition!
 
                   56     1.467420728037456E-03      1.E-01     9.543110600938034E-01,  1.414074479641910E+02,  1.613344513636573E+01,  2.195863535813432E+00,  1.299911364726295E+00,  5.014514552075993E+01,  1.486764164785180E+01,  8.052636258713305E+00
 
 Using Singular Value Decomposition!
 
                   57     1.467420728037456E-03      1.E+00     9.543110600938034E-01,  1.414074479641910E+02,  1.613344513636573E+01,  2.195863535813432E+00,  1.299911364726295E+00,  5.014514552075993E+01,  1.486764164785180E+01,  8.052636258713305E+00
 
 Using Singular Value Decomposition!
 
                   58     1.467420629604579E-03      1.E-01     9.546457764018015E-01,  1.414074479641910E+02,  1.613344513636573E+01,  2.195969694946936E+00,  1.299911364726295E+00,  5.014692380701822E+01,  1.486759143392847E+01,  8.059544426130063E+00
 
 Using Singular Value Decomposition!
 
                   59     1.467420629604579E-03      1.E+00     9.546457764018015E-01,  1.414074479641910E+02,  1.613344513636573E+01,  2.195969694946936E+00,  1.299911364726295E+00,  5.014692380701822E+01,  1.486759143392847E+01,  8.059544426130063E+00
 
 Using Singular Value Decomposition!
 
                   60     1.467420426244524E-03      1.E-01     9.549032339834481E-01,  1.414074479641910E+02,  1.613344513636573E+01,  2.196139593372232E+00,  1.299911364726295E+00,  5.014830585758443E+01,  1.486752737531498E+01,  8.058533635279179E+00
 
 Using Singular Value Decomposition!
 
                   61     1.467420426244524E-03      1.E+00     9.549032339834481E-01,  1.414074479641910E+02,  1.613344513636573E+01,  2.196139593372232E+00,  1.299911364726295E+00,  5.014830585758443E+01,  1.486752737531498E+01,  8.058533635279179E+00
 
 Using Singular Value Decomposition!
 
                   62     1.467420362533585E-03      1.E-01     9.552020229906784E-01,  1.414074479641910E+02,  1.613344513636573E+01,  2.196292215303598E+00,  1.299911364726295E+00,  5.014898278718398E+01,  1.486747284132641E+01,  8.060887155419756E+00
 
 Using Singular Value Decomposition!
 
                   63     1.467420362533585E-03      1.E+00     9.552020229906784E-01,  1.414074479641910E+02,  1.613344513636573E+01,  2.196292215303598E+00,  1.299911364726295E+00,  5.014898278718398E+01,  1.486747284132641E+01,  8.060887155419756E+00
 
 Using Singular Value Decomposition!
 
                   64     1.467420294946953E-03      1.E-01     9.555548478489326E-01,  1.414074479641910E+02,  1.613344513636573E+01,  2.196469582673874E+00,  1.299911364726295E+00,  5.015072561048073E+01,  1.486742961763648E+01,  8.066593820349834E+00
 
 Using Singular Value Decomposition!
 
                   65     1.467420294946953E-03      1.E+00     9.555548478489326E-01,  1.414074479641910E+02,  1.613344513636573E+01,  2.196469582673874E+00,  1.299911364726295E+00,  5.015072561048073E+01,  1.486742961763648E+01,  8.066593820349834E+00
 
 Using Singular Value Decomposition!
 
                   66     1.467420077055978E-03      1.E-01     9.558002182611725E-01,  1.414074479641910E+02,  1.613344513636573E+01,  2.196679846987279E+00,  1.299911364726295E+00,  5.015112993515282E+01,  1.486736711652189E+01,  8.063147406990632E+00
 
 Using Singular Value Decomposition!
 
                   67     1.467420077055978E-03      1.E+00     9.558002182611725E-01,  1.414074479641910E+02,  1.613344513636573E+01,  2.196679846987279E+00,  1.299911364726295E+00,  5.015112993515282E+01,  1.486736711652189E+01,  8.063147406990632E+00
 
 Using Singular Value Decomposition!
 
                   68     1.467419944392292E-03      1.E-01     9.560504476934480E-01,  1.414074479641910E+02,  1.613344513636573E+01,  2.196853379863072E+00,  1.299911364726295E+00,  5.015166467590355E+01,  1.486730681752203E+01,  8.063078287856934E+00
 
 Using Singular Value Decomposition!
 
                   69     1.467419944392292E-03      1.E+00     9.560504476934480E-01,  1.414074479641910E+02,  1.613344513636573E+01,  2.196853379863072E+00,  1.299911364726295E+00,  5.015166467590355E+01,  1.486730681752203E+01,  8.063078287856934E+00
 
 Using Singular Value Decomposition!
 
                   70     1.467419787010191E-03      1.E-01     9.562087762326493E-01,  1.414074479641910E+02,  1.613344513636573E+01,  2.197007166445063E+00,  1.299911364726295E+00,  5.015157544372398E+01,  1.486723125576009E+01,  8.057228754384841E+00
 
 Using Singular Value Decomposition!
 
                   71     1.467419787010191E-03      1.E+00     9.562087762326493E-01,  1.414074479641910E+02,  1.613344513636573E+01,  2.197007166445063E+00,  1.299911364726295E+00,  5.015157544372398E+01,  1.486723125576009E+01,  8.057228754384841E+00
 
 Using Singular Value Decomposition!
 
                   72     1.467419713176852E-03      1.E-01     9.563812000350669E-01,  1.414074479641910E+02,  1.613344513636573E+01,  2.197095662382782E+00,  1.299911364726295E+00,  5.015110294544795E+01,  1.486716042892477E+01,  8.054404706013651E+00
 
 Using Singular Value Decomposition!
 
                   73     1.467419713176852E-03      1.E+00     9.563812000350669E-01,  1.414074479641910E+02,  1.613344513636573E+01,  2.197095662382782E+00,  1.299911364726295E+00,  5.015110294544795E+01,  1.486716042892477E+01,  8.054404706013651E+00
 
 Using Singular Value Decomposition!
 
                   74     1.467419665267876E-03      1.E-01     9.565855699261799E-01,  1.414074479641910E+02,  1.613344513636573E+01,  2.197159164319733E+00,  1.299911364726295E+00,  5.015097039594229E+01,  1.486709841471575E+01,  8.053774253435014E+00
 
 Using Singular Value Decomposition!
 
                   75     1.467419665267876E-03      1.E+00     9.565855699261799E-01,  1.414074479641910E+02,  1.613344513636573E+01,  2.197159164319733E+00,  1.299911364726295E+00,  5.015097039594229E+01,  1.486709841471575E+01,  8.053774253435014E+00
 
 Using Singular Value Decomposition!
 
                   76     1.467419636078745E-03      1.E-01     9.568147861276418E-01,  1.414074479641910E+02,  1.613344513636573E+01,  2.197228800644739E+00,  1.299911364726295E+00,  5.015102488944120E+01,  1.486704448603495E+01,  8.054179489019040E+00
 
 Using Singular Value Decomposition!
 
                   77     1.467419636078745E-03      1.E+00     9.568147861276418E-01,  1.414074479641910E+02,  1.613344513636573E+01,  2.197228800644739E+00,  1.299911364726295E+00,  5.015102488944120E+01,  1.486704448603495E+01,  8.054179489019040E+00
 
 Using Singular Value Decomposition!
 
                   78     1.467419524561820E-03      1.E-01     9.570828975330985E-01,  1.414074479641910E+02,  1.613344513636573E+01,  2.197331038981570E+00,  1.299911364726295E+00,  5.015238979494851E+01,  1.486699903865398E+01,  8.057818538625536E+00
 
 Using Singular Value Decomposition!
 
                   79     1.467419524561820E-03      1.E+00     9.570828975330985E-01,  1.414074479641910E+02,  1.613344513636573E+01,  2.197331038981570E+00,  1.299911364726295E+00,  5.015238979494851E+01,  1.486699903865398E+01,  8.057818538625536E+00
 
 Using Singular Value Decomposition!
 
                   80     1.467419425749977E-03      1.E-01     9.573460310554669E-01,  1.414074479641910E+02,  1.613344513636573E+01,  2.197471444862490E+00,  1.299911364726295E+00,  5.015365903091284E+01,  1.486695362821082E+01,  8.059950026658489E+00
 
 Using Singular Value Decomposition!
 
                   81     1.467419425749977E-03      1.E+00     9.573460310554669E-01,  1.414074479641910E+02,  1.613344513636573E+01,  2.197471444862490E+00,  1.299911364726295E+00,  5.015365903091284E+01,  1.486695362821082E+01,  8.059950026658489E+00
 
 Using Singular Value Decomposition!
 
                   82     1.467419311517738E-03      1.E-01     9.575811165081789E-01,  1.414074479641910E+02,  1.613344513636573E+01,  2.197625189137820E+00,  1.299911364726295E+00,  5.015426959925047E+01,  1.486690474992052E+01,  8.059811409822824E+00
 
 Using Singular Value Decomposition!
 
                   83     1.467419311517738E-03      1.E+00     9.575811165081789E-01,  1.414074479641910E+02,  1.613344513636573E+01,  2.197625189137820E+00,  1.299911364726295E+00,  5.015426959925047E+01,  1.486690474992052E+01,  8.059811409822824E+00
 
 Using Singular Value Decomposition!
 
                   84     1.467419245649985E-03      1.E-01     9.578428487391273E-01,  1.414074479641910E+02,  1.613344513636573E+01,  2.197779963578464E+00,  1.299911364726295E+00,  5.015565690799599E+01,  1.486686046141545E+01,  8.062848967654435E+00
 
 Using Singular Value Decomposition!
 
                   85     1.467419245649985E-03      1.E+00     9.578428487391273E-01,  1.414074479641910E+02,  1.613344513636573E+01,  2.197779963578464E+00,  1.299911364726295E+00,  5.015565690799599E+01,  1.486686046141545E+01,  8.062848967654435E+00
 
 Using Singular Value Decomposition!
 
                   86     1.467419138314827E-03      1.E-01     9.580935263433542E-01,  1.414074479641910E+02,  1.613344513636573E+01,  2.197951651062934E+00,  1.299911364726295E+00,  5.015713587620937E+01,  1.486681504860883E+01,  8.064732894650000E+00
 
 Using Singular Value Decomposition!
 
                   87     1.467419138314827E-03      1.E+00     9.580935263433542E-01,  1.414074479641910E+02,  1.613344513636573E+01,  2.197951651062934E+00,  1.299911364726295E+00,  5.015713587620937E+01,  1.486681504860883E+01,  8.064732894650000E+00
 
 Using Singular Value Decomposition!
 
                   88     1.467419029798562E-03      1.E-01     9.583351099963211E-01,  1.414074479641910E+02,  1.613344513636573E+01,  2.198119346947365E+00,  1.299911364726295E+00,  5.015798648648417E+01,  1.486676855475901E+01,  8.065576830659385E+00
 
 Using Singular Value Decomposition!
 
                   89     1.467419029798562E-03      1.E+00     9.583351099963211E-01,  1.414074479641910E+02,  1.613344513636573E+01,  2.198119346947365E+00,  1.299911364726295E+00,  5.015798648648417E+01,  1.486676855475901E+01,  8.065576830659385E+00
 
 Using Singular Value Decomposition!
 
                   90     1.467418881064750E-03      1.E-01     9.584717441175710E-01,  1.414074479641910E+02,  1.613344513636573E+01,  2.198272147195555E+00,  1.299911364726295E+00,  5.015763847288571E+01,  1.486670383696057E+01,  8.059435707022129E+00
 
 Using Singular Value Decomposition!
 
                   91     1.467418881064750E-03      1.E+00     9.584717441175710E-01,  1.414074479641910E+02,  1.613344513636573E+01,  2.198272147195555E+00,  1.299911364726295E+00,  5.015763847288571E+01,  1.486670383696057E+01,  8.059435707022129E+00
 
 Using Singular Value Decomposition!
 
                   92     1.467418861096981E-03      1.E-01     9.586237896251864E-01,  1.414074479641910E+02,  1.613344513636573E+01,  2.198362619818102E+00,  1.299911364726295E+00,  5.015743830716411E+01,  1.486664325741455E+01,  8.057374347859714E+00
 
 Using Singular Value Decomposition!
 
                   93     1.467418861096981E-03      1.E+00     9.586237896251864E-01,  1.414074479641910E+02,  1.613344513636573E+01,  2.198362619818102E+00,  1.299911364726295E+00,  5.015743830716411E+01,  1.486664325741455E+01,  8.057374347859714E+00
 
 Using Singular Value Decomposition!
 
                   94     1.467418818970247E-03      1.E-01     9.588427849524999E-01,  1.414074479641910E+02,  1.613344513636573E+01,  2.198436099561197E+00,  1.299911364726295E+00,  5.015822319405167E+01,  1.486659822389934E+01,  8.060228268274871E+00
 
 Using Singular Value Decomposition!
 
                   95     1.467418818970247E-03      1.E+00     9.588427849524999E-01,  1.414074479641910E+02,  1.613344513636573E+01,  2.198436099561197E+00,  1.299911364726295E+00,  5.015822319405167E+01,  1.486659822389934E+01,  8.060228268274871E+00
 
 Using Singular Value Decomposition!
 
                   96     1.467418733169069E-03      1.E-01     9.590523502228276E-01,  1.414074479641910E+02,  1.613344513636573E+01,  2.198539914151386E+00,  1.299911364726295E+00,  5.015924059421965E+01,  1.486655224326820E+01,  8.061149433607826E+00
 
 Using Singular Value Decomposition!
 
                   97     1.467418733169069E-03      1.E+00     9.590523502228276E-01,  1.414074479641910E+02,  1.613344513636573E+01,  2.198539914151386E+00,  1.299911364726295E+00,  5.015924059421965E+01,  1.486655224326820E+01,  8.061149433607826E+00
 
 Using Singular Value Decomposition!
 
                   98     1.467418670648826E-03      1.E-01     9.592115093314502E-01,  1.414074479641910E+02,  1.613344513636573E+01,  2.198648360032348E+00,  1.299911364726295E+00,  5.015940485756204E+01,  1.486649793621192E+01,  8.058421860233620E+00
 
 Using Singular Value Decomposition!
 
                   99     1.467418670648826E-03      1.E+00     9.592115093314502E-01,  1.414074479641910E+02,  1.613344513636573E+01,  2.198648360032348E+00,  1.299911364726295E+00,  5.015940485756204E+01,  1.486649793621192E+01,  8.058421860233620E+00
 
 Using Singular Value Decomposition!
 
                  100     1.467418670648826E-03      1.E+01     9.592115093314502E-01,  1.414074479641910E+02,  1.613344513636573E+01,  2.198648360032348E+00,  1.299911364726295E+00,  5.015940485756204E+01,  1.486649793621192E+01,  8.058421860233620E+00
 
 Using Singular Value Decomposition!
 
  
           Iteration stopped. Number of iterations is equal to max. number of iterations =    100

algorithm ends at Date: 27.04.2023,     Time: 10:08:18
 
------------------------------------------------------------------------------------------------------------------------------------------------------
