 
log-file for Genetic algorithm:
-------------------------------
 
 
algorithm starts at Date: 27.04.2023,     Time: 09:43:59
 
 
 
 
           Sub-beam description is NOT used!
 
 
           Do NOT take local-overlap into account!
 
 
           Start Genetic algorithm (MPI version) ..
 
           Renormalized limit for chi^2 =     4.670000000000000E-06
 
           Number of chromosomes =         30
  
           Iteration:                    chisq:     Parameter:
                    1     1.530358177359413E-03     6.210023579253443E-01,  1.020451606363597E+02,  1.453131857731885E+01,  4.339163969568626E+00,  8.808457281671883E-01,  4.707377548134805E+01,  1.496266389473267E+01,  3.740723632420378E+00
                    2     1.530358177359413E-03     6.210023579253443E-01,  1.020451606363597E+02,  1.453131857731885E+01,  4.339163969568626E+00,  8.808457281671883E-01,  4.707377548134805E+01,  1.496266389473267E+01,  3.740723632420378E+00
                    3     1.530358177359413E-03     6.210023579253443E-01,  1.020451606363597E+02,  1.453131857731885E+01,  4.339163969568626E+00,  8.808457281671883E-01,  4.707377548134805E+01,  1.496266389473267E+01,  3.740723632420378E+00
                    4     1.525888655681794E-03     6.082707279527395E-01,  1.055334201219732E+02,  1.457211080424142E+01,  4.252142287072957E+00,  8.808729838825538E-01,  5.148510916977641E+01,  1.495722121617854E+01,  3.709421844603870E+00
                    5     1.521467980676447E-03     6.355831138325494E-01,  1.088197096829589E+02,  1.561165250586757E+01,  4.281914673529525E+00,  8.182056381271983E-01,  5.499724749161773E+01,  1.489137654970479E+01,  3.803555355540043E+00
                    6     1.521467980676447E-03     6.355831138325494E-01,  1.088197096829589E+02,  1.561165250586757E+01,  4.281914673529525E+00,  8.182056381271983E-01,  5.499724749161773E+01,  1.489137654970479E+01,  3.803555355540043E+00
                    7     1.516570531068551E-03     6.212360704628230E-01,  1.052560880328916E+02,  1.546234182557094E+01,  4.193744639675741E+00,  8.230088539540035E-01,  5.528143681128449E+01,  1.487836191896975E+01,  3.737087022267728E+00
                    8     1.512936678004345E-03     6.277699982007974E-01,  8.100488774179746E+01,  1.444625101430180E+01,  3.593728880252940E+00,  8.556957552290043E-01,  5.721540533785301E+01,  1.478979459963493E+01,  3.284755932862748E+00
                    9     1.512936678004345E-03     6.277699982007974E-01,  8.100488774179746E+01,  1.444625101430180E+01,  3.593728880252940E+00,  8.556957552290043E-01,  5.721540533785301E+01,  1.478979459963493E+01,  3.284755932862748E+00
                   10     1.508281434162834E-03     6.390645870589295E-01,  8.259248206209995E+01,  1.453158176465009E+01,  3.069638373095477E+00,  8.388131719585411E-01,  5.515093031759991E+01,  1.485923817073925E+01,  3.753525174632441E+00
                   11     1.508280333314680E-03     6.388126918577959E-01,  8.255707507246497E+01,  1.452967869347221E+01,  3.081326791803838E+00,  8.391896922340450E-01,  5.519697283911122E+01,  1.485768942004718E+01,  3.743070546852359E+00
                   12     1.508246376599799E-03     6.380827022853963E-01,  1.224696865678028E+02,  1.452968384371249E+01,  3.082359309182714E+00,  8.394469437729298E-01,  5.521270361187160E+01,  1.485719161916015E+01,  3.739516232859179E+00
                   13     1.508203309908853E-03     6.381356888065389E-01,  8.453440193482443E+01,  1.452612475704466E+01,  3.079070464215552E+00,  8.394318541898009E-01,  5.519986534405619E+01,  1.485743458190463E+01,  3.741903146828290E+00
                   14     1.507748143004799E-03     6.433456924553476E-01,  1.308855052124000E+02,  1.437638211902790E+01,  3.001382045871855E+00,  8.384563149917261E-01,  5.487772883493233E+01,  1.486464809356545E+01,  3.804884231745467E+00
                   15     1.507748143004799E-03     6.433456924553476E-01,  1.308855052124000E+02,  1.437638211902790E+01,  3.001382045871855E+00,  8.384563149917261E-01,  5.487772883493233E+01,  1.486464809356545E+01,  3.804884231745467E+00
                   16     1.507256937276146E-03     6.387368976507106E-01,  8.988309170665696E+01,  1.450884519173268E+01,  3.070105602125941E+00,  8.393192817554510E-01,  5.491490180665571E+01,  1.486381568973230E+01,  3.797616523732174E+00
                   17     1.505455914056282E-03     6.108436297681393E-01,  9.151780605993291E+01,  1.450356405660635E+01,  3.067365680882012E+00,  8.392848763623426E-01,  5.491341976730157E+01,  1.486384887662003E+01,  3.797906278056102E+00
                   18     1.505455914056282E-03     6.108436297681393E-01,  9.151780605993291E+01,  1.450356405660635E+01,  3.067365680882012E+00,  8.392848763623426E-01,  5.491341976730157E+01,  1.486384887662003E+01,  3.797906278056102E+00
                   19     1.505455914056282E-03     6.108436297681393E-01,  9.151780605993291E+01,  1.450356405660635E+01,  3.067365680882012E+00,  8.392848763623426E-01,  5.491341976730157E+01,  1.486384887662003E+01,  3.797906278056102E+00
                   20     1.505455914056282E-03     6.108436297681393E-01,  9.151780605993291E+01,  1.450356405660635E+01,  3.067365680882012E+00,  8.392848763623426E-01,  5.491341976730157E+01,  1.486384887662003E+01,  3.797906278056102E+00
                   21     1.505455914056282E-03     6.108436297681393E-01,  9.151780605993291E+01,  1.450356405660635E+01,  3.067365680882012E+00,  8.392848763623426E-01,  5.491341976730157E+01,  1.486384887662003E+01,  3.797906278056102E+00
                   22     1.505455914056282E-03     6.108436297681393E-01,  9.151780605993291E+01,  1.450356405660635E+01,  3.067365680882012E+00,  8.392848763623426E-01,  5.491341976730157E+01,  1.486384887662003E+01,  3.797906278056102E+00
                   23     1.505455914056282E-03     6.108436297681393E-01,  9.151780605993291E+01,  1.450356405660635E+01,  3.067365680882012E+00,  8.392848763623426E-01,  5.491341976730157E+01,  1.486384887662003E+01,  3.797906278056102E+00
                   24     1.505455914056282E-03     6.108436297681393E-01,  9.151780605993291E+01,  1.450356405660635E+01,  3.067365680882012E+00,  8.392848763623426E-01,  5.491341976730157E+01,  1.486384887662003E+01,  3.797906278056102E+00
                   25     1.505300378565079E-03     6.016405683528921E-01,  5.731497231542320E+01,  1.430664873808496E+01,  3.070919975582015E+00,  8.394792837214178E-01,  5.491528856562559E+01,  1.486383995272184E+01,  3.797828363606624E+00
                   26     1.505300378565079E-03     6.016405683528921E-01,  5.731497231542320E+01,  1.430664873808496E+01,  3.070919975582015E+00,  8.394792837214178E-01,  5.491528856562559E+01,  1.486383995272184E+01,  3.797828363606624E+00
                   27     1.505300378565079E-03     6.016405683528921E-01,  5.731497231542320E+01,  1.430664873808496E+01,  3.070919975582015E+00,  8.394792837214178E-01,  5.491528856562559E+01,  1.486383995272184E+01,  3.797828363606624E+00
                   28     1.505300306536771E-03     6.016621265691287E-01,  5.752890663175384E+01,  1.430793078361566E+01,  3.070887963589118E+00,  8.394788241309467E-01,  5.491528750346878E+01,  1.486383998209600E+01,  3.797828354709245E+00
                   29     1.505300306536771E-03     6.016621265691287E-01,  5.752890663175384E+01,  1.430793078361566E+01,  3.070887963589118E+00,  8.394788241309467E-01,  5.491528750346878E+01,  1.486383998209600E+01,  3.797828354709245E+00
                   30     1.505300306536771E-03     6.016621265691287E-01,  5.752890663175384E+01,  1.430793078361566E+01,  3.070887963589118E+00,  8.394788241309467E-01,  5.491528750346878E+01,  1.486383998209600E+01,  3.797828354709245E+00
                   31     1.505300306536771E-03     6.016621265691287E-01,  5.752890663175384E+01,  1.430793078361566E+01,  3.070887963589118E+00,  8.394788241309467E-01,  5.491528750346878E+01,  1.486383998209600E+01,  3.797828354709245E+00
                   32     1.504965950961830E-03     6.031142786645184E-01,  6.820016712568113E+01,  1.447436166790757E+01,  2.966461447849845E+00,  8.393713738227295E-01,  5.491490964223424E+01,  1.486381118158156E+01,  3.797159519330213E+00
                   33     1.504939344530111E-03     6.029478176436727E-01,  5.301084360563480E+01,  1.448579388719744E+01,  2.953942841109904E+00,  8.393695706205437E-01,  5.491488563856313E+01,  1.486381132681243E+01,  3.797156714589236E+00
                   34     1.504938650540065E-03     6.029422459302071E-01,  5.259997448301420E+01,  1.448605111655815E+01,  2.953617256153575E+00,  8.393701909898328E-01,  5.491488750222667E+01,  1.486381129442697E+01,  3.797156448553165E+00
                   35     1.504938650540065E-03     6.029422459302071E-01,  5.259997448301420E+01,  1.448605111655815E+01,  2.953617256153575E+00,  8.393701909898328E-01,  5.491488750222667E+01,  1.486381129442697E+01,  3.797156448553165E+00
                   36     1.504938650540065E-03     6.029422459302071E-01,  5.259997448301420E+01,  1.448605111655815E+01,  2.953617256153575E+00,  8.393701909898328E-01,  5.491488750222667E+01,  1.486381129442697E+01,  3.797156448553165E+00
                   37     1.504931603100480E-03     6.029560845055717E-01,  5.453830935039656E+01,  1.449489883255213E+01,  2.958526965061037E+00,  8.393704317089163E-01,  5.491279151494899E+01,  1.486395743090964E+01,  3.798709172990439E+00
                   38     1.504931603100480E-03     6.029560845055717E-01,  5.453830935039656E+01,  1.449489883255213E+01,  2.958526965061037E+00,  8.393704317089163E-01,  5.491279151494899E+01,  1.486395743090964E+01,  3.798709172990439E+00
                   39     1.504931603100480E-03     6.029560845055717E-01,  5.453830935039656E+01,  1.449489883255213E+01,  2.958526965061037E+00,  8.393704317089163E-01,  5.491279151494899E+01,  1.486395743090964E+01,  3.798709172990439E+00
                   40     1.504931603100480E-03     6.029560845055717E-01,  5.453830935039656E+01,  1.449489883255213E+01,  2.958526965061037E+00,  8.393704317089163E-01,  5.491279151494899E+01,  1.486395743090964E+01,  3.798709172990439E+00
                   41     1.504931603100480E-03     6.029560845055717E-01,  5.453830935039656E+01,  1.449489883255213E+01,  2.958526965061037E+00,  8.393704317089163E-01,  5.491279151494899E+01,  1.486395743090964E+01,  3.798709172990439E+00
                   42     1.504931603100480E-03     6.029560845055717E-01,  5.453830935039656E+01,  1.449489883255213E+01,  2.958526965061037E+00,  8.393704317089163E-01,  5.491279151494899E+01,  1.486395743090964E+01,  3.798709172990439E+00
                   43     1.504931603100480E-03     6.029560845055717E-01,  5.453830935039656E+01,  1.449489883255213E+01,  2.958526965061037E+00,  8.393704317089163E-01,  5.491279151494899E+01,  1.486395743090964E+01,  3.798709172990439E+00
                   44     1.504911140868811E-03     6.005292912266678E-01,  2.300719796997060E+02,  1.451196547969435E+01,  2.971961128358189E+00,  8.393506966564432E-01,  5.491477865896307E+01,  1.486382540263489E+01,  3.797217402697200E+00
                   45     1.504909484937181E-03     6.004507644897773E-01,  2.303107368652942E+02,  1.451210508531903E+01,  2.971980409109933E+00,  8.393506683326363E-01,  5.491477849775720E+01,  1.486382542291228E+01,  3.797217489571605E+00
                   46     1.504908005003608E-03     6.002521975654673E-01,  2.453808474667051E+02,  1.715030228066654E+01,  2.973046703630922E+00,  8.393491019248251E-01,  5.491476996828291E+01,  1.486382651373991E+01,  3.797221994395502E+00
                   47     1.504907535004834E-03     6.000847940086671E-01,  2.513397558035915E+02,  1.731470411839145E+01,  2.973945652416226E+00,  8.393477813512206E-01,  5.491486531917069E+01,  1.486381930413933E+01,  3.797146147858008E+00
                   48     1.504854798890297E-03     6.000847940086671E-01,  2.513397558035915E+02,  1.455919909975546E+01,  2.958859232869483E+00,  8.393696613608196E-01,  5.491291176265342E+01,  1.486394917113477E+01,  3.798631456027718E+00
                   49     1.504854476749367E-03     6.001099160378235E-01,  1.869260446576867E+02,  1.459123165933877E+01,  2.952427527858642E+00,  8.393595888233621E-01,  5.491428916067738E+01,  1.486391010196596E+01,  3.797724333130134E+00
                   50     1.504853076425678E-03     6.000847940086671E-01,  5.791804240643320E+01,  1.455630286576179E+01,  2.958027547231606E+00,  8.393699701672763E-01,  5.491291180677976E+01,  1.486395124856791E+01,  3.798630948480433E+00
                   51     1.504847222774648E-03     6.000952915860743E-01,  9.959068427459204E+01,  1.457729505661899E+01,  2.953415940205159E+00,  8.393630417258581E-01,  5.491421589700081E+01,  1.486393354719947E+01,  3.798492180958513E+00
                   52     1.504847222774648E-03     6.000952915860743E-01,  9.959068427459204E+01,  1.457729505661899E+01,  2.953415940205159E+00,  8.393630417258581E-01,  5.491421589700081E+01,  1.486393354719947E+01,  3.798492180958513E+00
                   53     1.504841799087215E-03     6.000672948153197E-01,  7.746721111957683E+01,  1.453959640318082E+01,  2.951726973157659E+00,  8.393610119228481E-01,  5.491436571922016E+01,  1.486394003968426E+01,  3.798647009901226E+00
                   54     1.504840393851837E-03     6.000300474390643E-01,  7.882243518176948E+01,  1.443080911509916E+01,  2.951393649732378E+00,  8.393597808927085E-01,  5.491446519073637E+01,  1.486393793033787E+01,  3.798639275926487E+00
                   55     1.504825760485625E-03     5.818958714843242E-01,  7.796278708932097E+01,  1.483400818006207E+01,  2.951525250789866E+00,  8.393607021355630E-01,  5.491443588946892E+01,  1.486393912953345E+01,  3.798650292436490E+00
                   56     1.504825760485625E-03     5.818958714843242E-01,  7.796278708932097E+01,  1.483400818006207E+01,  2.951525250789866E+00,  8.393607021355630E-01,  5.491443588946892E+01,  1.486393912953345E+01,  3.798650292436490E+00
                   57     1.504825760485625E-03     5.818958714843242E-01,  7.796278708932097E+01,  1.483400818006207E+01,  2.951525250789866E+00,  8.393607021355630E-01,  5.491443588946892E+01,  1.486393912953345E+01,  3.798650292436490E+00
                   58     1.504475098447976E-03     5.809031711429975E-01,  7.478489181038177E+01,  1.474925100844692E+01,  2.864629413394772E+00,  8.393603216537685E-01,  5.491451471485416E+01,  1.486393958995469E+01,  3.798656573194712E+00
                   59     1.504436282043867E-03     5.804367115562226E-01,  7.287540019188033E+01,  1.473308601340771E+01,  2.849755248017694E+00,  8.393602231697326E-01,  5.491453422719581E+01,  1.486393962719874E+01,  3.798658045092063E+00
                   60     1.504436282043867E-03     5.804367115562226E-01,  7.287540019188033E+01,  1.473308601340771E+01,  2.849755248017694E+00,  8.393602231697326E-01,  5.491453422719581E+01,  1.486393962719874E+01,  3.798658045092063E+00
                   61     1.504436282043867E-03     5.804367115562226E-01,  7.287540019188033E+01,  1.473308601340771E+01,  2.849755248017694E+00,  8.393602231697326E-01,  5.491453422719581E+01,  1.486393962719874E+01,  3.798658045092063E+00
                   62     1.504436282043867E-03     5.804367115562226E-01,  7.287540019188033E+01,  1.473308601340771E+01,  2.849755248017694E+00,  8.393602231697326E-01,  5.491453422719581E+01,  1.486393962719874E+01,  3.798658045092063E+00
                   63     1.504417365257091E-03     5.801851286098095E-01,  3.132295713047529E+02,  1.472539450999874E+01,  2.841747063302808E+00,  8.393601905125528E-01,  5.491454105716285E+01,  1.486393967263051E+01,  3.798658595278070E+00
                   64     1.504417080371535E-03     5.801851286098095E-01,  7.268108512318398E+01,  1.472539450999874E+01,  2.841747063302808E+00,  8.393645340080567E-01,  5.491433566543839E+01,  1.486394481632773E+01,  3.798640962201071E+00
                   65     1.504417080371535E-03     5.801851286098095E-01,  7.268108512318398E+01,  1.472539450999874E+01,  2.841747063302808E+00,  8.393645340080567E-01,  5.491433566543839E+01,  1.486394481632773E+01,  3.798640962201071E+00
                   66     1.504416618829779E-03     5.805240624306864E-01,  7.320953303965663E+01,  1.473329918472800E+01,  2.842438698430342E+00,  8.393602248033167E-01,  5.491454093601530E+01,  1.486393965769000E+01,  3.798658070006391E+00
                   67     1.504403710821431E-03     5.796771685965747E-01,  6.764709329860136E+01,  1.468267872506778E+01,  2.834635523863693E+00,  8.393601397681809E-01,  5.491454315817633E+01,  1.486393960536578E+01,  3.798658907000695E+00
                   68     1.504403202412783E-03     5.796598265013910E-01,  6.590623502894847E+01,  1.468857146777012E+01,  2.834350925969103E+00,  8.393601140241640E-01,  5.491454878851298E+01,  1.486393957433851E+01,  3.798659389558710E+00
                   69     1.504396405416402E-03     5.795843376071996E-01,  6.270462546779628E+01,  1.468614744070165E+01,  2.831232634791890E+00,  8.393601153814780E-01,  5.491455379773440E+01,  1.486393954571794E+01,  3.798659844819608E+00
                   70     1.504396015801854E-03     5.795731522511537E-01,  5.766746902095348E+01,  1.468540608620468E+01,  2.831031725468642E+00,  8.393601139664220E-01,  5.491455404368547E+01,  1.486393943964742E+01,  3.798660223593030E+00
                   71     1.504396015801854E-03     5.795731522511537E-01,  5.766746902095348E+01,  1.468540608620468E+01,  2.831031725468642E+00,  8.393601139664220E-01,  5.491455404368547E+01,  1.486393943964742E+01,  3.798660223593030E+00
                   72     1.504394285233921E-03     5.796156156780319E-01,  4.022386526846184E+01,  1.719594561088472E+01,  2.830418526318807E+00,  8.393600987900407E-01,  5.491455857464975E+01,  1.486393767816244E+01,  3.798666412078265E+00
                   73     1.504386258339409E-03     5.792615398806303E-01,  4.023787998186157E+01,  1.769715807324591E+01,  2.825719957952979E+00,  8.393600542560682E-01,  5.491456447102195E+01,  1.486393685078826E+01,  3.798669799062294E+00
                   74     1.504386258339409E-03     5.792615398806303E-01,  4.023787998186157E+01,  1.769715807324591E+01,  2.825719957952979E+00,  8.393600542560682E-01,  5.491456447102195E+01,  1.486393685078826E+01,  3.798669799062294E+00
                   75     1.504386258339409E-03     5.792615398806303E-01,  4.023787998186157E+01,  1.769715807324591E+01,  2.825719957952979E+00,  8.393600542560682E-01,  5.491456447102195E+01,  1.486393685078826E+01,  3.798669799062294E+00
                   76     1.504380740601538E-03     5.790616431188986E-01,  4.014101780584045E+01,  1.769633571003455E+01,  2.822537885922244E+00,  8.393599980145778E-01,  5.491457526132810E+01,  1.486393537247529E+01,  3.798675963425501E+00
                   77     1.504376395864858E-03     5.788948962297811E-01,  1.832601075851056E+02,  1.769573833909106E+01,  2.819957433587434E+00,  8.393599629746012E-01,  5.491458159232862E+01,  1.486393420702370E+01,  3.798680510752500E+00
                   78     1.504350383697604E-03     5.796036867351506E-01,  4.920409499888256E+01,  1.536411568700403E+01,  2.830912465874475E+00,  8.441851800834659E-01,  5.491455497299336E+01,  1.486393915030146E+01,  3.798661252748182E+00
                   79     1.504350383697604E-03     5.796036867351506E-01,  4.920409499888256E+01,  1.536411568700403E+01,  2.830912465874475E+00,  8.441851800834659E-01,  5.491455497299336E+01,  1.486393915030146E+01,  3.798661252748182E+00
                   80     1.504350383697604E-03     5.796036867351506E-01,  4.920409499888256E+01,  1.536411568700403E+01,  2.830912465874475E+00,  8.441851800834659E-01,  5.491455497299336E+01,  1.486393915030146E+01,  3.798661252748182E+00
                   81     1.504350259331241E-03     5.795189403932869E-01,  5.988552647929213E+01,  1.605786008896788E+01,  2.830912465874475E+00,  8.441851800834659E-01,  5.491455497299336E+01,  1.486393915030146E+01,  3.798661252748182E+00
                   82     1.504342946325693E-03     5.795822021261631E-01,  4.016623334993458E+01,  1.559634760840983E+01,  2.831856826480900E+00,  8.459062646541058E-01,  5.491454897295301E+01,  1.486393961171065E+01,  3.798656695165817E+00
                   83     1.504336379978045E-03     5.793988385631321E-01,  1.170620478211232E+02,  1.674323254632314E+01,  2.823694515950454E+00,  8.442881196735527E-01,  5.491457403227418E+01,  1.486393521762588E+01,  3.798672661587771E+00
                   84     1.504335515259145E-03     5.794233578509536E-01,  1.204654444638524E+02,  1.670097689695179E+01,  2.823892711685080E+00,  8.445062418914698E-01,  5.491457362351500E+01,  1.486393527407815E+01,  3.798672265899774E+00
                   85     1.504330620128751E-03     5.792239856090522E-01,  1.355683872707810E+02,  1.613527133124691E+01,  2.818874894151302E+00,  8.438782782519960E-01,  5.491456079729804E+01,  1.486393834508169E+01,  3.798663600722259E+00
                   86     1.504330609832514E-03     5.792241761209829E-01,  1.355553490137963E+02,  1.613552164556252E+01,  2.818866218449251E+00,  8.438782458290128E-01,  5.491456080761922E+01,  1.486393834568332E+01,  3.798663602263791E+00
                   87     1.504330255283309E-03     5.792098147039635E-01,  1.366418685489931E+02,  1.609506232419922E+01,  2.818518239607294E+00,  8.438336440890390E-01,  5.491455988564103E+01,  1.486393856336132E+01,  3.798662984822036E+00
                   88     1.504330255283309E-03     5.792098147039635E-01,  1.366418685489931E+02,  1.609506232419922E+01,  2.818518239607294E+00,  8.438336440890390E-01,  5.491455988564103E+01,  1.486393856336132E+01,  3.798662984822036E+00
                   89     1.504330255283309E-03     5.792098147039635E-01,  1.366418685489931E+02,  1.609506232419922E+01,  2.818518239607294E+00,  8.438336440890390E-01,  5.491455988564103E+01,  1.486393856336132E+01,  3.798662984822036E+00
                   90     1.504330215258827E-03     5.792098147039635E-01,  1.366418685489931E+02,  1.609506232419922E+01,  2.818518239607294E+00,  8.438336440890390E-01,  5.491455988564103E+01,  1.486393776009893E+01,  3.798669691609972E+00
                   91     1.504330049676546E-03     5.792015959671035E-01,  1.372644582914641E+02,  1.607174220129542E+01,  2.818311389739287E+00,  8.438077574968974E-01,  5.491455935690492E+01,  1.486393785529311E+01,  3.798669596593881E+00
                   92     1.504330049676546E-03     5.792015959671035E-01,  1.372644582914641E+02,  1.607174220129542E+01,  2.818311389739287E+00,  8.438077574968974E-01,  5.491455935690492E+01,  1.486393785529311E+01,  3.798669596593881E+00
                   93     1.504330049676546E-03     5.792015959671035E-01,  1.372644582914641E+02,  1.607174220129542E+01,  2.818311389739287E+00,  8.438077574968974E-01,  5.491455935690492E+01,  1.486393785529311E+01,  3.798669596593881E+00
                   94     1.504330036827439E-03     5.792014776951903E-01,  1.551515185890588E+02,  1.607190913943574E+01,  2.818313039938753E+00,  8.438079673583978E-01,  5.491455936122100E+01,  1.486393785703128E+01,  3.798669578484052E+00
                   95     1.504329951988288E-03     5.792150932187118E-01,  1.414360709528244E+02,  1.613345968533897E+01,  2.818318721128691E+00,  8.438194418337418E-01,  5.491455939583692E+01,  1.486393791927684E+01,  3.798666928639110E+00
                   96     1.504329951988288E-03     5.792150932187118E-01,  1.414360709528244E+02,  1.613345968533897E+01,  2.818318721128691E+00,  8.438194418337418E-01,  5.491455939583692E+01,  1.486393791927684E+01,  3.798666928639110E+00
                   97     1.504329951988288E-03     5.792150932187118E-01,  1.414360709528244E+02,  1.613345968533897E+01,  2.818318721128691E+00,  8.438194418337418E-01,  5.491455939583692E+01,  1.486393791927684E+01,  3.798666928639110E+00
                   98     1.504329951988288E-03     5.792150932187118E-01,  1.414360709528244E+02,  1.613345968533897E+01,  2.818318721128691E+00,  8.438194418337418E-01,  5.491455939583692E+01,  1.486393791927684E+01,  3.798666928639110E+00
                   99     1.504329951988288E-03     5.792150932187118E-01,  1.414360709528244E+02,  1.613345968533897E+01,  2.818318721128691E+00,  8.438194418337418E-01,  5.491455939583692E+01,  1.486393791927684E+01,  3.798666928639110E+00
                  100     1.504329928055175E-03     5.792150783348311E-01,  1.414074479641910E+02,  1.613344513636573E+01,  2.818318896841117E+00,  8.438194592322956E-01,  5.491455939594302E+01,  1.486393791927857E+01,  3.798666924847836E+00
  
           Iteration stopped. Number of iterations is equal to max. number of iterations =    100
 
 
           Best results:
             Site number:    1, chi^2 =     1.504329928055175E-03,  Parameterset = 5.792150783348311E-01,  1.414074479641910E+02,  1.613344513636573E+01,  2.818318896841117E+00,  8.438194592322956E-01,  5.491455939594302E+01,  1.486393791927857E+01,  3.798666924847836E+00

algorithm ends at Date: 27.04.2023,     Time: 10:05:00
 
------------------------------------------------------------------------------------------------------------------------------------------------------
