
log-file for error estimation using Interval-Nested-Sampling algorithm:
-----------------------------------------------------------------------


algorithm starts at Date: 27.04.2023,     Time: 10:08:18


           Renormalized limit for chi^2 =     5.920000000000000e-06


           Nested sampling loop for free parameter 1


           Iteration:                    chi^2:     Parameter:
                    1     1.467778331109367E-03     9.308124684424044E-01,  1.414074479641910E+02,  1.613344513636573E+01,  2.198648360032348E+00,  1.299911364726295E+00,  5.015940485756204E+01,  1.486649793621192E+01,  8.058421860233620E+00
                    2     1.467718980428193E-03     9.876105502204959E-01,  1.414074479641910E+02,  1.613344513636573E+01,  2.198648360032348E+00,  1.299911364726295E+00,  5.015940485756204E+01,  1.486649793621192E+01,  8.058421860233620E+00
                    3     1.467718980428193E-03     9.876105502204959E-01,  1.414074479641910E+02,  1.613344513636573E+01,  2.198648360032348E+00,  1.299911364726295E+00,  5.015940485756204E+01,  1.486649793621192E+01,  8.058421860233620E+00
                    4     1.467510985333832E-03     9.450119888869273E-01,  1.414074479641910E+02,  1.613344513636573E+01,  2.198648360032348E+00,  1.299911364726295E+00,  5.015940485756204E+01,  1.486649793621192E+01,  8.058421860233620E+00
                    5     1.467443591464657E-03     9.521117491091887E-01,  1.414074479641910E+02,  1.613344513636573E+01,  2.198648360032348E+00,  1.299911364726295E+00,  5.015940485756204E+01,  1.486649793621192E+01,  8.058421860233620E+00
                    6     1.467443591464657E-03     9.521117491091887E-01,  1.414074479641910E+02,  1.613344513636573E+01,  2.198648360032348E+00,  1.299911364726295E+00,  5.015940485756204E+01,  1.486649793621192E+01,  8.058421860233620E+00
                    7     1.467443591464657E-03     9.521117491091887E-01,  1.414074479641910E+02,  1.613344513636573E+01,  2.198648360032348E+00,  1.299911364726295E+00,  5.015940485756204E+01,  1.486649793621192E+01,  8.058421860233620E+00
                    8     1.467425900913543E-03     9.556616292203195E-01,  1.414074479641910E+02,  1.613344513636573E+01,  2.198648360032348E+00,  1.299911364726295E+00,  5.015940485756204E+01,  1.486649793621192E+01,  8.058421860233620E+00
  

           Nested sampling loop for free parameter 2


           Iteration:                    chi^2:     Parameter:
                    1     1.467418670648826E-03     9.592115093314502E-01,  7.380248265473033E+01,  1.613344513636573E+01,  2.198648360032348E+00,  1.299911364726295E+00,  5.015940485756204E+01,  1.486649793621192E+01,  8.058421860233620E+00
                    2     1.467418670648826E-03     9.592115093314502E-01,  7.380248265473033E+01,  1.613344513636573E+01,  2.198648360032348E+00,  1.299911364726295E+00,  5.015940485756204E+01,  1.486649793621192E+01,  8.058421860233620E+00
                    3     1.467418670648826E-03     9.592115093314502E-01,  7.380248265473033E+01,  1.613344513636573E+01,  2.198648360032348E+00,  1.299911364726295E+00,  5.015940485756204E+01,  1.486649793621192E+01,  8.058421860233620E+00
                    4     1.467418670648826E-03     9.592115093314502E-01,  7.380248265473033E+01,  1.613344513636573E+01,  2.198648360032348E+00,  1.299911364726295E+00,  5.015940485756204E+01,  1.486649793621192E+01,  8.058421860233620E+00
                    5     1.467418670648826E-03     9.592115093314502E-01,  7.380248265473033E+01,  1.613344513636573E+01,  2.198648360032348E+00,  1.299911364726295E+00,  5.015940485756204E+01,  1.486649793621192E+01,  8.058421860233620E+00
                    6     1.467418670648826E-03     9.592115093314502E-01,  7.380248265473033E+01,  1.613344513636573E+01,  2.198648360032348E+00,  1.299911364726295E+00,  5.015940485756204E+01,  1.486649793621192E+01,  8.058421860233620E+00
                    7     1.467418670648826E-03     9.592115093314502E-01,  7.380248265473033E+01,  1.613344513636573E+01,  2.198648360032348E+00,  1.299911364726295E+00,  5.015940485756204E+01,  1.486649793621192E+01,  8.058421860233620E+00
                    8     1.467418670648826E-03     9.592115093314502E-01,  7.380248265473033E+01,  1.613344513636573E+01,  2.198648360032348E+00,  1.299911364726295E+00,  5.015940485756204E+01,  1.486649793621192E+01,  8.058421860233620E+00
  

           Nested sampling loop for free parameter 3


           Iteration:                    chi^2:     Parameter:
                    1     1.467418670648826E-03     9.592115093314502E-01,  7.380248265473033E+01,  1.613344513636573E+01,  2.198648360032348E+00,  1.299911364726295E+00,  5.015940485756204E+01,  1.486649793621192E+01,  8.058421860233620E+00
                    2     1.467418670648826E-03     9.592115093314502E-01,  7.380248265473033E+01,  1.613344513636573E+01,  2.198648360032348E+00,  1.299911364726295E+00,  5.015940485756204E+01,  1.486649793621192E+01,  8.058421860233620E+00
                    3     1.467418670648826E-03     9.592115093314502E-01,  7.380248265473033E+01,  1.613344513636573E+01,  2.198648360032348E+00,  1.299911364726295E+00,  5.015940485756204E+01,  1.486649793621192E+01,  8.058421860233620E+00
                    4     1.467418670648826E-03     9.592115093314502E-01,  7.380248265473033E+01,  1.613344513636573E+01,  2.198648360032348E+00,  1.299911364726295E+00,  5.015940485756204E+01,  1.486649793621192E+01,  8.058421860233620E+00
                    5     1.467418670648826E-03     9.592115093314502E-01,  7.380248265473033E+01,  1.613344513636573E+01,  2.198648360032348E+00,  1.299911364726295E+00,  5.015940485756204E+01,  1.486649793621192E+01,  8.058421860233620E+00
                    6     1.467418670648826E-03     9.592115093314502E-01,  7.380248265473033E+01,  1.613344513636573E+01,  2.198648360032348E+00,  1.299911364726295E+00,  5.015940485756204E+01,  1.486649793621192E+01,  8.058421860233620E+00
                    7     1.467418670648826E-03     9.592115093314502E-01,  7.380248265473033E+01,  1.613344513636573E+01,  2.198648360032348E+00,  1.299911364726295E+00,  5.015940485756204E+01,  1.486649793621192E+01,  8.058421860233620E+00
                    8     1.467418670648826E-03     9.592115093314502E-01,  7.380248265473033E+01,  1.613344513636573E+01,  2.198648360032348E+00,  1.299911364726295E+00,  5.015940485756204E+01,  1.486649793621192E+01,  8.058421860233620E+00
  

           Nested sampling loop for free parameter 4


           Iteration:                    chi^2:     Parameter:
                    1     1.467418670648826E-03     9.592115093314502E-01,  7.380248265473033E+01,  1.613344513636573E+01,  2.198648360032348E+00,  1.299911364726295E+00,  5.015940485756204E+01,  1.486649793621192E+01,  8.058421860233620E+00
                    2     1.467418670648826E-03     9.592115093314502E-01,  7.380248265473033E+01,  1.613344513636573E+01,  2.198648360032348E+00,  1.299911364726295E+00,  5.015940485756204E+01,  1.486649793621192E+01,  8.058421860233620E+00
                    3     1.467418670648826E-03     9.592115093314502E-01,  7.380248265473033E+01,  1.613344513636573E+01,  2.198648360032348E+00,  1.299911364726295E+00,  5.015940485756204E+01,  1.486649793621192E+01,  8.058421860233620E+00
                    4     1.467418670648826E-03     9.592115093314502E-01,  7.380248265473033E+01,  1.613344513636573E+01,  2.198648360032348E+00,  1.299911364726295E+00,  5.015940485756204E+01,  1.486649793621192E+01,  8.058421860233620E+00
                    5     1.467418670648826E-03     9.592115093314502E-01,  7.380248265473033E+01,  1.613344513636573E+01,  2.198648360032348E+00,  1.299911364726295E+00,  5.015940485756204E+01,  1.486649793621192E+01,  8.058421860233620E+00
                    6     1.467418670648826E-03     9.592115093314502E-01,  7.380248265473033E+01,  1.613344513636573E+01,  2.198648360032348E+00,  1.299911364726295E+00,  5.015940485756204E+01,  1.486649793621192E+01,  8.058421860233620E+00
                    7     1.467418670648826E-03     9.592115093314502E-01,  7.380248265473033E+01,  1.613344513636573E+01,  2.198648360032348E+00,  1.299911364726295E+00,  5.015940485756204E+01,  1.486649793621192E+01,  8.058421860233620E+00
                    8     1.467418670648826E-03     9.592115093314502E-01,  7.380248265473033E+01,  1.613344513636573E+01,  2.198648360032348E+00,  1.299911364726295E+00,  5.015940485756204E+01,  1.486649793621192E+01,  8.058421860233620E+00
  

           Nested sampling loop for free parameter 5


           Iteration:                    chi^2:     Parameter:
                    1     1.467418670648826E-03     9.592115093314502E-01,  7.380248265473033E+01,  1.613344513636573E+01,  2.198648360032348E+00,  1.299911364726295E+00,  5.015940485756204E+01,  1.486649793621192E+01,  8.058421860233620E+00
                    2     1.467418670648826E-03     9.592115093314502E-01,  7.380248265473033E+01,  1.613344513636573E+01,  2.198648360032348E+00,  1.299911364726295E+00,  5.015940485756204E+01,  1.486649793621192E+01,  8.058421860233620E+00
                    3     1.467418670648826E-03     9.592115093314502E-01,  7.380248265473033E+01,  1.613344513636573E+01,  2.198648360032348E+00,  1.299911364726295E+00,  5.015940485756204E+01,  1.486649793621192E+01,  8.058421860233620E+00
                    4     1.467418670648826E-03     9.592115093314502E-01,  7.380248265473033E+01,  1.613344513636573E+01,  2.198648360032348E+00,  1.299911364726295E+00,  5.015940485756204E+01,  1.486649793621192E+01,  8.058421860233620E+00
                    5     1.467418670648826E-03     9.592115093314502E-01,  7.380248265473033E+01,  1.613344513636573E+01,  2.198648360032348E+00,  1.299911364726295E+00,  5.015940485756204E+01,  1.486649793621192E+01,  8.058421860233620E+00
                    6     1.467418670648826E-03     9.592115093314502E-01,  7.380248265473033E+01,  1.613344513636573E+01,  2.198648360032348E+00,  1.299911364726295E+00,  5.015940485756204E+01,  1.486649793621192E+01,  8.058421860233620E+00
                    7     1.467418670648826E-03     9.592115093314502E-01,  7.380248265473033E+01,  1.613344513636573E+01,  2.198648360032348E+00,  1.299911364726295E+00,  5.015940485756204E+01,  1.486649793621192E+01,  8.058421860233620E+00
                    8     1.467418670648826E-03     9.592115093314502E-01,  7.380248265473033E+01,  1.613344513636573E+01,  2.198648360032348E+00,  1.299911364726295E+00,  5.015940485756204E+01,  1.486649793621192E+01,  8.058421860233620E+00
  

           Nested sampling loop for free parameter 6


           Iteration:                    chi^2:     Parameter:
                    1     1.467418670648826E-03     9.592115093314502E-01,  7.380248265473033E+01,  1.613344513636573E+01,  2.198648360032348E+00,  1.299911364726295E+00,  5.015940485756204E+01,  1.486649793621192E+01,  8.058421860233620E+00
                    2     1.467418670648826E-03     9.592115093314502E-01,  7.380248265473033E+01,  1.613344513636573E+01,  2.198648360032348E+00,  1.299911364726295E+00,  5.015940485756204E+01,  1.486649793621192E+01,  8.058421860233620E+00
                    3     1.467418670648826E-03     9.592115093314502E-01,  7.380248265473033E+01,  1.613344513636573E+01,  2.198648360032348E+00,  1.299911364726295E+00,  5.015940485756204E+01,  1.486649793621192E+01,  8.058421860233620E+00
                    4     1.467418670648826E-03     9.592115093314502E-01,  7.380248265473033E+01,  1.613344513636573E+01,  2.198648360032348E+00,  1.299911364726295E+00,  5.015940485756204E+01,  1.486649793621192E+01,  8.058421860233620E+00
                    5     1.467418670648826E-03     9.592115093314502E-01,  7.380248265473033E+01,  1.613344513636573E+01,  2.198648360032348E+00,  1.299911364726295E+00,  5.015940485756204E+01,  1.486649793621192E+01,  8.058421860233620E+00
                    6     1.467418670648826E-03     9.592115093314502E-01,  7.380248265473033E+01,  1.613344513636573E+01,  2.198648360032348E+00,  1.299911364726295E+00,  5.015940485756204E+01,  1.486649793621192E+01,  8.058421860233620E+00
                    7     1.467418670648826E-03     9.592115093314502E-01,  7.380248265473033E+01,  1.613344513636573E+01,  2.198648360032348E+00,  1.299911364726295E+00,  5.015940485756204E+01,  1.486649793621192E+01,  8.058421860233620E+00
                    8     1.467418670648826E-03     9.592115093314502E-01,  7.380248265473033E+01,  1.613344513636573E+01,  2.198648360032348E+00,  1.299911364726295E+00,  5.015940485756204E+01,  1.486649793621192E+01,  8.058421860233620E+00
  

           Nested sampling loop for free parameter 7


           Iteration:                    chi^2:     Parameter:
                    1     1.467418670648826E-03     9.592115093314502E-01,  7.380248265473033E+01,  1.613344513636573E+01,  2.198648360032348E+00,  1.299911364726295E+00,  5.015940485756204E+01,  1.486649793621192E+01,  8.058421860233620E+00
                    2     1.467418670648826E-03     9.592115093314502E-01,  7.380248265473033E+01,  1.613344513636573E+01,  2.198648360032348E+00,  1.299911364726295E+00,  5.015940485756204E+01,  1.486649793621192E+01,  8.058421860233620E+00
                    3     1.467418670648826E-03     9.592115093314502E-01,  7.380248265473033E+01,  1.613344513636573E+01,  2.198648360032348E+00,  1.299911364726295E+00,  5.015940485756204E+01,  1.486649793621192E+01,  8.058421860233620E+00
                    4     1.467418670648826E-03     9.592115093314502E-01,  7.380248265473033E+01,  1.613344513636573E+01,  2.198648360032348E+00,  1.299911364726295E+00,  5.015940485756204E+01,  1.486649793621192E+01,  8.058421860233620E+00
                    5     1.467418670648826E-03     9.592115093314502E-01,  7.380248265473033E+01,  1.613344513636573E+01,  2.198648360032348E+00,  1.299911364726295E+00,  5.015940485756204E+01,  1.486649793621192E+01,  8.058421860233620E+00
                    6     1.467418670648826E-03     9.592115093314502E-01,  7.380248265473033E+01,  1.613344513636573E+01,  2.198648360032348E+00,  1.299911364726295E+00,  5.015940485756204E+01,  1.486649793621192E+01,  8.058421860233620E+00
                    7     1.467418670648826E-03     9.592115093314502E-01,  7.380248265473033E+01,  1.613344513636573E+01,  2.198648360032348E+00,  1.299911364726295E+00,  5.015940485756204E+01,  1.486649793621192E+01,  8.058421860233620E+00
                    8     1.467418670648826E-03     9.592115093314502E-01,  7.380248265473033E+01,  1.613344513636573E+01,  2.198648360032348E+00,  1.299911364726295E+00,  5.015940485756204E+01,  1.486649793621192E+01,  8.058421860233620E+00
  

           Nested sampling loop for free parameter 8


           Iteration:                    chi^2:     Parameter:
                    1     1.467418670648826E-03     9.592115093314502E-01,  7.380248265473033E+01,  1.613344513636573E+01,  2.198648360032348E+00,  1.299911364726295E+00,  5.015940485756204E+01,  1.486649793621192E+01,  8.058421860233620E+00
                    2     1.467418670648826E-03     9.592115093314502E-01,  7.380248265473033E+01,  1.613344513636573E+01,  2.198648360032348E+00,  1.299911364726295E+00,  5.015940485756204E+01,  1.486649793621192E+01,  8.058421860233620E+00
                    3     1.467418670648826E-03     9.592115093314502E-01,  7.380248265473033E+01,  1.613344513636573E+01,  2.198648360032348E+00,  1.299911364726295E+00,  5.015940485756204E+01,  1.486649793621192E+01,  8.058421860233620E+00
                    4     1.467418670648826E-03     9.592115093314502E-01,  7.380248265473033E+01,  1.613344513636573E+01,  2.198648360032348E+00,  1.299911364726295E+00,  5.015940485756204E+01,  1.486649793621192E+01,  8.058421860233620E+00
                    5     1.467418670648826E-03     9.592115093314502E-01,  7.380248265473033E+01,  1.613344513636573E+01,  2.198648360032348E+00,  1.299911364726295E+00,  5.015940485756204E+01,  1.486649793621192E+01,  8.058421860233620E+00
                    6     1.467418670648826E-03     9.592115093314502E-01,  7.380248265473033E+01,  1.613344513636573E+01,  2.198648360032348E+00,  1.299911364726295E+00,  5.015940485756204E+01,  1.486649793621192E+01,  8.058421860233620E+00
                    7     1.467418670648826E-03     9.592115093314502E-01,  7.380248265473033E+01,  1.613344513636573E+01,  2.198648360032348E+00,  1.299911364726295E+00,  5.015940485756204E+01,  1.486649793621192E+01,  8.058421860233620E+00
                    8     1.467418670648826E-03     9.592115093314502E-01,  7.380248265473033E+01,  1.613344513636573E+01,  2.198648360032348E+00,  1.299911364726295E+00,  5.015940485756204E+01,  1.486649793621192E+01,  8.058421860233620E+00
  

           Table of results:


           | Free parameter |    Minimum point  |   Error_left    |   Error_right   | Mean parameter value |  Standard deviation  |  log(Evidence)   |
           -------------------------------------------------------------------------------------------------------------------------------------------
           |          1     |    9.59211509e-01 |  2.60616701e-01 |  1.00947131e-01 |       8.79376724e-01 |       1.80781916e-01 |  -1.46161866e-01 |
           --------------------------------------------------------------------------------------------------------------------------------------------
           |          2     |    1.41407448e+02 |  6.72219376e+01 |  8.38417030e+01 |       1.49717331e+02 |       7.55318203e+01 |  -1.46147167e-01 |
           --------------------------------------------------------------------------------------------------------------------------------------------
           |          3     |    1.61334451e+01 |  1.23083082e+00 |  9.01570299e-01 |       1.59688149e+01 |       1.06620056e+00 |  -1.46147167e-01 |
           --------------------------------------------------------------------------------------------------------------------------------------------
           |          4     |    2.19864836e+00 |  9.48079422e-01 |  1.18751983e+00 |       2.31836857e+00 |       1.06779963e+00 |  -1.46181659e-01 |
           --------------------------------------------------------------------------------------------------------------------------------------------
           |          5     |    1.29991136e+00 |  5.15994529e-01 |  0.00000000e+00 |       9.89967004e-01 |       2.57997265e-01 |  -1.46162830e-01 |
           --------------------------------------------------------------------------------------------------------------------------------------------
           |          6     |    5.01594049e+01 |  1.01594049e+01 |  9.90566880e+01 |       9.44583658e+01 |       5.47577270e+01 |  -1.76788423e-01 |
           --------------------------------------------------------------------------------------------------------------------------------------------
           |          7     |    1.48664979e+01 |  5.84299933e-01 |  1.50314948e-01 |       1.46495054e+01 |       3.67307440e-01 |  -4.41677756e-01 |
           --------------------------------------------------------------------------------------------------------------------------------------------
           |          8     |    8.05842186e+00 |  2.62539735e+00 |  6.17490874e-01 |       7.05446862e+00 |       1.62144411e+00 |  -1.46159688e-01 |
           --------------------------------------------------------------------------------------------------------------------------------------------



algorithm ends at Date: 27.04.2023,     Time: 10:16:36

------------------------------------------------------------------------------------------------------------------------------------------------------
