 
log-file for Levenberg-Marquardt algorithm:
-------------------------------------------
 
 
algorithm starts at Date: 25.04.2023,     Time: 16:31:03
 
 
 
 
           Sub-beam description is NOT used!
 
 
           Do NOT take local-overlap into account!
 
 
           Start Levenberg-Marquardt algorithm (MPI version) ..
 
           Renormalized limit for chi^2 =     4.670000000000000E-06
 
 
           Using Numerical Recepies (NR) version!
 
 
           Iteration:                    chi^2:     alamda:     Parameter:
 
 Using Singular Value Decomposition!
 
                    1     1.475116821801652E-03      1.E-04     7.735355433193626E-01,  2.839958223035192E+02,  1.588089280254366E+01,  1.939140447649972E+00,  1.232870229622066E+00,  4.578892063476179E+01,  1.497709380689790E+01,  6.466475447290338E+00
 
 Using Singular Value Decomposition!
 
                    2     1.469502296717976E-03      1.E-05     7.750218250848419E-01,  2.839958223035192E+02,  1.590514714481961E+01,  1.928397150558491E+00,  1.234409406233073E+00,  5.001526238776718E+01,  1.490515340616004E+01,  7.727355603819787E+00
 
 Using Singular Value Decomposition!
 
                    3     1.469502296717976E-03      1.E-04     7.750218250848419E-01,  2.839958223035192E+02,  1.590514714481961E+01,  1.928397150558491E+00,  1.234409406233073E+00,  5.001526238776718E+01,  1.490515340616004E+01,  7.727355603819787E+00
 
 Using Singular Value Decomposition!
 
                    4     1.469502296717976E-03      1.E-03     7.750218250848419E-01,  2.839958223035192E+02,  1.590514714481961E+01,  1.928397150558491E+00,  1.234409406233073E+00,  5.001526238776718E+01,  1.490515340616004E+01,  7.727355603819787E+00
 
 Using Singular Value Decomposition!
 
                    5     1.469502296717976E-03      1.E-02     7.750218250848419E-01,  2.839958223035192E+02,  1.590514714481961E+01,  1.928397150558491E+00,  1.234409406233073E+00,  5.001526238776718E+01,  1.490515340616004E+01,  7.727355603819787E+00
 
 Using Singular Value Decomposition!
 
                    6     1.469502296717976E-03      1.E-01     7.750218250848419E-01,  2.839958223035192E+02,  1.590514714481961E+01,  1.928397150558491E+00,  1.234409406233073E+00,  5.001526238776718E+01,  1.490515340616004E+01,  7.727355603819787E+00
 
 Using Singular Value Decomposition!
 
                    7     1.469502296717976E-03      1.E+00     7.750218250848419E-01,  2.839958223035192E+02,  1.590514714481961E+01,  1.928397150558491E+00,  1.234409406233073E+00,  5.001526238776718E+01,  1.490515340616004E+01,  7.727355603819787E+00
 
 Using Singular Value Decomposition!
 
                    8     1.469166576730074E-03      1.E-01     7.750032295782910E-01,  2.839958223035192E+02,  1.590476445335735E+01,  1.944900205087139E+00,  1.234379693663481E+00,  5.005852734759334E+01,  1.490482353518678E+01,  7.718096558917091E+00
 
 Using Singular Value Decomposition!
 
                    9     1.469166576730074E-03      1.E+00     7.750032295782910E-01,  2.839958223035192E+02,  1.590476445335735E+01,  1.944900205087139E+00,  1.234379693663481E+00,  5.005852734759334E+01,  1.490482353518678E+01,  7.718096558917091E+00
 
 Using Singular Value Decomposition!
 
                   10     1.468932241881275E-03      1.E-01     7.749858721303767E-01,  2.839958223035192E+02,  1.590440717812123E+01,  1.957947658413184E+00,  1.234351951142140E+00,  5.009455565733582E+01,  1.490451503436737E+01,  7.711340862700939E+00
 
 Using Singular Value Decomposition!
 
                   11     1.468932241881275E-03      1.E+00     7.749858721303767E-01,  2.839958223035192E+02,  1.590440717812123E+01,  1.957947658413184E+00,  1.234351951142140E+00,  5.009455565733582E+01,  1.490451503436737E+01,  7.711340862700939E+00
 
 Using Singular Value Decomposition!
 
                   12     1.468766449803688E-03      1.E-01     7.749695138657481E-01,  2.839958223035192E+02,  1.590407040999418E+01,  1.968199981488528E+00,  1.234325798347031E+00,  5.012754269779582E+01,  1.490422410187065E+01,  7.710971167304312E+00
 
 Using Singular Value Decomposition!
 
                   13     1.468766449803688E-03      1.E+00     7.749695138657481E-01,  2.839958223035192E+02,  1.590407040999418E+01,  1.968199981488528E+00,  1.234325798347031E+00,  5.012754269779582E+01,  1.490422410187065E+01,  7.710971167304312E+00
 
 Using Singular Value Decomposition!
 
                   14     1.468647773718109E-03      1.E-01     7.749539466267920E-01,  2.839958223035192E+02,  1.590374986533658E+01,  1.976178539981835E+00,  1.234300903544773E+00,  5.015899396952819E+01,  1.490394765954028E+01,  7.717666051486929E+00
 
 Using Singular Value Decomposition!
 
                   15     1.468647773718109E-03      1.E+00     7.749539466267920E-01,  2.839958223035192E+02,  1.590374986533658E+01,  1.976178539981835E+00,  1.234300903544773E+00,  5.015899396952819E+01,  1.490394765954028E+01,  7.717666051486929E+00
 
 Using Singular Value Decomposition!
 
                   16     1.468561482777848E-03      1.E-01     7.749390280580396E-01,  2.839958223035192E+02,  1.590344264955591E+01,  1.982495777085183E+00,  1.234277041504733E+00,  5.018576189720585E+01,  1.490368174346948E+01,  7.717629847634474E+00
 
 Using Singular Value Decomposition!
 
                   17     1.468561482777848E-03      1.E+00     7.749390280580396E-01,  2.839958223035192E+02,  1.590344264955591E+01,  1.982495777085183E+00,  1.234277041504733E+00,  5.018576189720585E+01,  1.490368174346948E+01,  7.717629847634474E+00
 
 Using Singular Value Decomposition!
 
                   18     1.468497679189179E-03      1.E-01     7.749246207080476E-01,  2.839958223035192E+02,  1.590314592627154E+01,  1.987415613826817E+00,  1.234253992915368E+00,  5.020877269925467E+01,  1.490342483436162E+01,  7.719693862628743E+00
 
 Using Singular Value Decomposition!
 
                   19     1.468497679189179E-03      1.E+00     7.749246207080476E-01,  2.839958223035192E+02,  1.590314592627154E+01,  1.987415613826817E+00,  1.234253992915368E+00,  5.020877269925467E+01,  1.490342483436162E+01,  7.719693862628743E+00
 
 Using Singular Value Decomposition!
 
                   20     1.468450209670970E-03      1.E-01     7.749106084872992E-01,  2.839958223035192E+02,  1.590285730908644E+01,  1.991236547419756E+00,  1.234231572801125E+00,  5.023199537323409E+01,  1.490317505614518E+01,  7.725525503142556E+00
 
 Using Singular Value Decomposition!
 
                   21     1.468450209670970E-03      1.E+00     7.749106084872992E-01,  2.839958223035192E+02,  1.590285730908644E+01,  1.991236547419756E+00,  1.234231572801125E+00,  5.023199537323409E+01,  1.490317505614518E+01,  7.725525503142556E+00
 
 Using Singular Value Decomposition!
 
                   22     1.468414555024729E-03      1.E-01     7.748969153172443E-01,  2.839958223035192E+02,  1.590257524825764E+01,  1.994252367195588E+00,  1.234209660648456E+00,  5.025290617341917E+01,  1.490293041601796E+01,  7.728190692547821E+00
 
 Using Singular Value Decomposition!
 
                   23     1.468414555024729E-03      1.E+00     7.748969153172443E-01,  2.839958223035192E+02,  1.590257524825764E+01,  1.994252367195588E+00,  1.234209660648456E+00,  5.025290617341917E+01,  1.490293041601796E+01,  7.728190692547821E+00
 
 Using Singular Value Decomposition!
 
                   24     1.468387393210461E-03      1.E-01     7.748834603380824E-01,  2.839958223035192E+02,  1.590229806657206E+01,  1.996558358736905E+00,  1.234188126963957E+00,  5.027410025169644E+01,  1.490269043590061E+01,  7.736367906604356E+00
 
 Using Singular Value Decomposition!
 
                   25     1.468387393210461E-03      1.E+00     7.748834603380824E-01,  2.839958223035192E+02,  1.590229806657206E+01,  1.996558358736905E+00,  1.234188126963957E+00,  5.027410025169644E+01,  1.490269043590061E+01,  7.736367906604356E+00
 
 Using Singular Value Decomposition!
 
                   26     1.468366675069459E-03      1.E-01     7.748702044551594E-01,  2.839958223035192E+02,  1.590202498267164E+01,  1.998408079304630E+00,  1.234166910521522E+00,  5.029245820086866E+01,  1.490245331491865E+01,  7.738014206768693E+00
 
 Using Singular Value Decomposition!
 
                   27     1.468366675069459E-03      1.E+00     7.748702044551594E-01,  2.839958223035192E+02,  1.590202498267164E+01,  1.998408079304630E+00,  1.234166910521522E+00,  5.029245820086866E+01,  1.490245331491865E+01,  7.738014206768693E+00
 
 Using Singular Value Decomposition!
 
                   28     1.468350380387854E-03      1.E-01     7.748571087731047E-01,  2.839958223035192E+02,  1.590175519403012E+01,  1.999870566142593E+00,  1.234145949317126E+00,  5.030831625574621E+01,  1.490221859716822E+01,  7.738223379276857E+00
 
 Using Singular Value Decomposition!
 
                   29     1.468350380387854E-03      1.E+00     7.748571087731047E-01,  2.839958223035192E+02,  1.590175519403012E+01,  1.999870566142593E+00,  1.234145949317126E+00,  5.030831625574621E+01,  1.490221859716822E+01,  7.738223379276857E+00
 
 Using Singular Value Decomposition!
 
                   30     1.468337534373882E-03      1.E-01     7.748441385192614E-01,  2.839958223035192E+02,  1.590148798507478E+01,  2.001023292831229E+00,  1.234125187940985E+00,  5.032327552836443E+01,  1.490198584215647E+01,  7.738373303420451E+00
 
 Using Singular Value Decomposition!
 
                   31     1.468337534373882E-03      1.E+00     7.748441385192614E-01,  2.839958223035192E+02,  1.590148798507478E+01,  2.001023292831229E+00,  1.234125187940985E+00,  5.032327552836443E+01,  1.490198584215647E+01,  7.738373303420451E+00
 
 Using Singular Value Decomposition!
 
                   32     1.468327520929109E-03      1.E-01     7.748312577640684E-01,  2.839958223035192E+02,  1.590122260547243E+01,  2.001871427720505E+00,  1.234104568647241E+00,  5.033807662385744E+01,  1.490175509306604E+01,  7.741547137613379E+00
 
 Using Singular Value Decomposition!
 
                   33     1.468327520929109E-03      1.E+00     7.748312577640684E-01,  2.839958223035192E+02,  1.590122260547243E+01,  2.001871427720505E+00,  1.234104568647241E+00,  5.033807662385744E+01,  1.490175509306604E+01,  7.741547137613379E+00
 
 Using Singular Value Decomposition!
 
                   34     1.468319927294255E-03      1.E-01     7.748184499773531E-01,  2.839958223035192E+02,  1.590095872774051E+01,  2.002543788259191E+00,  1.234084065632736E+00,  5.035257618042074E+01,  1.490152537954716E+01,  7.742437422486362E+00
 
 Using Singular Value Decomposition!
 
                   35     1.468319927294255E-03      1.E+00     7.748184499773531E-01,  2.839958223035192E+02,  1.590095872774051E+01,  2.002543788259191E+00,  1.234084065632736E+00,  5.035257618042074E+01,  1.490152537954716E+01,  7.742437422486362E+00
 
 Using Singular Value Decomposition!
 
                   36     1.468313991102513E-03      1.E-01     7.748056894622670E-01,  2.839958223035192E+02,  1.590069581120667E+01,  2.003015964285720E+00,  1.234063637411806E+00,  5.036734868648426E+01,  1.490129700774968E+01,  7.746703396597030E+00
 
 Using Singular Value Decomposition!
 
                   37     1.468313991102513E-03      1.E+00     7.748056894622670E-01,  2.839958223035192E+02,  1.590069581120667E+01,  2.003015964285720E+00,  1.234063637411806E+00,  5.036734868648426E+01,  1.490129700774968E+01,  7.746703396597030E+00
 
 Using Singular Value Decomposition!
 
                   38     1.468309447777551E-03      1.E-01     7.747929716669294E-01,  2.839958223035192E+02,  1.590043377733344E+01,  2.003404071066422E+00,  1.234043277408360E+00,  5.038119940731301E+01,  1.490106907982393E+01,  7.747115438726854E+00
 
 Using Singular Value Decomposition!
 
                   39     1.468309447777551E-03      1.E+00     7.747929716669294E-01,  2.839958223035192E+02,  1.590043377733344E+01,  2.003404071066422E+00,  1.234043277408360E+00,  5.038119940731301E+01,  1.490106907982393E+01,  7.747115438726854E+00
 
 Using Singular Value Decomposition!
 
                   40     1.468305624389047E-03      1.E-01     7.747802877695142E-01,  2.839958223035192E+02,  1.590017244130590E+01,  2.003702482082902E+00,  1.234022971461405E+00,  5.039399234471685E+01,  1.490084165291151E+01,  7.747113913271622E+00
 
 Using Singular Value Decomposition!
 
                   41     1.468305624389047E-03      1.E+00     7.747802877695142E-01,  2.839958223035192E+02,  1.590017244130590E+01,  2.003702482082902E+00,  1.234022971461405E+00,  5.039399234471685E+01,  1.490084165291151E+01,  7.747113913271622E+00
 
 Using Singular Value Decomposition!
 
                   42     1.468302559635023E-03      1.E-01     7.747676290941787E-01,  2.839958223035192E+02,  1.589991162363591E+01,  2.003922484808156E+00,  1.234002705718224E+00,  5.040621068605587E+01,  1.490061467061804E+01,  7.746828646944539E+00
 
 Using Singular Value Decomposition!
 
                   43     1.468302559635023E-03      1.E+00     7.747676290941787E-01,  2.839958223035192E+02,  1.589991162363591E+01,  2.003922484808156E+00,  1.234002705718224E+00,  5.040621068605587E+01,  1.490061467061804E+01,  7.746828646944539E+00
 
 Using Singular Value Decomposition!
 
                   44     1.468300150614439E-03      1.E-01     7.747549888669304E-01,  2.839958223035192E+02,  1.589965118423317E+01,  2.004072509924368E+00,  1.233982469379865E+00,  5.041764080882501E+01,  1.490038808369089E+01,  7.745913749554281E+00
 
 Using Singular Value Decomposition!
 
                   45     1.468300150614439E-03      1.E+00     7.747549888669304E-01,  2.839958223035192E+02,  1.589965118423317E+01,  2.004072509924368E+00,  1.233982469379865E+00,  5.041764080882501E+01,  1.490038808369089E+01,  7.745913749554281E+00
 
 Using Singular Value Decomposition!
 
                   46     1.468298525880501E-03      1.E-01     7.747423492594067E-01,  2.839958223035192E+02,  1.589939074538233E+01,  2.004121856411827E+00,  1.233962233484303E+00,  5.043089185974584E+01,  1.490016220293544E+01,  7.749777461095665E+00
 
 Using Singular Value Decomposition!
 
                   47     1.468298525880501E-03      1.E+00     7.747423492594067E-01,  2.839958223035192E+02,  1.589939074538233E+01,  2.004121856411827E+00,  1.233962233484303E+00,  5.043089185974584E+01,  1.490016220293544E+01,  7.749777461095665E+00
 
 Using Singular Value Decomposition!
 
                   48     1.468297442102573E-03      1.E-01     7.747297157073855E-01,  2.839958223035192E+02,  1.589913043358787E+01,  2.004157941631131E+00,  1.233942007385228E+00,  5.044264179930023E+01,  1.489993632855456E+01,  7.748926319586959E+00
 
 Using Singular Value Decomposition!
 
                   49     1.468297442102573E-03      1.E+00     7.747297157073855E-01,  2.839958223035192E+02,  1.589913043358787E+01,  2.004157941631131E+00,  1.233942007385228E+00,  5.044264179930023E+01,  1.489993632855456E+01,  7.748926319586959E+00
 
 Using Singular Value Decomposition!
 
                   50     1.468296446693174E-03      1.E-01     7.747170898847575E-01,  2.839958223035192E+02,  1.589887028590702E+01,  2.004193645504758E+00,  1.233921793894517E+00,  5.045360630139897E+01,  1.489971031457735E+01,  7.746518645826379E+00
 
 Using Singular Value Decomposition!
 
  
           Iteration stopped. Number of iterations is equal to max. number of iterations =     50

algorithm ends at Date: 25.04.2023,     Time: 16:34:48
 
------------------------------------------------------------------------------------------------------------------------------------------------------
