
log-file for error estimation using Interval-Nested-Sampling algorithm:
-----------------------------------------------------------------------


algorithm starts at Date: 25.04.2023,     Time: 16:34:49


           Renormalized limit for chi^2 =     5.920000000000000e-06


           Nested sampling loop for free parameter 1


           Iteration:                    chi^2:     Parameter:
                    1     1.469485769846262E-03     7.351573323943610E-01,  2.839958223035192E+02,  1.589887028590702E+01,  2.004193645504758E+00,  1.233921793894517E+00,  5.045360630139897E+01,  1.489971031457735E+01,  7.746518645826379E+00
                    2     1.469485769846262E-03     7.351573323943610E-01,  2.839958223035192E+02,  1.589887028590702E+01,  2.004193645504758E+00,  1.233921793894517E+00,  5.045360630139897E+01,  1.489971031457735E+01,  7.746518645826379E+00
                    3     1.469485769846262E-03     7.351573323943610E-01,  2.839958223035192E+02,  1.589887028590702E+01,  2.004193645504758E+00,  1.233921793894517E+00,  5.045360630139897E+01,  1.489971031457735E+01,  7.746518645826379E+00
                    4     1.468517467603426E-03     7.549372111395592E-01,  2.839958223035192E+02,  1.589887028590702E+01,  2.004193645504758E+00,  1.233921793894517E+00,  5.045360630139897E+01,  1.489971031457735E+01,  7.746518645826379E+00
                    5     1.468316712722393E-03     7.648271505121584E-01,  2.839958223035192E+02,  1.589887028590702E+01,  2.004193645504758E+00,  1.233921793894517E+00,  5.045360630139897E+01,  1.489971031457735E+01,  7.746518645826379E+00
                    6     1.468316712722393E-03     7.648271505121584E-01,  2.839958223035192E+02,  1.589887028590702E+01,  2.004193645504758E+00,  1.233921793894517E+00,  5.045360630139897E+01,  1.489971031457735E+01,  7.746518645826379E+00
                    7     1.468316712722393E-03     7.648271505121584E-01,  2.839958223035192E+02,  1.589887028590702E+01,  2.004193645504758E+00,  1.233921793894517E+00,  5.045360630139897E+01,  1.489971031457735E+01,  7.746518645826379E+00
                    8     1.468284405931123E-03     7.697721201984580E-01,  2.839958223035192E+02,  1.589887028590702E+01,  2.004193645504758E+00,  1.233921793894517E+00,  5.045360630139897E+01,  1.489971031457735E+01,  7.746518645826379E+00
  

           Nested sampling loop for free parameter 2


           Iteration:                    chi^2:     Parameter:
                    1     1.468284405931123E-03     7.697721201984580E-01,  2.839958223035192E+02,  1.589887028590702E+01,  2.004193645504758E+00,  1.233921793894517E+00,  5.045360630139897E+01,  1.489971031457735E+01,  7.746518645826379E+00
                    2     1.468284405931123E-03     7.697721201984580E-01,  2.839958223035192E+02,  1.589887028590702E+01,  2.004193645504758E+00,  1.233921793894517E+00,  5.045360630139897E+01,  1.489971031457735E+01,  7.746518645826379E+00
                    3     1.468284405931123E-03     7.697721201984580E-01,  2.839958223035192E+02,  1.589887028590702E+01,  2.004193645504758E+00,  1.233921793894517E+00,  5.045360630139897E+01,  1.489971031457735E+01,  7.746518645826379E+00
                    4     1.468284405931123E-03     7.697721201984580E-01,  2.839958223035192E+02,  1.589887028590702E+01,  2.004193645504758E+00,  1.233921793894517E+00,  5.045360630139897E+01,  1.489971031457735E+01,  7.746518645826379E+00
                    5     1.468284405931123E-03     7.697721201984580E-01,  2.839958223035192E+02,  1.589887028590702E+01,  2.004193645504758E+00,  1.233921793894517E+00,  5.045360630139897E+01,  1.489971031457735E+01,  7.746518645826379E+00
                    6     1.468284405931123E-03     7.697721201984580E-01,  2.839958223035192E+02,  1.589887028590702E+01,  2.004193645504758E+00,  1.233921793894517E+00,  5.045360630139897E+01,  1.489971031457735E+01,  7.746518645826379E+00
                    7     1.468284405931123E-03     7.697721201984580E-01,  2.839958223035192E+02,  1.589887028590702E+01,  2.004193645504758E+00,  1.233921793894517E+00,  5.045360630139897E+01,  1.489971031457735E+01,  7.746518645826379E+00
                    8     1.468284405931123E-03     7.697721201984580E-01,  2.839958223035192E+02,  1.589887028590702E+01,  2.004193645504758E+00,  1.233921793894517E+00,  5.045360630139897E+01,  1.489971031457735E+01,  7.746518645826379E+00
  

           Nested sampling loop for free parameter 3


           Iteration:                    chi^2:     Parameter:
                    1     1.468284405931123E-03     7.697721201984580E-01,  2.839958223035192E+02,  1.589887028590702E+01,  2.004193645504758E+00,  1.233921793894517E+00,  5.045360630139897E+01,  1.489971031457735E+01,  7.746518645826379E+00
                    2     1.468284405931123E-03     7.697721201984580E-01,  2.839958223035192E+02,  1.589887028590702E+01,  2.004193645504758E+00,  1.233921793894517E+00,  5.045360630139897E+01,  1.489971031457735E+01,  7.746518645826379E+00
                    3     1.468284405931123E-03     7.697721201984580E-01,  2.839958223035192E+02,  1.589887028590702E+01,  2.004193645504758E+00,  1.233921793894517E+00,  5.045360630139897E+01,  1.489971031457735E+01,  7.746518645826379E+00
                    4     1.468284405931123E-03     7.697721201984580E-01,  2.839958223035192E+02,  1.589887028590702E+01,  2.004193645504758E+00,  1.233921793894517E+00,  5.045360630139897E+01,  1.489971031457735E+01,  7.746518645826379E+00
                    5     1.468284405931123E-03     7.697721201984580E-01,  2.839958223035192E+02,  1.589887028590702E+01,  2.004193645504758E+00,  1.233921793894517E+00,  5.045360630139897E+01,  1.489971031457735E+01,  7.746518645826379E+00
                    6     1.468284405931123E-03     7.697721201984580E-01,  2.839958223035192E+02,  1.589887028590702E+01,  2.004193645504758E+00,  1.233921793894517E+00,  5.045360630139897E+01,  1.489971031457735E+01,  7.746518645826379E+00
                    7     1.468284405931123E-03     7.697721201984580E-01,  2.839958223035192E+02,  1.589887028590702E+01,  2.004193645504758E+00,  1.233921793894517E+00,  5.045360630139897E+01,  1.489971031457735E+01,  7.746518645826379E+00
                    8     1.468284405931123E-03     7.697721201984580E-01,  2.839958223035192E+02,  1.589887028590702E+01,  2.004193645504758E+00,  1.233921793894517E+00,  5.045360630139897E+01,  1.489971031457735E+01,  7.746518645826379E+00
  

           Nested sampling loop for free parameter 4


           Iteration:                    chi^2:     Parameter:
                    1     1.468284405931123E-03     7.697721201984580E-01,  2.839958223035192E+02,  1.589887028590702E+01,  2.004193645504758E+00,  1.233921793894517E+00,  5.045360630139897E+01,  1.489971031457735E+01,  7.746518645826379E+00
                    2     1.468010189025637E-03     7.747170898847575E-01,  2.839958223035192E+02,  1.589887028590702E+01,  2.087876449296821E+00,  1.233921793894517E+00,  5.045360630139897E+01,  1.489971031457735E+01,  7.746518645826379E+00
                    3     1.468010189025637E-03     7.747170898847575E-01,  2.839958223035192E+02,  1.589887028590702E+01,  2.087876449296821E+00,  1.233921793894517E+00,  5.045360630139897E+01,  1.489971031457735E+01,  7.746518645826379E+00
                    4     1.468010189025637E-03     7.747170898847575E-01,  2.839958223035192E+02,  1.589887028590702E+01,  2.087876449296821E+00,  1.233921793894517E+00,  5.045360630139897E+01,  1.489971031457735E+01,  7.746518645826379E+00
                    5     1.468010189025637E-03     7.747170898847575E-01,  2.839958223035192E+02,  1.589887028590702E+01,  2.087876449296821E+00,  1.233921793894517E+00,  5.045360630139897E+01,  1.489971031457735E+01,  7.746518645826379E+00
                    6     1.468010189025637E-03     7.747170898847575E-01,  2.839958223035192E+02,  1.589887028590702E+01,  2.087876449296821E+00,  1.233921793894517E+00,  5.045360630139897E+01,  1.489971031457735E+01,  7.746518645826379E+00
                    7     1.468010189025637E-03     7.747170898847575E-01,  2.839958223035192E+02,  1.589887028590702E+01,  2.087876449296821E+00,  1.233921793894517E+00,  5.045360630139897E+01,  1.489971031457735E+01,  7.746518645826379E+00
                    8     1.467979630227556E-03     7.747170898847575E-01,  2.839958223035192E+02,  1.589887028590702E+01,  2.066955748348805E+00,  1.233921793894517E+00,  5.045360630139897E+01,  1.489971031457735E+01,  7.746518645826379E+00
  

           Nested sampling loop for free parameter 5


           Iteration:                    chi^2:     Parameter:
                    1     1.467979630227556E-03     7.747170898847575E-01,  2.839958223035192E+02,  1.589887028590702E+01,  2.066955748348805E+00,  1.233921793894517E+00,  5.045360630139897E+01,  1.489971031457735E+01,  7.746518645826379E+00
                    2     1.467979630227556E-03     7.747170898847575E-01,  2.839958223035192E+02,  1.589887028590702E+01,  2.066955748348805E+00,  1.233921793894517E+00,  5.045360630139897E+01,  1.489971031457735E+01,  7.746518645826379E+00
                    3     1.467979630227556E-03     7.747170898847575E-01,  2.839958223035192E+02,  1.589887028590702E+01,  2.066955748348805E+00,  1.233921793894517E+00,  5.045360630139897E+01,  1.489971031457735E+01,  7.746518645826379E+00
                    4     1.467979630227556E-03     7.747170898847575E-01,  2.839958223035192E+02,  1.589887028590702E+01,  2.066955748348805E+00,  1.233921793894517E+00,  5.045360630139897E+01,  1.489971031457735E+01,  7.746518645826379E+00
                    5     1.467979630227556E-03     7.747170898847575E-01,  2.839958223035192E+02,  1.589887028590702E+01,  2.066955748348805E+00,  1.233921793894517E+00,  5.045360630139897E+01,  1.489971031457735E+01,  7.746518645826379E+00
                    6     1.467979630227556E-03     7.747170898847575E-01,  2.839958223035192E+02,  1.589887028590702E+01,  2.066955748348805E+00,  1.233921793894517E+00,  5.045360630139897E+01,  1.489971031457735E+01,  7.746518645826379E+00
                    7     1.467979630227556E-03     7.747170898847575E-01,  2.839958223035192E+02,  1.589887028590702E+01,  2.066955748348805E+00,  1.233921793894517E+00,  5.045360630139897E+01,  1.489971031457735E+01,  7.746518645826379E+00
                    8     1.467979630227556E-03     7.747170898847575E-01,  2.839958223035192E+02,  1.589887028590702E+01,  2.066955748348805E+00,  1.233921793894517E+00,  5.045360630139897E+01,  1.489971031457735E+01,  7.746518645826379E+00
  

           Nested sampling loop for free parameter 6


           Iteration:                    chi^2:     Parameter:
                    1     1.467979630227556E-03     7.747170898847575E-01,  2.839958223035192E+02,  1.589887028590702E+01,  2.066955748348805E+00,  1.233921793894517E+00,  5.045360630139897E+01,  1.489971031457735E+01,  7.746518645826379E+00
                    2     1.467979630227556E-03     7.747170898847575E-01,  2.839958223035192E+02,  1.589887028590702E+01,  2.066955748348805E+00,  1.233921793894517E+00,  5.045360630139897E+01,  1.489971031457735E+01,  7.746518645826379E+00
                    3     1.467979630227556E-03     7.747170898847575E-01,  2.839958223035192E+02,  1.589887028590702E+01,  2.066955748348805E+00,  1.233921793894517E+00,  5.045360630139897E+01,  1.489971031457735E+01,  7.746518645826379E+00
                    4     1.467979630227556E-03     7.747170898847575E-01,  2.839958223035192E+02,  1.589887028590702E+01,  2.066955748348805E+00,  1.233921793894517E+00,  5.045360630139897E+01,  1.489971031457735E+01,  7.746518645826379E+00
                    5     1.467979630227556E-03     7.747170898847575E-01,  2.839958223035192E+02,  1.589887028590702E+01,  2.066955748348805E+00,  1.233921793894517E+00,  5.045360630139897E+01,  1.489971031457735E+01,  7.746518645826379E+00
                    6     1.467979630227556E-03     7.747170898847575E-01,  2.839958223035192E+02,  1.589887028590702E+01,  2.066955748348805E+00,  1.233921793894517E+00,  5.045360630139897E+01,  1.489971031457735E+01,  7.746518645826379E+00
                    7     1.467979630227556E-03     7.747170898847575E-01,  2.839958223035192E+02,  1.589887028590702E+01,  2.066955748348805E+00,  1.233921793894517E+00,  5.045360630139897E+01,  1.489971031457735E+01,  7.746518645826379E+00
                    8     1.467979630227556E-03     7.747170898847575E-01,  2.839958223035192E+02,  1.589887028590702E+01,  2.066955748348805E+00,  1.233921793894517E+00,  5.045360630139897E+01,  1.489971031457735E+01,  7.746518645826379E+00
  

           Nested sampling loop for free parameter 7


           Iteration:                    chi^2:     Parameter:
                    1     1.467979630227556E-03     7.747170898847575E-01,  2.839958223035192E+02,  1.589887028590702E+01,  2.066955748348805E+00,  1.233921793894517E+00,  5.045360630139897E+01,  1.489971031457735E+01,  7.746518645826379E+00
                    2     1.467979630227556E-03     7.747170898847575E-01,  2.839958223035192E+02,  1.589887028590702E+01,  2.066955748348805E+00,  1.233921793894517E+00,  5.045360630139897E+01,  1.489971031457735E+01,  7.746518645826379E+00
                    3     1.467979630227556E-03     7.747170898847575E-01,  2.839958223035192E+02,  1.589887028590702E+01,  2.066955748348805E+00,  1.233921793894517E+00,  5.045360630139897E+01,  1.489971031457735E+01,  7.746518645826379E+00
                    4     1.467979630227556E-03     7.747170898847575E-01,  2.839958223035192E+02,  1.589887028590702E+01,  2.066955748348805E+00,  1.233921793894517E+00,  5.045360630139897E+01,  1.489971031457735E+01,  7.746518645826379E+00
                    5     1.467979630227556E-03     7.747170898847575E-01,  2.839958223035192E+02,  1.589887028590702E+01,  2.066955748348805E+00,  1.233921793894517E+00,  5.045360630139897E+01,  1.489971031457735E+01,  7.746518645826379E+00
                    6     1.467979630227556E-03     7.747170898847575E-01,  2.839958223035192E+02,  1.589887028590702E+01,  2.066955748348805E+00,  1.233921793894517E+00,  5.045360630139897E+01,  1.489971031457735E+01,  7.746518645826379E+00
                    7     1.467979630227556E-03     7.747170898847575E-01,  2.839958223035192E+02,  1.589887028590702E+01,  2.066955748348805E+00,  1.233921793894517E+00,  5.045360630139897E+01,  1.489971031457735E+01,  7.746518645826379E+00
                    8     1.467979630227556E-03     7.747170898847575E-01,  2.839958223035192E+02,  1.589887028590702E+01,  2.066955748348805E+00,  1.233921793894517E+00,  5.045360630139897E+01,  1.489971031457735E+01,  7.746518645826379E+00
  

           Nested sampling loop for free parameter 8


           Iteration:                    chi^2:     Parameter:
                    1     1.467979630227556E-03     7.747170898847575E-01,  2.839958223035192E+02,  1.589887028590702E+01,  2.066955748348805E+00,  1.233921793894517E+00,  5.045360630139897E+01,  1.489971031457735E+01,  7.746518645826379E+00
                    2     1.467979630227556E-03     7.747170898847575E-01,  2.839958223035192E+02,  1.589887028590702E+01,  2.066955748348805E+00,  1.233921793894517E+00,  5.045360630139897E+01,  1.489971031457735E+01,  7.746518645826379E+00
                    3     1.467979630227556E-03     7.747170898847575E-01,  2.839958223035192E+02,  1.589887028590702E+01,  2.066955748348805E+00,  1.233921793894517E+00,  5.045360630139897E+01,  1.489971031457735E+01,  7.746518645826379E+00
                    4     1.467979630227556E-03     7.747170898847575E-01,  2.839958223035192E+02,  1.589887028590702E+01,  2.066955748348805E+00,  1.233921793894517E+00,  5.045360630139897E+01,  1.489971031457735E+01,  7.746518645826379E+00
                    5     1.467979630227556E-03     7.747170898847575E-01,  2.839958223035192E+02,  1.589887028590702E+01,  2.066955748348805E+00,  1.233921793894517E+00,  5.045360630139897E+01,  1.489971031457735E+01,  7.746518645826379E+00
                    6     1.467979630227556E-03     7.747170898847575E-01,  2.839958223035192E+02,  1.589887028590702E+01,  2.066955748348805E+00,  1.233921793894517E+00,  5.045360630139897E+01,  1.489971031457735E+01,  7.746518645826379E+00
                    7     1.467979630227556E-03     7.747170898847575E-01,  2.839958223035192E+02,  1.589887028590702E+01,  2.066955748348805E+00,  1.233921793894517E+00,  5.045360630139897E+01,  1.489971031457735E+01,  7.746518645826379E+00
                    8     1.467979630227556E-03     7.747170898847575E-01,  2.839958223035192E+02,  1.589887028590702E+01,  2.066955748348805E+00,  1.233921793894517E+00,  5.045360630139897E+01,  1.489971031457735E+01,  7.746518645826379E+00
  

           Table of results:


           | Free parameter |    Minimum point  |   Error_left    |   Error_right   | Mean parameter value |  Standard deviation  |  log(Evidence)   |
           -------------------------------------------------------------------------------------------------------------------------------------------
           |          1     |    7.74717090e-01 |  2.36238412e-01 |  1.21579221e-01 |       7.17387495e-01 |       1.78908817e-01 |  -1.46170584e-01 |
           --------------------------------------------------------------------------------------------------------------------------------------------
           |          2     |    2.83995822e+02 |  1.13904332e+02 |  5.03418644e+01 |       2.52214589e+02 |       8.21230980e+01 |  -1.46147606e-01 |
           --------------------------------------------------------------------------------------------------------------------------------------------
           |          3     |    1.58988703e+01 |  1.19553055e+00 |  8.81001828e-01 |       1.57416059e+01 |       1.03826619e+00 |  -1.46147606e-01 |
           --------------------------------------------------------------------------------------------------------------------------------------------
           |          4     |    2.00419365e+00 |  8.93423434e-01 |  1.23124407e+00 |       2.17310396e+00 |       1.06233375e+00 |  -1.46179707e-01 |
           --------------------------------------------------------------------------------------------------------------------------------------------
           |          5     |    1.23392179e+00 |  3.04482779e-01 |  6.60782061e-02 |       1.13354994e+00 |       2.04110928e-01 |  -1.46153029e-01 |
           --------------------------------------------------------------------------------------------------------------------------------------------
           |          6     |    5.04536063e+01 |  1.04536063e+01 |  9.91923233e+01 |       9.48185594e+01 |       5.48273702e+01 |  -1.75682196e-01 |
           --------------------------------------------------------------------------------------------------------------------------------------------
           |          7     |    1.48997103e+01 |  6.00671170e-01 |  1.50430821e-01 |       1.46745901e+01 |       3.75550995e-01 |  -4.41573652e-01 |
           --------------------------------------------------------------------------------------------------------------------------------------------
           |          8     |    7.74651865e+00 |  2.62568839e+00 |  5.75562698e-01 |       6.72145580e+00 |       1.60062554e+00 |  -1.46163568e-01 |
           --------------------------------------------------------------------------------------------------------------------------------------------



algorithm ends at Date: 25.04.2023,     Time: 17:44:57

------------------------------------------------------------------------------------------------------------------------------------------------------
