 
log-file for Genetic algorithm:
-------------------------------
 
 
algorithm starts at Date: 25.04.2023,     Time: 16:06:22
 
 
 
 
           Sub-beam description is NOT used!
 
 
           Do NOT take local-overlap into account!
 
 
           Start Genetic algorithm (MPI version) ..
 
           Renormalized limit for chi^2 =     4.670000000000000E-06
 
           Number of chromosomes =         24
  
           Iteration:                    chisq:     Parameter:
                    1     1.542912536909984E-03     7.218093727135915E-01,  8.271300545043400E+01,  1.538418109931082E+01,  1.920834812006809E+00,  6.803394969859452E-01,  4.013419272605420E+01,  1.513665999140427E+01,  4.654320292593081E+00
                    2     1.542912536909984E-03     7.218093727135915E-01,  8.271300545043400E+01,  1.538418109931082E+01,  1.920834812006809E+00,  6.803394969859452E-01,  4.013419272605420E+01,  1.513665999140427E+01,  4.654320292593081E+00
                    3     1.542912536909984E-03     7.218093727135915E-01,  8.271300545043400E+01,  1.538418109931082E+01,  1.920834812006809E+00,  6.803394969859452E-01,  4.013419272605420E+01,  1.513665999140427E+01,  4.654320292593081E+00
                    4     1.540332411347813E-03     7.154033003364698E-01,  8.372096972735638E+01,  1.379499710303993E+01,  1.813317385254607E+00,  6.894938246170801E-01,  4.026170282469351E+01,  1.515050224068863E+01,  4.689166290145007E+00
                    5     1.525873590033923E-03     8.365241826188243E-01,  2.267314663909511E+02,  1.371730623590854E+01,  3.780106299735166E+00,  1.274138832738981E+00,  4.133334823864679E+01,  1.501900707684309E+01,  4.221100331419529E+00
                    6     1.507549324350359E-03     7.824902146071026E-01,  1.278968594240311E+02,  1.418287749526278E+01,  2.532845195309209E+00,  9.974501465313459E-01,  4.110468928757011E+01,  1.504125802674562E+01,  4.545550505508978E+00
                    7     1.507549324350359E-03     7.824902146071026E-01,  1.278968594240311E+02,  1.418287749526278E+01,  2.532845195309209E+00,  9.974501465313459E-01,  4.110468928757011E+01,  1.504125802674562E+01,  4.545550505508978E+00
                    8     1.507409544748318E-03     7.820461417723594E-01,  1.270845969583724E+02,  1.418670374672133E+01,  2.522594702985804E+00,  9.951762078637484E-01,  4.110281007654174E+01,  1.504144089398196E+01,  4.553792166747046E+00
                    9     1.507409544748318E-03     7.820461417723594E-01,  1.270845969583724E+02,  1.418670374672133E+01,  2.522594702985804E+00,  9.951762078637484E-01,  4.110281007654174E+01,  1.504144089398196E+01,  4.553792166747046E+00
                   10     1.507409544748318E-03     7.820461417723594E-01,  1.270845969583724E+02,  1.418670374672133E+01,  2.522594702985804E+00,  9.951762078637484E-01,  4.110281007654174E+01,  1.504144089398196E+01,  4.553792166747046E+00
                   11     1.507409544748318E-03     7.820461417723594E-01,  1.270845969583724E+02,  1.418670374672133E+01,  2.522594702985804E+00,  9.951762078637484E-01,  4.110281007654174E+01,  1.504144089398196E+01,  4.553792166747046E+00
                   12     1.507397639887686E-03     7.821379142951645E-01,  1.272286106116674E+02,  1.418740871674417E+01,  2.524734136971420E+00,  9.956553155791870E-01,  4.110332303769800E+01,  1.504140483701031E+01,  4.552531934945955E+00
                   13     1.507397639887686E-03     7.821379142951645E-01,  1.272286106116674E+02,  1.418740871674417E+01,  2.524734136971420E+00,  9.956553155791870E-01,  4.110332303769800E+01,  1.504140483701031E+01,  4.552531934945955E+00
                   14     1.507397639887686E-03     7.821379142951645E-01,  1.272286106116674E+02,  1.418740871674417E+01,  2.524734136971420E+00,  9.956553155791870E-01,  4.110332303769800E+01,  1.504140483701031E+01,  4.552531934945955E+00
                   15     1.501068549364034E-03     7.690774509280498E-01,  1.027866062571197E+02,  1.437728688686251E+01,  2.204756931653631E+00,  1.268845946155363E+00,  4.100869166822648E+01,  1.504795864022380E+01,  4.732492948260291E+00
                   16     1.501068549364034E-03     7.690774509280498E-01,  1.027866062571197E+02,  1.437728688686251E+01,  2.204756931653631E+00,  1.268845946155363E+00,  4.100869166822648E+01,  1.504795864022380E+01,  4.732492948260291E+00
                   17     1.498958742318780E-03     7.681630345502332E-01,  6.799835328863148E+01,  1.439058103299390E+01,  2.182354020757885E+00,  1.287973137882262E+00,  4.100206613958576E+01,  1.504841749875178E+01,  4.745092753743263E+00
                   18     1.498546752323672E-03     7.696709969683688E-01,  1.060524800347366E+02,  1.436865768031379E+01,  2.219298621168795E+00,  1.256430520111670E+00,  4.101299228705301E+01,  1.504766079597149E+01,  4.724314436988364E+00
                   19     1.498546752323672E-03     7.696709969683688E-01,  1.060524800347366E+02,  1.436865768031379E+01,  2.219298621168795E+00,  1.256430520111670E+00,  4.101299228705301E+01,  1.504766079597149E+01,  4.724314436988364E+00
                   20     1.498506300983737E-03     7.877666737677551E-01,  1.148901300349033E+02,  1.416240754476195E+01,  2.396138077197487E+00,  1.169682236428017E+00,  4.109711573210700E+01,  1.504445033800658E+01,  4.700630469347616E+00
                   21     1.498094675007929E-03     7.774407312151457E-01,  1.641420890356197E+02,  1.422419464197452E+01,  2.236350920618170E+00,  1.172449151737536E+00,  4.110374076733603E+01,  1.504354391926604E+01,  4.713437106255493E+00
                   22     1.498094675007929E-03     7.774407312151457E-01,  1.641420890356197E+02,  1.422419464197452E+01,  2.236350920618170E+00,  1.172449151737536E+00,  4.110374076733603E+01,  1.504354391926604E+01,  4.713437106255493E+00
                   23     1.498094675007929E-03     7.774407312151457E-01,  1.641420890356197E+02,  1.422419464197452E+01,  2.236350920618170E+00,  1.172449151737536E+00,  4.110374076733603E+01,  1.504354391926604E+01,  4.713437106255493E+00
                   24     1.498094675007929E-03     7.774407312151457E-01,  1.641420890356197E+02,  1.422419464197452E+01,  2.236350920618170E+00,  1.172449151737536E+00,  4.110374076733603E+01,  1.504354391926604E+01,  4.713437106255493E+00
                   25     1.498094675007929E-03     7.774407312151457E-01,  1.641420890356197E+02,  1.422419464197452E+01,  2.236350920618170E+00,  1.172449151737536E+00,  4.110374076733603E+01,  1.504354391926604E+01,  4.713437106255493E+00
                   26     1.498094675007929E-03     7.774407312151457E-01,  1.641420890356197E+02,  1.422419464197452E+01,  2.236350920618170E+00,  1.172449151737536E+00,  4.110374076733603E+01,  1.504354391926604E+01,  4.713437106255493E+00
                   27     1.498094675007929E-03     7.774407312151457E-01,  1.641420890356197E+02,  1.422419464197452E+01,  2.236350920618170E+00,  1.172449151737536E+00,  4.110374076733603E+01,  1.504354391926604E+01,  4.713437106255493E+00
                   28     1.498075221793978E-03     7.787388575223324E-01,  1.846615268146543E+02,  1.417727896143130E+01,  2.312983489774032E+00,  1.172845683303435E+00,  4.109568845031465E+01,  1.504355328035724E+01,  4.708433529280656E+00
                   29     1.498041711000746E-03     7.696229778471797E-01,  2.466685087811881E+02,  1.435210209200156E+01,  2.223718787340789E+00,  1.242460501897998E+00,  4.103443962517770E+01,  1.504578996094893E+01,  4.725676899529168E+00
                   30     1.498041711000746E-03     7.696229778471797E-01,  2.466685087811881E+02,  1.435210209200156E+01,  2.223718787340789E+00,  1.242460501897998E+00,  4.103443962517770E+01,  1.504578996094893E+01,  4.725676899529168E+00
                   31     1.498000364779954E-03     7.721536174135210E-01,  2.400778552140244E+02,  1.432620080062980E+01,  2.248015000896218E+00,  1.232993634043904E+00,  4.104249507565102E+01,  1.504564071193979E+01,  4.722139595701277E+00
                   32     1.498000364779954E-03     7.721536174135210E-01,  2.400778552140244E+02,  1.432620080062980E+01,  2.248015000896218E+00,  1.232993634043904E+00,  4.104249507565102E+01,  1.504564071193979E+01,  4.722139595701277E+00
                   33     1.497746503135536E-03     7.787388575223324E-01,  1.846615268146543E+02,  1.417727896143130E+01,  2.312983489774032E+00,  1.172845683303435E+00,  4.109568845031465E+01,  1.504355328035724E+01,  4.735812235848052E+00
                   34     1.497746503135536E-03     7.787388575223324E-01,  1.846615268146543E+02,  1.417727896143130E+01,  2.312983489774032E+00,  1.172845683303435E+00,  4.109568845031465E+01,  1.504355328035724E+01,  4.735812235848052E+00
                   35     1.497746503135536E-03     7.787388575223324E-01,  1.846615268146543E+02,  1.417727896143130E+01,  2.312983489774032E+00,  1.172845683303435E+00,  4.109568845031465E+01,  1.504355328035724E+01,  4.735812235848052E+00
                   36     1.497744799847975E-03     7.787618814770862E-01,  1.813797500279131E+02,  1.417717113089304E+01,  2.312780446755568E+00,  1.172719055391550E+00,  4.109658302385291E+01,  1.504348648029147E+01,  4.735890710019508E+00
                   37     1.497744799847975E-03     7.787618814770862E-01,  1.813797500279131E+02,  1.417717113089304E+01,  2.312780446755568E+00,  1.172719055391550E+00,  4.109658302385291E+01,  1.504348648029147E+01,  4.735890710019508E+00
                   38     1.497744799847975E-03     7.787618814770862E-01,  1.813797500279131E+02,  1.417717113089304E+01,  2.312780446755568E+00,  1.172719055391550E+00,  4.109658302385291E+01,  1.504348648029147E+01,  4.735890710019508E+00
                   39     1.497744799847975E-03     7.787618814770862E-01,  1.813797500279131E+02,  1.417717113089304E+01,  2.312780446755568E+00,  1.172719055391550E+00,  4.109658302385291E+01,  1.504348648029147E+01,  4.735890710019508E+00
                   40     1.497744799847975E-03     7.787618814770862E-01,  1.813797500279131E+02,  1.417717113089304E+01,  2.312780446755568E+00,  1.172719055391550E+00,  4.109658302385291E+01,  1.504348648029147E+01,  4.735890710019508E+00
                   41     1.497691841593007E-03     7.777305646447690E-01,  1.882114014881534E+02,  1.419714440277602E+01,  2.302930886813065E+00,  1.180859319042356E+00,  4.108913015560524E+01,  1.504376882453661E+01,  4.734651195249809E+00
                   42     1.497691841593007E-03     7.777305646447690E-01,  1.882114014881534E+02,  1.419714440277602E+01,  2.302930886813065E+00,  1.180859319042356E+00,  4.108913015560524E+01,  1.504376882453661E+01,  4.734651195249809E+00
                   43     1.497691841593007E-03     7.777305646447690E-01,  1.882114014881534E+02,  1.419714440277602E+01,  2.302930886813065E+00,  1.180859319042356E+00,  4.108913015560524E+01,  1.504376882453661E+01,  4.734651195249809E+00
                   44     1.497688103343834E-03     7.777222116858447E-01,  1.875198963223053E+02,  1.419762880322855E+01,  2.302447493300973E+00,  1.180977835239268E+00,  4.108976472841689E+01,  1.504371337721159E+01,  4.734689638317469E+00
                   45     1.497688103343834E-03     7.777222116858447E-01,  1.875198963223053E+02,  1.419762880322855E+01,  2.302447493300973E+00,  1.180977835239268E+00,  4.108976472841689E+01,  1.504371337721159E+01,  4.734689638317469E+00
                   46     1.497596873797698E-03     7.723593955367082E-01,  2.386953182269907E+02,  1.585663531988216E+01,  2.250302967216235E+00,  1.231077954638182E+00,  4.104378382034581E+01,  1.504377795898805E+01,  4.734577001260369E+00
                   47     1.497596873797698E-03     7.723593955367082E-01,  2.386953182269907E+02,  1.585663531988216E+01,  2.250302967216235E+00,  1.231077954638182E+00,  4.104378382034581E+01,  1.504377795898805E+01,  4.734577001260369E+00
                   48     1.497596873797698E-03     7.723593955367082E-01,  2.386953182269907E+02,  1.585663531988216E+01,  2.250302967216235E+00,  1.231077954638182E+00,  4.104378382034581E+01,  1.504377795898805E+01,  4.734577001260369E+00
                   49     1.497522623426832E-03     7.723593955367082E-01,  2.839958223035192E+02,  1.585663531988216E+01,  2.250302967216235E+00,  1.231077954638182E+00,  4.108976472841689E+01,  1.504371337721159E+01,  4.734689638317469E+00
                   50     1.497522623426832E-03     7.723593955367082E-01,  2.839958223035192E+02,  1.585663531988216E+01,  2.250302967216235E+00,  1.231077954638182E+00,  4.108976472841689E+01,  1.504371337721159E+01,  4.734689638317469E+00
  
           Iteration stopped. Number of iterations is equal to max. number of iterations =     50
 
 
           Best results:
             Site number:    1, chi^2 =     1.497522623426832E-03,  Parameterset = 7.723593955367082E-01,  2.839958223035192E+02,  1.585663531988216E+01,  2.250302967216235E+00,  1.231077954638182E+00,  4.108976472841689E+01,  1.504371337721159E+01,  4.734689638317469E+00

algorithm ends at Date: 25.04.2023,     Time: 16:31:02
 
------------------------------------------------------------------------------------------------------------------------------------------------------
