// number of line : 435
// vlsr : 0.00
FreqLsb VeloLsb FreqUsb VeloUsb Int DeltaF DeltaV
238888.270079	30.675231	0.00	0.00	0.000000	1.129339	1.417117	
238889.399418	29.258114	0.00	0.00	0.000000	1.129339	1.417117	
238890.528757	27.840997	0.00	0.00	0.000000	1.129339	1.417117	
238891.658095	26.423880	0.00	0.00	0.000000	1.129339	1.417117	
238892.787434	25.006763	0.00	0.00	0.000000	1.129339	1.417117	
238893.916773	23.589647	0.00	0.00	0.000000	1.129339	1.417117	
238895.046111	22.172530	0.00	0.00	0.000000	1.129339	1.417117	
238896.175450	20.755413	0.00	0.00	0.000000	1.129339	1.417117	
238897.304789	19.338296	0.00	0.00	0.000000	1.129339	1.417117	
238898.434128	17.921179	0.00	0.00	0.000001	1.129339	1.417117	
238899.563466	16.504063	0.00	0.00	0.000006	1.129339	1.417117	
238900.692805	15.086946	0.00	0.00	0.000049	1.129339	1.417117	
238901.822144	13.669829	0.00	0.00	0.000369	1.129339	1.417117	
238902.951482	12.252712	0.00	0.00	0.002314	1.129339	1.417117	
238904.080821	10.835595	0.00	0.00	0.012207	1.129339	1.417117	
238905.210160	9.418478	0.00	0.00	0.054103	1.129339	1.417117	
238906.339499	8.001362	0.00	0.00	0.201437	1.129339	1.417117	
238907.468837	6.584245	0.00	0.00	0.629726	1.129339	1.417117	
238908.598176	5.167128	0.00	0.00	1.651512	1.129339	1.417117	
238909.727515	3.750011	0.00	0.00	3.629736	1.129339	1.417117	
238910.856854	2.332894	0.00	0.00	6.682709	1.129339	1.417117	
238911.986192	0.915778	0.00	0.00	10.319862	1.129339	1.417117	
238913.115531	-0.501339	0.00	0.00	13.410605	1.129339	1.417117	
238914.244870	-1.918456	0.00	0.00	14.719784	1.129339	1.417117	
238915.374208	-3.335573	0.00	0.00	13.671498	1.129339	1.417117	
238916.503547	-4.752690	0.00	0.00	10.729047	1.129339	1.417117	
238917.632886	-6.169807	0.00	0.00	7.088504	1.129339	1.417117	
238918.762224	-7.586923	0.00	0.00	3.929304	1.129339	1.417117	
238919.891563	-9.004040	0.00	0.00	1.824653	1.129339	1.417117	
238921.020902	-10.421157	0.00	0.00	0.710011	1.129339	1.417117	
238922.150241	-11.838274	0.00	0.00	0.231746	1.129339	1.417117	
238923.279579	-13.255391	0.00	0.00	0.063507	1.129339	1.417117	
238924.408918	-14.672508	0.00	0.00	0.014619	1.129339	1.417117	
238925.538257	-16.089624	0.00	0.00	0.002828	1.129339	1.417117	
238926.667595	-17.506741	0.00	0.00	0.000460	1.129339	1.417117	
238927.796934	-18.923858	0.00	0.00	0.000063	1.129339	1.417117	
238928.926273	-20.340975	0.00	0.00	0.000007	1.129339	1.417117	
238930.055612	-21.758092	0.00	0.00	0.000001	1.129339	1.417117	
238931.184950	-23.175209	0.00	0.00	0.000000	1.129339	1.417117	
238932.314289	-24.592325	0.00	0.00	0.000000	1.129339	1.417117	
238933.443628	-26.009442	0.00	0.00	0.000000	1.129339	1.417117	
238934.572966	-27.426559	0.00	0.00	0.000000	1.114077	1.397967	
238935.687044	-28.824526	0.00	0.00	0.000000	1.129339	1.417117	
238936.816382	-30.241642	0.00	0.00	0.000000	1.129339	1.417117	
238948.109770	30.459711	0.00	0.00	0.000000	1.129339	1.416763	
238949.239108	29.042948	0.00	0.00	0.000000	1.129339	1.416763	
238950.368447	27.626185	0.00	0.00	0.000000	1.129339	1.416763	
238951.497786	26.209422	0.00	0.00	0.000000	1.129339	1.416763	
238952.627124	24.792659	0.00	0.00	0.000000	1.129339	1.416763	
238953.756463	23.375896	0.00	0.00	0.000000	1.129339	1.416763	
238954.885802	21.959133	0.00	0.00	0.000000	1.129339	1.416763	
238956.015141	20.542370	0.00	0.00	0.000000	1.129339	1.416763	
238957.144479	19.125607	0.00	0.00	0.000000	1.129339	1.416763	
238958.273818	17.708844	0.00	0.00	0.000002	1.129339	1.416763	
238959.403157	16.292081	0.00	0.00	0.000021	1.129339	1.416763	
238960.532496	14.875318	0.00	0.00	0.000180	1.129339	1.416763	
238961.661834	13.458556	0.00	0.00	0.001309	1.129339	1.416763	
238962.791173	12.041793	0.00	0.00	0.008001	1.129339	1.416763	
238963.920512	10.625030	0.00	0.00	0.041106	1.129339	1.416763	
238965.049850	9.208267	0.00	0.00	0.177428	1.129339	1.416763	
238966.179189	7.791504	0.00	0.00	0.643009	1.129339	1.416763	
238967.308528	6.374741	0.00	0.00	1.953717	1.129339	1.416763	
238968.437866	4.957978	0.00	0.00	4.964653	1.129339	1.416763	
238969.567205	3.541215	0.00	0.00	10.523067	1.129339	1.416763	
238970.696544	2.124452	0.00	0.00	18.595081	1.129339	1.416763	
238971.825883	0.707689	0.00	0.00	27.512336	1.129339	1.416763	
238972.955221	-0.709074	0.00	0.00	34.392641	1.129339	1.416763	
238974.084560	-2.125837	0.00	0.00	36.665253	1.129339	1.416763	
238975.213899	-3.542600	0.00	0.00	33.450146	1.129339	1.416763	
238976.343237	-4.959363	0.00	0.00	25.989171	1.129339	1.416763	
238977.472576	-6.376126	0.00	0.00	17.029858	1.129339	1.416763	
238978.601915	-7.792889	0.00	0.00	9.332407	1.129339	1.416763	
238979.731254	-9.209652	0.00	0.00	4.262766	1.129339	1.416763	
238980.860592	-10.626415	0.00	0.00	1.624762	1.129339	1.416763	
238981.989931	-12.043178	0.00	0.00	0.518186	1.129339	1.416763	
238983.119270	-13.459941	0.00	0.00	0.138604	1.129339	1.416763	
238984.248608	-14.876703	0.00	0.00	0.031132	1.129339	1.416763	
238985.377947	-16.293466	0.00	0.00	0.005875	1.129339	1.416763	
238986.507286	-17.710229	0.00	0.00	0.000932	1.129339	1.416763	
238987.636625	-19.126992	0.00	0.00	0.000124	1.129339	1.416763	
238988.765963	-20.543755	0.00	0.00	0.000014	1.129339	1.416763	
238989.895302	-21.960518	0.00	0.00	0.000001	1.129339	1.416763	
238991.024641	-23.377281	0.00	0.00	0.000000	1.129339	1.416763	
238992.153979	-24.794044	0.00	0.00	0.000000	1.129339	1.416763	
238993.283318	-26.210807	0.00	0.00	0.000000	1.129339	1.416763	
238994.412657	-27.627570	0.00	0.00	0.000000	1.129339	1.416763	
238995.541996	-29.044333	0.00	0.00	0.000000	1.129339	1.416763	
238996.671334	-30.461096	0.00	0.00	0.000000	1.129339	1.416763	
238948.109770	30.459711	0.00	0.00	0.000000	1.129339	1.416763	
238949.239108	29.042948	0.00	0.00	0.000000	1.129339	1.416763	
238950.368447	27.626185	0.00	0.00	0.000000	1.129339	1.416763	
238951.497786	26.209422	0.00	0.00	0.000000	1.129339	1.416763	
238952.627124	24.792659	0.00	0.00	0.000000	1.129339	1.416763	
238953.756463	23.375896	0.00	0.00	0.000000	1.129339	1.416763	
238954.885802	21.959133	0.00	0.00	0.000000	1.129339	1.416763	
238956.015141	20.542370	0.00	0.00	0.000000	1.129339	1.416763	
238957.144479	19.125607	0.00	0.00	0.000000	1.129339	1.416763	
238958.273818	17.708844	0.00	0.00	0.000002	1.129339	1.416763	
238959.403157	16.292081	0.00	0.00	0.000021	1.129339	1.416763	
238960.532496	14.875318	0.00	0.00	0.000180	1.129339	1.416763	
238961.661834	13.458556	0.00	0.00	0.001309	1.129339	1.416763	
238962.791173	12.041793	0.00	0.00	0.008001	1.129339	1.416763	
238963.920512	10.625030	0.00	0.00	0.041106	1.129339	1.416763	
238965.049850	9.208267	0.00	0.00	0.177428	1.129339	1.416763	
238966.179189	7.791504	0.00	0.00	0.643009	1.129339	1.416763	
238967.308528	6.374741	0.00	0.00	1.953717	1.129339	1.416763	
238968.437866	4.957978	0.00	0.00	4.964653	1.129339	1.416763	
238969.567205	3.541215	0.00	0.00	10.523067	1.129339	1.416763	
238970.696544	2.124452	0.00	0.00	18.595081	1.129339	1.416763	
238971.825883	0.707689	0.00	0.00	27.512336	1.129339	1.416763	
238972.955221	-0.709074	0.00	0.00	34.392641	1.129339	1.416763	
238974.084560	-2.125837	0.00	0.00	36.665253	1.129339	1.416763	
238975.213899	-3.542600	0.00	0.00	33.450146	1.129339	1.416763	
238976.343237	-4.959363	0.00	0.00	25.989171	1.129339	1.416763	
238977.472576	-6.376126	0.00	0.00	17.029858	1.129339	1.416763	
238978.601915	-7.792889	0.00	0.00	9.332407	1.129339	1.416763	
238979.731254	-9.209652	0.00	0.00	4.262766	1.129339	1.416763	
238980.860592	-10.626415	0.00	0.00	1.624762	1.129339	1.416763	
238981.989931	-12.043178	0.00	0.00	0.518186	1.129339	1.416763	
238983.119270	-13.459941	0.00	0.00	0.138604	1.129339	1.416763	
238984.248608	-14.876703	0.00	0.00	0.031132	1.129339	1.416763	
238985.377947	-16.293466	0.00	0.00	0.005875	1.129339	1.416763	
238986.507286	-17.710229	0.00	0.00	0.000932	1.129339	1.416763	
238987.636625	-19.126992	0.00	0.00	0.000124	1.129339	1.416763	
238988.765963	-20.543755	0.00	0.00	0.000014	1.129339	1.416763	
238989.895302	-21.960518	0.00	0.00	0.000001	1.129339	1.416763	
238991.024641	-23.377281	0.00	0.00	0.000000	1.129339	1.416763	
238992.153979	-24.794044	0.00	0.00	0.000000	1.129339	1.416763	
238993.283318	-26.210807	0.00	0.00	0.000000	1.129339	1.416763	
238994.412657	-27.627570	0.00	0.00	0.000000	1.129339	1.416763	
238995.541996	-29.044333	0.00	0.00	0.000000	1.129339	1.416763	
238996.671334	-30.461096	0.00	0.00	0.000000	1.129339	1.416763	
238998.930012	30.095007	0.00	0.00	0.000000	1.129339	1.416463	
239000.059350	28.678544	0.00	0.00	0.000000	1.129339	1.416463	
239001.188689	27.262080	0.00	0.00	0.000000	1.129339	1.416463	
239002.318028	25.845617	0.00	0.00	0.000000	1.129339	1.416463	
239003.447367	24.429153	0.00	0.00	0.000000	1.129339	1.416463	
239004.576705	23.012690	0.00	0.00	0.000000	1.114077	1.397322	
239005.690783	21.615368	0.00	0.00	0.000000	1.129339	1.416463	
239006.820121	20.198905	0.00	0.00	0.000000	1.129339	1.416463	
239007.949460	18.782441	0.00	0.00	0.000000	1.129339	1.416463	
239009.078799	17.365978	0.00	0.00	0.000002	1.129339	1.416463	
239010.208138	15.949514	0.00	0.00	0.000023	1.129339	1.416463	
239011.337476	14.533051	0.00	0.00	0.000187	1.129339	1.416463	
239012.466815	13.116587	0.00	0.00	0.001304	1.129339	1.416463	
239013.596154	11.700124	0.00	0.00	0.007644	1.129339	1.416463	
239014.725492	10.283661	0.00	0.00	0.037646	1.129339	1.416463	
239015.854831	8.867197	0.00	0.00	0.155791	1.129339	1.416463	
239016.984170	7.450734	0.00	0.00	0.541433	1.129339	1.416463	
239018.113509	6.034270	0.00	0.00	1.578572	1.129339	1.416463	
239019.242847	4.617807	0.00	0.00	3.854545	1.129339	1.416463	
239020.372186	3.201343	0.00	0.00	7.870441	1.129339	1.416463	
239021.501525	1.784880	0.00	0.00	13.441597	1.129339	1.416463	
239022.630863	0.368417	0.00	0.00	19.269550	1.129339	1.416463	
239023.760202	-1.048047	0.00	0.00	23.332040	1.129339	1.416463	
239024.889541	-2.464510	0.00	0.00	23.991473	1.129339	1.416463	
239026.018879	-3.880974	0.00	0.00	20.970092	1.129339	1.416463	
239027.148218	-5.297437	0.00	0.00	15.514912	1.129339	1.416463	
239028.277557	-6.713900	0.00	0.00	9.654249	1.129339	1.416463	
239029.406896	-8.130364	0.00	0.00	5.028861	1.129339	1.416463	
239030.536234	-9.546827	0.00	0.00	2.190002	1.129339	1.416463	
239031.665573	-10.963291	0.00	0.00	0.798254	1.129339	1.416463	
239032.794912	-12.379754	0.00	0.00	0.243965	1.129339	1.416463	
239033.924251	-13.796218	0.00	0.00	0.062599	1.129339	1.416463	
239035.053589	-15.212681	0.00	0.00	0.013494	1.129339	1.416463	
239036.182928	-16.629144	0.00	0.00	0.002445	1.129339	1.416463	
239037.312267	-18.045608	0.00	0.00	0.000372	1.129339	1.416463	
239038.441605	-19.462071	0.00	0.00	0.000048	1.129339	1.416463	
239039.570944	-20.878535	0.00	0.00	0.000005	1.129339	1.416463	
239040.700283	-22.294998	0.00	0.00	0.000000	1.129339	1.416463	
239041.829621	-23.711461	0.00	0.00	0.000000	1.129339	1.416463	
239042.958960	-25.127925	0.00	0.00	0.000000	1.129339	1.416463	
239044.088299	-26.544388	0.00	0.00	0.000000	1.129339	1.416463	
239045.217638	-27.960852	0.00	0.00	0.000000	1.129339	1.416463	
239046.346976	-29.377315	0.00	0.00	0.000000	1.129339	1.416463	
239040.700283	29.593743	0.00	0.00	0.000000	1.129339	1.416218	
239041.829621	28.177525	0.00	0.00	0.000000	1.129339	1.416218	
239042.958960	26.761306	0.00	0.00	0.000000	1.129339	1.416218	
239044.088299	25.345088	0.00	0.00	0.000000	1.129339	1.416218	
239045.217638	23.928870	0.00	0.00	0.000000	1.129339	1.416218	
239046.346976	22.512651	0.00	0.00	0.000000	1.129339	1.416218	
239047.476315	21.096433	0.00	0.00	0.000000	1.129339	1.416218	
239048.605654	19.680215	0.00	0.00	0.000000	1.129339	1.416218	
239049.734992	18.263997	0.00	0.00	0.000001	1.129339	1.416218	
239050.864331	16.847778	0.00	0.00	0.000007	1.129339	1.416218	
239051.993670	15.431560	0.00	0.00	0.000060	1.129339	1.416218	
239053.123009	14.015342	0.00	0.00	0.000469	1.129339	1.416218	
239054.252347	12.599124	0.00	0.00	0.003069	1.129339	1.416218	
239055.381686	11.182905	0.00	0.00	0.016873	1.129339	1.416218	
239056.511025	9.766687	0.00	0.00	0.077967	1.129339	1.416218	
239057.640363	8.350469	0.00	0.00	0.302660	1.129339	1.416218	
239058.769702	6.934251	0.00	0.00	0.986222	1.129339	1.416218	
239059.899041	5.518032	0.00	0.00	2.693284	1.129339	1.416218	
239061.028380	4.101814	0.00	0.00	6.151075	1.129339	1.416218	
239062.157718	2.685596	0.00	0.00	11.732767	1.129339	1.416218	
239063.287057	1.269377	0.00	0.00	18.721667	1.129339	1.416218	
239064.416396	-0.146841	0.00	0.00	25.134690	1.129339	1.416218	
239065.545734	-1.563059	0.00	0.00	28.610889	1.129339	1.416218	
239066.675073	-2.979277	0.00	0.00	27.750524	1.129339	1.416218	
239067.804412	-4.395496	0.00	0.00	22.905486	1.129339	1.416218	
239068.933751	-5.811714	0.00	0.00	15.983659	1.129339	1.416218	
239070.063089	-7.227932	0.00	0.00	9.359601	1.129339	1.416218	
239071.192428	-8.644150	0.00	0.00	4.579859	1.129339	1.416218	
239072.321767	-10.060369	0.00	0.00	1.872192	1.129339	1.416218	
239073.451105	-11.476587	0.00	0.00	0.640572	1.129339	1.416218	
239074.580444	-12.892805	0.00	0.00	0.183814	1.114077	1.397080	
239075.694521	-14.289885	0.00	0.00	0.045206	1.129339	1.416218	
239076.823860	-15.706104	0.00	0.00	0.009174	1.129339	1.416218	
239077.953199	-17.122322	0.00	0.00	0.001565	1.129339	1.416218	
239079.082538	-18.538540	0.00	0.00	0.000224	1.129339	1.416218	
239080.211876	-19.954759	0.00	0.00	0.000027	1.129339	1.416218	
239081.341215	-21.370977	0.00	0.00	0.000003	1.129339	1.416218	
239082.470554	-22.787195	0.00	0.00	0.000005	1.129339	1.416218	
239083.599893	-24.203413	0.00	0.00	0.000045	1.129339	1.416218	
239084.729231	-25.619632	0.00	0.00	0.000379	1.129339	1.416218	
239085.858570	-27.035850	0.00	0.00	0.002718	1.129339	1.416218	
239086.987909	-28.452068	0.00	0.00	0.016360	1.129339	1.416218	
239088.117247	-29.868286	0.00	0.00	0.082766	1.129339	1.416218	
239072.321767	30.312375	0.00	0.00	1.872192	1.129339	1.416028	
239073.451105	28.896347	0.00	0.00	0.640572	1.129339	1.416028	
239074.580444	27.480320	0.00	0.00	0.183814	1.114077	1.396892	
239075.694521	26.083427	0.00	0.00	0.045206	1.129339	1.416028	
239076.823860	24.667400	0.00	0.00	0.009174	1.129339	1.416028	
239077.953199	23.251372	0.00	0.00	0.001565	1.129339	1.416028	
239079.082538	21.835345	0.00	0.00	0.000224	1.129339	1.416028	
239080.211876	20.419317	0.00	0.00	0.000027	1.129339	1.416028	
239081.341215	19.003290	0.00	0.00	0.000003	1.129339	1.416028	
239082.470554	17.587262	0.00	0.00	0.000005	1.129339	1.416028	
239083.599893	16.171235	0.00	0.00	0.000045	1.129339	1.416027	
239084.729231	14.755207	0.00	0.00	0.000379	1.129339	1.416028	
239085.858570	13.339180	0.00	0.00	0.002718	1.129339	1.416028	
239086.987909	11.923152	0.00	0.00	0.016360	1.129339	1.416028	
239088.117247	10.507124	0.00	0.00	0.082766	1.129339	1.416028	
239089.246586	9.091097	0.00	0.00	0.351739	1.129339	1.416028	
239090.375925	7.675069	0.00	0.00	1.254224	1.129339	1.416028	
239091.505263	6.259042	0.00	0.00	3.742379	1.129339	1.416028	
239092.634602	4.843014	0.00	0.00	9.302816	1.129339	1.416028	
239093.763941	3.426987	0.00	0.00	19.178993	1.129339	1.416028	
239094.893280	2.010959	0.00	0.00	32.786917	1.129339	1.416028	
239096.022618	0.594931	0.00	0.00	46.873087	1.129339	1.416027	
239097.151957	-0.821096	0.00	0.00	56.947914	1.129339	1.416028	
239098.281296	-2.237124	0.00	0.00	59.704903	1.129339	1.416028	
239099.410634	-3.653151	0.00	0.00	54.270657	1.129339	1.416028	
239100.539973	-5.069179	0.00	0.00	42.384179	1.129339	1.416028	
239101.669312	-6.485206	0.00	0.00	27.966782	1.129339	1.416028	
239102.798651	-7.901234	0.00	0.00	15.372084	1.129339	1.416028	
239103.927989	-9.317261	0.00	0.00	7.001046	1.129339	1.416028	
239105.057328	-10.733289	0.00	0.00	2.647867	1.129339	1.416028	
239106.186667	-12.149317	0.00	0.00	0.835674	1.129339	1.416028	
239107.316005	-13.565344	0.00	0.00	0.221032	1.129339	1.416027	
239108.445344	-14.981372	0.00	0.00	0.049775	1.129339	1.416028	
239109.574683	-16.397399	0.00	0.00	0.013887	1.129339	1.416028	
239110.704022	-17.813427	0.00	0.00	0.027028	1.129339	1.416028	
239111.833360	-19.229454	0.00	0.00	0.116266	1.129339	1.416028	
239112.962699	-20.645482	0.00	0.00	0.442227	1.129339	1.416028	
239114.092038	-22.061509	0.00	0.00	1.413473	1.129339	1.416028	
239115.221376	-23.477537	0.00	0.00	3.782760	1.129339	1.416028	
239116.350715	-24.893565	0.00	0.00	8.452954	1.129339	1.416028	
239117.480054	-26.309592	0.00	0.00	15.749534	1.129339	1.416028	
239118.609393	-27.725620	0.00	0.00	24.532526	1.129339	1.416028	
239119.738731	-29.141647	0.00	0.00	32.196700	1.129339	1.416027	
239120.868070	-30.557675	0.00	0.00	35.948776	1.129339	1.416027	
239072.321767	30.312375	0.00	0.00	1.872192	1.129339	1.416028	
239073.451105	28.896347	0.00	0.00	0.640572	1.129339	1.416028	
239074.580444	27.480320	0.00	0.00	0.183814	1.114077	1.396892	
239075.694521	26.083427	0.00	0.00	0.045206	1.129339	1.416028	
239076.823860	24.667400	0.00	0.00	0.009174	1.129339	1.416028	
239077.953199	23.251372	0.00	0.00	0.001565	1.129339	1.416028	
239079.082538	21.835345	0.00	0.00	0.000224	1.129339	1.416028	
239080.211876	20.419317	0.00	0.00	0.000027	1.129339	1.416028	
239081.341215	19.003290	0.00	0.00	0.000003	1.129339	1.416028	
239082.470554	17.587262	0.00	0.00	0.000005	1.129339	1.416028	
239083.599893	16.171235	0.00	0.00	0.000045	1.129339	1.416027	
239084.729231	14.755207	0.00	0.00	0.000379	1.129339	1.416028	
239085.858570	13.339180	0.00	0.00	0.002718	1.129339	1.416028	
239086.987909	11.923152	0.00	0.00	0.016360	1.129339	1.416028	
239088.117247	10.507124	0.00	0.00	0.082766	1.129339	1.416028	
239089.246586	9.091097	0.00	0.00	0.351739	1.129339	1.416028	
239090.375925	7.675069	0.00	0.00	1.254224	1.129339	1.416028	
239091.505263	6.259042	0.00	0.00	3.742379	1.129339	1.416028	
239092.634602	4.843014	0.00	0.00	9.302816	1.129339	1.416028	
239093.763941	3.426987	0.00	0.00	19.178993	1.129339	1.416028	
239094.893280	2.010959	0.00	0.00	32.786917	1.129339	1.416028	
239096.022618	0.594931	0.00	0.00	46.873087	1.129339	1.416027	
239097.151957	-0.821096	0.00	0.00	56.947914	1.129339	1.416028	
239098.281296	-2.237124	0.00	0.00	59.704903	1.129339	1.416028	
239099.410634	-3.653151	0.00	0.00	54.270657	1.129339	1.416028	
239100.539973	-5.069179	0.00	0.00	42.384179	1.129339	1.416028	
239101.669312	-6.485206	0.00	0.00	27.966782	1.129339	1.416028	
239102.798651	-7.901234	0.00	0.00	15.372084	1.129339	1.416028	
239103.927989	-9.317261	0.00	0.00	7.001046	1.129339	1.416028	
239105.057328	-10.733289	0.00	0.00	2.647867	1.129339	1.416028	
239106.186667	-12.149317	0.00	0.00	0.835674	1.129339	1.416028	
239107.316005	-13.565344	0.00	0.00	0.221032	1.129339	1.416027	
239108.445344	-14.981372	0.00	0.00	0.049775	1.129339	1.416028	
239109.574683	-16.397399	0.00	0.00	0.013887	1.129339	1.416028	
239110.704022	-17.813427	0.00	0.00	0.027028	1.129339	1.416028	
239111.833360	-19.229454	0.00	0.00	0.116266	1.129339	1.416028	
239112.962699	-20.645482	0.00	0.00	0.442227	1.129339	1.416028	
239114.092038	-22.061509	0.00	0.00	1.413473	1.129339	1.416028	
239115.221376	-23.477537	0.00	0.00	3.782760	1.129339	1.416028	
239116.350715	-24.893565	0.00	0.00	8.452954	1.129339	1.416028	
239117.480054	-26.309592	0.00	0.00	15.749534	1.129339	1.416028	
239118.609393	-27.725620	0.00	0.00	24.532526	1.129339	1.416028	
239119.738731	-29.141647	0.00	0.00	32.196700	1.129339	1.416027	
239120.868070	-30.557675	0.00	0.00	35.948776	1.129339	1.416027	
239096.022618	29.440555	0.00	0.00	46.873087	1.129339	1.415891	
239097.151957	28.024664	0.00	0.00	56.947914	1.129339	1.415891	
239098.281296	26.608772	0.00	0.00	59.704903	1.129339	1.415891	
239099.410634	25.192881	0.00	0.00	54.270657	1.129339	1.415891	
239100.539973	23.776990	0.00	0.00	42.384179	1.129339	1.415891	
239101.669312	22.361098	0.00	0.00	27.966782	1.129339	1.415891	
239102.798651	20.945207	0.00	0.00	15.372084	1.129339	1.415891	
239103.927989	19.529316	0.00	0.00	7.001046	1.129339	1.415891	
239105.057328	18.113425	0.00	0.00	2.647867	1.129339	1.415891	
239106.186667	16.697533	0.00	0.00	0.835674	1.129339	1.415891	
239107.316005	15.281642	0.00	0.00	0.221032	1.129339	1.415891	
239108.445344	13.865751	0.00	0.00	0.049775	1.129339	1.415891	
239109.574683	12.449859	0.00	0.00	0.013887	1.129339	1.415891	
239110.704022	11.033968	0.00	0.00	0.027028	1.129339	1.415891	
239111.833360	9.618077	0.00	0.00	0.116266	1.129339	1.415891	
239112.962699	8.202185	0.00	0.00	0.442227	1.129339	1.415891	
239114.092038	6.786294	0.00	0.00	1.413473	1.129339	1.415891	
239115.221376	5.370403	0.00	0.00	3.782760	1.129339	1.415891	
239116.350715	3.954511	0.00	0.00	8.452954	1.129339	1.415891	
239117.480054	2.538620	0.00	0.00	15.749534	1.129339	1.415891	
239118.609393	1.122729	0.00	0.00	24.532527	1.129339	1.415891	
239119.738731	-0.293163	0.00	0.00	32.196705	1.129339	1.415891	
239120.868070	-1.709054	0.00	0.00	35.948827	1.129339	1.415891	
239121.997409	-3.124945	0.00	0.00	34.338784	1.129339	1.415891	
239123.126747	-4.540836	0.00	0.00	27.994757	1.129339	1.415891	
239124.256086	-5.956728	0.00	0.00	19.321012	1.129339	1.415891	
239125.385425	-7.372619	0.00	0.00	11.242833	1.129339	1.415891	
239126.514764	-8.788510	0.00	0.00	5.723659	1.129339	1.415891	
239127.644102	-10.204402	0.00	0.00	3.325868	1.129339	1.415891	
239128.773441	-11.620293	0.00	0.00	3.997094	1.129339	1.415891	
239129.902780	-13.036184	0.00	0.00	7.871592	1.129339	1.415891	
239131.032118	-14.452076	0.00	0.00	15.075778	1.129339	1.415891	
239132.161457	-15.867967	0.00	0.00	24.810067	1.129339	1.415891	
239133.290796	-17.283858	0.00	0.00	35.006260	1.129339	1.415891	
239134.420135	-18.699749	0.00	0.00	43.331666	1.129339	1.415891	
239135.549473	-20.115641	0.00	0.00	48.571278	1.129339	1.415891	
239136.678812	-21.531532	0.00	0.00	50.924296	1.129339	1.415891	
239137.808151	-22.947423	0.00	0.00	51.013729	1.129339	1.415891	
239138.937489	-24.363315	0.00	0.00	48.763271	1.129339	1.415891	
239140.066828	-25.779206	0.00	0.00	43.466882	1.129339	1.415891	
239141.196167	-27.195097	0.00	0.00	34.974104	1.129339	1.415891	
239142.325506	-28.610989	0.00	0.00	24.617372	1.129339	1.415891	
239143.454844	-30.026880	0.00	0.00	14.794792	1.129339	1.415891	
239109.574683	29.760339	0.00	0.00	0.013887	1.129339	1.415810	
239110.704022	28.344529	0.00	0.00	0.027028	1.129339	1.415810	
239111.833360	26.928719	0.00	0.00	0.116266	1.129339	1.415810	
239112.962699	25.512910	0.00	0.00	0.442227	1.129339	1.415810	
239114.092038	24.097100	0.00	0.00	1.413473	1.129339	1.415810	
239115.221376	22.681291	0.00	0.00	3.782760	1.129339	1.415810	
239116.350715	21.265481	0.00	0.00	8.452954	1.129339	1.415810	
239117.480054	19.849672	0.00	0.00	15.749534	1.129339	1.415810	
239118.609393	18.433862	0.00	0.00	24.532527	1.129339	1.415810	
239119.738731	17.018053	0.00	0.00	32.196705	1.129339	1.415809	
239120.868070	15.602243	0.00	0.00	35.948827	1.129339	1.415810	
239121.997409	14.186434	0.00	0.00	34.338784	1.129339	1.415810	
239123.126747	12.770624	0.00	0.00	27.994757	1.129339	1.415810	
239124.256086	11.354814	0.00	0.00	19.321012	1.129339	1.415810	
239125.385425	9.939005	0.00	0.00	11.242833	1.129339	1.415810	
239126.514764	8.523195	0.00	0.00	5.723659	1.129339	1.415810	
239127.644102	7.107386	0.00	0.00	3.325868	1.129339	1.415810	
239128.773441	5.691576	0.00	0.00	3.997094	1.129339	1.415810	
239129.902780	4.275767	0.00	0.00	7.871592	1.129339	1.415810	
239131.032118	2.859957	0.00	0.00	15.075778	1.129339	1.415809	
239132.161457	1.444148	0.00	0.00	24.810067	1.129339	1.415810	
239133.290796	0.028338	0.00	0.00	35.006260	1.129339	1.415810	
239134.420135	-1.387472	0.00	0.00	43.331666	1.129339	1.415810	
239135.549473	-2.803281	0.00	0.00	48.571278	1.129339	1.415810	
239136.678812	-4.219091	0.00	0.00	50.924296	1.129339	1.415810	
239137.808151	-5.634900	0.00	0.00	51.013729	1.129339	1.415810	
239138.937489	-7.050710	0.00	0.00	48.763271	1.129339	1.415810	
239140.066828	-8.466519	0.00	0.00	43.466882	1.129339	1.415810	
239141.196167	-9.882329	0.00	0.00	34.974104	1.129339	1.415810	
239142.325506	-11.298138	0.00	0.00	24.617372	1.129339	1.415810	
239143.454844	-12.713948	0.00	0.00	14.794792	1.129339	1.415809	
239144.584183	-14.129757	0.00	0.00	7.483073	1.129339	1.415810	
239145.713522	-15.545567	0.00	0.00	3.168311	1.114077	1.396677	
239146.827599	-16.942244	0.00	0.00	1.140221	1.129339	1.415810	
239147.956938	-18.358054	0.00	0.00	0.339748	1.129339	1.415810	
239149.086276	-19.773863	0.00	0.00	0.085017	1.129339	1.415810	
239150.215615	-21.189673	0.00	0.00	0.017879	1.129339	1.415810	
239151.344954	-22.605482	0.00	0.00	0.003160	1.129339	1.415810	
239152.474293	-24.021292	0.00	0.00	0.000470	1.129339	1.415810	
239153.603631	-25.437101	0.00	0.00	0.000059	1.129339	1.415810	
239154.732970	-26.852911	0.00	0.00	0.000006	1.129339	1.415810	
239155.862309	-28.268720	0.00	0.00	0.000001	1.129339	1.415810	
239156.991648	-29.684530	0.00	0.00	0.000000	1.129339	1.415810	
239114.092038	29.867635	0.00	0.00	1.413471	1.129339	1.415782	
239115.221376	28.451853	0.00	0.00	3.782760	1.129339	1.415782	
239116.350715	27.036071	0.00	0.00	8.452954	1.129339	1.415782	
239117.480054	25.620288	0.00	0.00	15.749534	1.129339	1.415782	
239118.609393	24.204506	0.00	0.00	24.532527	1.129339	1.415782	
239119.738731	22.788724	0.00	0.00	32.196705	1.129339	1.415782	
239120.868070	21.372941	0.00	0.00	35.948827	1.129339	1.415782	
239121.997409	19.957159	0.00	0.00	34.338784	1.129339	1.415782	
239123.126747	18.541377	0.00	0.00	27.994757	1.129339	1.415782	
239124.256086	17.125594	0.00	0.00	19.321012	1.129339	1.415782	
239125.385425	15.709812	0.00	0.00	11.242833	1.129339	1.415782	
239126.514764	14.294030	0.00	0.00	5.723659	1.129339	1.415782	
239127.644102	12.878248	0.00	0.00	3.325868	1.129339	1.415782	
239128.773441	11.462465	0.00	0.00	3.997094	1.129339	1.415782	
239129.902780	10.046683	0.00	0.00	7.871592	1.129339	1.415782	
239131.032118	8.630901	0.00	0.00	15.075778	1.129339	1.415782	
239132.161457	7.215118	0.00	0.00	24.810067	1.129339	1.415782	
239133.290796	5.799336	0.00	0.00	35.006260	1.129339	1.415782	
239134.420135	4.383554	0.00	0.00	43.331666	1.129339	1.415782	
239135.549473	2.967772	0.00	0.00	48.571278	1.129339	1.415782	
239136.678812	1.551989	0.00	0.00	50.924296	1.129339	1.415782	
239137.808151	0.136207	0.00	0.00	51.013729	1.129339	1.415782	
239138.937489	-1.279575	0.00	0.00	48.763271	1.129339	1.415782	
239140.066828	-2.695358	0.00	0.00	43.466882	1.129339	1.415782	
239141.196167	-4.111140	0.00	0.00	34.974104	1.129339	1.415782	
239142.325506	-5.526922	0.00	0.00	24.617372	1.129339	1.415782	
239143.454844	-6.942705	0.00	0.00	14.794792	1.129339	1.415782	
239144.584183	-8.358487	0.00	0.00	7.483073	1.129339	1.415782	
239145.713522	-9.774269	0.00	0.00	3.168311	1.114077	1.396650	
239146.827599	-11.170919	0.00	0.00	1.140221	1.129339	1.415782	
239147.956938	-12.586701	0.00	0.00	0.339748	1.129339	1.415782	
239149.086276	-14.002484	0.00	0.00	0.085017	1.129339	1.415782	
239150.215615	-15.418266	0.00	0.00	0.017879	1.129339	1.415782	
239151.344954	-16.834048	0.00	0.00	0.003160	1.129339	1.415782	
239152.474293	-18.249831	0.00	0.00	0.000470	1.129339	1.415782	
239153.603631	-19.665613	0.00	0.00	0.000059	1.129339	1.415782	
239154.732970	-21.081395	0.00	0.00	0.000006	1.129339	1.415782	
239155.862309	-22.497178	0.00	0.00	0.000001	1.129339	1.415782	
239156.991648	-23.912960	0.00	0.00	0.000000	1.129339	1.415782	
239158.120986	-25.328742	0.00	0.00	0.000000	1.129339	1.415782	
239159.250325	-26.744524	0.00	0.00	0.000000	1.129339	1.415782	
239160.379664	-28.160307	0.00	0.00	0.000000	1.129339	1.415782	
239161.509002	-29.576089	0.00	0.00	0.000000	1.129339	1.415782	
