
log-file for error estimation using Interval-Nested-Sampling algorithm:
-----------------------------------------------------------------------


algorithm starts at Date: 26.04.2023,     Time: 13:05:04


           Renormalized limit for chi^2 =     5.920000000000000e-06


           Nested sampling loop for free parameter 1


           Iteration:                    chi^2:     Parameter:
                    1     1.468470906479545E-03     8.517614531099416E-01,  6.747086772824120E+01,  1.463936758017380E+01,  2.139887613361950E+00,  1.241770301223312E+00,  5.122036076552333E+01,  1.486024221389930E+01,  7.865095491759306E+00
                    2     1.468180961463307E-03     9.207212295545659E-01,  6.747086772824120E+01,  1.463936758017380E+01,  2.139887613361950E+00,  1.241770301223312E+00,  5.122036076552333E+01,  1.486024221389930E+01,  7.865095491759306E+00
                    3     1.468180961463307E-03     9.207212295545659E-01,  6.747086772824120E+01,  1.463936758017380E+01,  2.139887613361950E+00,  1.241770301223312E+00,  5.122036076552333E+01,  1.486024221389930E+01,  7.865095491759306E+00
                    4     1.467889755157544E-03     8.690013972210977E-01,  6.747086772824120E+01,  1.463936758017380E+01,  2.139887613361950E+00,  1.241770301223312E+00,  5.122036076552333E+01,  1.486024221389930E+01,  7.865095491759306E+00
                    5     1.467733688424792E-03     8.776213692766757E-01,  6.747086772824120E+01,  1.463936758017380E+01,  2.139887613361950E+00,  1.241770301223312E+00,  5.122036076552333E+01,  1.486024221389930E+01,  7.865095491759306E+00
                    6     1.467733688424792E-03     8.776213692766757E-01,  6.747086772824120E+01,  1.463936758017380E+01,  2.139887613361950E+00,  1.241770301223312E+00,  5.122036076552333E+01,  1.486024221389930E+01,  7.865095491759306E+00
                    7     1.467733688424792E-03     8.776213692766757E-01,  6.747086772824120E+01,  1.463936758017380E+01,  2.139887613361950E+00,  1.241770301223312E+00,  5.122036076552333E+01,  1.486024221389930E+01,  7.865095491759306E+00
                    8     1.467675684425052E-03     8.948613133878318E-01,  6.747086772824120E+01,  1.463936758017380E+01,  2.139887613361950E+00,  1.241770301223312E+00,  5.122036076552333E+01,  1.486024221389930E+01,  7.865095491759306E+00
  

           Nested sampling loop for free parameter 2


           Iteration:                    chi^2:     Parameter:
                    1     1.467663306386657E-03     8.862413413322537E-01,  4.915695590941374E+01,  1.463936758017380E+01,  2.139887613361950E+00,  1.241770301223312E+00,  5.122036076552333E+01,  1.486024221389930E+01,  7.865095491759306E+00
                    2     1.467663306386657E-03     8.862413413322537E-01,  4.915695590941374E+01,  1.463936758017380E+01,  2.139887613361950E+00,  1.241770301223312E+00,  5.122036076552333E+01,  1.486024221389930E+01,  7.865095491759306E+00
                    3     1.467663306386657E-03     8.862413413322537E-01,  4.915695590941374E+01,  1.463936758017380E+01,  2.139887613361950E+00,  1.241770301223312E+00,  5.122036076552333E+01,  1.486024221389930E+01,  7.865095491759306E+00
                    4     1.467663306386657E-03     8.862413413322537E-01,  4.915695590941374E+01,  1.463936758017380E+01,  2.139887613361950E+00,  1.241770301223312E+00,  5.122036076552333E+01,  1.486024221389930E+01,  7.865095491759306E+00
                    5     1.467663306386657E-03     8.862413413322537E-01,  4.915695590941374E+01,  1.463936758017380E+01,  2.139887613361950E+00,  1.241770301223312E+00,  5.122036076552333E+01,  1.486024221389930E+01,  7.865095491759306E+00
                    6     1.467663306386657E-03     8.862413413322537E-01,  4.915695590941374E+01,  1.463936758017380E+01,  2.139887613361950E+00,  1.241770301223312E+00,  5.122036076552333E+01,  1.486024221389930E+01,  7.865095491759306E+00
                    7     1.467663306386657E-03     8.862413413322537E-01,  4.915695590941374E+01,  1.463936758017380E+01,  2.139887613361950E+00,  1.241770301223312E+00,  5.122036076552333E+01,  1.486024221389930E+01,  7.865095491759306E+00
                    8     1.467663306386657E-03     8.862413413322537E-01,  4.915695590941374E+01,  1.463936758017380E+01,  2.139887613361950E+00,  1.241770301223312E+00,  5.122036076552333E+01,  1.486024221389930E+01,  7.865095491759306E+00
  

           Nested sampling loop for free parameter 3


           Iteration:                    chi^2:     Parameter:
                    1     1.467663306386657E-03     8.862413413322537E-01,  4.915695590941374E+01,  1.463936758017380E+01,  2.139887613361950E+00,  1.241770301223312E+00,  5.122036076552333E+01,  1.486024221389930E+01,  7.865095491759306E+00
                    2     1.467663306386657E-03     8.862413413322537E-01,  4.915695590941374E+01,  1.463936758017380E+01,  2.139887613361950E+00,  1.241770301223312E+00,  5.122036076552333E+01,  1.486024221389930E+01,  7.865095491759306E+00
                    3     1.467663306386657E-03     8.862413413322537E-01,  4.915695590941374E+01,  1.463936758017380E+01,  2.139887613361950E+00,  1.241770301223312E+00,  5.122036076552333E+01,  1.486024221389930E+01,  7.865095491759306E+00
                    4     1.467663306386657E-03     8.862413413322537E-01,  4.915695590941374E+01,  1.463936758017380E+01,  2.139887613361950E+00,  1.241770301223312E+00,  5.122036076552333E+01,  1.486024221389930E+01,  7.865095491759306E+00
                    5     1.467663306386657E-03     8.862413413322537E-01,  4.915695590941374E+01,  1.463936758017380E+01,  2.139887613361950E+00,  1.241770301223312E+00,  5.122036076552333E+01,  1.486024221389930E+01,  7.865095491759306E+00
                    6     1.467663306386657E-03     8.862413413322537E-01,  4.915695590941374E+01,  1.463936758017380E+01,  2.139887613361950E+00,  1.241770301223312E+00,  5.122036076552333E+01,  1.486024221389930E+01,  7.865095491759306E+00
                    7     1.467663306386657E-03     8.862413413322537E-01,  4.915695590941374E+01,  1.463936758017380E+01,  2.139887613361950E+00,  1.241770301223312E+00,  5.122036076552333E+01,  1.486024221389930E+01,  7.865095491759306E+00
                    8     1.467663306386657E-03     8.862413413322537E-01,  4.915695590941374E+01,  1.463936758017380E+01,  2.139887613361950E+00,  1.241770301223312E+00,  5.122036076552333E+01,  1.486024221389930E+01,  7.865095491759306E+00
  

           Nested sampling loop for free parameter 4


           Iteration:                    chi^2:     Parameter:
                    1     1.467663306386657E-03     8.862413413322537E-01,  4.915695590941374E+01,  1.463936758017380E+01,  2.139887613361950E+00,  1.241770301223312E+00,  5.122036076552333E+01,  1.486024221389930E+01,  7.865095491759306E+00
                    2     1.467663306386657E-03     8.862413413322537E-01,  4.915695590941374E+01,  1.463936758017380E+01,  2.139887613361950E+00,  1.241770301223312E+00,  5.122036076552333E+01,  1.486024221389930E+01,  7.865095491759306E+00
                    3     1.467663306386657E-03     8.862413413322537E-01,  4.915695590941374E+01,  1.463936758017380E+01,  2.139887613361950E+00,  1.241770301223312E+00,  5.122036076552333E+01,  1.486024221389930E+01,  7.865095491759306E+00
                    4     1.467663306386657E-03     8.862413413322537E-01,  4.915695590941374E+01,  1.463936758017380E+01,  2.139887613361950E+00,  1.241770301223312E+00,  5.122036076552333E+01,  1.486024221389930E+01,  7.865095491759306E+00
                    5     1.467663306386657E-03     8.862413413322537E-01,  4.915695590941374E+01,  1.463936758017380E+01,  2.139887613361950E+00,  1.241770301223312E+00,  5.122036076552333E+01,  1.486024221389930E+01,  7.865095491759306E+00
                    6     1.467663306386657E-03     8.862413413322537E-01,  4.915695590941374E+01,  1.463936758017380E+01,  2.139887613361950E+00,  1.241770301223312E+00,  5.122036076552333E+01,  1.486024221389930E+01,  7.865095491759306E+00
                    7     1.467663306386657E-03     8.862413413322537E-01,  4.915695590941374E+01,  1.463936758017380E+01,  2.139887613361950E+00,  1.241770301223312E+00,  5.122036076552333E+01,  1.486024221389930E+01,  7.865095491759306E+00
                    8     1.467644754918260E-03     8.862413413322537E-01,  6.747086772824120E+01,  1.463936758017380E+01,  2.163635271973657E+00,  1.241770301223312E+00,  5.122036076552333E+01,  1.486024221389930E+01,  7.865095491759306E+00
  

           Nested sampling loop for free parameter 5


           Iteration:                    chi^2:     Parameter:
                    1     1.467639787206328E-03     8.862413413322537E-01,  6.747086772824120E+01,  1.463936758017380E+01,  2.139887613361950E+00,  1.251475251019427E+00,  5.122036076552333E+01,  1.486024221389930E+01,  7.865095491759306E+00
                    2     1.467633426205731E-03     8.862413413322537E-01,  6.747086772824120E+01,  1.463936758017380E+01,  2.139887613361950E+00,  1.256327725917484E+00,  5.122036076552333E+01,  1.486024221389930E+01,  7.865095491759306E+00
                    3     1.467633426205731E-03     8.862413413322537E-01,  6.747086772824120E+01,  1.463936758017380E+01,  2.139887613361950E+00,  1.256327725917484E+00,  5.122036076552333E+01,  1.486024221389930E+01,  7.865095491759306E+00
                    4     1.467633426205731E-03     8.862413413322537E-01,  6.747086772824120E+01,  1.463936758017380E+01,  2.139887613361950E+00,  1.256327725917484E+00,  5.122036076552333E+01,  1.486024221389930E+01,  7.865095491759306E+00
                    5     1.467631126254577E-03     8.862413413322537E-01,  6.747086772824120E+01,  1.463936758017380E+01,  2.139887613361950E+00,  1.266032675713598E+00,  5.122036076552333E+01,  1.486024221389930E+01,  7.865095491759306E+00
                    6     1.467631126254577E-03     8.862413413322537E-01,  6.747086772824120E+01,  1.463936758017380E+01,  2.139887613361950E+00,  1.266032675713598E+00,  5.122036076552333E+01,  1.486024221389930E+01,  7.865095491759306E+00
                    7     1.467631126254577E-03     8.862413413322537E-01,  6.747086772824120E+01,  1.463936758017380E+01,  2.139887613361950E+00,  1.266032675713598E+00,  5.122036076552333E+01,  1.486024221389930E+01,  7.865095491759306E+00
                    8     1.467630421482181E-03     8.862413413322537E-01,  6.747086772824120E+01,  1.463936758017380E+01,  2.139887613361950E+00,  1.263606438264570E+00,  5.122036076552333E+01,  1.486024221389930E+01,  7.865095491759306E+00
  

           Nested sampling loop for free parameter 6


           Iteration:                    chi^2:     Parameter:
                    1     1.467630421482181E-03     8.862413413322537E-01,  6.747086772824120E+01,  1.463936758017380E+01,  2.139887613361950E+00,  1.263606438264570E+00,  5.122036076552333E+01,  1.486024221389930E+01,  7.865095491759306E+00
                    2     1.467630421482181E-03     8.862413413322537E-01,  6.747086772824120E+01,  1.463936758017380E+01,  2.139887613361950E+00,  1.263606438264570E+00,  5.122036076552333E+01,  1.486024221389930E+01,  7.865095491759306E+00
                    3     1.467630421482181E-03     8.862413413322537E-01,  6.747086772824120E+01,  1.463936758017380E+01,  2.139887613361950E+00,  1.263606438264570E+00,  5.122036076552333E+01,  1.486024221389930E+01,  7.865095491759306E+00
                    4     1.467630421482181E-03     8.862413413322537E-01,  6.747086772824120E+01,  1.463936758017380E+01,  2.139887613361950E+00,  1.263606438264570E+00,  5.122036076552333E+01,  1.486024221389930E+01,  7.865095491759306E+00
                    5     1.467630421482181E-03     8.862413413322537E-01,  6.747086772824120E+01,  1.463936758017380E+01,  2.139887613361950E+00,  1.263606438264570E+00,  5.122036076552333E+01,  1.486024221389930E+01,  7.865095491759306E+00
                    6     1.467630421482181E-03     8.862413413322537E-01,  6.747086772824120E+01,  1.463936758017380E+01,  2.139887613361950E+00,  1.263606438264570E+00,  5.122036076552333E+01,  1.486024221389930E+01,  7.865095491759306E+00
                    7     1.467630421482181E-03     8.862413413322537E-01,  6.747086772824120E+01,  1.463936758017380E+01,  2.139887613361950E+00,  1.263606438264570E+00,  5.122036076552333E+01,  1.486024221389930E+01,  7.865095491759306E+00
                    8     1.467630421482181E-03     8.862413413322537E-01,  6.747086772824120E+01,  1.463936758017380E+01,  2.139887613361950E+00,  1.263606438264570E+00,  5.122036076552333E+01,  1.486024221389930E+01,  7.865095491759306E+00
  

           Nested sampling loop for free parameter 7


           Iteration:                    chi^2:     Parameter:
                    1     1.467630421482181E-03     8.862413413322537E-01,  6.747086772824120E+01,  1.463936758017380E+01,  2.139887613361950E+00,  1.263606438264570E+00,  5.122036076552333E+01,  1.486024221389930E+01,  7.865095491759306E+00
                    2     1.467630421482181E-03     8.862413413322537E-01,  6.747086772824120E+01,  1.463936758017380E+01,  2.139887613361950E+00,  1.263606438264570E+00,  5.122036076552333E+01,  1.486024221389930E+01,  7.865095491759306E+00
                    3     1.467630421482181E-03     8.862413413322537E-01,  6.747086772824120E+01,  1.463936758017380E+01,  2.139887613361950E+00,  1.263606438264570E+00,  5.122036076552333E+01,  1.486024221389930E+01,  7.865095491759306E+00
                    4     1.467630421482181E-03     8.862413413322537E-01,  6.747086772824120E+01,  1.463936758017380E+01,  2.139887613361950E+00,  1.263606438264570E+00,  5.122036076552333E+01,  1.486024221389930E+01,  7.865095491759306E+00
                    5     1.467630421482181E-03     8.862413413322537E-01,  6.747086772824120E+01,  1.463936758017380E+01,  2.139887613361950E+00,  1.263606438264570E+00,  5.122036076552333E+01,  1.486024221389930E+01,  7.865095491759306E+00
                    6     1.467630421482181E-03     8.862413413322537E-01,  6.747086772824120E+01,  1.463936758017380E+01,  2.139887613361950E+00,  1.263606438264570E+00,  5.122036076552333E+01,  1.486024221389930E+01,  7.865095491759306E+00
                    7     1.467630421482181E-03     8.862413413322537E-01,  6.747086772824120E+01,  1.463936758017380E+01,  2.139887613361950E+00,  1.263606438264570E+00,  5.122036076552333E+01,  1.486024221389930E+01,  7.865095491759306E+00
                    8     1.467630421482181E-03     8.862413413322537E-01,  6.747086772824120E+01,  1.463936758017380E+01,  2.139887613361950E+00,  1.263606438264570E+00,  5.122036076552333E+01,  1.486024221389930E+01,  7.865095491759306E+00
  

           Nested sampling loop for free parameter 8


           Iteration:                    chi^2:     Parameter:
                    1     1.467630421482181E-03     8.862413413322537E-01,  6.747086772824120E+01,  1.463936758017380E+01,  2.139887613361950E+00,  1.263606438264570E+00,  5.122036076552333E+01,  1.486024221389930E+01,  7.865095491759306E+00
                    2     1.467630421482181E-03     8.862413413322537E-01,  6.747086772824120E+01,  1.463936758017380E+01,  2.139887613361950E+00,  1.263606438264570E+00,  5.122036076552333E+01,  1.486024221389930E+01,  7.865095491759306E+00
                    3     1.467630421482181E-03     8.862413413322537E-01,  6.747086772824120E+01,  1.463936758017380E+01,  2.139887613361950E+00,  1.263606438264570E+00,  5.122036076552333E+01,  1.486024221389930E+01,  7.865095491759306E+00
                    4     1.467630421482181E-03     8.862413413322537E-01,  6.747086772824120E+01,  1.463936758017380E+01,  2.139887613361950E+00,  1.263606438264570E+00,  5.122036076552333E+01,  1.486024221389930E+01,  7.865095491759306E+00
                    5     1.467630421482181E-03     8.862413413322537E-01,  6.747086772824120E+01,  1.463936758017380E+01,  2.139887613361950E+00,  1.263606438264570E+00,  5.122036076552333E+01,  1.486024221389930E+01,  7.865095491759306E+00
                    6     1.467630421482181E-03     8.862413413322537E-01,  6.747086772824120E+01,  1.463936758017380E+01,  2.139887613361950E+00,  1.263606438264570E+00,  5.122036076552333E+01,  1.486024221389930E+01,  7.865095491759306E+00
                    7     1.467630421482181E-03     8.862413413322537E-01,  6.747086772824120E+01,  1.463936758017380E+01,  2.139887613361950E+00,  1.263606438264570E+00,  5.122036076552333E+01,  1.486024221389930E+01,  7.865095491759306E+00
                    8     1.467630421482181E-03     8.862413413322537E-01,  6.747086772824120E+01,  1.463936758017380E+01,  2.139887613361950E+00,  1.263606438264570E+00,  5.122036076552333E+01,  1.486024221389930E+01,  7.865095491759306E+00
  

           Table of results:


           | Free parameter |    Minimum point  |   Error_left    |   Error_right   | Mean parameter value |  Standard deviation  |  log(Evidence)   |
           -------------------------------------------------------------------------------------------------------------------------------------------
           |          1     |    8.86241341e-01 |  2.53068425e-01 |  1.07482873e-01 |       8.13448565e-01 |       1.80275649e-01 |  -1.46165052e-01 |
           --------------------------------------------------------------------------------------------------------------------------------------------
           |          2     |    6.74708677e+01 |  2.74708677e+01 |  8.55430511e+01 |       8.62910627e+01 |       6.67228561e+01 |  -1.46147290e-01 |
           --------------------------------------------------------------------------------------------------------------------------------------------
           |          3     |    1.46393676e+01 |  7.62420372e-01 |  1.03512242e+00 |       1.47757186e+01 |       8.98771398e-01 |  -1.46147290e-01 |
           --------------------------------------------------------------------------------------------------------------------------------------------
           |          4     |    2.13988761e+00 |  9.33186115e-01 |  1.19848205e+00 |       2.27253558e+00 |       1.06583408e+00 |  -1.46180901e-01 |
           --------------------------------------------------------------------------------------------------------------------------------------------
           |          5     |    1.24177030e+00 |  3.00281946e-01 |  5.82296988e-02 |       1.15017896e+00 |       2.08690603e-01 |  -1.46152299e-01 |
           --------------------------------------------------------------------------------------------------------------------------------------------
           |          6     |    5.12203608e+01 |  1.05506049e+01 |  9.93989411e+01 |       9.56445289e+01 |       5.49747730e+01 |  -1.73892472e-01 |
           --------------------------------------------------------------------------------------------------------------------------------------------
           |          7     |    1.48602422e+01 |  5.81407718e-01 |  1.49918588e-01 |       1.46444976e+01 |       3.65663153e-01 |  -4.41649822e-01 |
           --------------------------------------------------------------------------------------------------------------------------------------------
           |          8     |    7.86509549e+00 |  2.59346428e+00 |  6.12209298e-01 |       6.87446800e+00 |       1.60283679e+00 |  -1.46160774e-01 |
           --------------------------------------------------------------------------------------------------------------------------------------------



algorithm ends at Date: 26.04.2023,     Time: 13:49:06

------------------------------------------------------------------------------------------------------------------------------------------------------
