 
log-file for Levenberg-Marquardt algorithm:
-------------------------------------------
 
 
algorithm starts at Date: 26.04.2023,     Time: 13:03:18
 
 
 
 
           Sub-beam description is NOT used!
 
 
           Do NOT take local-overlap into account!
 
 
           Start Levenberg-Marquardt algorithm (MPI version) ..
 
           Renormalized limit for chi^2 =     4.670000000000000E-06
 
 
           Using Numerical Recepies (NR) version!
 
 
           Iteration:                    chi^2:     alamda:     Parameter:
 
 Using Singular Value Decomposition!
 
                    1     1.473822749277173E-03      1.E-04     7.757791377255758E-01,  6.747086772824120E+01,  1.748326344723076E+01,  1.884213050141692E+00,  1.232774186046454E+00,  4.859736367580119E+01,  1.490503669749240E+01,  6.293211195510171E+00
 
 Using Singular Value Decomposition!
 
                    2     1.470508331795916E-03      1.E-05     7.976153533998500E-01,  6.747086772824120E+01,  1.737616122021347E+01,  1.918900511161820E+00,  1.205363983948533E+00,  5.094869702475570E+01,  1.488690501539276E+01,  7.713797942720578E+00
 
 Using Singular Value Decomposition!
 
                    3     1.469798632564987E-03      1.E-06     8.303516959529853E-01,  6.747086772824120E+01,  1.704455501923252E+01,  1.973278301591147E+00,  1.177072565361541E+00,  5.079306218913727E+01,  1.488698228190587E+01,  8.017345688025040E+00
 
 Using Singular Value Decomposition!
 
                    4     1.469648217970225E-03      1.E-07     8.916226911362397E-01,  6.747086772824120E+01,  1.473076465543065E+01,  1.994701492713979E+00,  1.249496217945565E+00,  5.055625700187923E+01,  1.487037563665090E+01,  8.013393476042040E+00
 
 Using Singular Value Decomposition!
 
                    5     1.469648217970225E-03      1.E-06     8.916226911362397E-01,  6.747086772824120E+01,  1.473076465543065E+01,  1.994701492713979E+00,  1.249496217945565E+00,  5.055625700187923E+01,  1.487037563665090E+01,  8.013393476042040E+00
 
 Using Singular Value Decomposition!
 
                    6     1.469648217970225E-03      1.E-05     8.916226911362397E-01,  6.747086772824120E+01,  1.473076465543065E+01,  1.994701492713979E+00,  1.249496217945565E+00,  5.055625700187923E+01,  1.487037563665090E+01,  8.013393476042040E+00
 
 Using Singular Value Decomposition!
 
                    7     1.469648217970225E-03      1.E-04     8.916226911362397E-01,  6.747086772824120E+01,  1.473076465543065E+01,  1.994701492713979E+00,  1.249496217945565E+00,  5.055625700187923E+01,  1.487037563665090E+01,  8.013393476042040E+00
 
 Using Singular Value Decomposition!
 
                    8     1.469648217970225E-03      1.E-03     8.916226911362397E-01,  6.747086772824120E+01,  1.473076465543065E+01,  1.994701492713979E+00,  1.249496217945565E+00,  5.055625700187923E+01,  1.487037563665090E+01,  8.013393476042040E+00
 
 Using Singular Value Decomposition!
 
                    9     1.469648217970225E-03      1.E-02     8.916226911362397E-01,  6.747086772824120E+01,  1.473076465543065E+01,  1.994701492713979E+00,  1.249496217945565E+00,  5.055625700187923E+01,  1.487037563665090E+01,  8.013393476042040E+00
 
 Using Singular Value Decomposition!
 
                   10     1.469648217970225E-03      1.E-01     8.916226911362397E-01,  6.747086772824120E+01,  1.473076465543065E+01,  1.994701492713979E+00,  1.249496217945565E+00,  5.055625700187923E+01,  1.487037563665090E+01,  8.013393476042040E+00
 
 Using Singular Value Decomposition!
 
                   11     1.469317534901503E-03      1.E-02     8.912374042219283E-01,  6.747086772824120E+01,  1.472420061523504E+01,  2.009097257205149E+00,  1.248942897676163E+00,  5.064159259703791E+01,  1.486977838809255E+01,  7.984223767172781E+00
 
 Using Singular Value Decomposition!
 
                   12     1.469317534901503E-03      1.E-01     8.912374042219283E-01,  6.747086772824120E+01,  1.472420061523504E+01,  2.009097257205149E+00,  1.248942897676163E+00,  5.064159259703791E+01,  1.486977838809255E+01,  7.984223767172781E+00
 
 Using Singular Value Decomposition!
 
                   13     1.469204667302899E-03      1.E-02     8.908590377328419E-01,  6.747086772824120E+01,  1.471773962720354E+01,  2.014211112539410E+00,  1.248397340967374E+00,  5.069414509878208E+01,  1.486914248838976E+01,  7.986784054764582E+00
 
 Using Singular Value Decomposition!
 
                   14     1.469204667302899E-03      1.E-01     8.908590377328419E-01,  6.747086772824120E+01,  1.471773962720354E+01,  2.014211112539410E+00,  1.248397340967374E+00,  5.069414509878208E+01,  1.486914248838976E+01,  7.986784054764582E+00
 
 Using Singular Value Decomposition!
 
                   15     1.469169407007223E-03      1.E-02     8.904818078308154E-01,  6.747086772824120E+01,  1.471129096842554E+01,  2.015850186398526E+00,  1.247852664461324E+00,  5.073386672389613E+01,  1.486855801607583E+01,  7.986483458875085E+00
 
 Using Singular Value Decomposition!
 
                   16     1.469169407007223E-03      1.E-01     8.904818078308154E-01,  6.747086772824120E+01,  1.471129096842554E+01,  2.015850186398526E+00,  1.247852664461324E+00,  5.073386672389613E+01,  1.486855801607583E+01,  7.986483458875085E+00
 
 Using Singular Value Decomposition!
 
                   17     1.469162211285609E-03      1.E-02     8.901040077098058E-01,  6.747086772824120E+01,  1.470482931093479E+01,  2.016194673491580E+00,  1.247306966094479E+00,  5.076689596779272E+01,  1.486803393448686E+01,  7.984869023867499E+00
 
 Using Singular Value Decomposition!
 
                   18     1.469162211285609E-03      1.E-01     8.901040077098058E-01,  6.747086772824120E+01,  1.470482931093479E+01,  2.016194673491580E+00,  1.247306966094479E+00,  5.076689596779272E+01,  1.486803393448686E+01,  7.984869023867499E+00
 
 Using Singular Value Decomposition!
 
                   19     1.469162211285609E-03      1.E+00     8.901040077098058E-01,  6.747086772824120E+01,  1.470482931093479E+01,  2.016194673491580E+00,  1.247306966094479E+00,  5.076689596779272E+01,  1.486803393448686E+01,  7.984869023867499E+00
 
 Using Singular Value Decomposition!
 
                   20     1.468718485681061E-03      1.E-01     8.898515532053025E-01,  6.747086772824120E+01,  1.470058172379338E+01,  2.035962917302037E+00,  1.246947378052044E+00,  5.078509926191624E+01,  1.486713660926874E+01,  7.963885615341910E+00
 
 Using Singular Value Decomposition!
 
                   21     1.468718485681061E-03      1.E+00     8.898515532053025E-01,  6.747086772824120E+01,  1.470058172379338E+01,  2.035962917302037E+00,  1.246947378052044E+00,  5.078509926191624E+01,  1.486713660926874E+01,  7.963885615341910E+00
 
 Using Singular Value Decomposition!
 
                   22     1.468448942651394E-03      1.E-01     8.896160362227331E-01,  6.747086772824120E+01,  1.469660615822852E+01,  2.050867720459369E+00,  1.246611114387042E+00,  5.081514357956330E+01,  1.486650307923376E+01,  7.941264450855669E+00
 
 Using Singular Value Decomposition!
 
                   23     1.468448942651394E-03      1.E+00     8.896160362227331E-01,  6.747086772824120E+01,  1.469660615822852E+01,  2.050867720459369E+00,  1.246611114387042E+00,  5.081514357956330E+01,  1.486650307923376E+01,  7.941264450855669E+00
 
 Using Singular Value Decomposition!
 
                   24     1.468273186196722E-03      1.E-01     8.893948260654549E-01,  6.747086772824120E+01,  1.469286483355170E+01,  2.062221514776512E+00,  1.246294758687260E+00,  5.084728316142005E+01,  1.486600091062884E+01,  7.925082304193675E+00
 
 Using Singular Value Decomposition!
 
                   25     1.468273186196722E-03      1.E+00     8.893948260654549E-01,  6.747086772824120E+01,  1.469286483355170E+01,  2.062221514776512E+00,  1.246294758687260E+00,  5.084728316142005E+01,  1.486600091062884E+01,  7.925082304193675E+00
 
 Using Singular Value Decomposition!
 
                   26     1.468154670308679E-03      1.E-01     8.891851941013726E-01,  6.747086772824120E+01,  1.468931475591761E+01,  2.070906611496912E+00,  1.245994591600646E+00,  5.087820585573601E+01,  1.486557181061371E+01,  7.913891550911949E+00
 
 Using Singular Value Decomposition!
 
                   27     1.468154670308679E-03      1.E+00     8.891851941013726E-01,  6.747086772824120E+01,  1.468931475591761E+01,  2.070906611496912E+00,  1.245994591600646E+00,  5.087820585573601E+01,  1.486557181061371E+01,  7.913891550911949E+00
 
 Using Singular Value Decomposition!
 
                   28     1.468073042600981E-03      1.E-01     8.889846662410082E-01,  6.747086772824120E+01,  1.468591544441768E+01,  2.077550976760768E+00,  1.245707169415210E+00,  5.090747623461689E+01,  1.486519217057888E+01,  7.907918958315506E+00
 
 Using Singular Value Decomposition!
 
                   29     1.468073042600981E-03      1.E+00     8.889846662410082E-01,  6.747086772824120E+01,  1.468591544441768E+01,  2.077550976760768E+00,  1.245707169415210E+00,  5.090747623461689E+01,  1.486519217057888E+01,  7.907918958315506E+00
 
 Using Singular Value Decomposition!
 
                   30     1.468015945033847E-03      1.E-01     8.887912468068873E-01,  6.747086772824120E+01,  1.468263406401081E+01,  2.082633792649211E+00,  1.245429706154016E+00,  5.093502350624410E+01,  1.486484665836021E+01,  7.905259959921429E+00
 
 Using Singular Value Decomposition!
 
                   31     1.468015945033847E-03      1.E+00     8.887912468068873E-01,  6.747086772824120E+01,  1.468263406401081E+01,  2.082633792649211E+00,  1.245429706154016E+00,  5.093502350624410E+01,  1.486484665836021E+01,  7.905259959921429E+00
 
 Using Singular Value Decomposition!
 
                   32     1.467975717237557E-03      1.E-01     8.886033720125074E-01,  6.747086772824120E+01,  1.467944487692546E+01,  2.086522356261393E+00,  1.245160019772500E+00,  5.096071711053694E+01,  1.486452390380694E+01,  7.904063881083182E+00
 
 Using Singular Value Decomposition!
 
                   33     1.467975717237557E-03      1.E+00     8.886033720125074E-01,  6.747086772824120E+01,  1.467944487692546E+01,  2.086522356261393E+00,  1.245160019772500E+00,  5.096071711053694E+01,  1.486452390380694E+01,  7.904063881083182E+00
 
 Using Singular Value Decomposition!
 
                   34     1.467947136863853E-03      1.E-01     8.884197705370762E-01,  6.747086772824120E+01,  1.467632674150462E+01,  2.089492823522367E+00,  1.244896325510432E+00,  5.098496619572033E+01,  1.486421866835990E+01,  7.904409428118446E+00
 
 Using Singular Value Decomposition!
 
                   35     1.467947136863853E-03      1.E+00     8.884197705370762E-01,  6.747086772824120E+01,  1.467632674150462E+01,  2.089492823522367E+00,  1.244896325510432E+00,  5.098496619572033E+01,  1.486421866835990E+01,  7.904409428118446E+00
 
 Using Singular Value Decomposition!
 
                   36     1.467926949748624E-03      1.E-01     8.882394829903543E-01,  6.747086772824120E+01,  1.467326380686153E+01,  2.091760157613323E+00,  1.244637282682896E+00,  5.100774673665543E+01,  1.486392524212582E+01,  7.905030032063500E+00
 
 Using Singular Value Decomposition!
 
                   37     1.467926949748624E-03      1.E+00     8.882394829903543E-01,  6.747086772824120E+01,  1.467326380686153E+01,  2.091760157613323E+00,  1.244637282682896E+00,  5.100774673665543E+01,  1.486392524212582E+01,  7.905030032063500E+00
 
 Using Singular Value Decomposition!
 
                   38     1.467912824609589E-03      1.E-01     8.880617294126281E-01,  6.747086772824120E+01,  1.467024302504076E+01,  2.093484186500948E+00,  1.244381793437072E+00,  5.102937106858334E+01,  1.486364179804868E+01,  7.906252842069021E+00
 
 Using Singular Value Decomposition!
 
                   39     1.467912824609589E-03      1.E+00     8.880617294126281E-01,  6.747086772824120E+01,  1.467024302504076E+01,  2.093484186500948E+00,  1.244381793437072E+00,  5.102937106858334E+01,  1.486364179804868E+01,  7.906252842069021E+00
 
 Using Singular Value Decomposition!
 
                   40     1.467903132143775E-03      1.E-01     8.878859188191591E-01,  6.747086772824120E+01,  1.466725458262781E+01,  2.094791668948741E+00,  1.244129029504337E+00,  5.105004914235956E+01,  1.486336578078843E+01,  7.907644357425895E+00
 
 Using Singular Value Decomposition!
 
                   41     1.467903132143775E-03      1.E+00     8.878859188191591E-01,  6.747086772824120E+01,  1.466725458262781E+01,  2.094791668948741E+00,  1.244129029504337E+00,  5.105004914235956E+01,  1.486336578078843E+01,  7.907644357425895E+00
 
 Using Singular Value Decomposition!
 
                   42     1.467896740716416E-03      1.E-01     8.877115976925780E-01,  6.747086772824120E+01,  1.466429094828302E+01,  2.095778934789449E+00,  1.243878355774809E+00,  5.106984749020722E+01,  1.486309528849704E+01,  7.908934992538309E+00
 
 Using Singular Value Decomposition!
 
                   43     1.467896740716416E-03      1.E+00     8.877115976925780E-01,  6.747086772824120E+01,  1.466429094828302E+01,  2.095778934789449E+00,  1.243878355774809E+00,  5.106984749020722E+01,  1.486309528849704E+01,  7.908934992538309E+00
 
 Using Singular Value Decomposition!
 
                   44     1.467892771201340E-03      1.E-01     8.875383941987908E-01,  6.747086772824120E+01,  1.466134586093071E+01,  2.096517705176315E+00,  1.243629247074325E+00,  5.108899006357012E+01,  1.486283030611105E+01,  7.910469539578404E+00
 
 Using Singular Value Decomposition!
 
                   45     1.467892771201340E-03      1.E+00     8.875383941987908E-01,  6.747086772824120E+01,  1.466134586093071E+01,  2.096517705176315E+00,  1.243629247074325E+00,  5.108899006357012E+01,  1.486283030611105E+01,  7.910469539578404E+00
 
 Using Singular Value Decomposition!
 
                   46     1.467890714729469E-03      1.E-01     8.873660602560338E-01,  6.747086772824120E+01,  1.465841527967996E+01,  2.097065975381168E+00,  1.243381361228484E+00,  5.110719763570972E+01,  1.486256852446492E+01,  7.911182909772526E+00
 
 Using Singular Value Decomposition!
 
                   47     1.467890714729469E-03      1.E+00     8.873660602560338E-01,  6.747086772824120E+01,  1.465841527967996E+01,  2.097065975381168E+00,  1.243381361228484E+00,  5.110719763570972E+01,  1.486256852446492E+01,  7.911182909772526E+00
 
 Using Singular Value Decomposition!
 
                   48     1.467890083523877E-03      1.E-01     8.871943707114690E-01,  6.747086772824120E+01,  1.465549540364020E+01,  2.097465015961341E+00,  1.243134380497352E+00,  5.112477678866232E+01,  1.486231026654981E+01,  7.911752002287291E+00
 
 Using Singular Value Decomposition!
 
                   49     1.467890083523877E-03      1.E+00     8.871943707114690E-01,  6.747086772824120E+01,  1.465549540364020E+01,  2.097465015961341E+00,  1.243134380497352E+00,  5.112477678866232E+01,  1.486231026654981E+01,  7.911752002287291E+00
 
 Using Singular Value Decomposition!
 
                   50     1.467890083523877E-03      1.E+01     8.871943707114690E-01,  6.747086772824120E+01,  1.465549540364020E+01,  2.097465015961341E+00,  1.243134380497352E+00,  5.112477678866232E+01,  1.486231026654981E+01,  7.911752002287291E+00
 
 Using Singular Value Decomposition!
 
                   51     1.467855863631440E-03      1.E+00     8.871433452374521E-01,  6.747086772824120E+01,  1.465463751689813E+01,  2.101134391757297E+00,  1.243061661204156E+00,  5.112434172027847E+01,  1.486211539879061E+01,  7.912410442812901E+00
 
 Using Singular Value Decomposition!
 
                   52     1.467855863631440E-03      1.E+01     8.871433452374521E-01,  6.747086772824120E+01,  1.465463751689813E+01,  2.101134391757297E+00,  1.243061661204156E+00,  5.112434172027847E+01,  1.486211539879061E+01,  7.912410442812901E+00
 
 Using Singular Value Decomposition!
 
                   53     1.467828518525492E-03      1.E+00     8.870941807644580E-01,  6.747086772824120E+01,  1.465380989386435E+01,  2.104489117325845E+00,  1.242991543141987E+00,  5.112525758953675E+01,  1.486194488902929E+01,  7.911839734322530E+00
 
 Using Singular Value Decomposition!
 
                   54     1.467828518525492E-03      1.E+01     8.870941807644580E-01,  6.747086772824120E+01,  1.465380989386435E+01,  2.104489117325845E+00,  1.242991543141987E+00,  5.112525758953675E+01,  1.486194488902929E+01,  7.911839734322530E+00
 
 Using Singular Value Decomposition!
 
                   55     1.467806069345273E-03      1.E+00     8.870467031322062E-01,  6.747086772824120E+01,  1.465300980362534E+01,  2.107566265466192E+00,  1.242923787053947E+00,  5.112721502480101E+01,  1.486179444573022E+01,  7.910411632961821E+00
 
 Using Singular Value Decomposition!
 
                   56     1.467806069345273E-03      1.E+01     8.870467031322062E-01,  6.747086772824120E+01,  1.465300980362534E+01,  2.107566265466192E+00,  1.242923787053947E+00,  5.112721502480101E+01,  1.486179444573022E+01,  7.910411632961821E+00
 
 Using Singular Value Decomposition!
 
                   57     1.467787275438176E-03      1.E+00     8.870007599882304E-01,  6.747086772824120E+01,  1.465223484497765E+01,  2.110397190206745E+00,  1.242858183125113E+00,  5.112995928022085E+01,  1.486166057290791E+01,  7.908356769205128E+00
 
 Using Singular Value Decomposition!
 
                   58     1.467787275438176E-03      1.E+01     8.870007599882304E-01,  6.747086772824120E+01,  1.465223484497765E+01,  2.110397190206745E+00,  1.242858183125113E+00,  5.112995928022085E+01,  1.486166057290791E+01,  7.908356769205128E+00
 
 Using Singular Value Decomposition!
 
                   59     1.467771253206706E-03      1.E+00     8.869562171709406E-01,  6.747086772824120E+01,  1.465148289285868E+01,  2.113008616916584E+00,  1.242794546142875E+00,  5.113331254036706E+01,  1.486154041476509E+01,  7.905878508475278E+00
 
 Using Singular Value Decomposition!
 
                   60     1.467771253206706E-03      1.E+01     8.869562171709406E-01,  6.747086772824120E+01,  1.465148289285868E+01,  2.113008616916584E+00,  1.242794546142875E+00,  5.113331254036706E+01,  1.486154041476509E+01,  7.905878508475278E+00
 
 Using Singular Value Decomposition!
 
                   61     1.467757386515105E-03      1.E+00     8.869129565693470E-01,  6.747086772824120E+01,  1.465075206621822E+01,  2.115423270114426E+00,  1.242732712623087E+00,  5.113711609059122E+01,  1.486143167677672E+01,  7.903146611963840E+00
 
 Using Singular Value Decomposition!
 
                   62     1.467757386515105E-03      1.E+01     8.869129565693470E-01,  6.747086772824120E+01,  1.465075206621822E+01,  2.115423270114426E+00,  1.242732712623087E+00,  5.113711609059122E+01,  1.486143167677672E+01,  7.903146611963840E+00
 
 Using Singular Value Decomposition!
 
                   63     1.467745333916214E-03      1.E+00     8.868708733502206E-01,  6.747086772824120E+01,  1.465004069046448E+01,  2.117660864424881E+00,  1.242672537267538E+00,  5.114122490253781E+01,  1.486133240397483E+01,  7.900156941257739E+00
 
 Using Singular Value Decomposition!
 
                   64     1.467745333916214E-03      1.E+01     8.868708733502206E-01,  6.747086772824120E+01,  1.465004069046448E+01,  2.117660864424881E+00,  1.242672537267538E+00,  5.114122490253781E+01,  1.486133240397483E+01,  7.900156941257739E+00
 
 Using Singular Value Decomposition!
 
                   65     1.467734768964804E-03      1.E+00     8.868298749054642E-01,  6.747086772824120E+01,  1.464934727375057E+01,  2.119737977984611E+00,  1.242613891181903E+00,  5.114556503624173E+01,  1.486124113251057E+01,  7.897191896635163E+00
 
 Using Singular Value Decomposition!
 
                   66     1.467734768964804E-03      1.E+01     8.868298749054642E-01,  6.747086772824120E+01,  1.464934727375057E+01,  2.119737977984611E+00,  1.242613891181903E+00,  5.114556503624173E+01,  1.486124113251057E+01,  7.897191896635163E+00
 
 Using Singular Value Decomposition!
 
                   67     1.467725425933388E-03      1.E+00     8.867898783595602E-01,  6.747086772824120E+01,  1.464867047525665E+01,  2.121669029215504E+00,  1.242556658775654E+00,  5.115007071196599E+01,  1.486115665352650E+01,  7.894313873687641E+00
 
 Using Singular Value Decomposition!
 
                   68     1.467725425933388E-03      1.E+01     8.867898783595602E-01,  6.747086772824120E+01,  1.464867047525665E+01,  2.121669029215504E+00,  1.242556658775654E+00,  5.115007071196599E+01,  1.486115665352650E+01,  7.894313873687641E+00
 
 Using Singular Value Decomposition!
 
                   69     1.467717228249891E-03      1.E+00     8.867508087218863E-01,  6.747086772824120E+01,  1.464800908049042E+01,  2.123466910823882E+00,  1.242500735422798E+00,  5.115466222041415E+01,  1.486107789894572E+01,  7.891431778121881E+00
 
 Using Singular Value Decomposition!
 
                   70     1.467717228249891E-03      1.E+01     8.867508087218863E-01,  6.747086772824120E+01,  1.464800908049042E+01,  2.123466910823882E+00,  1.242500735422798E+00,  5.115466222041415E+01,  1.486107789894572E+01,  7.891431778121881E+00
 
 Using Singular Value Decomposition!
 
                   71     1.467709926226663E-03      1.E+00     8.867125984933756E-01,  6.747086772824120E+01,  1.464736198901509E+01,  2.125142765388929E+00,  1.242446026636933E+00,  5.115931665515136E+01,  1.486100406052462E+01,  7.888698669667510E+00
 
 Using Singular Value Decomposition!
 
                   72     1.467709926226663E-03      1.E+01     8.867125984933756E-01,  6.747086772824120E+01,  1.464736198901509E+01,  2.125142765388929E+00,  1.242446026636933E+00,  5.115931665515136E+01,  1.486100406052462E+01,  7.888698669667510E+00
 
 Using Singular Value Decomposition!
 
                   73     1.467703463892391E-03      1.E+00     8.866751865704816E-01,  6.747086772824120E+01,  1.464672820240901E+01,  2.126706497821793E+00,  1.242392446799963E+00,  5.116398257875055E+01,  1.486093444064067E+01,  7.886072965912631E+00
 
 Using Singular Value Decomposition!
 
                   74     1.467703463892391E-03      1.E+01     8.866751865704816E-01,  6.747086772824120E+01,  1.464672820240901E+01,  2.126706497821793E+00,  1.242392446799963E+00,  5.116398257875055E+01,  1.486093444064067E+01,  7.886072965912631E+00
 
 Using Singular Value Decomposition!
 
                   75     1.467697725073246E-03      1.E+00     8.866385171776002E-01,  6.747086772824120E+01,  1.464610680583669E+01,  2.128166924947374E+00,  1.242339917611139E+00,  5.116865114032846E+01,  1.486086846642051E+01,  7.883608526050534E+00
 
 Using Singular Value Decomposition!
 
                   76     1.467697725073246E-03      1.E+01     8.866385171776002E-01,  6.747086772824120E+01,  1.464610680583669E+01,  2.128166924947374E+00,  1.242339917611139E+00,  5.116865114032846E+01,  1.486086846642051E+01,  7.883608526050534E+00
 
 Using Singular Value Decomposition!
 
                   77     1.467692631869239E-03      1.E+00     8.866025391097863E-01,  6.747086772824120E+01,  1.464549695905707E+01,  2.129532089824667E+00,  1.242288367179849E+00,  5.117329631595680E+01,  1.486080561671895E+01,  7.881249983158407E+00
 
 Using Singular Value Decomposition!
 
                   78     1.467692631869239E-03      1.E+01     8.866025391097863E-01,  6.747086772824120E+01,  1.464549695905707E+01,  2.129532089824667E+00,  1.242288367179849E+00,  5.117329631595680E+01,  1.486080561671895E+01,  7.881249983158407E+00
 
 Using Singular Value Decomposition!
 
                   79     1.467688051665843E-03      1.E+00     8.865672058000722E-01,  6.747086772824120E+01,  1.464489789418760E+01,  2.130809069136743E+00,  1.242237729973070E+00,  5.117789603547757E+01,  1.486074550085945E+01,  7.879039586988296E+00
 
 Using Singular Value Decomposition!
 
                   80     1.467688051665843E-03      1.E+01     8.865672058000722E-01,  6.747086772824120E+01,  1.464489789418760E+01,  2.130809069136743E+00,  1.242237729973070E+00,  5.117789603547757E+01,  1.486074550085945E+01,  7.879039586988296E+00
 
 Using Singular Value Decomposition!
 
                   81     1.467684057337201E-03      1.E+00     8.865324745271146E-01,  6.747086772824120E+01,  1.464430890513114E+01,  2.132004240275088E+00,  1.242187945804343E+00,  5.118243579967226E+01,  1.486068778294729E+01,  7.876967113178596E+00
 
 Using Singular Value Decomposition!
 
                   82     1.467684057337201E-03      1.E+01     8.865324745271146E-01,  6.747086772824120E+01,  1.464430890513114E+01,  2.132004240275088E+00,  1.242187945804343E+00,  5.118243579967226E+01,  1.486068778294729E+01,  7.876967113178596E+00
 
 Using Singular Value Decomposition!
 
                   83     1.467680490434486E-03      1.E+00     8.864983066642014E-01,  6.747086772824120E+01,  1.464372934670628E+01,  2.133122999290233E+00,  1.242138959960855E+00,  5.118692551734762E+01,  1.486063228285801E+01,  7.875200001485253E+00
 
 Using Singular Value Decomposition!
 
                   84     1.467680490434486E-03      1.E+01     8.864983066642014E-01,  6.747086772824120E+01,  1.464372934670628E+01,  2.133122999290233E+00,  1.242138959960855E+00,  5.118692551734762E+01,  1.486063228285801E+01,  7.875200001485253E+00
 
 Using Singular Value Decomposition!
 
                   85     1.467677317289668E-03      1.E+00     8.864646648833973E-01,  6.747086772824120E+01,  1.464315860393703E+01,  2.134171013104231E+00,  1.242090719948443E+00,  5.119134358397979E+01,  1.486057866490982E+01,  7.873462497504676E+00
 
 Using Singular Value Decomposition!
 
                   86     1.467677317289668E-03      1.E+01     8.864646648833973E-01,  6.747086772824120E+01,  1.464315860393703E+01,  2.134171013104231E+00,  1.242090719948443E+00,  5.119134358397979E+01,  1.486057866490982E+01,  7.873462497504676E+00
 
 Using Singular Value Decomposition!
 
                   87     1.467674480124933E-03      1.E+00     8.864315154420650E-01,  6.747086772824120E+01,  1.464259611464228E+01,  2.135153039600143E+00,  1.242043178041507E+00,  5.119569803668733E+01,  1.486052675867498E+01,  7.871906008481435E+00
 
 Using Singular Value Decomposition!
 
                   88     1.467674480124933E-03      1.E+01     8.864315154420650E-01,  6.747086772824120E+01,  1.464259611464228E+01,  2.135153039600143E+00,  1.242043178041507E+00,  5.119569803668733E+01,  1.486052675867498E+01,  7.871906008481435E+00
 
 Using Singular Value Decomposition!
 
                   89     1.467672036248986E-03      1.E+00     8.863988265791960E-01,  6.747086772824120E+01,  1.464204135261939E+01,  2.136073717602080E+00,  1.241996289452077E+00,  5.119997953188601E+01,  1.486047632601136E+01,  7.870419216581946E+00
 
 Using Singular Value Decomposition!
 
                   90     1.467672036248986E-03      1.E+01     8.863988265791960E-01,  6.747086772824120E+01,  1.464204135261939E+01,  2.136073717602080E+00,  1.241996289452077E+00,  5.119997953188601E+01,  1.486047632601136E+01,  7.870419216581946E+00
 
 Using Singular Value Decomposition!
 
                   91     1.467669793775354E-03      1.E+00     8.863665694517338E-01,  6.747086772824120E+01,  1.464149383451266E+01,  2.136936956468193E+00,  1.241950013266957E+00,  5.120419936061930E+01,  1.486042727670292E+01,  7.869142342123975E+00
 
 Using Singular Value Decomposition!
 
                   92     1.467669793775354E-03      1.E+01     8.863665694517338E-01,  6.747086772824120E+01,  1.464149383451266E+01,  2.136936956468193E+00,  1.241950013266957E+00,  5.120419936061930E+01,  1.486042727670292E+01,  7.869142342123975E+00
 
 Using Singular Value Decomposition!
 
                   93     1.467667862634690E-03      1.E+00     8.863347166159191E-01,  6.747086772824120E+01,  1.464095310478281E+01,  2.137746699939428E+00,  1.241904310752694E+00,  5.120834302689361E+01,  1.486037942167158E+01,  7.867917001138149E+00
 
 Using Singular Value Decomposition!
 
                   94     1.467667862634690E-03      1.E+01     8.863347166159191E-01,  6.747086772824120E+01,  1.464095310478281E+01,  2.137746699939428E+00,  1.241904310752694E+00,  5.120834302689361E+01,  1.486037942167158E+01,  7.867917001138149E+00
 
 Using Singular Value Decomposition!
 
                   95     1.467666121633373E-03      1.E+00     8.863032431654155E-01,  6.747086772824120E+01,  1.464041874490536E+01,  2.138506249188662E+00,  1.241859146536959E+00,  5.121241736729169E+01,  1.486033270258575E+01,  7.866871974465257E+00
 
 Using Singular Value Decomposition!
 
                   96     1.467666121633373E-03      1.E+01     8.863032431654155E-01,  6.747086772824120E+01,  1.464041874490536E+01,  2.138506249188662E+00,  1.241859146536959E+00,  5.121241736729169E+01,  1.486033270258575E+01,  7.866871974465257E+00
 
 Using Singular Value Decomposition!
 
                   97     1.467664628128467E-03      1.E+00     8.862721252573100E-01,  6.747086772824120E+01,  1.463989035812793E+01,  2.139218971556839E+00,  1.241814486929892E+00,  5.121641642741638E+01,  1.486028697259255E+01,  7.865880266552758E+00
 
 Using Singular Value Decomposition!
 
                   98     1.467664628128467E-03      1.E+01     8.862721252573100E-01,  6.747086772824120E+01,  1.463989035812793E+01,  2.139218971556839E+00,  1.241814486929892E+00,  5.121641642741638E+01,  1.486028697259255E+01,  7.865880266552758E+00
 
 Using Singular Value Decomposition!
 
                   99     1.467663306641357E-03      1.E+00     8.862413413322537E-01,  6.747086772824120E+01,  1.463936758017380E+01,  2.139887613361950E+00,  1.241770301223312E+00,  5.122036076552333E+01,  1.486024221389930E+01,  7.865095491759306E+00
 
 Using Singular Value Decomposition!
 
                  100     1.467663306641357E-03      1.E+01     8.862413413322537E-01,  6.747086772824120E+01,  1.463936758017380E+01,  2.139887613361950E+00,  1.241770301223312E+00,  5.122036076552333E+01,  1.486024221389930E+01,  7.865095491759306E+00
 
 Using Singular Value Decomposition!
 
  
           Iteration stopped. Number of iterations is equal to max. number of iterations =    100

algorithm ends at Date: 26.04.2023,     Time: 13:05:04
 
------------------------------------------------------------------------------------------------------------------------------------------------------
